<html>
<head>
<title>TestNG:  BouyguesPageTest</title>
<link href="../testng.css" rel="stylesheet" type="text/css" />
<link href="../my-testng.css" rel="stylesheet" type="text/css" />

<style type="text/css">
.log { display: none;} 
.stack-trace { display: none;} 
</style>
<script type="text/javascript">
<!--
function flip(e) {
  current = e.style.display;
  if (current == 'block') {
    e.style.display = 'none';
    return 0;
  }
  else {
    e.style.display = 'block';
    return 1;
  }
}

function toggleBox(szDivId, elem, msg1, msg2)
{
  var res = -1;  if (document.getElementById) {
    res = flip(document.getElementById(szDivId));
  }
  else if (document.all) {
    // this is the way old msie versions work
    res = flip(document.all[szDivId]);
  }
  if(elem) {
    if(res == 0) elem.innerHTML = msg1; else elem.innerHTML = msg2;
  }

}

function toggleAllBoxes() {
  if (document.getElementsByTagName) {
    d = document.getElementsByTagName('div');
    for (i = 0; i < d.length; i++) {
      if (d[i].className == 'log') {
        flip(d[i]);
      }
    }
  }
}

// -->
</script>

</head>
<body>
<h2 align='center'>BouyguesPageTest</h2><table border='1' align="center">
<tr>
<td>Tests passed/Failed/Skipped:</td><td>10/2/0</td>
</tr><tr>
<td>Started on:</td><td>Thu Jul 11 17:20:59 IST 2019</td>
</tr>
<tr><td>Total time:</td><td>679 seconds (679862 ms)</td>
</tr><tr>
<td>Included groups:</td><td></td>
</tr><tr>
<td>Excluded groups:</td><td></td>
</tr>
</table><p/>
<small><i>(Hover the method name to see the test class name)</i></small><p/>
<table width='100%' border='1' class='invocation-failed'>
<tr><td colspan='4' align='center'><b>FAILED TESTS</b></td></tr>
<tr><td><b>Test method</b></td>
<td width="30%"><b>Exception</b></td>
<td width="10%"><b>Time (seconds)</b></td>
<td><b>Instance</b></td>
</tr>
<tr>
<td title='com.ericsson.edos.dopuatautomation.testcases.BouyguesTest.ValidateSearchforSpecificPmCounter()'><b>ValidateSearchforSpecificPmCounter</b><br>Test class: com.ericsson.edos.dopuatautomation.testcases.BouyguesTest<br/>
<a href="#Output-81505591" onClick='toggleBox("Output-81505591", this, "Show output", "Hide output");'>Show output</a>

<a href="#Output-81505591" onClick="toggleAllBoxes();">Show all outputs</a>
<div class='log' id="Output-81505591">
The  Counter Added is available and Countername is:::pmErabEstabAttAdded<br/>
</div>
</td>
<td><div><pre>org.openqa.selenium.WebDriverException: unknown error: failed to change window state to normal, current state is maximized
  (Session info: chrome=75.0.3770.100)
  (Driver info: chromedriver=2.35.528161 (5b82f2d2aae0ca24b877009200ced9065a772e73),platform=Windows NT 6.1.7601 SP1 x86_64) (WARNING: The server did not provide any stacktrace information)
Command duration or timeout: 0 milliseconds
Build info: version: &apos;3.5.3&apos;, revision: &apos;a88d25fe6b&apos;, time: &apos;2017-08-29T12:42:44.417Z&apos;
System info: host: &apos;R90FDWLP&apos;, ip: &apos;192.168.56.1&apos;, os.name: &apos;Windows 7&apos;, os.arch: &apos;amd64&apos;, os.version: &apos;6.1&apos;, java.version: &apos;9.0.1&apos;
Driver info: org.openqa.selenium.chrome.ChromeDriver
Capabilities [{mobileEmulationEnabled=false, hasTouchScreen=false, platform=XP, acceptSslCerts=false, acceptInsecureCerts=false, webStorageEnabled=true, browserName=chrome, takesScreenshot=true, javascriptEnabled=true, platformName=XP, setWindowRect=true, unexpectedAlertBehaviour=, applicationCacheEnabled=false, rotatable=false, networkConnectionEnabled=false, chrome={chromedriverVersion=2.35.528161 (5b82f2d2aae0ca24b877009200ced9065a772e73), userDataDir=C:\Users\earkmaj\AppData\Local\Temp\scoped_dir15100_15610}, takesHeapSnapshot=true, pageLoadStrategy=normal, unhandledPromptBehavior=, databaseEnabled=false, handlesAlerts=true, version=75.0.3770.100, browserConnectionEnabled=false, nativeEvents=true, locationContextEnabled=true, cssSelectorsEnabled=true}]
Session ID: 26f27deeebed263d6dac21cb22648169
	at org.openqa.selenium.remote.ErrorHandler.createThrowable(ErrorHandler.java:215)
	at org.openqa.selenium.remote.ErrorHandler.throwIfResponseFailed(ErrorHandler.java:167)
	at org.openqa.selenium.remote.http.JsonHttpResponseCodec.reconstructValue(JsonHttpResponseCodec.java:40)
	at org.openqa.selenium.remote.http.AbstractHttpResponseCodec.decode(AbstractHttpResponseCodec.java:82)
	at org.openqa.selenium.remote.http.AbstractHttpResponseCodec.decode(AbstractHttpResponseCodec.java:45)
	at org.openqa.selenium.remote.HttpCommandExecutor.execute(HttpCommandExecutor.java:164)
	at org.openqa.selenium.remote.service.DriverCommandExecutor.execute(DriverCommandExecutor.java:82)
	at org.openqa.selenium.remote.RemoteWebDriver.execute(RemoteWebDriver.java:646)
	at org.openqa.selenium.remote.RemoteWebDriver.execute(RemoteWebDriver.java:703)
	at org.openqa.selenium.remote.RemoteWebDriver$RemoteWebDriverOptions$RemoteWindow.fullscreen(RemoteWebDriver.java:938)
	at com.ericsson.edos.dopuatautomation.pages.QueryBuilderPage.VerifyAddedCounter(QueryBuilderPage.java:360)
	at com.ericsson.edos.dopuatautomation.testcases.BouyguesTest.ValidateSearchforSpecificPmCounter(BouyguesTest.java:297)
... Removed 29 stack frames</pre></div><a href='#' onClick='toggleBox("stack-trace81505591", this, "Click to show all stack frames", "Click to hide stack frames")'>Click to show all stack frames</a>
<div class='stack-trace' id='stack-trace81505591'><pre>org.openqa.selenium.WebDriverException: unknown error: failed to change window state to normal, current state is maximized
  (Session info: chrome=75.0.3770.100)
  (Driver info: chromedriver=2.35.528161 (5b82f2d2aae0ca24b877009200ced9065a772e73),platform=Windows NT 6.1.7601 SP1 x86_64) (WARNING: The server did not provide any stacktrace information)
Command duration or timeout: 0 milliseconds
Build info: version: &apos;3.5.3&apos;, revision: &apos;a88d25fe6b&apos;, time: &apos;2017-08-29T12:42:44.417Z&apos;
System info: host: &apos;R90FDWLP&apos;, ip: &apos;192.168.56.1&apos;, os.name: &apos;Windows 7&apos;, os.arch: &apos;amd64&apos;, os.version: &apos;6.1&apos;, java.version: &apos;9.0.1&apos;
Driver info: org.openqa.selenium.chrome.ChromeDriver
Capabilities [{mobileEmulationEnabled=false, hasTouchScreen=false, platform=XP, acceptSslCerts=false, acceptInsecureCerts=false, webStorageEnabled=true, browserName=chrome, takesScreenshot=true, javascriptEnabled=true, platformName=XP, setWindowRect=true, unexpectedAlertBehaviour=, applicationCacheEnabled=false, rotatable=false, networkConnectionEnabled=false, chrome={chromedriverVersion=2.35.528161 (5b82f2d2aae0ca24b877009200ced9065a772e73), userDataDir=C:\Users\earkmaj\AppData\Local\Temp\scoped_dir15100_15610}, takesHeapSnapshot=true, pageLoadStrategy=normal, unhandledPromptBehavior=, databaseEnabled=false, handlesAlerts=true, version=75.0.3770.100, browserConnectionEnabled=false, nativeEvents=true, locationContextEnabled=true, cssSelectorsEnabled=true}]
Session ID: 26f27deeebed263d6dac21cb22648169
	at java.base/jdk.internal.reflect.NativeConstructorAccessorImpl.newInstance0(Native Method)
	at java.base/jdk.internal.reflect.NativeConstructorAccessorImpl.newInstance(NativeConstructorAccessorImpl.java:62)
	at java.base/jdk.internal.reflect.DelegatingConstructorAccessorImpl.newInstance(DelegatingConstructorAccessorImpl.java:45)
	at java.base/java.lang.reflect.Constructor.newInstance(Constructor.java:488)
	at org.openqa.selenium.remote.ErrorHandler.createThrowable(ErrorHandler.java:215)
	at org.openqa.selenium.remote.ErrorHandler.throwIfResponseFailed(ErrorHandler.java:167)
	at org.openqa.selenium.remote.http.JsonHttpResponseCodec.reconstructValue(JsonHttpResponseCodec.java:40)
	at org.openqa.selenium.remote.http.AbstractHttpResponseCodec.decode(AbstractHttpResponseCodec.java:82)
	at org.openqa.selenium.remote.http.AbstractHttpResponseCodec.decode(AbstractHttpResponseCodec.java:45)
	at org.openqa.selenium.remote.HttpCommandExecutor.execute(HttpCommandExecutor.java:164)
	at org.openqa.selenium.remote.service.DriverCommandExecutor.execute(DriverCommandExecutor.java:82)
	at org.openqa.selenium.remote.RemoteWebDriver.execute(RemoteWebDriver.java:646)
	at org.openqa.selenium.remote.RemoteWebDriver.execute(RemoteWebDriver.java:703)
	at org.openqa.selenium.remote.RemoteWebDriver$RemoteWebDriverOptions$RemoteWindow.fullscreen(RemoteWebDriver.java:938)
	at com.ericsson.edos.dopuatautomation.pages.QueryBuilderPage.VerifyAddedCounter(QueryBuilderPage.java:360)
	at com.ericsson.edos.dopuatautomation.testcases.BouyguesTest.ValidateSearchforSpecificPmCounter(BouyguesTest.java:297)
	at java.base/jdk.internal.reflect.NativeMethodAccessorImpl.invoke0(Native Method)
	at java.base/jdk.internal.reflect.NativeMethodAccessorImpl.invoke(NativeMethodAccessorImpl.java:62)
	at java.base/jdk.internal.reflect.DelegatingMethodAccessorImpl.invoke(DelegatingMethodAccessorImpl.java:43)
	at java.base/java.lang.reflect.Method.invoke(Method.java:564)
	at org.testng.internal.MethodInvocationHelper.invokeMethod(MethodInvocationHelper.java:108)
	at org.testng.internal.Invoker.invokeMethod(Invoker.java:661)
	at org.testng.internal.Invoker.invokeTestMethod(Invoker.java:869)
	at org.testng.internal.Invoker.invokeTestMethods(Invoker.java:1193)
	at org.testng.internal.TestMethodWorker.invokeTestMethods(TestMethodWorker.java:126)
	at org.testng.internal.TestMethodWorker.run(TestMethodWorker.java:109)
	at org.testng.TestRunner.privateRun(TestRunner.java:744)
	at org.testng.TestRunner.run(TestRunner.java:602)
	at org.testng.SuiteRunner.runTest(SuiteRunner.java:380)
	at org.testng.SuiteRunner.runSequentially(SuiteRunner.java:375)
	at org.testng.SuiteRunner.privateRun(SuiteRunner.java:340)
	at org.testng.SuiteRunner.run(SuiteRunner.java:289)
	at org.testng.SuiteRunnerWorker.runSuite(SuiteRunnerWorker.java:52)
	at org.testng.SuiteRunnerWorker.run(SuiteRunnerWorker.java:86)
	at org.testng.TestNG.runSuitesSequentially(TestNG.java:1301)
	at org.testng.TestNG.runSuitesLocally(TestNG.java:1226)
	at org.testng.TestNG.runSuites(TestNG.java:1144)
	at org.testng.TestNG.run(TestNG.java:1115)
	at org.testng.remote.AbstractRemoteTestNG.run(AbstractRemoteTestNG.java:114)
	at org.testng.remote.RemoteTestNG.initAndRun(RemoteTestNG.java:251)
	at org.testng.remote.RemoteTestNG.main(RemoteTestNG.java:77)
</pre></div></td>
<td>37</td>
<td>com.ericsson.edos.dopuatautomation.testcases.BouyguesTest@3738449f</td></tr>
<tr>
<td title='com.ericsson.edos.dopuatautomation.testcases.BouyguesTest.VerifyDeltaAuditofSites()'><b>VerifyDeltaAuditofSites</b><br>Test class: com.ericsson.edos.dopuatautomation.testcases.BouyguesTest<br/>
<a href="#Output-2055288499" onClick='toggleBox("Output-2055288499", this, "Show output", "Hide output");'>Show output</a>

<a href="#Output-2055288499" onClick="toggleAllBoxes();">Show all outputs</a>
<div class='log' id="Output-2055288499">
Clicked on the Config Change Audit Link<br/>
The Title of the page is :<br/>
Clicked on the Query option<br/>
Collapsed the filter/Options Tab<br/>
Clicked on the refresh button<br/>
The start date is: 6/27/2019<br/>
The end date is: 7/11/2019<br/>
The total number of selected dates in calendar :15<br/>
The total number of processed dates :0<br/>
All the selected dates in calendar are not processed successfully<br/>
</div>
</td>
<td><div><pre>java.lang.AssertionError: All the selected dates in calendar are not processed successfully
	at com.ericsson.edos.dopuatautomation.testcases.BouyguesTest.VerifyDeltaAuditofSites(BouyguesTest.java:1025)
... Removed 26 stack frames</pre></div><a href='#' onClick='toggleBox("stack-trace2055288499", this, "Click to show all stack frames", "Click to hide stack frames")'>Click to show all stack frames</a>
<div class='stack-trace' id='stack-trace2055288499'><pre>java.lang.AssertionError: All the selected dates in calendar are not processed successfully
	at org.testng.Assert.fail(Assert.java:93)
	at com.ericsson.edos.dopuatautomation.testcases.BouyguesTest.VerifyDeltaAuditofSites(BouyguesTest.java:1025)
	at java.base/jdk.internal.reflect.NativeMethodAccessorImpl.invoke0(Native Method)
	at java.base/jdk.internal.reflect.NativeMethodAccessorImpl.invoke(NativeMethodAccessorImpl.java:62)
	at java.base/jdk.internal.reflect.DelegatingMethodAccessorImpl.invoke(DelegatingMethodAccessorImpl.java:43)
	at java.base/java.lang.reflect.Method.invoke(Method.java:564)
	at org.testng.internal.MethodInvocationHelper.invokeMethod(MethodInvocationHelper.java:108)
	at org.testng.internal.Invoker.invokeMethod(Invoker.java:661)
	at org.testng.internal.Invoker.invokeTestMethod(Invoker.java:869)
	at org.testng.internal.Invoker.invokeTestMethods(Invoker.java:1193)
	at org.testng.internal.TestMethodWorker.invokeTestMethods(TestMethodWorker.java:126)
	at org.testng.internal.TestMethodWorker.run(TestMethodWorker.java:109)
	at org.testng.TestRunner.privateRun(TestRunner.java:744)
	at org.testng.TestRunner.run(TestRunner.java:602)
	at org.testng.SuiteRunner.runTest(SuiteRunner.java:380)
	at org.testng.SuiteRunner.runSequentially(SuiteRunner.java:375)
	at org.testng.SuiteRunner.privateRun(SuiteRunner.java:340)
	at org.testng.SuiteRunner.run(SuiteRunner.java:289)
	at org.testng.SuiteRunnerWorker.runSuite(SuiteRunnerWorker.java:52)
	at org.testng.SuiteRunnerWorker.run(SuiteRunnerWorker.java:86)
	at org.testng.TestNG.runSuitesSequentially(TestNG.java:1301)
	at org.testng.TestNG.runSuitesLocally(TestNG.java:1226)
	at org.testng.TestNG.runSuites(TestNG.java:1144)
	at org.testng.TestNG.run(TestNG.java:1115)
	at org.testng.remote.AbstractRemoteTestNG.run(AbstractRemoteTestNG.java:114)
	at org.testng.remote.RemoteTestNG.initAndRun(RemoteTestNG.java:251)
	at org.testng.remote.RemoteTestNG.main(RemoteTestNG.java:77)
</pre></div></td>
<td>60</td>
<td>com.ericsson.edos.dopuatautomation.testcases.BouyguesTest@3738449f</td></tr>
</table><p>
<table width='100%' border='1' class='invocation-passed'>
<tr><td colspan='4' align='center'><b>PASSED TESTS</b></td></tr>
<tr><td><b>Test method</b></td>
<td width="30%"><b>Exception</b></td>
<td width="10%"><b>Time (seconds)</b></td>
<td><b>Instance</b></td>
</tr>
<tr>
<td title='com.ericsson.edos.dopuatautomation.testcases.BouyguesTest.DynamicGraphicalReport()'><b>DynamicGraphicalReport</b><br>Test class: com.ericsson.edos.dopuatautomation.testcases.BouyguesTest<br/>
<a href="#Output-678801430" onClick='toggleBox("Output-678801430", this, "Show output", "Hide output");'>Show output</a>

<a href="#Output-678801430" onClick="toggleAllBoxes();">Show all outputs</a>
<div class='log' id="Output-678801430">
Clicked on the Dynamic Graphical Report Link<br/>
Clicked on the dynamicgraphicalreportspage Filter Tab<br/>
Clicked on the dynamicgraphicalreportspage ExistingReport Tab + Cluster Level and Daily option is selected<br/>
Clicked on the date<br/>
</div>
</td>
<td></td>
<td>72</td>
<td>com.ericsson.edos.dopuatautomation.testcases.BouyguesTest@3738449f</td></tr>
<tr>
<td title='com.ericsson.edos.dopuatautomation.testcases.BouyguesTest.ValidateOnAddingPredefinedKPI()'><b>ValidateOnAddingPredefinedKPI</b><br>Test class: com.ericsson.edos.dopuatautomation.testcases.BouyguesTest<br/>
<a href="#Output-1267110705" onClick='toggleBox("Output-1267110705", this, "Show output", "Hide output");'>Show output</a>

<a href="#Output-1267110705" onClick="toggleAllBoxes();">Show all outputs</a>
<div class='log' id="Output-1267110705">
The pre-defined KPI is addeded successfully<br/>
The pre-defined KPI formula is selected successfully<br/>
</div>
</td>
<td></td>
<td>12</td>
<td>com.ericsson.edos.dopuatautomation.testcases.BouyguesTest@3738449f</td></tr>
<tr>
<td title='com.ericsson.edos.dopuatautomation.testcases.BouyguesTest.ValidateOnCustomKPI()'><b>ValidateOnCustomKPI</b><br>Test class: com.ericsson.edos.dopuatautomation.testcases.BouyguesTest<br/>
<a href="#Output-1349373781" onClick='toggleBox("Output-1349373781", this, "Show output", "Hide output");'>Show output</a>

<a href="#Output-1349373781" onClick="toggleAllBoxes();">Show all outputs</a>
<div class='log' id="Output-1349373781">
The pre-defined KPI formula is present in the added KPI formula tab<br/>
The KPI is addeded successfully<br/>
The KPI formula is addeded successfully<br/>
The KPI formula is added successfully<br/>
</div>
</td>
<td></td>
<td>32</td>
<td>com.ericsson.edos.dopuatautomation.testcases.BouyguesTest@3738449f</td></tr>
<tr>
<td title='com.ericsson.edos.dopuatautomation.testcases.BouyguesTest.ValidateSearchingForCell()'><b>ValidateSearchingForCell</b><br>Test class: com.ericsson.edos.dopuatautomation.testcases.BouyguesTest<br/>
<a href="#Output-503353142" onClick='toggleBox("Output-503353142", this, "Show output", "Hide output");'>Show output</a>

<a href="#Output-503353142" onClick="toggleAllBoxes();">Show all outputs</a>
<div class='log' id="Output-503353142">
Clicked on the QueryBuilder Link<br/>
Clicked on the QueryBuilder Filter Tab<br/>
The Cell name is Cell<br/>
The Cluster name is E00631.D00631A<br/>
Clicked on the Cluster Field<br/>
The Cluster NE field name is E00631.D00631A<br/>
The Cell is present in the Cluster NE text filed<br/>
</div>
</td>
<td></td>
<td>57</td>
<td>com.ericsson.edos.dopuatautomation.testcases.BouyguesTest@3738449f</td></tr>
<tr>
<td title='com.ericsson.edos.dopuatautomation.testcases.BouyguesTest.VerifyAllTitleTest()'><b>VerifyAllTitleTest</b><br>Test class: com.ericsson.edos.dopuatautomation.testcases.BouyguesTest<br/>
<a href="#Output-910101408" onClick='toggleBox("Output-910101408", this, "Show output", "Hide output");'>Show output</a>

<a href="#Output-910101408" onClick="toggleAllBoxes();">Show all outputs</a>
<div class='log' id="Output-910101408">
Title of Tab is :bouygues<br/>
Title of Tab is :REPORTS<br/>
Title of Tab is :CHARTS<br/>
Title of Tab is :CONFIG<br/>
Title of Tab is :KPIS<br/>
Title of Tab is :Filters/Options<br/>
Latest Available Data Present is: 2019/07/10 23:00UTC<br/>
Latest Available Data Present AfterSplit: 2019/07/10<br/>
The latest year is: 2019<br/>
The latest month is: 07<br/>
The latest day is: 10<br/>
Date in Advanced Master is:7/10/2019 12:00 AM<br/>
Date in Advanced Master after Split is:7/10/2019<br/>
The latest startdate in Advanced Master is: 10<br/>
The latest startmonth in Advanced Master is: 7<br/>
The latest startyear in Advanced Master is: 2019<br/>
7/11/2019 12:00 AM<br/>
Date in Advanced Master End after Split is:7/11/2019<br/>
The latest enddate in Advanced Master is: 11<br/>
The latest endmonth in Advanced Master is: 7<br/>
The latest endyear in Advanced Master is: 2019<br/>
All The Tabs are Latest Date is validated<br/>
</div>
</td>
<td></td>
<td>62</td>
<td>com.ericsson.edos.dopuatautomation.testcases.BouyguesTest@3738449f</td></tr>
<tr>
<td title='com.ericsson.edos.dopuatautomation.testcases.BouyguesTest.VerifyCounterAddedQBReportinTable()'><b>VerifyCounterAddedQBReportinTable</b><br>Test class: com.ericsson.edos.dopuatautomation.testcases.BouyguesTest<br/>
<a href="#Output-1722645488" onClick='toggleBox("Output-1722645488", this, "Show output", "Hide output");'>Show output</a>

<a href="#Output-1722645488" onClick="toggleAllBoxes();">Show all outputs</a>
<div class='log' id="Output-1722645488">
The  Counter Added is available and Countername is:::pmErabEstabAttAdded<br/>
<span style='color:#F8F8FF;background-color:#006400;font-size:14px;'><b>The counter is added successfully::</b><span><br/><br/>
</div>
</td>
<td></td>
<td>52</td>
<td>com.ericsson.edos.dopuatautomation.testcases.BouyguesTest@3738449f</td></tr>
<tr>
<td title='com.ericsson.edos.dopuatautomation.testcases.BouyguesTest.VerifyPreCannedReport()'><b>VerifyPreCannedReport</b><br>Test class: com.ericsson.edos.dopuatautomation.testcases.BouyguesTest<br/>
<a href="#Output-890733699" onClick='toggleBox("Output-890733699", this, "Show output", "Hide output");'>Show output</a>

<a href="#Output-890733699" onClick="toggleAllBoxes();">Show all outputs</a>
<div class='log' id="Output-890733699">
Title of the Page is eNodeB Performance KPIs Hourly<br/>
</div>
</td>
<td></td>
<td>38</td>
<td>com.ericsson.edos.dopuatautomation.testcases.BouyguesTest@3738449f</td></tr>
<tr>
<td title='com.ericsson.edos.dopuatautomation.testcases.BouyguesTest.VerifyPreCannedReportByCell()'><b>VerifyPreCannedReportByCell</b><br>Test class: com.ericsson.edos.dopuatautomation.testcases.BouyguesTest</td>
<td></td>
<td>82</td>
<td>com.ericsson.edos.dopuatautomation.testcases.BouyguesTest@3738449f</td></tr>
<tr>
<td title='com.ericsson.edos.dopuatautomation.testcases.BouyguesTest.VerifyQBReportinTable()'><b>VerifyQBReportinTable</b><br>Test class: com.ericsson.edos.dopuatautomation.testcases.BouyguesTest<br/>
<a href="#Output-376601041" onClick='toggleBox("Output-376601041", this, "Show output", "Hide output");'>Show output</a>

<a href="#Output-376601041" onClick="toggleAllBoxes();">Show all outputs</a>
<div class='log' id="Output-376601041">
Clicked on the QueryBuilder Filter Tab<br/>
The Selected NE Elemnt is ::::Cluster Level<br/>
The Selected NE Elemnt is ::::Daily<br/>
<span style='color:#F8F8FF;background-color:#006400;font-size:14px;'><b>Table Contains the Selected counter and Dates filtred</b><span><br/><br/>
</div>
</td>
<td></td>
<td>102</td>
<td>com.ericsson.edos.dopuatautomation.testcases.BouyguesTest@3738449f</td></tr>
<tr>
<td title='com.ericsson.edos.dopuatautomation.testcases.BouyguesTest.VerifyenodeBUtranCellTest()'><b>VerifyenodeBUtranCellTest</b><br>Test class: com.ericsson.edos.dopuatautomation.testcases.BouyguesTest</td>
<td></td>
<td>66</td>
<td>com.ericsson.edos.dopuatautomation.testcases.BouyguesTest@3738449f</td></tr>
</table><p>
</body>
</html>