<?xml version="1.0" encoding="UTF-8"?>
<!-- Generated by org.testng.reporters.JUnitXMLReporter -->
<testsuite ignored="12" hostname="R90FDWLP" failures="2" tests="12" name="BouyguesPageTest" time="679.862" errors="0" timestamp="11 Jul 2019 12:02:19 GMT">
  <testcase classname="com.ericsson.edos.dopuatautomation.testcases.BouyguesTest" name="VerifyAllTitleTest" time="62.945"/>
  <testcase classname="com.ericsson.edos.dopuatautomation.testcases.BouyguesTest" name="VerifyenodeBUtranCellTest" time="66.111"/>
  <testcase classname="com.ericsson.edos.dopuatautomation.testcases.BouyguesTest" name="ValidateSearchingForCell" time="57.8"/>
  <testcase classname="com.ericsson.edos.dopuatautomation.testcases.BouyguesTest" name="ValidateSearchforSpecificPmCounter" time="37.766">
    <failure type="org.openqa.selenium.WebDriverException" message="unknown error: failed to change window state to normal, current state is maximized
  (Session info: chrome=75.0.3770.100)
  (Driver info: chromedriver=2.35.528161 (5b82f2d2aae0ca24b877009200ced9065a772e73),platform=Windows NT 6.1.7601 SP1 x86_64) (WARNING: The server did not provide any stacktrace information)
Command duration or timeout: 0 milliseconds
Build info: version: &amp;apos;3.5.3&amp;apos;, revision: &amp;apos;a88d25fe6b&amp;apos;, time: &amp;apos;2017-08-29T12:42:44.417Z&amp;apos;
System info: host: &amp;apos;R90FDWLP&amp;apos;, ip: &amp;apos;192.168.56.1&amp;apos;, os.name: &amp;apos;Windows 7&amp;apos;, os.arch: &amp;apos;amd64&amp;apos;, os.version: &amp;apos;6.1&amp;apos;, java.version: &amp;apos;9.0.1&amp;apos;
Driver info: org.openqa.selenium.chrome.ChromeDriver
Capabilities [{mobileEmulationEnabled=false, hasTouchScreen=false, platform=XP, acceptSslCerts=false, acceptInsecureCerts=false, webStorageEnabled=true, browserName=chrome, takesScreenshot=true, javascriptEnabled=true, platformName=XP, setWindowRect=true, unexpectedAlertBehaviour=, applicationCacheEnabled=false, rotatable=false, networkConnectionEnabled=false, chrome={chromedriverVersion=2.35.528161 (5b82f2d2aae0ca24b877009200ced9065a772e73), userDataDir=C:\Users\earkmaj\AppData\Local\Temp\scoped_dir15100_15610}, takesHeapSnapshot=true, pageLoadStrategy=normal, unhandledPromptBehavior=, databaseEnabled=false, handlesAlerts=true, version=75.0.3770.100, browserConnectionEnabled=false, nativeEvents=true, locationContextEnabled=true, cssSelectorsEnabled=true}]
Session ID: 26f27deeebed263d6dac21cb22648169">
      <![CDATA[org.openqa.selenium.WebDriverException: unknown error: failed to change window state to normal, current state is maximized
  (Session info: chrome=75.0.3770.100)
  (Driver info: chromedriver=2.35.528161 (5b82f2d2aae0ca24b877009200ced9065a772e73),platform=Windows NT 6.1.7601 SP1 x86_64) (WARNING: The server did not provide any stacktrace information)
Command duration or timeout: 0 milliseconds
Build info: version: '3.5.3', revision: 'a88d25fe6b', time: '2017-08-29T12:42:44.417Z'
System info: host: 'R90FDWLP', ip: '192.168.56.1', os.name: 'Windows 7', os.arch: 'amd64', os.version: '6.1', java.version: '9.0.1'
Driver info: org.openqa.selenium.chrome.ChromeDriver
Capabilities [{mobileEmulationEnabled=false, hasTouchScreen=false, platform=XP, acceptSslCerts=false, acceptInsecureCerts=false, webStorageEnabled=true, browserName=chrome, takesScreenshot=true, javascriptEnabled=true, platformName=XP, setWindowRect=true, unexpectedAlertBehaviour=, applicationCacheEnabled=false, rotatable=false, networkConnectionEnabled=false, chrome={chromedriverVersion=2.35.528161 (5b82f2d2aae0ca24b877009200ced9065a772e73), userDataDir=C:\Users\earkmaj\AppData\Local\Temp\scoped_dir15100_15610}, takesHeapSnapshot=true, pageLoadStrategy=normal, unhandledPromptBehavior=, databaseEnabled=false, handlesAlerts=true, version=75.0.3770.100, browserConnectionEnabled=false, nativeEvents=true, locationContextEnabled=true, cssSelectorsEnabled=true}]
Session ID: 26f27deeebed263d6dac21cb22648169
	at org.openqa.selenium.remote.ErrorHandler.createThrowable(ErrorHandler.java:215)
	at org.openqa.selenium.remote.ErrorHandler.throwIfResponseFailed(ErrorHandler.java:167)
	at org.openqa.selenium.remote.http.JsonHttpResponseCodec.reconstructValue(JsonHttpResponseCodec.java:40)
	at org.openqa.selenium.remote.http.AbstractHttpResponseCodec.decode(AbstractHttpResponseCodec.java:82)
	at org.openqa.selenium.remote.http.AbstractHttpResponseCodec.decode(AbstractHttpResponseCodec.java:45)
	at org.openqa.selenium.remote.HttpCommandExecutor.execute(HttpCommandExecutor.java:164)
	at org.openqa.selenium.remote.service.DriverCommandExecutor.execute(DriverCommandExecutor.java:82)
	at org.openqa.selenium.remote.RemoteWebDriver.execute(RemoteWebDriver.java:646)
	at org.openqa.selenium.remote.RemoteWebDriver.execute(RemoteWebDriver.java:703)
	at org.openqa.selenium.remote.RemoteWebDriver$RemoteWebDriverOptions$RemoteWindow.fullscreen(RemoteWebDriver.java:938)
	at com.ericsson.edos.dopuatautomation.pages.QueryBuilderPage.VerifyAddedCounter(QueryBuilderPage.java:360)
	at com.ericsson.edos.dopuatautomation.testcases.BouyguesTest.ValidateSearchforSpecificPmCounter(BouyguesTest.java:297)
... Removed 29 stack frames]]>
    </failure>
  </testcase> <!-- ValidateSearchforSpecificPmCounter -->
  <testcase classname="com.ericsson.edos.dopuatautomation.testcases.BouyguesTest" name="ValidateOnAddingPredefinedKPI" time="12.78"/>
  <testcase classname="com.ericsson.edos.dopuatautomation.testcases.BouyguesTest" name="ValidateOnCustomKPI" time="32.93"/>
  <testcase classname="com.ericsson.edos.dopuatautomation.testcases.BouyguesTest" name="VerifyCounterAddedQBReportinTable" time="52.347"/>
  <testcase classname="com.ericsson.edos.dopuatautomation.testcases.BouyguesTest" name="VerifyQBReportinTable" time="102.447"/>
  <testcase classname="com.ericsson.edos.dopuatautomation.testcases.BouyguesTest" name="VerifyPreCannedReport" time="38.91"/>
  <testcase classname="com.ericsson.edos.dopuatautomation.testcases.BouyguesTest" name="VerifyPreCannedReportByCell" time="82.088"/>
  <testcase classname="com.ericsson.edos.dopuatautomation.testcases.BouyguesTest" name="VerifyDeltaAuditofSites" time="60.036">
    <failure type="java.lang.AssertionError" message="All the selected dates in calendar are not processed successfully">
      <![CDATA[java.lang.AssertionError: All the selected dates in calendar are not processed successfully
	at com.ericsson.edos.dopuatautomation.testcases.BouyguesTest.VerifyDeltaAuditofSites(BouyguesTest.java:1025)
... Removed 26 stack frames]]>
    </failure>
  </testcase> <!-- VerifyDeltaAuditofSites -->
  <testcase classname="com.ericsson.edos.dopuatautomation.testcases.BouyguesTest" name="DynamicGraphicalReport" time="72.772"/>
  <testcase classname="com.ericsson.edos.dopuatautomation.testcases.BouyguesTest" name="VerifyExportToTemplate" time="0.0">
    <ignored/>
  </testcase> <!-- VerifyExportToTemplate -->
  <testcase classname="com.ericsson.edos.dopuatautomation.testcases.BouyguesTest" name="VerifyRCAReport" time="0.0">
    <ignored/>
  </testcase> <!-- VerifyRCAReport -->
  <testcase classname="com.ericsson.edos.dopuatautomation.testcases.BouyguesTest" name="VerifyEprefNEChart" time="0.0">
    <ignored/>
  </testcase> <!-- VerifyEprefNEChart -->
  <testcase classname="com.ericsson.edos.dopuatautomation.testcases.BouyguesTest" name="VerifyIsolationReport" time="0.0">
    <ignored/>
  </testcase> <!-- VerifyIsolationReport -->
  <testcase classname="com.ericsson.edos.dopuatautomation.testcases.BouyguesTest" name="VerifyFingerRCAReport" time="0.0">
    <ignored/>
  </testcase> <!-- VerifyFingerRCAReport -->
  <testcase classname="com.ericsson.edos.dopuatautomation.testcases.BouyguesTest" name="VerifyExportToExcel" time="0.0">
    <ignored/>
  </testcase> <!-- VerifyExportToExcel -->
  <testcase classname="com.ericsson.edos.dopuatautomation.testcases.BouyguesTest" name="VerifyEprefKPIChart" time="0.0">
    <ignored/>
  </testcase> <!-- VerifyEprefKPIChart -->
  <testcase classname="com.ericsson.edos.dopuatautomation.testcases.BouyguesTest" name="VerifyExportToCSV" time="0.0">
    <ignored/>
  </testcase> <!-- VerifyExportToCSV -->
  <testcase classname="com.ericsson.edos.dopuatautomation.testcases.BouyguesTest" name="VerifyDeltaAuditForUnderlinedValues" time="0.0">
    <ignored/>
  </testcase> <!-- VerifyDeltaAuditForUnderlinedValues -->
  <testcase classname="com.ericsson.edos.dopuatautomation.testcases.BouyguesTest" name="VerifyTriageReport" time="0.0">
    <ignored/>
  </testcase> <!-- VerifyTriageReport -->
  <testcase classname="com.ericsson.edos.dopuatautomation.testcases.BouyguesTest" name="VerifyEprefTimeChart" time="0.0">
    <ignored/>
  </testcase> <!-- VerifyEprefTimeChart -->
  <testcase classname="com.ericsson.edos.dopuatautomation.testcases.BouyguesTest" name="VerifyQBCharting" time="0.0">
    <ignored/>
  </testcase> <!-- VerifyQBCharting -->
</testsuite> <!-- BouyguesPageTest -->
