<!DOCTYPE html PUBLIC "-//W3C//DTD XHTML 1.1//EN" "http://www.w3.org/TR/xhtml11/DTD/xhtml11.dtd">
<html xmlns="http://www.w3.org/1999/xhtml"><head><title>TestNG Report</title><style type="text/css">table {margin-bottom:10px;border-collapse:collapse;empty-cells:show}th,td {border:1px solid #009;padding:.25em .5em}th {vertical-align:bottom}td {vertical-align:top}table a {font-weight:bold}.stripe td {background-color: #E6EBF9}.num {text-align:right}.passedodd td {background-color: #3F3}.passedeven td {background-color: #0A0}.skippedodd td {background-color: #DDD}.skippedeven td {background-color: #CCC}.failedodd td,.attn {background-color: #F33}.failedeven td,.stripe .attn {background-color: #D00}.stacktrace {white-space:pre;font-family:monospace}.totop {font-size:85%;text-align:center;border-bottom:2px solid #000}</style></head><body><table><tr><th>Test</th><th># Passed</th><th># Skipped</th><th># Failed</th><th>Time (ms)</th><th>Included Groups</th><th>Excluded Groups</th></tr><tr><th colspan="7">Regression Testing Suite (1)</th></tr><tr><td><a href="#t0"> LandingPageTest</a></td><td class="num">3</td><td class="num">0</td><td class="num">0</td><td class="num">9,232</td><td></td><td></td></tr><tr class="stripe"><td><a href="#t1">LoginPageTest</a></td><td class="num">7</td><td class="num">0</td><td class="num">0</td><td class="num">17,632</td><td></td><td></td></tr><tr><td><a href="#t2">ApplicationPageTest</a></td><td class="num">3</td><td class="num">0</td><td class="num">0</td><td class="num">53,961</td><td></td><td></td></tr><tr class="stripe"><td><a href="#t3">PerformancePortalPageTest</a></td><td class="num">0</td><td class="num">0</td><td class="num attn">1</td><td class="num">8,904</td><td></td><td></td></tr><tr><td><a href="#t4">BouyguesPageTest</a></td><td class="num">1</td><td class="num attn">6</td><td class="num attn">17</td><td class="num">451,664</td><td></td><td></td></tr><tr><th colspan="7">Regression Testing Suite (0)</th></tr><tr class="stripe"><td><a href="#t5"> LandingPageTest</a></td><td class="num">3</td><td class="num">0</td><td class="num">0</td><td class="num">9,191</td><td></td><td></td></tr><tr><td><a href="#t6">LoginPageTest</a></td><td class="num">7</td><td class="num">0</td><td class="num">0</td><td class="num">17,688</td><td></td><td></td></tr><tr class="stripe"><td><a href="#t7">ApplicationPageTest</a></td><td class="num">3</td><td class="num">0</td><td class="num">0</td><td class="num">44,188</td><td></td><td></td></tr><tr><td><a href="#t8">RasterPageTest</a></td><td class="num">4</td><td class="num">0</td><td class="num">0</td><td class="num">730,457</td><td></td><td></td></tr><tr><th colspan="7">Regression Testing Suite</th></tr><tr class="stripe"><td><a href="#t9"> LandingPageTest</a></td><td class="num">3</td><td class="num">0</td><td class="num">0</td><td class="num">9,258</td><td></td><td></td></tr><tr><td><a href="#t10">LoginPageTest</a></td><td class="num">7</td><td class="num">0</td><td class="num">0</td><td class="num">18,359</td><td></td><td></td></tr><tr class="stripe"><td><a href="#t11">ApplicationPageTest</a></td><td class="num">3</td><td class="num">0</td><td class="num">0</td><td class="num">58,373</td><td></td><td></td></tr><tr><td><a href="#t12">TivTest</a></td><td class="num">1</td><td class="num">0</td><td class="num attn">1</td><td class="num">2,616,116</td><td></td><td></td></tr><tr><th colspan="7">TestNG Datadriver suite</th></tr><tr><th>Total</th><th class="num">45</th><th class="num attn">6</th><th class="num attn">19</th><th class="num">4,045,023</th><th colspan="2"></th></tr></table><table id='summary'><thead><tr><th>Class</th><th>Method</th><th>Start</th><th>Time (ms)</th></tr></thead><tbody><tr><th colspan="4">Regression Testing Suite (1)</th></tr></tbody><tbody id="t0"><tr><th colspan="4"> LandingPageTest &#8212; passed</th></tr><tr class="passedeven"><td rowspan="3">com.ericsson.edos.dopuatautomation.testcases.LandingpageTest</td><td><a href="#m0">LandingPageTitleTest</a></td><td rowspan="1">1556796497573</td><td rowspan="1">2035</td></tr><tr class="passedeven"><td><a href="#m1">LegalNoticeLogoTest</a></td><td rowspan="1">1556796499608</td><td rowspan="1">2064</td></tr><tr class="passedeven"><td><a href="#m2">ProceedButtonTest</a></td><td rowspan="1">1556796501673</td><td rowspan="1">5131</td></tr></tbody><tbody id="t1"><tr><th colspan="4">LoginPageTest &#8212; passed</th></tr><tr class="passedeven"><td rowspan="7">com.ericsson.edos.dopuatautomation.testcases.LoginPageTest</td><td><a href="#m3">ClickEnterButtonTest</a></td><td rowspan="1">1556796522403</td><td rowspan="1">2085</td></tr><tr class="passedeven"><td><a href="#m4">EdosLogo1Test</a></td><td rowspan="1">1556796509876</td><td rowspan="1">2050</td></tr><tr class="passedeven"><td><a href="#m5">EdosLogo2Test</a></td><td rowspan="1">1556796511926</td><td rowspan="1">2047</td></tr><tr class="passedeven"><td><a href="#m6">EdosLogoText1Test</a></td><td rowspan="1">1556796513974</td><td rowspan="1">2045</td></tr><tr class="passedeven"><td><a href="#m7">EdosLogoText2Test</a></td><td rowspan="1">1556796516019</td><td rowspan="1">2141</td></tr><tr class="passedeven"><td><a href="#m8">SetUserPasswordTest</a></td><td rowspan="1">1556796520300</td><td rowspan="1">2103</td></tr><tr class="passedeven"><td><a href="#m9">SetusernameTest</a></td><td rowspan="1">1556796518161</td><td rowspan="1">2139</td></tr></tbody><tbody id="t2"><tr><th colspan="4">ApplicationPageTest &#8212; passed</th></tr><tr class="passedeven"><td rowspan="3">com.ericsson.edos.dopuatautomation.testcases.applicationTest</td><td><a href="#m10">VerifyApplicationPage</a></td><td rowspan="1">1556796524750</td><td rowspan="1">25172</td></tr><tr class="passedeven"><td><a href="#m11">VerifyCMPMDashboard</a></td><td rowspan="1">1556796551976</td><td rowspan="1">26734</td></tr><tr class="passedeven"><td><a href="#m12">VerifyEdosDpLogo</a></td><td rowspan="1">1556796549923</td><td rowspan="1">2050</td></tr></tbody><tbody id="t3"><tr><th colspan="4">PerformancePortalPageTest &#8212; failed</th></tr><tr class="failedeven"><td rowspan="1">com.ericsson.edos.dopuatautomation.testcases.PerformancePortalTest</td><td><a href="#m13">VerifyPerformancePortalTest</a></td><td rowspan="1">1556796579255</td><td rowspan="1">8494</td></tr></tbody><tbody id="t4"><tr><th colspan="4">BouyguesPageTest &#8212; failed</th></tr><tr class="failedeven"><td rowspan="17">com.ericsson.edos.dopuatautomation.testcases.BouyguesTest</td><td><a href="#m14">DynamicGraphicalReport</a></td><td rowspan="1">1556797027897</td><td rowspan="1">8048</td></tr><tr class="failedeven"><td><a href="#m15">ValidateOnAddingPredefinedKPI</a></td><td rowspan="1">1556796881953</td><td rowspan="1">6026</td></tr><tr class="failedeven"><td><a href="#m16">ValidateOnCustomKPI</a></td><td rowspan="1">1556796891845</td><td rowspan="1">8047</td></tr><tr class="failedeven"><td><a href="#m17">ValidateSearchforSpecificPmCounter</a></td><td rowspan="1">1556796848097</td><td rowspan="1">29827</td></tr><tr class="failedeven"><td><a href="#m18">ValidateSearchingForCell</a></td><td rowspan="1">1556796723346</td><td rowspan="1">124051</td></tr><tr class="failedeven"><td><a href="#m19">VerifyAllTitleTest</a></td><td rowspan="1">1556796588221</td><td rowspan="1">122056</td></tr><tr class="failedeven"><td><a href="#m20">VerifyCounterAddedQBReportinTable</a></td><td rowspan="1">1556796903917</td><td rowspan="1">10050</td></tr><tr class="failedeven"><td><a href="#m21">VerifyDeltaAuditForUnderlinedValues</a></td><td rowspan="1">1556797017839</td><td rowspan="1">6035</td></tr><tr class="failedeven"><td><a href="#m22">VerifyDeltaAuditofSites</a></td><td rowspan="1">1556797005872</td><td rowspan="1">7932</td></tr><tr class="failedeven"><td><a href="#m23">VerifyFingerRCAReport</a></td><td rowspan="1">1556796981720</td><td rowspan="1">8027</td></tr><tr class="failedeven"><td><a href="#m24">VerifyIsolationReport</a></td><td rowspan="1">1556796961623</td><td rowspan="1">4026</td></tr><tr class="failedeven"><td><a href="#m25">VerifyPreCannedReport</a></td><td rowspan="1">1556796941609</td><td rowspan="1">6031</td></tr><tr class="failedeven"><td><a href="#m26">VerifyPreCannedReportByCell</a></td><td rowspan="1">1556796951551</td><td rowspan="1">6045</td></tr><tr class="failedeven"><td><a href="#m27">VerifyQBReportinTable</a></td><td rowspan="1">1556796917963</td><td rowspan="1">10043</td></tr><tr class="failedeven"><td><a href="#m28">VerifyRCAReport</a></td><td rowspan="1">1556796969648</td><td rowspan="1">8042</td></tr><tr class="failedeven"><td><a href="#m29">VerifyTriageReport</a></td><td rowspan="1">1556796993769</td><td rowspan="1">8082</td></tr><tr class="failedeven"><td><a href="#m30">VerifyenodeBUtranCellTest</a></td><td rowspan="1">1556796710710</td><td rowspan="1">12097</td></tr><tr><th colspan="4">BouyguesPageTest &#8212; skipped</th></tr><tr class="skippedeven"><td rowspan="6">com.ericsson.edos.dopuatautomation.testcases.BouyguesTest</td><td><a href="#m31">VerifyEprefKPIChart</a></td><td rowspan="1">1556796961619</td><td rowspan="1">0</td></tr><tr class="skippedeven"><td><a href="#m32">VerifyEprefNEChart</a></td><td rowspan="1">1556796961620</td><td rowspan="1">0</td></tr><tr class="skippedeven"><td><a href="#m33">VerifyEprefTimeChart</a></td><td rowspan="1">1556796961621</td><td rowspan="1">0</td></tr><tr class="skippedeven"><td><a href="#m34">VerifyExportToCSV</a></td><td rowspan="1">1556796933561</td><td rowspan="1">1</td></tr><tr class="skippedeven"><td><a href="#m35">VerifyExportToExcel</a></td><td rowspan="1">1556796933560</td><td rowspan="1">0</td></tr><tr class="skippedeven"><td><a href="#m36">VerifyQBCharting</a></td><td rowspan="1">1556796941608</td><td rowspan="1">0</td></tr><tr><th colspan="4">BouyguesPageTest &#8212; passed</th></tr><tr class="passedeven"><td rowspan="1">com.ericsson.edos.dopuatautomation.testcases.BouyguesTest</td><td><a href="#m37">VerifyExportToTemplate</a></td><td rowspan="1">1556796933564</td><td rowspan="1">8042</td></tr></tbody><tbody><tr><th colspan="4">Regression Testing Suite (0)</th></tr></tbody><tbody id="t5"><tr><th colspan="4"> LandingPageTest &#8212; passed</th></tr><tr class="passedeven"><td rowspan="3">com.ericsson.edos.dopuatautomation.testcases.LandingpageTest</td><td><a href="#m38">LandingPageTitleTest</a></td><td rowspan="1">1556795688781</td><td rowspan="1">2032</td></tr><tr class="passedeven"><td><a href="#m39">LegalNoticeLogoTest</a></td><td rowspan="1">1556795690814</td><td rowspan="1">2051</td></tr><tr class="passedeven"><td><a href="#m40">ProceedButtonTest</a></td><td rowspan="1">1556795692866</td><td rowspan="1">5104</td></tr></tbody><tbody id="t6"><tr><th colspan="4">LoginPageTest &#8212; passed</th></tr><tr class="passedeven"><td rowspan="7">com.ericsson.edos.dopuatautomation.testcases.LoginPageTest</td><td><a href="#m41">ClickEnterButtonTest</a></td><td rowspan="1">1556795713599</td><td rowspan="1">2079</td></tr><tr class="passedeven"><td><a href="#m42">EdosLogo1Test</a></td><td rowspan="1">1556795701011</td><td rowspan="1">2065</td></tr><tr class="passedeven"><td><a href="#m43">EdosLogo2Test</a></td><td rowspan="1">1556795703077</td><td rowspan="1">2049</td></tr><tr class="passedeven"><td><a href="#m44">EdosLogoText1Test</a></td><td rowspan="1">1556795705134</td><td rowspan="1">2090</td></tr><tr class="passedeven"><td><a href="#m45">EdosLogoText2Test</a></td><td rowspan="1">1556795707226</td><td rowspan="1">2043</td></tr><tr class="passedeven"><td><a href="#m46">SetUserPasswordTest</a></td><td rowspan="1">1556795711404</td><td rowspan="1">2195</td></tr><tr class="passedeven"><td><a href="#m47">SetusernameTest</a></td><td rowspan="1">1556795709270</td><td rowspan="1">2132</td></tr></tbody><tbody id="t7"><tr><th colspan="4">ApplicationPageTest &#8212; passed</th></tr><tr class="passedeven"><td rowspan="3">com.ericsson.edos.dopuatautomation.testcases.applicationTest</td><td><a href="#m48">RasterClick</a></td><td rowspan="1">1556795742921</td><td rowspan="1">16958</td></tr><tr class="passedeven"><td><a href="#m49">VerifyApplicationPage</a></td><td rowspan="1">1556795715694</td><td rowspan="1">25175</td></tr><tr class="passedeven"><td><a href="#m50">VerifyEdosDpLogo</a></td><td rowspan="1">1556795740870</td><td rowspan="1">2049</td></tr></tbody><tbody id="t8"><tr><th colspan="4">RasterPageTest &#8212; passed</th></tr><tr class="passedeven"><td rowspan="4">com.ericsson.edos.dopuatautomation.testcases.RasterTest</td><td><a href="#m51">ValidtionofAddingRasterLayer</a></td><td rowspan="1">1556796263144</td><td rowspan="1">227222</td></tr><tr class="passedeven"><td><a href="#m52">ValidtionofDatePanel</a></td><td rowspan="1">1556795796337</td><td rowspan="1">293542</td></tr><tr class="passedeven"><td><a href="#m53">ValidtionofRasterPortal</a></td><td rowspan="1">1556795759913</td><td rowspan="1">36423</td></tr><tr class="passedeven"><td><a href="#m54">ValidtionofTopologyLayer</a></td><td rowspan="1">1556796089880</td><td rowspan="1">173263</td></tr></tbody><tbody><tr><th colspan="4">Regression Testing Suite</th></tr></tbody><tbody id="t9"><tr><th colspan="4"> LandingPageTest &#8212; passed</th></tr><tr class="passedeven"><td rowspan="3">com.ericsson.edos.dopuatautomation.testcases.LandingpageTest</td><td><a href="#m55">LandingPageTitleTest</a></td><td rowspan="1">1556792978741</td><td rowspan="1">2026</td></tr><tr class="passedeven"><td><a href="#m56">LegalNoticeLogoTest</a></td><td rowspan="1">1556792980772</td><td rowspan="1">2055</td></tr><tr class="passedeven"><td><a href="#m57">ProceedButtonTest</a></td><td rowspan="1">1556792982828</td><td rowspan="1">5116</td></tr></tbody><tbody id="t10"><tr><th colspan="4">LoginPageTest &#8212; passed</th></tr><tr class="passedeven"><td rowspan="7">com.ericsson.edos.dopuatautomation.testcases.LoginPageTest</td><td><a href="#m58">ClickEnterButtonTest</a></td><td rowspan="1">1556793004260</td><td rowspan="1">2091</td></tr><tr class="passedeven"><td><a href="#m59">EdosLogo1Test</a></td><td rowspan="1">1556792991011</td><td rowspan="1">2054</td></tr><tr class="passedeven"><td><a href="#m60">EdosLogo2Test</a></td><td rowspan="1">1556792993067</td><td rowspan="1">2049</td></tr><tr class="passedeven"><td><a href="#m61">EdosLogoText1Test</a></td><td rowspan="1">1556792995118</td><td rowspan="1">2047</td></tr><tr class="passedeven"><td><a href="#m62">EdosLogoText2Test</a></td><td rowspan="1">1556792997166</td><td rowspan="1">2049</td></tr><tr class="passedeven"><td><a href="#m63">SetUserPasswordTest</a></td><td rowspan="1">1556793002126</td><td rowspan="1">2133</td></tr><tr class="passedeven"><td><a href="#m64">SetusernameTest</a></td><td rowspan="1">1556792999217</td><td rowspan="1">2908</td></tr></tbody><tbody id="t11"><tr><th colspan="4">ApplicationPageTest &#8212; passed</th></tr><tr class="passedeven"><td rowspan="3">com.ericsson.edos.dopuatautomation.testcases.applicationTest</td><td><a href="#m65">VerifyApplicationPage</a></td><td rowspan="1">1556793006385</td><td rowspan="1">25095</td></tr><tr class="passedeven"><td><a href="#m66">VerifyEdosDpLogo</a></td><td rowspan="1">1556793031481</td><td rowspan="1">2059</td></tr><tr class="passedeven"><td><a href="#m67">VerifyTIVLink</a></td><td rowspan="1">1556793033541</td><td rowspan="1">31206</td></tr></tbody><tbody id="t12"><tr><th colspan="4">TivTest &#8212; failed</th></tr><tr class="failedeven"><td rowspan="1">com.ericsson.edos.dopuatautomation.testcases.EdosTraceInputValidationTest</td><td><a href="#m68">VerifyTableWithCellFiltering</a></td><td rowspan="1">1556794993314</td><td rowspan="1">686839</td></tr><tr><th colspan="4">TivTest &#8212; passed</th></tr><tr class="passedeven"><td rowspan="1">com.ericsson.edos.dopuatautomation.testcases.EdosTraceInputValidationTest</td><td><a href="#m69">VerifyChartValuesWithDateSelected</a></td><td rowspan="1">1556793064801</td><td rowspan="1">1928512</td></tr></tbody><tbody><tr><th colspan="4">TestNG Datadriver suite</th></tr></tbody></table><h2> LandingPageTest</h2><h3 id="m0">com.ericsson.edos.dopuatautomation.testcases.LandingpageTest#LandingPageTitleTest</h3><table class="result"></table><p class="totop"><a href="#summary">back to summary</a></p><h3 id="m1">com.ericsson.edos.dopuatautomation.testcases.LandingpageTest#LegalNoticeLogoTest</h3><table class="result"></table><p class="totop"><a href="#summary">back to summary</a></p><h3 id="m2">com.ericsson.edos.dopuatautomation.testcases.LandingpageTest#ProceedButtonTest</h3><table class="result"><tr><th>Messages</th></tr><tr><td><div class="messages">The application is proceeded to the Login Page</div></td></tr></table><p class="totop"><a href="#summary">back to summary</a></p><h2>LoginPageTest</h2><h3 id="m3">com.ericsson.edos.dopuatautomation.testcases.LoginPageTest#ClickEnterButtonTest</h3><table class="result"><tr><th>Messages</th></tr><tr><td><div class="messages">The username and password is entered successfully and proceeded to the application page</div></td></tr></table><p class="totop"><a href="#summary">back to summary</a></p><h3 id="m4">com.ericsson.edos.dopuatautomation.testcases.LoginPageTest#EdosLogo1Test</h3><table class="result"></table><p class="totop"><a href="#summary">back to summary</a></p><h3 id="m5">com.ericsson.edos.dopuatautomation.testcases.LoginPageTest#EdosLogo2Test</h3><table class="result"></table><p class="totop"><a href="#summary">back to summary</a></p><h3 id="m6">com.ericsson.edos.dopuatautomation.testcases.LoginPageTest#EdosLogoText1Test</h3><table class="result"></table><p class="totop"><a href="#summary">back to summary</a></p><h3 id="m7">com.ericsson.edos.dopuatautomation.testcases.LoginPageTest#EdosLogoText2Test</h3><table class="result"></table><p class="totop"><a href="#summary">back to summary</a></p><h3 id="m8">com.ericsson.edos.dopuatautomation.testcases.LoginPageTest#SetUserPasswordTest</h3><table class="result"></table><p class="totop"><a href="#summary">back to summary</a></p><h3 id="m9">com.ericsson.edos.dopuatautomation.testcases.LoginPageTest#SetusernameTest</h3><table class="result"></table><p class="totop"><a href="#summary">back to summary</a></p><h2>ApplicationPageTest</h2><h3 id="m10">com.ericsson.edos.dopuatautomation.testcases.applicationTest#VerifyApplicationPage</h3><table class="result"></table><p class="totop"><a href="#summary">back to summary</a></p><h3 id="m11">com.ericsson.edos.dopuatautomation.testcases.applicationTest#VerifyCMPMDashboard</h3><table class="result"></table><p class="totop"><a href="#summary">back to summary</a></p><h3 id="m12">com.ericsson.edos.dopuatautomation.testcases.applicationTest#VerifyEdosDpLogo</h3><table class="result"></table><p class="totop"><a href="#summary">back to summary</a></p><h2>PerformancePortalPageTest</h2><h3 id="m13">com.ericsson.edos.dopuatautomation.testcases.PerformancePortalTest#VerifyPerformancePortalTest</h3><table class="result"><tr><th>Exception</th></tr><tr><td><div class="stacktrace">java.lang.AssertionError: expected [GNP Performance Portal] but found [GNP CTA]
	at com.ericsson.edos.dopuatautomation.testcases.PerformancePortalTest.VerifyPerformancePortalTest(PerformancePortalTest.java:47)
... Removed 32 stack frames</div></td></tr></table><p class="totop"><a href="#summary">back to summary</a></p><h2>BouyguesPageTest</h2><h3 id="m14">com.ericsson.edos.dopuatautomation.testcases.BouyguesTest#DynamicGraphicalReport</h3><table class="result"><tr><th>Exception</th></tr><tr><td><div class="stacktrace">org.openqa.selenium.WebDriverException: chrome not reachable
  (Session info: chrome=73.0.3683.103)
  (Driver info: chromedriver=2.35.528161 (5b82f2d2aae0ca24b877009200ced9065a772e73),platform=Windows NT 6.1.7601 SP1 x86_64) (WARNING: The server did not provide any stacktrace information)
Command duration or timeout: 0 milliseconds
Build info: version: &apos;3.5.3&apos;, revision: &apos;a88d25fe6b&apos;, time: &apos;2017-08-29T12:42:44.417Z&apos;
System info: host: &apos;5CD7432DCS&apos;, ip: &apos;100.97.189.194&apos;, os.name: &apos;Windows 7&apos;, os.arch: &apos;amd64&apos;, os.version: &apos;6.1&apos;, java.version: &apos;1.8.0_181&apos;
Driver info: org.openqa.selenium.chrome.ChromeDriver
Capabilities [{mobileEmulationEnabled=false, hasTouchScreen=false, platform=XP, acceptSslCerts=false, acceptInsecureCerts=false, webStorageEnabled=true, browserName=chrome, takesScreenshot=true, javascriptEnabled=true, platformName=XP, setWindowRect=true, unexpectedAlertBehaviour=, applicationCacheEnabled=false, rotatable=false, networkConnectionEnabled=false, chrome={chromedriverVersion=2.35.528161 (5b82f2d2aae0ca24b877009200ced9065a772e73), userDataDir=C:\Users\EHRXARP\AppData\Local\Temp\scoped_dir10212_23314}, takesHeapSnapshot=true, pageLoadStrategy=normal, unhandledPromptBehavior=, databaseEnabled=false, handlesAlerts=true, version=73.0.3683.103, browserConnectionEnabled=false, nativeEvents=true, locationContextEnabled=true, cssSelectorsEnabled=true}]
Session ID: 7c987c0aeea23513c3235d00ba0daa76
*** Element info: {Using=xpath, value=//span[contains(text(),&apos;Dynamic Graphical Reports&apos;)]}
	at org.openqa.selenium.remote.ErrorHandler.createThrowable(ErrorHandler.java:215)
	at org.openqa.selenium.remote.ErrorHandler.throwIfResponseFailed(ErrorHandler.java:167)
	at org.openqa.selenium.remote.http.JsonHttpResponseCodec.reconstructValue(JsonHttpResponseCodec.java:40)
	at org.openqa.selenium.remote.http.AbstractHttpResponseCodec.decode(AbstractHttpResponseCodec.java:82)
	at org.openqa.selenium.remote.http.AbstractHttpResponseCodec.decode(AbstractHttpResponseCodec.java:45)
	at org.openqa.selenium.remote.HttpCommandExecutor.execute(HttpCommandExecutor.java:164)
	at org.openqa.selenium.remote.service.DriverCommandExecutor.execute(DriverCommandExecutor.java:82)
	at org.openqa.selenium.remote.RemoteWebDriver.execute(RemoteWebDriver.java:646)
	at org.openqa.selenium.remote.RemoteWebDriver.findElement(RemoteWebDriver.java:416)
	at org.openqa.selenium.remote.RemoteWebDriver.findElementByXPath(RemoteWebDriver.java:518)
	at org.openqa.selenium.By$ByXPath.findElement(By.java:361)
	at org.openqa.selenium.remote.RemoteWebDriver.findElement(RemoteWebDriver.java:408)
	at org.openqa.selenium.support.pagefactory.DefaultElementLocator.findElement(DefaultElementLocator.java:69)
	at org.openqa.selenium.support.pagefactory.internal.LocatingElementHandler.invoke(LocatingElementHandler.java:38)
	at com.sun.proxy.$Proxy10.click(Unknown Source)
	at com.ericsson.edos.dopuatautomation.pages.DynamicGraphicalReportsPage.clickonDynamicGraphicalReports(DynamicGraphicalReportsPage.java:144)
	at com.ericsson.edos.dopuatautomation.testcases.BouyguesTest.DynamicGraphicalReport(BouyguesTest.java:572)
... Removed 29 stack frames</div></td></tr></table><p class="totop"><a href="#summary">back to summary</a></p><h3 id="m15">com.ericsson.edos.dopuatautomation.testcases.BouyguesTest#ValidateOnAddingPredefinedKPI</h3><table class="result"><tr><th>Exception</th></tr><tr><td><div class="stacktrace">org.openqa.selenium.WebDriverException: chrome not reachable
  (Session info: chrome=73.0.3683.103)
  (Driver info: chromedriver=2.35.528161 (5b82f2d2aae0ca24b877009200ced9065a772e73),platform=Windows NT 6.1.7601 SP1 x86_64) (WARNING: The server did not provide any stacktrace information)
Command duration or timeout: 0 milliseconds
Build info: version: &apos;3.5.3&apos;, revision: &apos;a88d25fe6b&apos;, time: &apos;2017-08-29T12:42:44.417Z&apos;
System info: host: &apos;5CD7432DCS&apos;, ip: &apos;100.97.189.194&apos;, os.name: &apos;Windows 7&apos;, os.arch: &apos;amd64&apos;, os.version: &apos;6.1&apos;, java.version: &apos;1.8.0_181&apos;
Driver info: org.openqa.selenium.chrome.ChromeDriver
Capabilities [{mobileEmulationEnabled=false, hasTouchScreen=false, platform=XP, acceptSslCerts=false, acceptInsecureCerts=false, webStorageEnabled=true, browserName=chrome, takesScreenshot=true, javascriptEnabled=true, platformName=XP, setWindowRect=true, unexpectedAlertBehaviour=, applicationCacheEnabled=false, rotatable=false, networkConnectionEnabled=false, chrome={chromedriverVersion=2.35.528161 (5b82f2d2aae0ca24b877009200ced9065a772e73), userDataDir=C:\Users\EHRXARP\AppData\Local\Temp\scoped_dir10212_23314}, takesHeapSnapshot=true, pageLoadStrategy=normal, unhandledPromptBehavior=, databaseEnabled=false, handlesAlerts=true, version=73.0.3683.103, browserConnectionEnabled=false, nativeEvents=true, locationContextEnabled=true, cssSelectorsEnabled=true}]
Session ID: 7c987c0aeea23513c3235d00ba0daa76
*** Element info: {Using=xpath, value=//a[@id=&apos;cboPredefinedKPIs_Arrow&apos;]}
	at org.openqa.selenium.remote.ErrorHandler.createThrowable(ErrorHandler.java:215)
	at org.openqa.selenium.remote.ErrorHandler.throwIfResponseFailed(ErrorHandler.java:167)
	at org.openqa.selenium.remote.http.JsonHttpResponseCodec.reconstructValue(JsonHttpResponseCodec.java:40)
	at org.openqa.selenium.remote.http.AbstractHttpResponseCodec.decode(AbstractHttpResponseCodec.java:82)
	at org.openqa.selenium.remote.http.AbstractHttpResponseCodec.decode(AbstractHttpResponseCodec.java:45)
	at org.openqa.selenium.remote.HttpCommandExecutor.execute(HttpCommandExecutor.java:164)
	at org.openqa.selenium.remote.service.DriverCommandExecutor.execute(DriverCommandExecutor.java:82)
	at org.openqa.selenium.remote.RemoteWebDriver.execute(RemoteWebDriver.java:646)
	at org.openqa.selenium.remote.RemoteWebDriver.findElement(RemoteWebDriver.java:416)
	at org.openqa.selenium.remote.RemoteWebDriver.findElementByXPath(RemoteWebDriver.java:518)
	at org.openqa.selenium.By$ByXPath.findElement(By.java:361)
	at org.openqa.selenium.remote.RemoteWebDriver.findElement(RemoteWebDriver.java:408)
	at org.openqa.selenium.support.pagefactory.DefaultElementLocator.findElement(DefaultElementLocator.java:69)
	at org.openqa.selenium.support.pagefactory.internal.LocatingElementHandler.invoke(LocatingElementHandler.java:38)
	at com.sun.proxy.$Proxy10.click(Unknown Source)
	at com.ericsson.edos.dopuatautomation.pages.QueryBuilderPage.ClickPredefinedKPIDropdown(QueryBuilderPage.java:369)
	at com.ericsson.edos.dopuatautomation.testcases.BouyguesTest.ValidateOnAddingPredefinedKPI(BouyguesTest.java:307)
... Removed 30 stack frames</div></td></tr></table><p class="totop"><a href="#summary">back to summary</a></p><h3 id="m16">com.ericsson.edos.dopuatautomation.testcases.BouyguesTest#ValidateOnCustomKPI</h3><table class="result"><tr><th>Exception</th></tr><tr><td><div class="stacktrace">org.openqa.selenium.WebDriverException: chrome not reachable
  (Session info: chrome=73.0.3683.103)
  (Driver info: chromedriver=2.35.528161 (5b82f2d2aae0ca24b877009200ced9065a772e73),platform=Windows NT 6.1.7601 SP1 x86_64) (WARNING: The server did not provide any stacktrace information)
Command duration or timeout: 0 milliseconds
Build info: version: &apos;3.5.3&apos;, revision: &apos;a88d25fe6b&apos;, time: &apos;2017-08-29T12:42:44.417Z&apos;
System info: host: &apos;5CD7432DCS&apos;, ip: &apos;100.97.189.194&apos;, os.name: &apos;Windows 7&apos;, os.arch: &apos;amd64&apos;, os.version: &apos;6.1&apos;, java.version: &apos;1.8.0_181&apos;
Driver info: org.openqa.selenium.chrome.ChromeDriver
Capabilities [{mobileEmulationEnabled=false, hasTouchScreen=false, platform=XP, acceptSslCerts=false, acceptInsecureCerts=false, webStorageEnabled=true, browserName=chrome, takesScreenshot=true, javascriptEnabled=true, platformName=XP, setWindowRect=true, unexpectedAlertBehaviour=, applicationCacheEnabled=false, rotatable=false, networkConnectionEnabled=false, chrome={chromedriverVersion=2.35.528161 (5b82f2d2aae0ca24b877009200ced9065a772e73), userDataDir=C:\Users\EHRXARP\AppData\Local\Temp\scoped_dir10212_23314}, takesHeapSnapshot=true, pageLoadStrategy=normal, unhandledPromptBehavior=, databaseEnabled=false, handlesAlerts=true, version=73.0.3683.103, browserConnectionEnabled=false, nativeEvents=true, locationContextEnabled=true, cssSelectorsEnabled=true}]
Session ID: 7c987c0aeea23513c3235d00ba0daa76
*** Element info: {Using=xpath, value=//input[@value=&apos;Add KPI&apos;]}
	at org.openqa.selenium.remote.ErrorHandler.createThrowable(ErrorHandler.java:215)
	at org.openqa.selenium.remote.ErrorHandler.throwIfResponseFailed(ErrorHandler.java:167)
	at org.openqa.selenium.remote.http.JsonHttpResponseCodec.reconstructValue(JsonHttpResponseCodec.java:40)
	at org.openqa.selenium.remote.http.AbstractHttpResponseCodec.decode(AbstractHttpResponseCodec.java:82)
	at org.openqa.selenium.remote.http.AbstractHttpResponseCodec.decode(AbstractHttpResponseCodec.java:45)
	at org.openqa.selenium.remote.HttpCommandExecutor.execute(HttpCommandExecutor.java:164)
	at org.openqa.selenium.remote.service.DriverCommandExecutor.execute(DriverCommandExecutor.java:82)
	at org.openqa.selenium.remote.RemoteWebDriver.execute(RemoteWebDriver.java:646)
	at org.openqa.selenium.remote.RemoteWebDriver.findElement(RemoteWebDriver.java:416)
	at org.openqa.selenium.remote.RemoteWebDriver.findElementByXPath(RemoteWebDriver.java:518)
	at org.openqa.selenium.By$ByXPath.findElement(By.java:361)
	at org.openqa.selenium.remote.RemoteWebDriver.findElement(RemoteWebDriver.java:408)
	at org.openqa.selenium.support.pagefactory.DefaultElementLocator.findElement(DefaultElementLocator.java:69)
	at org.openqa.selenium.support.pagefactory.internal.LocatingElementHandler.invoke(LocatingElementHandler.java:38)
	at com.sun.proxy.$Proxy10.click(Unknown Source)
	at com.ericsson.edos.dopuatautomation.pages.QueryBuilderPage.ClickOnAddKPIButton(QueryBuilderPage.java:397)
	at com.ericsson.edos.dopuatautomation.testcases.BouyguesTest.ValidateOnCustomKPI(BouyguesTest.java:326)
... Removed 30 stack frames</div></td></tr></table><p class="totop"><a href="#summary">back to summary</a></p><h3 id="m17">com.ericsson.edos.dopuatautomation.testcases.BouyguesTest#ValidateSearchforSpecificPmCounter</h3><table class="result"><tr><th>Exception</th></tr><tr><td><div class="stacktrace">java.lang.NullPointerException
	at org.openqa.selenium.support.pagefactory.internal.LocatingElementHandler.invoke(LocatingElementHandler.java:51)
	at com.sun.proxy.$Proxy10.click(Unknown Source)
	at com.ericsson.edos.dopuatautomation.pages.QueryBuilderPage.SendCounterName(QueryBuilderPage.java:328)
	at com.ericsson.edos.dopuatautomation.testcases.BouyguesTest.ValidateSearchforSpecificPmCounter(BouyguesTest.java:294)
... Removed 29 stack frames</div></td></tr></table><p class="totop"><a href="#summary">back to summary</a></p><h3 id="m18">com.ericsson.edos.dopuatautomation.testcases.BouyguesTest#ValidateSearchingForCell</h3><table class="result"><tr><th>Exception</th></tr><tr><td><div class="stacktrace">org.openqa.selenium.NoSuchElementException: no such element: Unable to locate element: {&quot;method&quot;:&quot;xpath&quot;,&quot;selector&quot;:&quot;//span[text()=&apos;Query Builder&apos;]&quot;}
  (Session info: chrome=73.0.3683.103)
  (Driver info: chromedriver=2.35.528161 (5b82f2d2aae0ca24b877009200ced9065a772e73),platform=Windows NT 6.1.7601 SP1 x86_64) (WARNING: The server did not provide any stacktrace information)
Command duration or timeout: 0 milliseconds
For documentation on this error, please visit: http://seleniumhq.org/exceptions/no_such_element.html
Build info: version: &apos;3.5.3&apos;, revision: &apos;a88d25fe6b&apos;, time: &apos;2017-08-29T12:42:44.417Z&apos;
System info: host: &apos;5CD7432DCS&apos;, ip: &apos;100.97.189.194&apos;, os.name: &apos;Windows 7&apos;, os.arch: &apos;amd64&apos;, os.version: &apos;6.1&apos;, java.version: &apos;1.8.0_181&apos;
Driver info: org.openqa.selenium.chrome.ChromeDriver
Capabilities [{mobileEmulationEnabled=false, hasTouchScreen=false, platform=XP, acceptSslCerts=false, acceptInsecureCerts=false, webStorageEnabled=true, browserName=chrome, takesScreenshot=true, javascriptEnabled=true, platformName=XP, setWindowRect=true, unexpectedAlertBehaviour=, applicationCacheEnabled=false, rotatable=false, networkConnectionEnabled=false, chrome={chromedriverVersion=2.35.528161 (5b82f2d2aae0ca24b877009200ced9065a772e73), userDataDir=C:\Users\EHRXARP\AppData\Local\Temp\scoped_dir10212_23314}, takesHeapSnapshot=true, pageLoadStrategy=normal, unhandledPromptBehavior=, databaseEnabled=false, handlesAlerts=true, version=73.0.3683.103, browserConnectionEnabled=false, nativeEvents=true, locationContextEnabled=true, cssSelectorsEnabled=true}]
Session ID: 7c987c0aeea23513c3235d00ba0daa76
*** Element info: {Using=xpath, value=//span[text()=&apos;Query Builder&apos;]}
	at org.openqa.selenium.remote.ErrorHandler.createThrowable(ErrorHandler.java:215)
	at org.openqa.selenium.remote.ErrorHandler.throwIfResponseFailed(ErrorHandler.java:167)
	at org.openqa.selenium.remote.http.JsonHttpResponseCodec.reconstructValue(JsonHttpResponseCodec.java:40)
	at org.openqa.selenium.remote.http.AbstractHttpResponseCodec.decode(AbstractHttpResponseCodec.java:82)
	at org.openqa.selenium.remote.http.AbstractHttpResponseCodec.decode(AbstractHttpResponseCodec.java:45)
	at org.openqa.selenium.remote.HttpCommandExecutor.execute(HttpCommandExecutor.java:164)
	at org.openqa.selenium.remote.service.DriverCommandExecutor.execute(DriverCommandExecutor.java:82)
	at org.openqa.selenium.remote.RemoteWebDriver.execute(RemoteWebDriver.java:646)
	at org.openqa.selenium.remote.RemoteWebDriver.findElement(RemoteWebDriver.java:416)
	at org.openqa.selenium.remote.RemoteWebDriver.findElementByXPath(RemoteWebDriver.java:518)
	at org.openqa.selenium.By$ByXPath.findElement(By.java:361)
	at org.openqa.selenium.remote.RemoteWebDriver.findElement(RemoteWebDriver.java:408)
	at org.openqa.selenium.support.pagefactory.DefaultElementLocator.findElement(DefaultElementLocator.java:69)
	at org.openqa.selenium.support.pagefactory.internal.LocatingElementHandler.invoke(LocatingElementHandler.java:38)
	at com.sun.proxy.$Proxy10.click(Unknown Source)
	at com.ericsson.edos.dopuatautomation.pages.QueryBuilderPage.ClickQuerBuilderLink(QueryBuilderPage.java:282)
	at com.ericsson.edos.dopuatautomation.testcases.BouyguesTest.ValidateSearchingForCell(BouyguesTest.java:244)
... Removed 30 stack frames</div></td></tr></table><p class="totop"><a href="#summary">back to summary</a></p><h3 id="m19">com.ericsson.edos.dopuatautomation.testcases.BouyguesTest#VerifyAllTitleTest</h3><table class="result"><tr><th>Exception</th></tr><tr><td><div class="stacktrace">org.openqa.selenium.NoSuchElementException: no such element: Unable to locate element: {&quot;method&quot;:&quot;xpath&quot;,&quot;selector&quot;:&quot;//a[contains(@href,&apos;Customer=Bouygues&apos;)]&quot;}
  (Session info: chrome=73.0.3683.103)
  (Driver info: chromedriver=2.35.528161 (5b82f2d2aae0ca24b877009200ced9065a772e73),platform=Windows NT 6.1.7601 SP1 x86_64) (WARNING: The server did not provide any stacktrace information)
Command duration or timeout: 0 milliseconds
For documentation on this error, please visit: http://seleniumhq.org/exceptions/no_such_element.html
Build info: version: &apos;3.5.3&apos;, revision: &apos;a88d25fe6b&apos;, time: &apos;2017-08-29T12:42:44.417Z&apos;
System info: host: &apos;5CD7432DCS&apos;, ip: &apos;100.97.189.194&apos;, os.name: &apos;Windows 7&apos;, os.arch: &apos;amd64&apos;, os.version: &apos;6.1&apos;, java.version: &apos;1.8.0_181&apos;
Driver info: org.openqa.selenium.chrome.ChromeDriver
Capabilities [{mobileEmulationEnabled=false, hasTouchScreen=false, platform=XP, acceptSslCerts=false, acceptInsecureCerts=false, webStorageEnabled=true, browserName=chrome, takesScreenshot=true, javascriptEnabled=true, platformName=XP, setWindowRect=true, unexpectedAlertBehaviour=, applicationCacheEnabled=false, rotatable=false, networkConnectionEnabled=false, chrome={chromedriverVersion=2.35.528161 (5b82f2d2aae0ca24b877009200ced9065a772e73), userDataDir=C:\Users\EHRXARP\AppData\Local\Temp\scoped_dir10212_23314}, takesHeapSnapshot=true, pageLoadStrategy=normal, unhandledPromptBehavior=, databaseEnabled=false, handlesAlerts=true, version=73.0.3683.103, browserConnectionEnabled=false, nativeEvents=true, locationContextEnabled=true, cssSelectorsEnabled=true}]
Session ID: 7c987c0aeea23513c3235d00ba0daa76
*** Element info: {Using=xpath, value=//a[contains(@href,&apos;Customer=Bouygues&apos;)]}
	at org.openqa.selenium.remote.ErrorHandler.createThrowable(ErrorHandler.java:215)
	at org.openqa.selenium.remote.ErrorHandler.throwIfResponseFailed(ErrorHandler.java:167)
	at org.openqa.selenium.remote.http.JsonHttpResponseCodec.reconstructValue(JsonHttpResponseCodec.java:40)
	at org.openqa.selenium.remote.http.AbstractHttpResponseCodec.decode(AbstractHttpResponseCodec.java:82)
	at org.openqa.selenium.remote.http.AbstractHttpResponseCodec.decode(AbstractHttpResponseCodec.java:45)
	at org.openqa.selenium.remote.HttpCommandExecutor.execute(HttpCommandExecutor.java:164)
	at org.openqa.selenium.remote.service.DriverCommandExecutor.execute(DriverCommandExecutor.java:82)
	at org.openqa.selenium.remote.RemoteWebDriver.execute(RemoteWebDriver.java:646)
	at org.openqa.selenium.remote.RemoteWebDriver.findElement(RemoteWebDriver.java:416)
	at org.openqa.selenium.remote.RemoteWebDriver.findElementByXPath(RemoteWebDriver.java:518)
	at org.openqa.selenium.By$ByXPath.findElement(By.java:361)
	at org.openqa.selenium.remote.RemoteWebDriver.findElement(RemoteWebDriver.java:408)
	at org.openqa.selenium.support.pagefactory.DefaultElementLocator.findElement(DefaultElementLocator.java:69)
	at org.openqa.selenium.support.pagefactory.internal.LocatingElementHandler.invoke(LocatingElementHandler.java:38)
	at com.sun.proxy.$Proxy10.click(Unknown Source)
	at com.ericsson.edos.dopuatautomation.pages.EdosDOPPerformancePortalPage.ClickBouyguesLink(EdosDOPPerformancePortalPage.java:35)
	at com.ericsson.edos.dopuatautomation.testcases.BouyguesTest.VerifyAllTitleTest(BouyguesTest.java:89)
... Removed 30 stack frames</div></td></tr></table><p class="totop"><a href="#summary">back to summary</a></p><h3 id="m20">com.ericsson.edos.dopuatautomation.testcases.BouyguesTest#VerifyCounterAddedQBReportinTable</h3><table class="result"><tr><th>Exception</th></tr><tr><td><div class="stacktrace">org.openqa.selenium.WebDriverException: chrome not reachable
  (Session info: chrome=73.0.3683.103)
  (Driver info: chromedriver=2.35.528161 (5b82f2d2aae0ca24b877009200ced9065a772e73),platform=Windows NT 6.1.7601 SP1 x86_64) (WARNING: The server did not provide any stacktrace information)
Command duration or timeout: 0 milliseconds
Build info: version: &apos;3.5.3&apos;, revision: &apos;a88d25fe6b&apos;, time: &apos;2017-08-29T12:42:44.417Z&apos;
System info: host: &apos;5CD7432DCS&apos;, ip: &apos;100.97.189.194&apos;, os.name: &apos;Windows 7&apos;, os.arch: &apos;amd64&apos;, os.version: &apos;6.1&apos;, java.version: &apos;1.8.0_181&apos;
Driver info: org.openqa.selenium.chrome.ChromeDriver
Capabilities [{mobileEmulationEnabled=false, hasTouchScreen=false, platform=XP, acceptSslCerts=false, acceptInsecureCerts=false, webStorageEnabled=true, browserName=chrome, takesScreenshot=true, javascriptEnabled=true, platformName=XP, setWindowRect=true, unexpectedAlertBehaviour=, applicationCacheEnabled=false, rotatable=false, networkConnectionEnabled=false, chrome={chromedriverVersion=2.35.528161 (5b82f2d2aae0ca24b877009200ced9065a772e73), userDataDir=C:\Users\EHRXARP\AppData\Local\Temp\scoped_dir10212_23314}, takesHeapSnapshot=true, pageLoadStrategy=normal, unhandledPromptBehavior=, databaseEnabled=false, handlesAlerts=true, version=73.0.3683.103, browserConnectionEnabled=false, nativeEvents=true, locationContextEnabled=true, cssSelectorsEnabled=true}]
Session ID: 7c987c0aeea23513c3235d00ba0daa76
*** Element info: {Using=xpath, value=//td//a[@id=&apos;cboExistingReports_Arrow&apos;]}
	at org.openqa.selenium.remote.ErrorHandler.createThrowable(ErrorHandler.java:215)
	at org.openqa.selenium.remote.ErrorHandler.throwIfResponseFailed(ErrorHandler.java:167)
	at org.openqa.selenium.remote.http.JsonHttpResponseCodec.reconstructValue(JsonHttpResponseCodec.java:40)
	at org.openqa.selenium.remote.http.AbstractHttpResponseCodec.decode(AbstractHttpResponseCodec.java:82)
	at org.openqa.selenium.remote.http.AbstractHttpResponseCodec.decode(AbstractHttpResponseCodec.java:45)
	at org.openqa.selenium.remote.HttpCommandExecutor.execute(HttpCommandExecutor.java:164)
	at org.openqa.selenium.remote.service.DriverCommandExecutor.execute(DriverCommandExecutor.java:82)
	at org.openqa.selenium.remote.RemoteWebDriver.execute(RemoteWebDriver.java:646)
	at org.openqa.selenium.remote.RemoteWebDriver.findElement(RemoteWebDriver.java:416)
	at org.openqa.selenium.remote.RemoteWebDriver.findElementByXPath(RemoteWebDriver.java:518)
	at org.openqa.selenium.By$ByXPath.findElement(By.java:361)
	at org.openqa.selenium.remote.RemoteWebDriver.findElement(RemoteWebDriver.java:408)
	at org.openqa.selenium.support.pagefactory.DefaultElementLocator.findElement(DefaultElementLocator.java:69)
	at org.openqa.selenium.support.pagefactory.internal.LocatingElementHandler.invoke(LocatingElementHandler.java:38)
	at com.sun.proxy.$Proxy10.click(Unknown Source)
	at com.ericsson.edos.dopuatautomation.pages.QueryBuilderPage.SelectExisitingReports(QueryBuilderPage.java:839)
	at com.ericsson.edos.dopuatautomation.testcases.BouyguesTest.VerifyCounterAddedQBReportinTable(BouyguesTest.java:371)
... Removed 30 stack frames</div></td></tr></table><p class="totop"><a href="#summary">back to summary</a></p><h3 id="m21">com.ericsson.edos.dopuatautomation.testcases.BouyguesTest#VerifyDeltaAuditForUnderlinedValues</h3><table class="result"><tr><th>Exception</th></tr><tr><td><div class="stacktrace">org.openqa.selenium.WebDriverException: chrome not reachable
  (Session info: chrome=73.0.3683.103)
  (Driver info: chromedriver=2.35.528161 (5b82f2d2aae0ca24b877009200ced9065a772e73),platform=Windows NT 6.1.7601 SP1 x86_64) (WARNING: The server did not provide any stacktrace information)
Command duration or timeout: 0 milliseconds
Build info: version: &apos;3.5.3&apos;, revision: &apos;a88d25fe6b&apos;, time: &apos;2017-08-29T12:42:44.417Z&apos;
System info: host: &apos;5CD7432DCS&apos;, ip: &apos;100.97.189.194&apos;, os.name: &apos;Windows 7&apos;, os.arch: &apos;amd64&apos;, os.version: &apos;6.1&apos;, java.version: &apos;1.8.0_181&apos;
Driver info: org.openqa.selenium.chrome.ChromeDriver
Capabilities [{mobileEmulationEnabled=false, hasTouchScreen=false, platform=XP, acceptSslCerts=false, acceptInsecureCerts=false, webStorageEnabled=true, browserName=chrome, takesScreenshot=true, javascriptEnabled=true, platformName=XP, setWindowRect=true, unexpectedAlertBehaviour=, applicationCacheEnabled=false, rotatable=false, networkConnectionEnabled=false, chrome={chromedriverVersion=2.35.528161 (5b82f2d2aae0ca24b877009200ced9065a772e73), userDataDir=C:\Users\EHRXARP\AppData\Local\Temp\scoped_dir10212_23314}, takesHeapSnapshot=true, pageLoadStrategy=normal, unhandledPromptBehavior=, databaseEnabled=false, handlesAlerts=true, version=73.0.3683.103, browserConnectionEnabled=false, nativeEvents=true, locationContextEnabled=true, cssSelectorsEnabled=true}]
Session ID: 7c987c0aeea23513c3235d00ba0daa76
*** Element info: {Using=xpath, value=(//div[@class=&apos;k-grid-content&apos;])[1]/table/tbody/tr}
	at org.openqa.selenium.remote.ErrorHandler.createThrowable(ErrorHandler.java:215)
	at org.openqa.selenium.remote.ErrorHandler.throwIfResponseFailed(ErrorHandler.java:167)
	at org.openqa.selenium.remote.http.JsonHttpResponseCodec.reconstructValue(JsonHttpResponseCodec.java:40)
	at org.openqa.selenium.remote.http.AbstractHttpResponseCodec.decode(AbstractHttpResponseCodec.java:82)
	at org.openqa.selenium.remote.http.AbstractHttpResponseCodec.decode(AbstractHttpResponseCodec.java:45)
	at org.openqa.selenium.remote.HttpCommandExecutor.execute(HttpCommandExecutor.java:164)
	at org.openqa.selenium.remote.service.DriverCommandExecutor.execute(DriverCommandExecutor.java:82)
	at org.openqa.selenium.remote.RemoteWebDriver.execute(RemoteWebDriver.java:646)
	at org.openqa.selenium.remote.RemoteWebDriver.findElements(RemoteWebDriver.java:443)
	at org.openqa.selenium.remote.RemoteWebDriver.findElementsByXPath(RemoteWebDriver.java:522)
	at org.openqa.selenium.By$ByXPath.findElements(By.java:356)
	at org.openqa.selenium.remote.RemoteWebDriver.findElements(RemoteWebDriver.java:404)
	at com.ericsson.edos.dopuatautomation.pages.DeltaAuditpage.ValidateTheExactChanges(DeltaAuditpage.java:204)
	at com.ericsson.edos.dopuatautomation.testcases.BouyguesTest.VerifyDeltaAuditForUnderlinedValues(BouyguesTest.java:1036)
... Removed 29 stack frames</div></td></tr></table><p class="totop"><a href="#summary">back to summary</a></p><h3 id="m22">com.ericsson.edos.dopuatautomation.testcases.BouyguesTest#VerifyDeltaAuditofSites</h3><table class="result"><tr><th>Exception</th></tr><tr><td><div class="stacktrace">org.openqa.selenium.WebDriverException: chrome not reachable
  (Session info: chrome=73.0.3683.103)
  (Driver info: chromedriver=2.35.528161 (5b82f2d2aae0ca24b877009200ced9065a772e73),platform=Windows NT 6.1.7601 SP1 x86_64) (WARNING: The server did not provide any stacktrace information)
Command duration or timeout: 0 milliseconds
Build info: version: &apos;3.5.3&apos;, revision: &apos;a88d25fe6b&apos;, time: &apos;2017-08-29T12:42:44.417Z&apos;
System info: host: &apos;5CD7432DCS&apos;, ip: &apos;100.97.189.194&apos;, os.name: &apos;Windows 7&apos;, os.arch: &apos;amd64&apos;, os.version: &apos;6.1&apos;, java.version: &apos;1.8.0_181&apos;
Driver info: org.openqa.selenium.chrome.ChromeDriver
Capabilities [{mobileEmulationEnabled=false, hasTouchScreen=false, platform=XP, acceptSslCerts=false, acceptInsecureCerts=false, webStorageEnabled=true, browserName=chrome, takesScreenshot=true, javascriptEnabled=true, platformName=XP, setWindowRect=true, unexpectedAlertBehaviour=, applicationCacheEnabled=false, rotatable=false, networkConnectionEnabled=false, chrome={chromedriverVersion=2.35.528161 (5b82f2d2aae0ca24b877009200ced9065a772e73), userDataDir=C:\Users\EHRXARP\AppData\Local\Temp\scoped_dir10212_23314}, takesHeapSnapshot=true, pageLoadStrategy=normal, unhandledPromptBehavior=, databaseEnabled=false, handlesAlerts=true, version=73.0.3683.103, browserConnectionEnabled=false, nativeEvents=true, locationContextEnabled=true, cssSelectorsEnabled=true}]
Session ID: 7c987c0aeea23513c3235d00ba0daa76
*** Element info: {Using=xpath, value=//span[text()=&apos;Config Change Audit&apos;]}
	at org.openqa.selenium.remote.ErrorHandler.createThrowable(ErrorHandler.java:215)
	at org.openqa.selenium.remote.ErrorHandler.throwIfResponseFailed(ErrorHandler.java:167)
	at org.openqa.selenium.remote.http.JsonHttpResponseCodec.reconstructValue(JsonHttpResponseCodec.java:40)
	at org.openqa.selenium.remote.http.AbstractHttpResponseCodec.decode(AbstractHttpResponseCodec.java:82)
	at org.openqa.selenium.remote.http.AbstractHttpResponseCodec.decode(AbstractHttpResponseCodec.java:45)
	at org.openqa.selenium.remote.HttpCommandExecutor.execute(HttpCommandExecutor.java:164)
	at org.openqa.selenium.remote.service.DriverCommandExecutor.execute(DriverCommandExecutor.java:82)
	at org.openqa.selenium.remote.RemoteWebDriver.execute(RemoteWebDriver.java:646)
	at org.openqa.selenium.remote.RemoteWebDriver.findElement(RemoteWebDriver.java:416)
	at org.openqa.selenium.remote.RemoteWebDriver.findElementByXPath(RemoteWebDriver.java:518)
	at org.openqa.selenium.By$ByXPath.findElement(By.java:361)
	at org.openqa.selenium.remote.RemoteWebDriver.findElement(RemoteWebDriver.java:408)
	at org.openqa.selenium.support.pagefactory.DefaultElementLocator.findElement(DefaultElementLocator.java:69)
	at org.openqa.selenium.support.pagefactory.internal.LocatingElementHandler.invoke(LocatingElementHandler.java:38)
	at com.sun.proxy.$Proxy10.click(Unknown Source)
	at com.ericsson.edos.dopuatautomation.pages.DeltaAuditpage.ClickOnConfigChangeAudit(DeltaAuditpage.java:64)
	at com.ericsson.edos.dopuatautomation.testcases.BouyguesTest.VerifyDeltaAuditofSites(BouyguesTest.java:955)
... Removed 29 stack frames</div></td></tr></table><p class="totop"><a href="#summary">back to summary</a></p><h3 id="m23">com.ericsson.edos.dopuatautomation.testcases.BouyguesTest#VerifyFingerRCAReport</h3><table class="result"><tr><th>Exception</th></tr><tr><td><div class="stacktrace">org.openqa.selenium.WebDriverException: chrome not reachable
  (Session info: chrome=73.0.3683.103)
  (Driver info: chromedriver=2.35.528161 (5b82f2d2aae0ca24b877009200ced9065a772e73),platform=Windows NT 6.1.7601 SP1 x86_64) (WARNING: The server did not provide any stacktrace information)
Command duration or timeout: 0 milliseconds
Build info: version: &apos;3.5.3&apos;, revision: &apos;a88d25fe6b&apos;, time: &apos;2017-08-29T12:42:44.417Z&apos;
System info: host: &apos;5CD7432DCS&apos;, ip: &apos;100.97.189.194&apos;, os.name: &apos;Windows 7&apos;, os.arch: &apos;amd64&apos;, os.version: &apos;6.1&apos;, java.version: &apos;1.8.0_181&apos;
Driver info: org.openqa.selenium.chrome.ChromeDriver
Capabilities [{mobileEmulationEnabled=false, hasTouchScreen=false, platform=XP, acceptSslCerts=false, acceptInsecureCerts=false, webStorageEnabled=true, browserName=chrome, takesScreenshot=true, javascriptEnabled=true, platformName=XP, setWindowRect=true, unexpectedAlertBehaviour=, applicationCacheEnabled=false, rotatable=false, networkConnectionEnabled=false, chrome={chromedriverVersion=2.35.528161 (5b82f2d2aae0ca24b877009200ced9065a772e73), userDataDir=C:\Users\EHRXARP\AppData\Local\Temp\scoped_dir10212_23314}, takesHeapSnapshot=true, pageLoadStrategy=normal, unhandledPromptBehavior=, databaseEnabled=false, handlesAlerts=true, version=73.0.3683.103, browserConnectionEnabled=false, nativeEvents=true, locationContextEnabled=true, cssSelectorsEnabled=true}]
Session ID: 7c987c0aeea23513c3235d00ba0daa76
*** Element info: {Using=xpath, value=//span[text()=&apos;Fingerprint RCA National Rollup&apos;]}
	at org.openqa.selenium.remote.ErrorHandler.createThrowable(ErrorHandler.java:215)
	at org.openqa.selenium.remote.ErrorHandler.throwIfResponseFailed(ErrorHandler.java:167)
	at org.openqa.selenium.remote.http.JsonHttpResponseCodec.reconstructValue(JsonHttpResponseCodec.java:40)
	at org.openqa.selenium.remote.http.AbstractHttpResponseCodec.decode(AbstractHttpResponseCodec.java:82)
	at org.openqa.selenium.remote.http.AbstractHttpResponseCodec.decode(AbstractHttpResponseCodec.java:45)
	at org.openqa.selenium.remote.HttpCommandExecutor.execute(HttpCommandExecutor.java:164)
	at org.openqa.selenium.remote.service.DriverCommandExecutor.execute(DriverCommandExecutor.java:82)
	at org.openqa.selenium.remote.RemoteWebDriver.execute(RemoteWebDriver.java:646)
	at org.openqa.selenium.remote.RemoteWebDriver.findElement(RemoteWebDriver.java:416)
	at org.openqa.selenium.remote.RemoteWebDriver.findElementByXPath(RemoteWebDriver.java:518)
	at org.openqa.selenium.By$ByXPath.findElement(By.java:361)
	at org.openqa.selenium.remote.RemoteWebDriver.findElement(RemoteWebDriver.java:408)
	at org.openqa.selenium.support.pagefactory.DefaultElementLocator.findElement(DefaultElementLocator.java:69)
	at org.openqa.selenium.support.pagefactory.internal.LocatingElementHandler.invoke(LocatingElementHandler.java:38)
	at com.sun.proxy.$Proxy10.click(Unknown Source)
	at com.ericsson.edos.dopuatautomation.pages.EdosBouyguesPage.clickonRCANationalReport(EdosBouyguesPage.java:172)
	at com.ericsson.edos.dopuatautomation.testcases.BouyguesTest.VerifyFingerRCAReport(BouyguesTest.java:885)
... Removed 29 stack frames</div></td></tr></table><p class="totop"><a href="#summary">back to summary</a></p><h3 id="m24">com.ericsson.edos.dopuatautomation.testcases.BouyguesTest#VerifyIsolationReport</h3><table class="result"><tr><th>Exception</th></tr><tr><td><div class="stacktrace">org.openqa.selenium.WebDriverException: chrome not reachable
  (Session info: chrome=73.0.3683.103)
  (Driver info: chromedriver=2.35.528161 (5b82f2d2aae0ca24b877009200ced9065a772e73),platform=Windows NT 6.1.7601 SP1 x86_64) (WARNING: The server did not provide any stacktrace information)
Command duration or timeout: 0 milliseconds
Build info: version: &apos;3.5.3&apos;, revision: &apos;a88d25fe6b&apos;, time: &apos;2017-08-29T12:42:44.417Z&apos;
System info: host: &apos;5CD7432DCS&apos;, ip: &apos;100.97.189.194&apos;, os.name: &apos;Windows 7&apos;, os.arch: &apos;amd64&apos;, os.version: &apos;6.1&apos;, java.version: &apos;1.8.0_181&apos;
Driver info: org.openqa.selenium.chrome.ChromeDriver
Capabilities [{mobileEmulationEnabled=false, hasTouchScreen=false, platform=XP, acceptSslCerts=false, acceptInsecureCerts=false, webStorageEnabled=true, browserName=chrome, takesScreenshot=true, javascriptEnabled=true, platformName=XP, setWindowRect=true, unexpectedAlertBehaviour=, applicationCacheEnabled=false, rotatable=false, networkConnectionEnabled=false, chrome={chromedriverVersion=2.35.528161 (5b82f2d2aae0ca24b877009200ced9065a772e73), userDataDir=C:\Users\EHRXARP\AppData\Local\Temp\scoped_dir10212_23314}, takesHeapSnapshot=true, pageLoadStrategy=normal, unhandledPromptBehavior=, databaseEnabled=false, handlesAlerts=true, version=73.0.3683.103, browserConnectionEnabled=false, nativeEvents=true, locationContextEnabled=true, cssSelectorsEnabled=true}]
Session ID: 7c987c0aeea23513c3235d00ba0daa76
*** Element info: {Using=xpath, value=//span[text()=&apos;Precanned Reports&apos;]}
	at org.openqa.selenium.remote.ErrorHandler.createThrowable(ErrorHandler.java:215)
	at org.openqa.selenium.remote.ErrorHandler.throwIfResponseFailed(ErrorHandler.java:167)
	at org.openqa.selenium.remote.http.JsonHttpResponseCodec.reconstructValue(JsonHttpResponseCodec.java:40)
	at org.openqa.selenium.remote.http.AbstractHttpResponseCodec.decode(AbstractHttpResponseCodec.java:82)
	at org.openqa.selenium.remote.http.AbstractHttpResponseCodec.decode(AbstractHttpResponseCodec.java:45)
	at org.openqa.selenium.remote.HttpCommandExecutor.execute(HttpCommandExecutor.java:164)
	at org.openqa.selenium.remote.service.DriverCommandExecutor.execute(DriverCommandExecutor.java:82)
	at org.openqa.selenium.remote.RemoteWebDriver.execute(RemoteWebDriver.java:646)
	at org.openqa.selenium.remote.RemoteWebDriver.findElement(RemoteWebDriver.java:416)
	at org.openqa.selenium.remote.RemoteWebDriver.findElementByXPath(RemoteWebDriver.java:518)
	at org.openqa.selenium.By$ByXPath.findElement(By.java:361)
	at org.openqa.selenium.remote.RemoteWebDriver.findElement(RemoteWebDriver.java:408)
	at org.openqa.selenium.support.pagefactory.DefaultElementLocator.findElement(DefaultElementLocator.java:69)
	at org.openqa.selenium.support.pagefactory.internal.LocatingElementHandler.invoke(LocatingElementHandler.java:38)
	at com.sun.proxy.$Proxy10.click(Unknown Source)
	at com.ericsson.edos.dopuatautomation.pages.EdosBouyguesPage.clickonPrecannedReports(EdosBouyguesPage.java:145)
	at com.ericsson.edos.dopuatautomation.testcases.BouyguesTest.VerifyIsolationReport(BouyguesTest.java:800)
... Removed 30 stack frames</div></td></tr></table><p class="totop"><a href="#summary">back to summary</a></p><h3 id="m25">com.ericsson.edos.dopuatautomation.testcases.BouyguesTest#VerifyPreCannedReport</h3><table class="result"><tr><th>Exception</th></tr><tr><td><div class="stacktrace">org.openqa.selenium.WebDriverException: chrome not reachable
  (Session info: chrome=73.0.3683.103)
  (Driver info: chromedriver=2.35.528161 (5b82f2d2aae0ca24b877009200ced9065a772e73),platform=Windows NT 6.1.7601 SP1 x86_64) (WARNING: The server did not provide any stacktrace information)
Command duration or timeout: 0 milliseconds
Build info: version: &apos;3.5.3&apos;, revision: &apos;a88d25fe6b&apos;, time: &apos;2017-08-29T12:42:44.417Z&apos;
System info: host: &apos;5CD7432DCS&apos;, ip: &apos;100.97.189.194&apos;, os.name: &apos;Windows 7&apos;, os.arch: &apos;amd64&apos;, os.version: &apos;6.1&apos;, java.version: &apos;1.8.0_181&apos;
Driver info: org.openqa.selenium.chrome.ChromeDriver
Capabilities [{mobileEmulationEnabled=false, hasTouchScreen=false, platform=XP, acceptSslCerts=false, acceptInsecureCerts=false, webStorageEnabled=true, browserName=chrome, takesScreenshot=true, javascriptEnabled=true, platformName=XP, setWindowRect=true, unexpectedAlertBehaviour=, applicationCacheEnabled=false, rotatable=false, networkConnectionEnabled=false, chrome={chromedriverVersion=2.35.528161 (5b82f2d2aae0ca24b877009200ced9065a772e73), userDataDir=C:\Users\EHRXARP\AppData\Local\Temp\scoped_dir10212_23314}, takesHeapSnapshot=true, pageLoadStrategy=normal, unhandledPromptBehavior=, databaseEnabled=false, handlesAlerts=true, version=73.0.3683.103, browserConnectionEnabled=false, nativeEvents=true, locationContextEnabled=true, cssSelectorsEnabled=true}]
Session ID: 7c987c0aeea23513c3235d00ba0daa76
*** Element info: {Using=xpath, value=//span[text()=&apos;Precanned Reports&apos;]}
	at org.openqa.selenium.remote.ErrorHandler.createThrowable(ErrorHandler.java:215)
	at org.openqa.selenium.remote.ErrorHandler.throwIfResponseFailed(ErrorHandler.java:167)
	at org.openqa.selenium.remote.http.JsonHttpResponseCodec.reconstructValue(JsonHttpResponseCodec.java:40)
	at org.openqa.selenium.remote.http.AbstractHttpResponseCodec.decode(AbstractHttpResponseCodec.java:82)
	at org.openqa.selenium.remote.http.AbstractHttpResponseCodec.decode(AbstractHttpResponseCodec.java:45)
	at org.openqa.selenium.remote.HttpCommandExecutor.execute(HttpCommandExecutor.java:164)
	at org.openqa.selenium.remote.service.DriverCommandExecutor.execute(DriverCommandExecutor.java:82)
	at org.openqa.selenium.remote.RemoteWebDriver.execute(RemoteWebDriver.java:646)
	at org.openqa.selenium.remote.RemoteWebDriver.findElement(RemoteWebDriver.java:416)
	at org.openqa.selenium.remote.RemoteWebDriver.findElementByXPath(RemoteWebDriver.java:518)
	at org.openqa.selenium.By$ByXPath.findElement(By.java:361)
	at org.openqa.selenium.remote.RemoteWebDriver.findElement(RemoteWebDriver.java:408)
	at org.openqa.selenium.support.pagefactory.DefaultElementLocator.findElement(DefaultElementLocator.java:69)
	at org.openqa.selenium.support.pagefactory.internal.LocatingElementHandler.invoke(LocatingElementHandler.java:38)
	at com.sun.proxy.$Proxy10.click(Unknown Source)
	at com.ericsson.edos.dopuatautomation.pages.EdosBouyguesPage.clickonPrecannedReports(EdosBouyguesPage.java:145)
	at com.ericsson.edos.dopuatautomation.testcases.BouyguesTest.VerifyPreCannedReport(BouyguesTest.java:628)
... Removed 30 stack frames</div></td></tr></table><p class="totop"><a href="#summary">back to summary</a></p><h3 id="m26">com.ericsson.edos.dopuatautomation.testcases.BouyguesTest#VerifyPreCannedReportByCell</h3><table class="result"><tr><th>Exception</th></tr><tr><td><div class="stacktrace">org.openqa.selenium.WebDriverException: chrome not reachable
  (Session info: chrome=73.0.3683.103)
  (Driver info: chromedriver=2.35.528161 (5b82f2d2aae0ca24b877009200ced9065a772e73),platform=Windows NT 6.1.7601 SP1 x86_64) (WARNING: The server did not provide any stacktrace information)
Command duration or timeout: 0 milliseconds
Build info: version: &apos;3.5.3&apos;, revision: &apos;a88d25fe6b&apos;, time: &apos;2017-08-29T12:42:44.417Z&apos;
System info: host: &apos;5CD7432DCS&apos;, ip: &apos;100.97.189.194&apos;, os.name: &apos;Windows 7&apos;, os.arch: &apos;amd64&apos;, os.version: &apos;6.1&apos;, java.version: &apos;1.8.0_181&apos;
Driver info: org.openqa.selenium.chrome.ChromeDriver
Capabilities [{mobileEmulationEnabled=false, hasTouchScreen=false, platform=XP, acceptSslCerts=false, acceptInsecureCerts=false, webStorageEnabled=true, browserName=chrome, takesScreenshot=true, javascriptEnabled=true, platformName=XP, setWindowRect=true, unexpectedAlertBehaviour=, applicationCacheEnabled=false, rotatable=false, networkConnectionEnabled=false, chrome={chromedriverVersion=2.35.528161 (5b82f2d2aae0ca24b877009200ced9065a772e73), userDataDir=C:\Users\EHRXARP\AppData\Local\Temp\scoped_dir10212_23314}, takesHeapSnapshot=true, pageLoadStrategy=normal, unhandledPromptBehavior=, databaseEnabled=false, handlesAlerts=true, version=73.0.3683.103, browserConnectionEnabled=false, nativeEvents=true, locationContextEnabled=true, cssSelectorsEnabled=true}]
Session ID: 7c987c0aeea23513c3235d00ba0daa76
*** Element info: {Using=xpath, value=//div[@class=&apos;k-grid-content-locked&apos;]//table//tbody//tr}
	at org.openqa.selenium.remote.ErrorHandler.createThrowable(ErrorHandler.java:215)
	at org.openqa.selenium.remote.ErrorHandler.throwIfResponseFailed(ErrorHandler.java:167)
	at org.openqa.selenium.remote.http.JsonHttpResponseCodec.reconstructValue(JsonHttpResponseCodec.java:40)
	at org.openqa.selenium.remote.http.AbstractHttpResponseCodec.decode(AbstractHttpResponseCodec.java:82)
	at org.openqa.selenium.remote.http.AbstractHttpResponseCodec.decode(AbstractHttpResponseCodec.java:45)
	at org.openqa.selenium.remote.HttpCommandExecutor.execute(HttpCommandExecutor.java:164)
	at org.openqa.selenium.remote.service.DriverCommandExecutor.execute(DriverCommandExecutor.java:82)
	at org.openqa.selenium.remote.RemoteWebDriver.execute(RemoteWebDriver.java:646)
	at org.openqa.selenium.remote.RemoteWebDriver.findElements(RemoteWebDriver.java:443)
	at org.openqa.selenium.remote.RemoteWebDriver.findElementsByXPath(RemoteWebDriver.java:522)
	at org.openqa.selenium.By$ByXPath.findElements(By.java:356)
	at org.openqa.selenium.remote.RemoteWebDriver.findElements(RemoteWebDriver.java:404)
	at org.openqa.selenium.support.pagefactory.DefaultElementLocator.findElements(DefaultElementLocator.java:85)
	at org.openqa.selenium.support.pagefactory.internal.LocatingElementListHandler.invoke(LocatingElementListHandler.java:36)
	at com.sun.proxy.$Proxy11.size(Unknown Source)
	at com.ericsson.edos.dopuatautomation.pages.EnodeBPerfKPIs.tablesize(EnodeBPerfKPIs.java:235)
	at com.ericsson.edos.dopuatautomation.testcases.BouyguesTest.VerifyPreCannedReportByCell(BouyguesTest.java:648)
... Removed 30 stack frames</div></td></tr></table><p class="totop"><a href="#summary">back to summary</a></p><h3 id="m27">com.ericsson.edos.dopuatautomation.testcases.BouyguesTest#VerifyQBReportinTable</h3><table class="result"><tr><th>Messages</th></tr><tr><td><div class="messages">Clicked on the QueryBuilder Filter Tab<br/><span style='color:red;background-color:yellow;font-size:14px;'><b>Failed to Execute the Test with Exception:::chrome not reachable
  (Session info: chrome=73.0.3683.103)
  (Driver info: chromedriver=2.35.528161 (5b82f2d2aae0ca24b877009200ced9065a772e73),platform=Windows NT 6.1.7601 SP1 x86_64) (WARNING: The server did not provide any stacktrace information)
Command duration or timeout: 0 milliseconds
Build info: version: '3.5.3', revision: 'a88d25fe6b', time: '2017-08-29T12:42:44.417Z'
System info: host: '5CD7432DCS', ip: '100.97.189.194', os.name: 'Windows 7', os.arch: 'amd64', os.version: '6.1', java.version: '1.8.0_181'
Driver info: org.openqa.selenium.chrome.ChromeDriver
Capabilities [{mobileEmulationEnabled=false, hasTouchScreen=false, platform=XP, acceptSslCerts=false, acceptInsecureCerts=false, webStorageEnabled=true, browserName=chrome, takesScreenshot=true, javascriptEnabled=true, platformName=XP, setWindowRect=true, unexpectedAlertBehaviour=, applicationCacheEnabled=false, rotatable=false, networkConnectionEnabled=false, chrome={chromedriverVersion=2.35.528161 (5b82f2d2aae0ca24b877009200ced9065a772e73), userDataDir=C:\Users\EHRXARP\AppData\Local\Temp\scoped_dir10212_23314}, takesHeapSnapshot=true, pageLoadStrategy=normal, unhandledPromptBehavior=, databaseEnabled=false, handlesAlerts=true, version=73.0.3683.103, browserConnectionEnabled=false, nativeEvents=true, locationContextEnabled=true, cssSelectorsEnabled=true}]
Session ID: 7c987c0aeea23513c3235d00ba0daa76
*** Element info: {Using=xpath, value=//a[@id='cboNEType_Arrow']}</b><span><br/></div></td></tr><tr><th>Exception</th></tr><tr><td><div class="stacktrace">java.lang.AssertionError: Table Doesn&apos;t Contains the Selected counter and Dates filtred expected [true] but found [false]
	at com.ericsson.edos.dopuatautomation.testcases.BouyguesTest.VerifyQBReportinTable(BouyguesTest.java:447)
... Removed 29 stack frames</div></td></tr></table><p class="totop"><a href="#summary">back to summary</a></p><h3 id="m28">com.ericsson.edos.dopuatautomation.testcases.BouyguesTest#VerifyRCAReport</h3><table class="result"><tr><th>Exception</th></tr><tr><td><div class="stacktrace">org.openqa.selenium.WebDriverException: chrome not reachable
  (Session info: chrome=73.0.3683.103)
  (Driver info: chromedriver=2.35.528161 (5b82f2d2aae0ca24b877009200ced9065a772e73),platform=Windows NT 6.1.7601 SP1 x86_64) (WARNING: The server did not provide any stacktrace information)
Command duration or timeout: 0 milliseconds
Build info: version: &apos;3.5.3&apos;, revision: &apos;a88d25fe6b&apos;, time: &apos;2017-08-29T12:42:44.417Z&apos;
System info: host: &apos;5CD7432DCS&apos;, ip: &apos;100.97.189.194&apos;, os.name: &apos;Windows 7&apos;, os.arch: &apos;amd64&apos;, os.version: &apos;6.1&apos;, java.version: &apos;1.8.0_181&apos;
Driver info: org.openqa.selenium.chrome.ChromeDriver
Capabilities [{mobileEmulationEnabled=false, hasTouchScreen=false, platform=XP, acceptSslCerts=false, acceptInsecureCerts=false, webStorageEnabled=true, browserName=chrome, takesScreenshot=true, javascriptEnabled=true, platformName=XP, setWindowRect=true, unexpectedAlertBehaviour=, applicationCacheEnabled=false, rotatable=false, networkConnectionEnabled=false, chrome={chromedriverVersion=2.35.528161 (5b82f2d2aae0ca24b877009200ced9065a772e73), userDataDir=C:\Users\EHRXARP\AppData\Local\Temp\scoped_dir10212_23314}, takesHeapSnapshot=true, pageLoadStrategy=normal, unhandledPromptBehavior=, databaseEnabled=false, handlesAlerts=true, version=73.0.3683.103, browserConnectionEnabled=false, nativeEvents=true, locationContextEnabled=true, cssSelectorsEnabled=true}]
Session ID: 7c987c0aeea23513c3235d00ba0daa76
*** Element info: {Using=xpath, value=//span[text()=&apos;RCA Report&apos;]}
	at org.openqa.selenium.remote.ErrorHandler.createThrowable(ErrorHandler.java:215)
	at org.openqa.selenium.remote.ErrorHandler.throwIfResponseFailed(ErrorHandler.java:167)
	at org.openqa.selenium.remote.http.JsonHttpResponseCodec.reconstructValue(JsonHttpResponseCodec.java:40)
	at org.openqa.selenium.remote.http.AbstractHttpResponseCodec.decode(AbstractHttpResponseCodec.java:82)
	at org.openqa.selenium.remote.http.AbstractHttpResponseCodec.decode(AbstractHttpResponseCodec.java:45)
	at org.openqa.selenium.remote.HttpCommandExecutor.execute(HttpCommandExecutor.java:164)
	at org.openqa.selenium.remote.service.DriverCommandExecutor.execute(DriverCommandExecutor.java:82)
	at org.openqa.selenium.remote.RemoteWebDriver.execute(RemoteWebDriver.java:646)
	at org.openqa.selenium.remote.RemoteWebDriver.findElement(RemoteWebDriver.java:416)
	at org.openqa.selenium.remote.RemoteWebDriver.findElementByXPath(RemoteWebDriver.java:518)
	at org.openqa.selenium.By$ByXPath.findElement(By.java:361)
	at org.openqa.selenium.remote.RemoteWebDriver.findElement(RemoteWebDriver.java:408)
	at org.openqa.selenium.support.pagefactory.DefaultElementLocator.findElement(DefaultElementLocator.java:69)
	at org.openqa.selenium.support.pagefactory.internal.LocatingElementHandler.invoke(LocatingElementHandler.java:38)
	at com.sun.proxy.$Proxy10.click(Unknown Source)
	at com.ericsson.edos.dopuatautomation.pages.EdosBouyguesPage.clickonRCAReport(EdosBouyguesPage.java:167)
	at com.ericsson.edos.dopuatautomation.testcases.BouyguesTest.VerifyRCAReport(BouyguesTest.java:844)
... Removed 29 stack frames</div></td></tr></table><p class="totop"><a href="#summary">back to summary</a></p><h3 id="m29">com.ericsson.edos.dopuatautomation.testcases.BouyguesTest#VerifyTriageReport</h3><table class="result"><tr><th>Messages</th></tr><tr><td><div class="messages">Title of Tab is :CDwindow-B9C4ED3FC755DA81B902D062804C77F3</div></td></tr><tr><th>Exception</th></tr><tr><td><div class="stacktrace">org.openqa.selenium.WebDriverException: chrome not reachable
  (Session info: chrome=73.0.3683.103)
  (Driver info: chromedriver=2.35.528161 (5b82f2d2aae0ca24b877009200ced9065a772e73),platform=Windows NT 6.1.7601 SP1 x86_64) (WARNING: The server did not provide any stacktrace information)
Command duration or timeout: 0 milliseconds
Build info: version: &apos;3.5.3&apos;, revision: &apos;a88d25fe6b&apos;, time: &apos;2017-08-29T12:42:44.417Z&apos;
System info: host: &apos;5CD7432DCS&apos;, ip: &apos;100.97.189.194&apos;, os.name: &apos;Windows 7&apos;, os.arch: &apos;amd64&apos;, os.version: &apos;6.1&apos;, java.version: &apos;1.8.0_181&apos;
Driver info: org.openqa.selenium.chrome.ChromeDriver
Capabilities [{mobileEmulationEnabled=false, hasTouchScreen=false, platform=XP, acceptSslCerts=false, acceptInsecureCerts=false, webStorageEnabled=true, browserName=chrome, takesScreenshot=true, javascriptEnabled=true, platformName=XP, setWindowRect=true, unexpectedAlertBehaviour=, applicationCacheEnabled=false, rotatable=false, networkConnectionEnabled=false, chrome={chromedriverVersion=2.35.528161 (5b82f2d2aae0ca24b877009200ced9065a772e73), userDataDir=C:\Users\EHRXARP\AppData\Local\Temp\scoped_dir10212_23314}, takesHeapSnapshot=true, pageLoadStrategy=normal, unhandledPromptBehavior=, databaseEnabled=false, handlesAlerts=true, version=73.0.3683.103, browserConnectionEnabled=false, nativeEvents=true, locationContextEnabled=true, cssSelectorsEnabled=true}]
Session ID: 7c987c0aeea23513c3235d00ba0daa76
*** Element info: {Using=xpath, value=//span[text()=&apos;Triage Report&apos;]}
	at org.openqa.selenium.remote.ErrorHandler.createThrowable(ErrorHandler.java:215)
	at org.openqa.selenium.remote.ErrorHandler.throwIfResponseFailed(ErrorHandler.java:167)
	at org.openqa.selenium.remote.http.JsonHttpResponseCodec.reconstructValue(JsonHttpResponseCodec.java:40)
	at org.openqa.selenium.remote.http.AbstractHttpResponseCodec.decode(AbstractHttpResponseCodec.java:82)
	at org.openqa.selenium.remote.http.AbstractHttpResponseCodec.decode(AbstractHttpResponseCodec.java:45)
	at org.openqa.selenium.remote.HttpCommandExecutor.execute(HttpCommandExecutor.java:164)
	at org.openqa.selenium.remote.service.DriverCommandExecutor.execute(DriverCommandExecutor.java:82)
	at org.openqa.selenium.remote.RemoteWebDriver.execute(RemoteWebDriver.java:646)
	at org.openqa.selenium.remote.RemoteWebDriver.findElement(RemoteWebDriver.java:416)
	at org.openqa.selenium.remote.RemoteWebDriver.findElementByXPath(RemoteWebDriver.java:518)
	at org.openqa.selenium.By$ByXPath.findElement(By.java:361)
	at org.openqa.selenium.remote.RemoteWebDriver.findElement(RemoteWebDriver.java:408)
	at org.openqa.selenium.support.pagefactory.DefaultElementLocator.findElement(DefaultElementLocator.java:69)
	at org.openqa.selenium.support.pagefactory.internal.LocatingElementHandler.invoke(LocatingElementHandler.java:38)
	at com.sun.proxy.$Proxy10.click(Unknown Source)
	at com.ericsson.edos.dopuatautomation.pages.EdosBouyguesPage.clickonTriageReport(EdosBouyguesPage.java:177)
	at com.ericsson.edos.dopuatautomation.testcases.BouyguesTest.VerifyTriageReport(BouyguesTest.java:912)
	at java.util.concurrent.Executors$RunnableAdapter.call(Executors.java:511)
	at java.util.concurrent.FutureTask.run(FutureTask.java:266)
	at java.util.concurrent.ThreadPoolExecutor.runWorker(ThreadPoolExecutor.java:1149)
	at java.util.concurrent.ThreadPoolExecutor$Worker.run(ThreadPoolExecutor.java:624)
	at java.lang.Thread.run(Thread.java:748)
... Removed 10 stack frames</div></td></tr></table><p class="totop"><a href="#summary">back to summary</a></p><h3 id="m30">com.ericsson.edos.dopuatautomation.testcases.BouyguesTest#VerifyenodeBUtranCellTest</h3><table class="result"><tr><th>Exception</th></tr><tr><td><div class="stacktrace">java.lang.AssertionError: expected [eNodeB UtranCell Configuration Advanced Master Daily] but found [GNP CTA]
	at com.ericsson.edos.dopuatautomation.testcases.BouyguesTest.VerifyenodeBUtranCellTest(BouyguesTest.java:216)
... Removed 32 stack frames</div></td></tr></table><p class="totop"><a href="#summary">back to summary</a></p><h3 id="m31">com.ericsson.edos.dopuatautomation.testcases.BouyguesTest#VerifyEprefKPIChart</h3><table class="result"><tr><th>Exception</th></tr><tr><td><div class="stacktrace">java.lang.Throwable: Method BouyguesTest.VerifyEprefKPIChart()[pri:22, instance:com.ericsson.edos.dopuatautomation.testcases.BouyguesTest@578486a3] depends on not successfully finished methods
... Removed 19 stack frames</div></td></tr></table><p class="totop"><a href="#summary">back to summary</a></p><h3 id="m32">com.ericsson.edos.dopuatautomation.testcases.BouyguesTest#VerifyEprefNEChart</h3><table class="result"><tr><th>Exception</th></tr><tr><td><div class="stacktrace">java.lang.Throwable: Method BouyguesTest.VerifyEprefNEChart()[pri:23, instance:com.ericsson.edos.dopuatautomation.testcases.BouyguesTest@578486a3] depends on not successfully finished methods
... Removed 19 stack frames</div></td></tr></table><p class="totop"><a href="#summary">back to summary</a></p><h3 id="m33">com.ericsson.edos.dopuatautomation.testcases.BouyguesTest#VerifyEprefTimeChart</h3><table class="result"><tr><th>Exception</th></tr><tr><td><div class="stacktrace">java.lang.Throwable: Method BouyguesTest.VerifyEprefTimeChart()[pri:24, instance:com.ericsson.edos.dopuatautomation.testcases.BouyguesTest@578486a3] depends on not successfully finished methods
... Removed 19 stack frames</div></td></tr></table><p class="totop"><a href="#summary">back to summary</a></p><h3 id="m34">com.ericsson.edos.dopuatautomation.testcases.BouyguesTest#VerifyExportToCSV</h3><table class="result"><tr><th>Exception</th></tr><tr><td><div class="stacktrace">java.lang.Throwable: Method BouyguesTest.VerifyExportToCSV()[pri:13, instance:com.ericsson.edos.dopuatautomation.testcases.BouyguesTest@578486a3] depends on not successfully finished methods
... Removed 19 stack frames</div></td></tr></table><p class="totop"><a href="#summary">back to summary</a></p><h3 id="m35">com.ericsson.edos.dopuatautomation.testcases.BouyguesTest#VerifyExportToExcel</h3><table class="result"><tr><th>Exception</th></tr><tr><td><div class="stacktrace">java.lang.Throwable: Method BouyguesTest.VerifyExportToExcel()[pri:12, instance:com.ericsson.edos.dopuatautomation.testcases.BouyguesTest@578486a3] depends on not successfully finished methods
... Removed 19 stack frames</div></td></tr></table><p class="totop"><a href="#summary">back to summary</a></p><h3 id="m36">com.ericsson.edos.dopuatautomation.testcases.BouyguesTest#VerifyQBCharting</h3><table class="result"><tr><th>Exception</th></tr><tr><td><div class="stacktrace">java.lang.Throwable: Method BouyguesTest.VerifyQBCharting()[pri:15, instance:com.ericsson.edos.dopuatautomation.testcases.BouyguesTest@578486a3] depends on not successfully finished methods
... Removed 19 stack frames</div></td></tr></table><p class="totop"><a href="#summary">back to summary</a></p><h3 id="m37">com.ericsson.edos.dopuatautomation.testcases.BouyguesTest#VerifyExportToTemplate</h3><table class="result"><tr><th>Messages</th></tr><tr><td><div class="messages"><span style='color:red;background-color:yellow;font-size:14px;'><b>Failed to Execute the Test with Exception:::chrome not reachable
  (Session info: chrome=73.0.3683.103)
  (Driver info: chromedriver=2.35.528161 (5b82f2d2aae0ca24b877009200ced9065a772e73),platform=Windows NT 6.1.7601 SP1 x86_64) (WARNING: The server did not provide any stacktrace information)
Command duration or timeout: 0 milliseconds
Build info: version: '3.5.3', revision: 'a88d25fe6b', time: '2017-08-29T12:42:44.417Z'
System info: host: '5CD7432DCS', ip: '100.97.189.194', os.name: 'Windows 7', os.arch: 'amd64', os.version: '6.1', java.version: '1.8.0_181'
Driver info: org.openqa.selenium.chrome.ChromeDriver
Capabilities [{mobileEmulationEnabled=false, hasTouchScreen=false, platform=XP, acceptSslCerts=false, acceptInsecureCerts=false, webStorageEnabled=true, browserName=chrome, takesScreenshot=true, javascriptEnabled=true, platformName=XP, setWindowRect=true, unexpectedAlertBehaviour=, applicationCacheEnabled=false, rotatable=false, networkConnectionEnabled=false, chrome={chromedriverVersion=2.35.528161 (5b82f2d2aae0ca24b877009200ced9065a772e73), userDataDir=C:\Users\EHRXARP\AppData\Local\Temp\scoped_dir10212_23314}, takesHeapSnapshot=true, pageLoadStrategy=normal, unhandledPromptBehavior=, databaseEnabled=false, handlesAlerts=true, version=73.0.3683.103, browserConnectionEnabled=false, nativeEvents=true, locationContextEnabled=true, cssSelectorsEnabled=true}]
Session ID: 7c987c0aeea23513c3235d00ba0daa76
*** Element info: {Using=xpath, value=//button[contains(text(),'Options')]}</b><span><br/></div></td></tr></table><p class="totop"><a href="#summary">back to summary</a></p><h2> LandingPageTest</h2><h3 id="m38">com.ericsson.edos.dopuatautomation.testcases.LandingpageTest#LandingPageTitleTest</h3><table class="result"></table><p class="totop"><a href="#summary">back to summary</a></p><h3 id="m39">com.ericsson.edos.dopuatautomation.testcases.LandingpageTest#LegalNoticeLogoTest</h3><table class="result"></table><p class="totop"><a href="#summary">back to summary</a></p><h3 id="m40">com.ericsson.edos.dopuatautomation.testcases.LandingpageTest#ProceedButtonTest</h3><table class="result"><tr><th>Messages</th></tr><tr><td><div class="messages">The application is proceeded to the Login Page</div></td></tr></table><p class="totop"><a href="#summary">back to summary</a></p><h2>LoginPageTest</h2><h3 id="m41">com.ericsson.edos.dopuatautomation.testcases.LoginPageTest#ClickEnterButtonTest</h3><table class="result"><tr><th>Messages</th></tr><tr><td><div class="messages">The username and password is entered successfully and proceeded to the application page</div></td></tr></table><p class="totop"><a href="#summary">back to summary</a></p><h3 id="m42">com.ericsson.edos.dopuatautomation.testcases.LoginPageTest#EdosLogo1Test</h3><table class="result"></table><p class="totop"><a href="#summary">back to summary</a></p><h3 id="m43">com.ericsson.edos.dopuatautomation.testcases.LoginPageTest#EdosLogo2Test</h3><table class="result"></table><p class="totop"><a href="#summary">back to summary</a></p><h3 id="m44">com.ericsson.edos.dopuatautomation.testcases.LoginPageTest#EdosLogoText1Test</h3><table class="result"></table><p class="totop"><a href="#summary">back to summary</a></p><h3 id="m45">com.ericsson.edos.dopuatautomation.testcases.LoginPageTest#EdosLogoText2Test</h3><table class="result"></table><p class="totop"><a href="#summary">back to summary</a></p><h3 id="m46">com.ericsson.edos.dopuatautomation.testcases.LoginPageTest#SetUserPasswordTest</h3><table class="result"></table><p class="totop"><a href="#summary">back to summary</a></p><h3 id="m47">com.ericsson.edos.dopuatautomation.testcases.LoginPageTest#SetusernameTest</h3><table class="result"></table><p class="totop"><a href="#summary">back to summary</a></p><h2>ApplicationPageTest</h2><h3 id="m48">com.ericsson.edos.dopuatautomation.testcases.applicationTest#RasterClick</h3><table class="result"></table><p class="totop"><a href="#summary">back to summary</a></p><h3 id="m49">com.ericsson.edos.dopuatautomation.testcases.applicationTest#VerifyApplicationPage</h3><table class="result"></table><p class="totop"><a href="#summary">back to summary</a></p><h3 id="m50">com.ericsson.edos.dopuatautomation.testcases.applicationTest#VerifyEdosDpLogo</h3><table class="result"></table><p class="totop"><a href="#summary">back to summary</a></p><h2>RasterPageTest</h2><h3 id="m51">com.ericsson.edos.dopuatautomation.testcases.RasterTest#ValidtionofAddingRasterLayer</h3><table class="result"><tr><th>Messages</th></tr><tr><td><div class="messages">The defalut layer name is Layer 2<br/>The default layer name Layer 2 is present in the Raster Page<br/>The new layer name is Test Layer<br/>The new layer name Test Layer is present in the Raster Page<br/>Total number of Raster Layer Type present is  3<br/>Apply Button is disabled<br/>Raster Layer is selected<br/>Aggregation Type is selected<br/>Carrier Type is selected<br/>QCI is selected<br/>MDT is selected<br/>Indoor/Outdoor is selected<br/>Apply Button is enabled<br/>Clicked on Layer 2 bin icon and the layer is deleted<br/>Test Layer is deleted successfully<br/>Total number of Layer present is  6<br/>5 layers along with the default Topology layer is persent in Layers<br/>Total number of Layer visible is  4<br/>The maximum number of visible raster layers is 3 and default Topology layer<br/>All the Raster Layers are deleted successfully</div></td></tr></table><p class="totop"><a href="#summary">back to summary</a></p><h3 id="m52">com.ericsson.edos.dopuatautomation.testcases.RasterTest#ValidtionofDatePanel</h3><table class="result"><tr><th>Messages</th></tr><tr><td><div class="messages">The available Date is:29<br/>The available Date is:30<br/>The available Date is:1<br/>The available Date is:2<br/>Start Date is:2019-04-29 10:00<br/>The available Date is:29<br/>The available Date is:30<br/>The available Date is:1<br/>The available Date is:2<br/>EndTime is:2019-05-02 12:00<br/>Clicked on the refresh button</div></td></tr></table><p class="totop"><a href="#summary">back to summary</a></p><h3 id="m53">com.ericsson.edos.dopuatautomation.testcases.RasterTest#ValidtionofRasterPortal</h3><table class="result"><tr><th>Messages</th></tr><tr><td><div class="messages">The HomePage name is GNP Rasters<br/>Navigated to the correct Raster page<br/>The LayerPanel name is Layers<br/>Layer Panel is present in the Raster Page<br/>The default Layer name is Topology<br/>Topology Panel is present in the Raster Page<br/>The firt date panel name is Start<br/>Start Date Panel is present in the Raster Page<br/>The last date panel name is End<br/>End Date Panel is present in the Raster Page<br/>The search panel is Select topology element<br/>Search Panel is present in the Raster Page<br/>The measurement auxilary tool is Show/Hide Ruler<br/>Measurement Ruler is present in the Raster Page<br/>The Legend auxilary tool is Show/Hide Legend<br/>Raster Legend is present in the Raster Page<br/>The zooming button is zoom-in<br/>Zoom In Button is present in the Raster Page<br/>The zooming button is zoom-out<br/>Zoom Out Button is present in the Raster Page<br/>The tag name for Map View Panel is canvas<br/>Map View Panel is present in the Raster Page</div></td></tr></table><p class="totop"><a href="#summary">back to summary</a></p><h3 id="m54">com.ericsson.edos.dopuatautomation.testcases.RasterTest#ValidtionofTopologyLayer</h3><table class="result"><tr><th>Messages</th></tr><tr><td><div class="messages">Clicked on the arrowicon to expand the Topology Layer<br/>Eye Icon is disabled<br/>Eye Icon is Enabled<br/>Total number of Topology Layer present is  1<br/>Topology as a unique option to select is present in the Layer Type<br/>Apply Button is disabled<br/>Slider is moved from 0.502 to 0.762<br/>Slider is moved from 60 to 758<br/>Slider is moved from 60 to 758<br/>Clicked on arrow icon and the layer is compacted<br/>Layer is compacted successfully</div></td></tr></table><p class="totop"><a href="#summary">back to summary</a></p><h2> LandingPageTest</h2><h3 id="m55">com.ericsson.edos.dopuatautomation.testcases.LandingpageTest#LandingPageTitleTest</h3><table class="result"></table><p class="totop"><a href="#summary">back to summary</a></p><h3 id="m56">com.ericsson.edos.dopuatautomation.testcases.LandingpageTest#LegalNoticeLogoTest</h3><table class="result"></table><p class="totop"><a href="#summary">back to summary</a></p><h3 id="m57">com.ericsson.edos.dopuatautomation.testcases.LandingpageTest#ProceedButtonTest</h3><table class="result"><tr><th>Messages</th></tr><tr><td><div class="messages">The application is proceeded to the Login Page</div></td></tr></table><p class="totop"><a href="#summary">back to summary</a></p><h2>LoginPageTest</h2><h3 id="m58">com.ericsson.edos.dopuatautomation.testcases.LoginPageTest#ClickEnterButtonTest</h3><table class="result"><tr><th>Messages</th></tr><tr><td><div class="messages">The username and password is entered successfully and proceeded to the application page</div></td></tr></table><p class="totop"><a href="#summary">back to summary</a></p><h3 id="m59">com.ericsson.edos.dopuatautomation.testcases.LoginPageTest#EdosLogo1Test</h3><table class="result"></table><p class="totop"><a href="#summary">back to summary</a></p><h3 id="m60">com.ericsson.edos.dopuatautomation.testcases.LoginPageTest#EdosLogo2Test</h3><table class="result"></table><p class="totop"><a href="#summary">back to summary</a></p><h3 id="m61">com.ericsson.edos.dopuatautomation.testcases.LoginPageTest#EdosLogoText1Test</h3><table class="result"></table><p class="totop"><a href="#summary">back to summary</a></p><h3 id="m62">com.ericsson.edos.dopuatautomation.testcases.LoginPageTest#EdosLogoText2Test</h3><table class="result"></table><p class="totop"><a href="#summary">back to summary</a></p><h3 id="m63">com.ericsson.edos.dopuatautomation.testcases.LoginPageTest#SetUserPasswordTest</h3><table class="result"></table><p class="totop"><a href="#summary">back to summary</a></p><h3 id="m64">com.ericsson.edos.dopuatautomation.testcases.LoginPageTest#SetusernameTest</h3><table class="result"></table><p class="totop"><a href="#summary">back to summary</a></p><h2>ApplicationPageTest</h2><h3 id="m65">com.ericsson.edos.dopuatautomation.testcases.applicationTest#VerifyApplicationPage</h3><table class="result"></table><p class="totop"><a href="#summary">back to summary</a></p><h3 id="m66">com.ericsson.edos.dopuatautomation.testcases.applicationTest#VerifyEdosDpLogo</h3><table class="result"></table><p class="totop"><a href="#summary">back to summary</a></p><h3 id="m67">com.ericsson.edos.dopuatautomation.testcases.applicationTest#VerifyTIVLink</h3><table class="result"></table><p class="totop"><a href="#summary">back to summary</a></p><h2>TivTest</h2><h3 id="m68">com.ericsson.edos.dopuatautomation.testcases.EdosTraceInputValidationTest#VerifyTableWithCellFiltering</h3><table class="result"><tr><th>Messages</th></tr><tr><td><div class="messages"><span style='color:#58D68D;background-color:#1C2833;'>The available Date is:<b>29</b><span><br/><br/><span style='color:#58D68D;background-color:#1C2833;'>The available Date is:<b>30</b><span><br/><br/><span style='color:#58D68D;background-color:#1C2833;'>The available Date is:<b>1</b><span><br/><br/><span style='color:#FFFF00;background-color:#610B21;font-size:14px;'><b>Start Date in [Daylevel in CellFiltering] is:::::2019-05-01 06:00</b><span><br/><br/><span style='color:#FFFF00;background-color:#610B21;font-size:14px;'><b>Split Start Date in [Daylevel in CellFiltering] is:::  2019-05-01</b><span><br/><br/><span style='color:#FFFF00;background-color:#610B21;font-size:14px;'><b>Split Start Date in [Daylevel in CellFiltering] is:::  06:00</b><span><br/><br/><span style='color:#58D68D;background-color:#1C2833;'>The available Date is:<b>1</b><span><br/><br/><span style='color:#58D68D;background-color:#1C2833;'>The available Date is:<b>2</b><span><br/><br/><span style='color:#58D68D;background-color:#1C2833;'>The available Date is:<b>3</b><span><br/><br/><span style='color:#58D68D;background-color:#1C2833;'>The available Date is:<b>4</b><span><br/><br/><span style='color:#58D68D;background-color:#1C2833;'>The available Date is:<b>5</b><span><br/><br/><span style='color:#58D68D;background-color:#1C2833;'>The available Date is:<b>6</b><span><br/><br/><span style='color:#58D68D;background-color:#1C2833;'>The available Date is:<b>7</b><span><br/><br/><span style='color:#58D68D;background-color:#1C2833;'>The available Date is:<b>8</b><span><br/><br/><span style='color:#58D68D;background-color:#1C2833;'>The available Date is:<b>9</b><span><br/><br/><span style='color:#58D68D;background-color:#1C2833;'>The available Date is:<b>10</b><span><br/><br/><span style='color:#58D68D;background-color:#1C2833;'>The available Date is:<b>11</b><span><br/><br/><span style='color:#58D68D;background-color:#1C2833;'>The available Date is:<b>12</b><span><br/><br/><span style='color:#58D68D;background-color:#1C2833;'>The available Date is:<b>13</b><span><br/><br/><span style='color:#58D68D;background-color:#1C2833;'>The available Date is:<b>14</b><span><br/><br/><span style='color:#58D68D;background-color:#1C2833;'>The available Date is:<b>15</b><span><br/><br/><span style='color:#58D68D;background-color:#1C2833;'>The available Date is:<b>16</b><span><br/><br/><span style='color:#58D68D;background-color:#1C2833;'>The available Date is:<b>17</b><span><br/><br/><span style='color:#58D68D;background-color:#1C2833;'>The available Date is:<b>18</b><span><br/><br/><span style='color:#58D68D;background-color:#1C2833;'>The available Date is:<b>19</b><span><br/><br/><span style='color:#58D68D;background-color:#1C2833;'>The available Date is:<b>20</b><span><br/><br/><span style='color:#58D68D;background-color:#1C2833;'>The available Date is:<b>21</b><span><br/><br/><span style='color:#58D68D;background-color:#1C2833;'>The available Date is:<b>22</b><span><br/><br/><span style='color:#58D68D;background-color:#1C2833;'>The available Date is:<b>23</b><span><br/><br/><span style='color:#58D68D;background-color:#1C2833;'>The available Date is:<b>24</b><span><br/><br/><span style='color:#58D68D;background-color:#1C2833;'>The available Date is:<b>25</b><span><br/><br/><span style='color:#58D68D;background-color:#1C2833;'>The available Date is:<b>26</b><span><br/><br/><span style='color:#58D68D;background-color:#1C2833;'>The available Date is:<b>27</b><span><br/><br/><span style='color:#58D68D;background-color:#1C2833;'>The available Date is:<b>28</b><span><br/><br/><span style='color:#58D68D;background-color:#1C2833;'>The available Date is:<b>29</b><span><br/><br/><span style='color:#58D68D;background-color:#1C2833;'>The available Date is:<b>30</b><span><br/><br/><span style='color:#58D68D;background-color:#1C2833;'>The available Date is:<b>31</b><span><br/><br/><span style='color:#58D68D;background-color:#1C2833;'>The available Date is:<b>1</b><span><br/><br/><span style='color:#58D68D;background-color:#1C2833;'>The available Date is:<b>2</b><span><br/><br/><span style='color:#FFFF00;background-color:#610B21;'>EndTime is [Daylevel in Cell Filtering]:::<b>2019-05-01 07:00</b><span><br/><br/><span style='color:#FFFF00;background-color:#610B21;'>End Date Split is  [Daylevel in Cell Filtering]:::::::<b>2019-05-01</b><span><br/><br/><span style='color:#FFFF00;background-color:#610B21;'>End Date Split is  [Daylevel in Cell Filtering]:::::::<b>07:00</b><span><br/></div></td></tr><tr><th>Exception</th></tr><tr><td><div class="stacktrace">org.openqa.selenium.NoSuchElementException: no such element: Unable to locate element: {&quot;method&quot;:&quot;xpath&quot;,&quot;selector&quot;:&quot;(//span[@class=&apos;Select-value-label&apos;])[2]&quot;}
  (Session info: chrome=73.0.3683.103)
  (Driver info: chromedriver=2.35.528161 (5b82f2d2aae0ca24b877009200ced9065a772e73),platform=Windows NT 6.1.7601 SP1 x86_64) (WARNING: The server did not provide any stacktrace information)
Command duration or timeout: 0 milliseconds
For documentation on this error, please visit: http://seleniumhq.org/exceptions/no_such_element.html
Build info: version: &apos;3.5.3&apos;, revision: &apos;a88d25fe6b&apos;, time: &apos;2017-08-29T12:42:44.417Z&apos;
System info: host: &apos;5CD7432DCS&apos;, ip: &apos;100.97.189.194&apos;, os.name: &apos;Windows 7&apos;, os.arch: &apos;amd64&apos;, os.version: &apos;6.1&apos;, java.version: &apos;1.8.0_181&apos;
Driver info: org.openqa.selenium.chrome.ChromeDriver
Capabilities [{mobileEmulationEnabled=false, hasTouchScreen=false, platform=XP, acceptSslCerts=false, acceptInsecureCerts=false, webStorageEnabled=true, browserName=chrome, takesScreenshot=true, javascriptEnabled=true, platformName=XP, setWindowRect=true, unexpectedAlertBehaviour=, applicationCacheEnabled=false, rotatable=false, networkConnectionEnabled=false, chrome={chromedriverVersion=2.35.528161 (5b82f2d2aae0ca24b877009200ced9065a772e73), userDataDir=C:\Users\EHRXARP\AppData\Local\Temp\scoped_dir9340_2881}, takesHeapSnapshot=true, pageLoadStrategy=normal, unhandledPromptBehavior=, databaseEnabled=false, handlesAlerts=true, version=73.0.3683.103, browserConnectionEnabled=false, nativeEvents=true, locationContextEnabled=true, cssSelectorsEnabled=true}]
Session ID: 2e02abca0464540448137444dd44056b
*** Element info: {Using=xpath, value=(//span[@class=&apos;Select-value-label&apos;])[2]}
	at org.openqa.selenium.remote.ErrorHandler.createThrowable(ErrorHandler.java:215)
	at org.openqa.selenium.remote.ErrorHandler.throwIfResponseFailed(ErrorHandler.java:167)
	at org.openqa.selenium.remote.http.JsonHttpResponseCodec.reconstructValue(JsonHttpResponseCodec.java:40)
	at org.openqa.selenium.remote.http.AbstractHttpResponseCodec.decode(AbstractHttpResponseCodec.java:82)
	at org.openqa.selenium.remote.http.AbstractHttpResponseCodec.decode(AbstractHttpResponseCodec.java:45)
	at org.openqa.selenium.remote.HttpCommandExecutor.execute(HttpCommandExecutor.java:164)
	at org.openqa.selenium.remote.service.DriverCommandExecutor.execute(DriverCommandExecutor.java:82)
	at org.openqa.selenium.remote.RemoteWebDriver.execute(RemoteWebDriver.java:646)
	at org.openqa.selenium.remote.RemoteWebDriver.findElement(RemoteWebDriver.java:416)
	at org.openqa.selenium.remote.RemoteWebDriver.findElementByXPath(RemoteWebDriver.java:518)
	at org.openqa.selenium.By$ByXPath.findElement(By.java:361)
	at org.openqa.selenium.remote.RemoteWebDriver.findElement(RemoteWebDriver.java:408)
	at org.openqa.selenium.support.pagefactory.DefaultElementLocator.findElement(DefaultElementLocator.java:69)
	at org.openqa.selenium.support.pagefactory.internal.LocatingElementHandler.invoke(LocatingElementHandler.java:38)
	at com.sun.proxy.$Proxy10.getText(Unknown Source)
	at com.ericsson.edos.dopuatautomation.pages.EdosTraceInputValidationPage.VerifyTableWithCellFilter(EdosTraceInputValidationPage.java:1119)
	at com.ericsson.edos.dopuatautomation.testcases.EdosTraceInputValidationTest.VerifyTableWithCellFiltering(EdosTraceInputValidationTest.java:108)
... Removed 30 stack frames</div></td></tr></table><p class="totop"><a href="#summary">back to summary</a></p><h3 id="m69">com.ericsson.edos.dopuatautomation.testcases.EdosTraceInputValidationTest#VerifyChartValuesWithDateSelected</h3><table class="result"><tr><th>Messages</th></tr><tr><td><div class="messages"><span style='color:#58D68D;background-color:#1C2833;'>The available Date is:<b>29</b><span><br/><br/><span style='color:#58D68D;background-color:#1C2833;'>The available Date is:<b>30</b><span><br/><br/><span style='color:#58D68D;background-color:#1C2833;'>The available Date is:<b>1</b><span><br/><br/><span style='color:#58D68D;background-color:#1C2833;'>The available Date is:<b>2</b><span><br/><br/><span style='color:red;background-color:yellow;'>Date is:<b>2019-05-01 06:00</b><span><br/><br/><span style='color:#33FF46;background-color:#17202A;'>Split Start Date is <b>2019-05-01</b><span><br/><br/><span style='color:#58D68D;background-color:#1C2833;'>The available Date is:<b>1</b><span><br/><br/><span style='color:#58D68D;background-color:#1C2833;'>The available Date is:<b>2</b><span><br/><br/><span style='color:#58D68D;background-color:#1C2833;'>The available Date is:<b>3</b><span><br/><br/><span style='color:#58D68D;background-color:#1C2833;'>The available Date is:<b>4</b><span><br/><br/><span style='color:#58D68D;background-color:#1C2833;'>The available Date is:<b>5</b><span><br/><br/><span style='color:#58D68D;background-color:#1C2833;'>The available Date is:<b>6</b><span><br/><br/><span style='color:#58D68D;background-color:#1C2833;'>The available Date is:<b>7</b><span><br/><br/><span style='color:#58D68D;background-color:#1C2833;'>The available Date is:<b>8</b><span><br/><br/><span style='color:#58D68D;background-color:#1C2833;'>The available Date is:<b>9</b><span><br/><br/><span style='color:#58D68D;background-color:#1C2833;'>The available Date is:<b>10</b><span><br/><br/><span style='color:#58D68D;background-color:#1C2833;'>The available Date is:<b>11</b><span><br/><br/><span style='color:#58D68D;background-color:#1C2833;'>The available Date is:<b>12</b><span><br/><br/><span style='color:#58D68D;background-color:#1C2833;'>The available Date is:<b>13</b><span><br/><br/><span style='color:#58D68D;background-color:#1C2833;'>The available Date is:<b>14</b><span><br/><br/><span style='color:#58D68D;background-color:#1C2833;'>The available Date is:<b>15</b><span><br/><br/><span style='color:#58D68D;background-color:#1C2833;'>The available Date is:<b>16</b><span><br/><br/><span style='color:#58D68D;background-color:#1C2833;'>The available Date is:<b>17</b><span><br/><br/><span style='color:#58D68D;background-color:#1C2833;'>The available Date is:<b>18</b><span><br/><br/><span style='color:#58D68D;background-color:#1C2833;'>The available Date is:<b>19</b><span><br/><br/><span style='color:#58D68D;background-color:#1C2833;'>The available Date is:<b>20</b><span><br/><br/><span style='color:#58D68D;background-color:#1C2833;'>The available Date is:<b>21</b><span><br/><br/><span style='color:#58D68D;background-color:#1C2833;'>The available Date is:<b>22</b><span><br/><br/><span style='color:#58D68D;background-color:#1C2833;'>The available Date is:<b>23</b><span><br/><br/><span style='color:#58D68D;background-color:#1C2833;'>The available Date is:<b>24</b><span><br/><br/><span style='color:#58D68D;background-color:#1C2833;'>The available Date is:<b>25</b><span><br/><br/><span style='color:#58D68D;background-color:#1C2833;'>The available Date is:<b>26</b><span><br/><br/><span style='color:#58D68D;background-color:#1C2833;'>The available Date is:<b>27</b><span><br/><br/><span style='color:#58D68D;background-color:#1C2833;'>The available Date is:<b>28</b><span><br/><br/><span style='color:#58D68D;background-color:#1C2833;'>The available Date is:<b>29</b><span><br/><br/><span style='color:#58D68D;background-color:#1C2833;'>The available Date is:<b>30</b><span><br/><br/><span style='color:#58D68D;background-color:#1C2833;'>The available Date is:<b>31</b><span><br/><br/><span style='color:#58D68D;background-color:#1C2833;'>The available Date is:<b>1</b><span><br/><br/><span style='color:#58D68D;background-color:#1C2833;'>The available Date is:<b>2</b><span><br/><br/><span style='color:#33FF46;background-color:#17202A;'>EndTime is:<b>2019-05-02 07:00</b><span><br/><br/><span style='color:#33FF46;background-color:#17202A;'>End Date Split is<b>2019-05-02</b><span><br/><br/><span style='color:#C0392B;background-color:#F1C40F;'>The Text is ::<b>ROPs</b><span><br/><br/><span style='color:#C0392B;background-color:#F1C40F;'>The History val is<b>2019-05-01 00:00</b><span><br/><br/><span style='color:#C0392B;background-color:#F1C40F;'>The History val is<b>2019-05-02 00:00</b><span><br/><br/><span style='color:#C0392B;background-color:#F1C40F;'>Split of Daylevel is :::<b>2019-05-01 00:00</b><span><br/><br/><span style='color:#C0392B;background-color:#F1C40F;'>Split of Daylevel is :::<b>2019-05-02 00:00</b><span><br/><br/><span style='color:#C0392B;background-color:#F1C40F;'>Split of Daylevel is<b>2019-05-01</b><span><br/><br/><span style='color:#FFFF00;background-color:#610B21;'>Arrlen is <b>2</b><span><br/><br/><span style='color:#FFFF00;background-color:#610B21;'>Start <b>2019-05-01</b><span><br/><br/><span style='color:#FFFF00;background-color:#610B21;'>End <b>2019-05-02</b><span><br/><br/><span style='color:#FFFF00;background-color:#610B21;'>Char1 ::::<b>2019-05-01</b><span><br/><br/><span style='color:#FFFF00;background-color:#610B21;'>Char2 ::: <b>2019-05-02</b><span><br/><br/><span style='color:#58D68D;background-color:#1C2833;'>The available Date is:<b>29</b><span><br/><br/><span style='color:#58D68D;background-color:#1C2833;'>The available Date is:<b>30</b><span><br/><br/><span style='color:#58D68D;background-color:#1C2833;'>The available Date is:<b>1</b><span><br/><br/><span style='color:#58D68D;background-color:#1C2833;'>The available Date is:<b>2</b><span><br/><br/><span style='color:#FFFF00;background-color:#610B21;'>Rop Level Start Date is::::<b>2019-05-01 06:00</b><span><br/><br/><span style='color:#FFFF00;background-color:#610B21;'>Rop Level Split Start Date is::: <b>2019-05-01</b><span><br/><br/><span style='color:#FFFF00;background-color:#610B21;'>Rop Level Split Start Date is::: <b>06:00</b><span><br/><br/><span style='color:#58D68D;background-color:#1C2833;'>The available Date is:<b>1</b><span><br/><br/><span style='color:#58D68D;background-color:#1C2833;'>The available Date is:<b>2</b><span><br/><br/><span style='color:#58D68D;background-color:#1C2833;'>The available Date is:<b>3</b><span><br/><br/><span style='color:#58D68D;background-color:#1C2833;'>The available Date is:<b>4</b><span><br/><br/><span style='color:#58D68D;background-color:#1C2833;'>The available Date is:<b>5</b><span><br/><br/><span style='color:#58D68D;background-color:#1C2833;'>The available Date is:<b>6</b><span><br/><br/><span style='color:#58D68D;background-color:#1C2833;'>The available Date is:<b>7</b><span><br/><br/><span style='color:#58D68D;background-color:#1C2833;'>The available Date is:<b>8</b><span><br/><br/><span style='color:#58D68D;background-color:#1C2833;'>The available Date is:<b>9</b><span><br/><br/><span style='color:#58D68D;background-color:#1C2833;'>The available Date is:<b>10</b><span><br/><br/><span style='color:#58D68D;background-color:#1C2833;'>The available Date is:<b>11</b><span><br/><br/><span style='color:#58D68D;background-color:#1C2833;'>The available Date is:<b>12</b><span><br/><br/><span style='color:#58D68D;background-color:#1C2833;'>The available Date is:<b>13</b><span><br/><br/><span style='color:#58D68D;background-color:#1C2833;'>The available Date is:<b>14</b><span><br/><br/><span style='color:#58D68D;background-color:#1C2833;'>The available Date is:<b>15</b><span><br/><br/><span style='color:#58D68D;background-color:#1C2833;'>The available Date is:<b>16</b><span><br/><br/><span style='color:#58D68D;background-color:#1C2833;'>The available Date is:<b>17</b><span><br/><br/><span style='color:#58D68D;background-color:#1C2833;'>The available Date is:<b>18</b><span><br/><br/><span style='color:#58D68D;background-color:#1C2833;'>The available Date is:<b>19</b><span><br/><br/><span style='color:#58D68D;background-color:#1C2833;'>The available Date is:<b>20</b><span><br/><br/><span style='color:#58D68D;background-color:#1C2833;'>The available Date is:<b>21</b><span><br/><br/><span style='color:#58D68D;background-color:#1C2833;'>The available Date is:<b>22</b><span><br/><br/><span style='color:#58D68D;background-color:#1C2833;'>The available Date is:<b>23</b><span><br/><br/><span style='color:#58D68D;background-color:#1C2833;'>The available Date is:<b>24</b><span><br/><br/><span style='color:#58D68D;background-color:#1C2833;'>The available Date is:<b>25</b><span><br/><br/><span style='color:#58D68D;background-color:#1C2833;'>The available Date is:<b>26</b><span><br/><br/><span style='color:#58D68D;background-color:#1C2833;'>The available Date is:<b>27</b><span><br/><br/><span style='color:#58D68D;background-color:#1C2833;'>The available Date is:<b>28</b><span><br/><br/><span style='color:#58D68D;background-color:#1C2833;'>The available Date is:<b>29</b><span><br/><br/><span style='color:#58D68D;background-color:#1C2833;'>The available Date is:<b>30</b><span><br/><br/><span style='color:#58D68D;background-color:#1C2833;'>The available Date is:<b>31</b><span><br/><br/><span style='color:#58D68D;background-color:#1C2833;'>The available Date is:<b>1</b><span><br/><br/><span style='color:#58D68D;background-color:#1C2833;'>The available Date is:<b>2</b><span><br/><br/><span style='color:#FFFF00;background-color:#610B21;'>EndTime is:::::<b>2019-05-01 07:002019-05-02</b><span><br/><br/><span style='color:#FFFF00;background-color:#610B21;'>End Date Split is<b>2019-05-01</b><span><br/><br/><span style='color:#FFFF00;background-color:#610B21;'>End Date Split is<b>07:00</b><span><br/><br/><span style='color:#FFFF00;background-color:#610B21;'>The Text is <b>ROPs</b><span><br/><br/><span style='color:#FFFF00;background-color:#610B21;'>The ROP Level History val is::::<b>2019-05-01 06:00</b><span><br/><br/><span style='color:#FFFF00;background-color:#610B21;'>The ROP Level History val is::::<b>2019-05-01 06:15</b><span><br/><br/><span style='color:#FFFF00;background-color:#610B21;'>The ROP Level History val is::::<b>2019-05-01 06:30</b><span><br/><br/><span style='color:#FFFF00;background-color:#610B21;'>The ROP Level History val is::::<b>2019-05-01 06:45</b><span><br/><br/><span style='color:#FFFF00;background-color:#610B21;'>Split ROP Level val is :::<b>2019-05-01 06:00</b><span><br/><br/><span style='color:#FFFF00;background-color:#610B21;'>Split ROP Level val is :::<b>2019-05-01 06:15</b><span><br/><br/><span style='color:#FFFF00;background-color:#610B21;'>Split ROP Level val is :::<b>2019-05-01 06:30</b><span><br/><br/><span style='color:#FFFF00;background-color:#610B21;'>Split ROP Level val is :::<b>2019-05-01 06:45</b><span><br/><br/><span style='color:#FFFF00;background-color:#610B21;'>Split of First ROP History is:::<b>2019-05-01</b><span><br/><br/><span style='color:#FFFF00;background-color:#610B21;'>Split of First ROP History is:::<b>06:00</b><span><br/><br/><span style='color:#FFFF00;background-color:#610B21;'>Split of Last ROP History is:::0<b>2019-05-01</b><span><br/><br/><span style='color:#FFFF00;background-color:#610B21;'>Split of Last ROP History is:::1<b>06:45</b><span><br/><br/><span style='color:#FFFF00;background-color:#610B21;'>minutes in ROP Level:::<b>45</b><span><br/><br/><span style='color:#FFFF00;background-color:#610B21;'>Hourdiff in ROP Level:::<b>6</b><span><br/><br/><span style='color:#FFFF00;background-color:#610B21;'>StartDate of ROP Diff comparision  ::<b>true</b><span><br/><br/><span style='color:#FFFF00;background-color:#610B21;'>Split of Last ROP History is:::StartDateArrforRop[0] ROPLevel is  ::<b>2019-05-01FRP1[0] ROPLevel is is  ::2019-05-01StartDateArrforRop[1] ROPLevel is is  ::06:00FRP1[1] ROPLevel is is  ::06:00<br/><br/><span style='color:#FFFF00;background-color:#610B21;'>EndArrforRop[0] in ROP Level is  ::<b>2019-05-01FRP1[0] in ROP Level is  ::2019-05-01</b><span><br/><br/><span style='color:#FFFF00;background-color:#610B21;'>ENDdate of ROP Diff comparision in ROP level  ::<b>true</b><span><br/><br/><span style='color:#FFFF00;background-color:#610B21;'>Minutedifference in ROP Level is   ::<b>15Hours difference in ROP Level is   ::1</b><span><br/><br/><span style='color:#FFFF00;background-color:#610B21;'>Final Camparision in ROP Level is :::: <b>true</b><span><br/><br/><span style='color:#58D68D;background-color:#1C2833;'>The available Date is:<b>29</b><span><br/><br/><span style='color:#58D68D;background-color:#1C2833;'>The available Date is:<b>30</b><span><br/><br/><span style='color:#58D68D;background-color:#1C2833;'>The available Date is:<b>1</b><span><br/><br/><span style='color:#FFFF00;background-color:#610B21;'>Date is:<b>2019-05-01 06:00</b><span><br/><br/><span style='color:#FFFF00;background-color:#610B21;'>Split Start Date [HourLevel] is <b>2019-05-01</b><span><br/><br/><span style='color:#FFFF00;background-color:#610B21;'>Split Start Date [HourLevel] is <b>06:00</b><span><br/><br/><span style='color:#58D68D;background-color:#1C2833;'>The available Date is:<b>1</b><span><br/><br/><span style='color:#58D68D;background-color:#1C2833;'>The available Date is:<b>2</b><span><br/><br/><span style='color:#58D68D;background-color:#1C2833;'>The available Date is:<b>3</b><span><br/><br/><span style='color:#58D68D;background-color:#1C2833;'>The available Date is:<b>4</b><span><br/><br/><span style='color:#58D68D;background-color:#1C2833;'>The available Date is:<b>5</b><span><br/><br/><span style='color:#58D68D;background-color:#1C2833;'>The available Date is:<b>6</b><span><br/><br/><span style='color:#58D68D;background-color:#1C2833;'>The available Date is:<b>7</b><span><br/><br/><span style='color:#58D68D;background-color:#1C2833;'>The available Date is:<b>8</b><span><br/><br/><span style='color:#58D68D;background-color:#1C2833;'>The available Date is:<b>9</b><span><br/><br/><span style='color:#58D68D;background-color:#1C2833;'>The available Date is:<b>10</b><span><br/><br/><span style='color:#58D68D;background-color:#1C2833;'>The available Date is:<b>11</b><span><br/><br/><span style='color:#58D68D;background-color:#1C2833;'>The available Date is:<b>12</b><span><br/><br/><span style='color:#58D68D;background-color:#1C2833;'>The available Date is:<b>13</b><span><br/><br/><span style='color:#58D68D;background-color:#1C2833;'>The available Date is:<b>14</b><span><br/><br/><span style='color:#58D68D;background-color:#1C2833;'>The available Date is:<b>15</b><span><br/><br/><span style='color:#58D68D;background-color:#1C2833;'>The available Date is:<b>16</b><span><br/><br/><span style='color:#58D68D;background-color:#1C2833;'>The available Date is:<b>17</b><span><br/><br/><span style='color:#58D68D;background-color:#1C2833;'>The available Date is:<b>18</b><span><br/><br/><span style='color:#58D68D;background-color:#1C2833;'>The available Date is:<b>19</b><span><br/><br/><span style='color:#58D68D;background-color:#1C2833;'>The available Date is:<b>20</b><span><br/><br/><span style='color:#58D68D;background-color:#1C2833;'>The available Date is:<b>21</b><span><br/><br/><span style='color:#58D68D;background-color:#1C2833;'>The available Date is:<b>22</b><span><br/><br/><span style='color:#58D68D;background-color:#1C2833;'>The available Date is:<b>23</b><span><br/><br/><span style='color:#58D68D;background-color:#1C2833;'>The available Date is:<b>24</b><span><br/><br/><span style='color:#58D68D;background-color:#1C2833;'>The available Date is:<b>25</b><span><br/><br/><span style='color:#58D68D;background-color:#1C2833;'>The available Date is:<b>26</b><span><br/><br/><span style='color:#58D68D;background-color:#1C2833;'>The available Date is:<b>27</b><span><br/><br/><span style='color:#58D68D;background-color:#1C2833;'>The available Date is:<b>28</b><span><br/><br/><span style='color:#58D68D;background-color:#1C2833;'>The available Date is:<b>29</b><span><br/><br/><span style='color:#58D68D;background-color:#1C2833;'>The available Date is:<b>30</b><span><br/><br/><span style='color:#58D68D;background-color:#1C2833;'>The available Date is:<b>31</b><span><br/><br/><span style='color:#58D68D;background-color:#1C2833;'>The available Date is:<b>1</b><span><br/><br/><span style='color:#58D68D;background-color:#1C2833;'>The available Date is:<b>2</b><span><br/><br/><span style='color:#FFFF00;background-color:#610B21;'>EndTime is [HourLevel]:::<b>2019-05-01 07:00</b><span><br/><br/><span style='color:#FFFF00;background-color:#610B21;'>End Date Split is  [HourLevel]:::::::<b>2019-05-01</b><span><br/><br/><span style='color:#FFFF00;background-color:#610B21;'>End Date Split is  [HourLevel]:::::::<b>07:00</b><span><br/><br/><span style='color:#FFFF00;background-color:#610B21;'>The Text GraphRop[HourLevel] is <b>ROPs</b><span><br/><br/><span style='color:#FFFF00;background-color:#610B21;'>The History val is [HourLevel]::::<b>2019-05-01 06:00</b><span><br/><br/><span style='color:#FFFF00;background-color:#610B21;'>Split of [Hourlevel] is <b>2019-05-01 06:00</b><span><br/><br/><span style='color:#FFFF00;background-color:#610B21;'>First Value of ROP History is [Hourlevel]:::::::<b>2019-05-01 06:00</b><span><br/><br/><span style='color:#FFFF00;background-color:#610B21;'>Last Value of ROP History is [Hourlevel]:::::::<b>2019-05-01 06:00</b><span><br/><br/><span style='color:#FFFF00;background-color:#610B21;'>Split of FirstHour [HorLevel]::::::::<b>2019-05-01</b><span><br/><br/><span style='color:#FFFF00;background-color:#610B21;'>Split of FirstHour [HorLevel]::::::::<b>06:00</b><span><br/><br/><span style='color:#FFFF00;background-color:#610B21;'>Split of LastHour [HorLevel]::::::::0<b>2019-05-01</b><span><br/><br/><span style='color:#FFFF00;background-color:#610B21;'>Split of LastHour [HorLevel]::::::::1<b>06:00</b><span><br/><br/><span style='color:#FFFF00;background-color:#610B21;'>hourdiff  [HourLevel]:::::: <b>1</b><span><br/><br/><span style='color:#FFFF00;background-color:#610B21;'>StartDate of ROP Diff comparision [HourLevel] ::true</b><span><br/><br/><span style='color:#FFFF00;background-color:#610B21;'>EndDateArrforHour[0] is  ::<b>2019-05-01FHRP1[0] is  ::2019-05-01</b><span><br/><br/>ENDdate of ROP Diff comparision  ::true<span style='color:#FFFF00;background-color:#610B21;'>ENDdate of ROP Diff comparision  ::<b>true</b><span><br/><br/><span style='color:#FFFF00;background-color:#610B21;'>Hours difference is  [Hourlevel] ::<b>1</b><span><br/></div></td></tr></table><p class="totop"><a href="#summary">back to summary</a></p></body></html>