<!DOCTYPE html>

<html>
  <head>
  <meta charset='utf-8'>
  <title>TestNG reports</title>

    <link type="text/css" href="testng-reports.css" rel="stylesheet" />
    <script type="text/javascript" src="jquery-1.7.1.min.js"></script>
    <script type="text/javascript" src="testng-reports.js"></script>
    <script type="text/javascript" src="https://www.google.com/jsapi"></script>
    <script type='text/javascript'>
      google.load('visualization', '1', {packages:['table']});
      google.setOnLoadCallback(drawTable);
      var suiteTableInitFunctions = new Array();
      var suiteTableData = new Array();
    </script>
    <!--
      <script type="text/javascript" src="jquery-ui/js/jquery-ui-1.8.16.custom.min.js"></script>
     -->
  </head>

  <body>
    <div class="top-banner-root">
      <span class="top-banner-title-font">Test results</span>
      <br/>
      <span class="top-banner-font-1">4 suites, 19 failed tests</span>
    </div> <!-- top-banner-root -->
    <div class="navigator-root">
      <div class="navigator-suite-header">
        <span>All suites</span>
        <a href="#" class="collapse-all-link" title="Collapse/expand all the suites">
          <img class="collapse-all-icon" src="collapseall.gif">
          </img> <!-- collapse-all-icon -->
        </a> <!-- collapse-all-link -->
      </div> <!-- navigator-suite-header -->
      <div class="suite">
        <div class="rounded-window">
          <div class="suite-header light-rounded-window-top">
            <a href="#" class="navigator-link" panel-name="suite-Regression_Testing_Suite_(1)">
              <span class="suite-name border-failed">Regression Testing Suite (1)</span>
            </a> <!-- navigator-link -->
          </div> <!-- suite-header light-rounded-window-top -->
          <div class="navigator-suite-content">
            <div class="suite-section-title">
              <span>Info</span>
            </div> <!-- suite-section-title -->
            <div class="suite-section-content">
              <ul>
                <li>
                  <a href="#" class="navigator-link " panel-name="test-xml-Regression_Testing_Suite_(1)">
                    <span>C:\Users\EHRXARP\Desktop\TIV&RASTER\CTA\Commit-0\DOP19B\CMPM.xml</span>
                  </a> <!-- navigator-link  -->
                </li>
                <li>
                  <a href="#" class="navigator-link " panel-name="testlist-Regression_Testing_Suite_(1)">
                    <span class="test-stats">5 tests</span>
                  </a> <!-- navigator-link  -->
                </li>
                <li>
                  <a href="#" class="navigator-link " panel-name="group-Regression_Testing_Suite_(1)">
                    <span>0 groups</span>
                  </a> <!-- navigator-link  -->
                </li>
                <li>
                  <a href="#" class="navigator-link " panel-name="times-Regression_Testing_Suite_(1)">
                    <span>Times</span>
                  </a> <!-- navigator-link  -->
                </li>
                <li>
                  <a href="#" class="navigator-link " panel-name="reporter-Regression_Testing_Suite_(1)">
                    <span>Reporter output</span>
                  </a> <!-- navigator-link  -->
                </li>
                <li>
                  <a href="#" class="navigator-link " panel-name="ignored-methods-Regression_Testing_Suite_(1)">
                    <span>Ignored methods</span>
                  </a> <!-- navigator-link  -->
                </li>
                <li>
                  <a href="#" class="navigator-link " panel-name="chronological-Regression_Testing_Suite_(1)">
                    <span>Chronological view</span>
                  </a> <!-- navigator-link  -->
                </li>
              </ul>
            </div> <!-- suite-section-content -->
            <div class="result-section">
              <div class="suite-section-title">
                <span>Results</span>
              </div> <!-- suite-section-title -->
              <div class="suite-section-content">
                <ul>
                  <li>
                    <span class="method-stats">38 methods, 18 failed,  6 skipped,  14 passed</span>
                  </li>
                  <li>
                    <span class="method-list-title failed">Failed methods</span>
                    <span class="show-or-hide-methods failed">
                      <a href="#" panel-name="suite-Regression_Testing_Suite_(1)" class="hide-methods failed suite-Regression_Testing_Suite_(1)"> (hide)</a> <!-- hide-methods failed suite-Regression_Testing_Suite_(1) -->
                      <a href="#" panel-name="suite-Regression_Testing_Suite_(1)" class="show-methods failed suite-Regression_Testing_Suite_(1)"> (show)</a> <!-- show-methods failed suite-Regression_Testing_Suite_(1) -->
                    </span>
                    <div class="method-list-content failed suite-Regression_Testing_Suite_(1)">
                      <span>
                        <img width="3%" src="failed.png"/>
                        <a href="#" class="method navigator-link" panel-name="suite-Regression_Testing_Suite_(1)" title="com.ericsson.edos.dopuatautomation.testcases.BouyguesTest" hash-for-method="DynamicGraphicalReport">DynamicGraphicalReport</a> <!-- method navigator-link -->
                      </span>
                      <br/>
                      <span>
                        <img width="3%" src="failed.png"/>
                        <a href="#" class="method navigator-link" panel-name="suite-Regression_Testing_Suite_(1)" title="com.ericsson.edos.dopuatautomation.testcases.BouyguesTest" hash-for-method="ValidateOnAddingPredefinedKPI">ValidateOnAddingPredefinedKPI</a> <!-- method navigator-link -->
                      </span>
                      <br/>
                      <span>
                        <img width="3%" src="failed.png"/>
                        <a href="#" class="method navigator-link" panel-name="suite-Regression_Testing_Suite_(1)" title="com.ericsson.edos.dopuatautomation.testcases.BouyguesTest" hash-for-method="ValidateOnCustomKPI">ValidateOnCustomKPI</a> <!-- method navigator-link -->
                      </span>
                      <br/>
                      <span>
                        <img width="3%" src="failed.png"/>
                        <a href="#" class="method navigator-link" panel-name="suite-Regression_Testing_Suite_(1)" title="com.ericsson.edos.dopuatautomation.testcases.BouyguesTest" hash-for-method="ValidateSearchforSpecificPmCounter">ValidateSearchforSpecificPmCounter</a> <!-- method navigator-link -->
                      </span>
                      <br/>
                      <span>
                        <img width="3%" src="failed.png"/>
                        <a href="#" class="method navigator-link" panel-name="suite-Regression_Testing_Suite_(1)" title="com.ericsson.edos.dopuatautomation.testcases.BouyguesTest" hash-for-method="ValidateSearchingForCell">ValidateSearchingForCell</a> <!-- method navigator-link -->
                      </span>
                      <br/>
                      <span>
                        <img width="3%" src="failed.png"/>
                        <a href="#" class="method navigator-link" panel-name="suite-Regression_Testing_Suite_(1)" title="com.ericsson.edos.dopuatautomation.testcases.BouyguesTest" hash-for-method="VerifyAllTitleTest">VerifyAllTitleTest</a> <!-- method navigator-link -->
                      </span>
                      <br/>
                      <span>
                        <img width="3%" src="failed.png"/>
                        <a href="#" class="method navigator-link" panel-name="suite-Regression_Testing_Suite_(1)" title="com.ericsson.edos.dopuatautomation.testcases.BouyguesTest" hash-for-method="VerifyCounterAddedQBReportinTable">VerifyCounterAddedQBReportinTable</a> <!-- method navigator-link -->
                      </span>
                      <br/>
                      <span>
                        <img width="3%" src="failed.png"/>
                        <a href="#" class="method navigator-link" panel-name="suite-Regression_Testing_Suite_(1)" title="com.ericsson.edos.dopuatautomation.testcases.BouyguesTest" hash-for-method="VerifyDeltaAuditForUnderlinedValues">VerifyDeltaAuditForUnderlinedValues</a> <!-- method navigator-link -->
                      </span>
                      <br/>
                      <span>
                        <img width="3%" src="failed.png"/>
                        <a href="#" class="method navigator-link" panel-name="suite-Regression_Testing_Suite_(1)" title="com.ericsson.edos.dopuatautomation.testcases.BouyguesTest" hash-for-method="VerifyDeltaAuditofSites">VerifyDeltaAuditofSites</a> <!-- method navigator-link -->
                      </span>
                      <br/>
                      <span>
                        <img width="3%" src="failed.png"/>
                        <a href="#" class="method navigator-link" panel-name="suite-Regression_Testing_Suite_(1)" title="com.ericsson.edos.dopuatautomation.testcases.BouyguesTest" hash-for-method="VerifyFingerRCAReport">VerifyFingerRCAReport</a> <!-- method navigator-link -->
                      </span>
                      <br/>
                      <span>
                        <img width="3%" src="failed.png"/>
                        <a href="#" class="method navigator-link" panel-name="suite-Regression_Testing_Suite_(1)" title="com.ericsson.edos.dopuatautomation.testcases.BouyguesTest" hash-for-method="VerifyIsolationReport">VerifyIsolationReport</a> <!-- method navigator-link -->
                      </span>
                      <br/>
                      <span>
                        <img width="3%" src="failed.png"/>
                        <a href="#" class="method navigator-link" panel-name="suite-Regression_Testing_Suite_(1)" title="com.ericsson.edos.dopuatautomation.testcases.PerformancePortalTest" hash-for-method="VerifyPerformancePortalTest">VerifyPerformancePortalTest</a> <!-- method navigator-link -->
                      </span>
                      <br/>
                      <span>
                        <img width="3%" src="failed.png"/>
                        <a href="#" class="method navigator-link" panel-name="suite-Regression_Testing_Suite_(1)" title="com.ericsson.edos.dopuatautomation.testcases.BouyguesTest" hash-for-method="VerifyPreCannedReport">VerifyPreCannedReport</a> <!-- method navigator-link -->
                      </span>
                      <br/>
                      <span>
                        <img width="3%" src="failed.png"/>
                        <a href="#" class="method navigator-link" panel-name="suite-Regression_Testing_Suite_(1)" title="com.ericsson.edos.dopuatautomation.testcases.BouyguesTest" hash-for-method="VerifyPreCannedReportByCell">VerifyPreCannedReportByCell</a> <!-- method navigator-link -->
                      </span>
                      <br/>
                      <span>
                        <img width="3%" src="failed.png"/>
                        <a href="#" class="method navigator-link" panel-name="suite-Regression_Testing_Suite_(1)" title="com.ericsson.edos.dopuatautomation.testcases.BouyguesTest" hash-for-method="VerifyQBReportinTable">VerifyQBReportinTable</a> <!-- method navigator-link -->
                      </span>
                      <br/>
                      <span>
                        <img width="3%" src="failed.png"/>
                        <a href="#" class="method navigator-link" panel-name="suite-Regression_Testing_Suite_(1)" title="com.ericsson.edos.dopuatautomation.testcases.BouyguesTest" hash-for-method="VerifyRCAReport">VerifyRCAReport</a> <!-- method navigator-link -->
                      </span>
                      <br/>
                      <span>
                        <img width="3%" src="failed.png"/>
                        <a href="#" class="method navigator-link" panel-name="suite-Regression_Testing_Suite_(1)" title="com.ericsson.edos.dopuatautomation.testcases.BouyguesTest" hash-for-method="VerifyTriageReport">VerifyTriageReport</a> <!-- method navigator-link -->
                      </span>
                      <br/>
                      <span>
                        <img width="3%" src="failed.png"/>
                        <a href="#" class="method navigator-link" panel-name="suite-Regression_Testing_Suite_(1)" title="com.ericsson.edos.dopuatautomation.testcases.BouyguesTest" hash-for-method="VerifyenodeBUtranCellTest">VerifyenodeBUtranCellTest</a> <!-- method navigator-link -->
                      </span>
                      <br/>
                    </div> <!-- method-list-content failed suite-Regression_Testing_Suite_(1) -->
                  </li>
                  <li>
                    <span class="method-list-title skipped">Skipped methods</span>
                    <span class="show-or-hide-methods skipped">
                      <a href="#" panel-name="suite-Regression_Testing_Suite_(1)" class="hide-methods skipped suite-Regression_Testing_Suite_(1)"> (hide)</a> <!-- hide-methods skipped suite-Regression_Testing_Suite_(1) -->
                      <a href="#" panel-name="suite-Regression_Testing_Suite_(1)" class="show-methods skipped suite-Regression_Testing_Suite_(1)"> (show)</a> <!-- show-methods skipped suite-Regression_Testing_Suite_(1) -->
                    </span>
                    <div class="method-list-content skipped suite-Regression_Testing_Suite_(1)">
                      <span>
                        <img width="3%" src="skipped.png"/>
                        <a href="#" class="method navigator-link" panel-name="suite-Regression_Testing_Suite_(1)" title="com.ericsson.edos.dopuatautomation.testcases.BouyguesTest" hash-for-method="VerifyEprefKPIChart">VerifyEprefKPIChart</a> <!-- method navigator-link -->
                      </span>
                      <br/>
                      <span>
                        <img width="3%" src="skipped.png"/>
                        <a href="#" class="method navigator-link" panel-name="suite-Regression_Testing_Suite_(1)" title="com.ericsson.edos.dopuatautomation.testcases.BouyguesTest" hash-for-method="VerifyEprefNEChart">VerifyEprefNEChart</a> <!-- method navigator-link -->
                      </span>
                      <br/>
                      <span>
                        <img width="3%" src="skipped.png"/>
                        <a href="#" class="method navigator-link" panel-name="suite-Regression_Testing_Suite_(1)" title="com.ericsson.edos.dopuatautomation.testcases.BouyguesTest" hash-for-method="VerifyEprefTimeChart">VerifyEprefTimeChart</a> <!-- method navigator-link -->
                      </span>
                      <br/>
                      <span>
                        <img width="3%" src="skipped.png"/>
                        <a href="#" class="method navigator-link" panel-name="suite-Regression_Testing_Suite_(1)" title="com.ericsson.edos.dopuatautomation.testcases.BouyguesTest" hash-for-method="VerifyExportToCSV">VerifyExportToCSV</a> <!-- method navigator-link -->
                      </span>
                      <br/>
                      <span>
                        <img width="3%" src="skipped.png"/>
                        <a href="#" class="method navigator-link" panel-name="suite-Regression_Testing_Suite_(1)" title="com.ericsson.edos.dopuatautomation.testcases.BouyguesTest" hash-for-method="VerifyExportToExcel">VerifyExportToExcel</a> <!-- method navigator-link -->
                      </span>
                      <br/>
                      <span>
                        <img width="3%" src="skipped.png"/>
                        <a href="#" class="method navigator-link" panel-name="suite-Regression_Testing_Suite_(1)" title="com.ericsson.edos.dopuatautomation.testcases.BouyguesTest" hash-for-method="VerifyQBCharting">VerifyQBCharting</a> <!-- method navigator-link -->
                      </span>
                      <br/>
                    </div> <!-- method-list-content skipped suite-Regression_Testing_Suite_(1) -->
                  </li>
                  <li>
                    <span class="method-list-title passed">Passed methods</span>
                    <span class="show-or-hide-methods passed">
                      <a href="#" panel-name="suite-Regression_Testing_Suite_(1)" class="hide-methods passed suite-Regression_Testing_Suite_(1)"> (hide)</a> <!-- hide-methods passed suite-Regression_Testing_Suite_(1) -->
                      <a href="#" panel-name="suite-Regression_Testing_Suite_(1)" class="show-methods passed suite-Regression_Testing_Suite_(1)"> (show)</a> <!-- show-methods passed suite-Regression_Testing_Suite_(1) -->
                    </span>
                    <div class="method-list-content passed suite-Regression_Testing_Suite_(1)">
                      <span>
                        <img width="3%" src="passed.png"/>
                        <a href="#" class="method navigator-link" panel-name="suite-Regression_Testing_Suite_(1)" title="com.ericsson.edos.dopuatautomation.testcases.LoginPageTest" hash-for-method="ClickEnterButtonTest">ClickEnterButtonTest</a> <!-- method navigator-link -->
                      </span>
                      <br/>
                      <span>
                        <img width="3%" src="passed.png"/>
                        <a href="#" class="method navigator-link" panel-name="suite-Regression_Testing_Suite_(1)" title="com.ericsson.edos.dopuatautomation.testcases.LoginPageTest" hash-for-method="EdosLogo1Test">EdosLogo1Test</a> <!-- method navigator-link -->
                      </span>
                      <br/>
                      <span>
                        <img width="3%" src="passed.png"/>
                        <a href="#" class="method navigator-link" panel-name="suite-Regression_Testing_Suite_(1)" title="com.ericsson.edos.dopuatautomation.testcases.LoginPageTest" hash-for-method="EdosLogo2Test">EdosLogo2Test</a> <!-- method navigator-link -->
                      </span>
                      <br/>
                      <span>
                        <img width="3%" src="passed.png"/>
                        <a href="#" class="method navigator-link" panel-name="suite-Regression_Testing_Suite_(1)" title="com.ericsson.edos.dopuatautomation.testcases.LoginPageTest" hash-for-method="EdosLogoText1Test">EdosLogoText1Test</a> <!-- method navigator-link -->
                      </span>
                      <br/>
                      <span>
                        <img width="3%" src="passed.png"/>
                        <a href="#" class="method navigator-link" panel-name="suite-Regression_Testing_Suite_(1)" title="com.ericsson.edos.dopuatautomation.testcases.LoginPageTest" hash-for-method="EdosLogoText2Test">EdosLogoText2Test</a> <!-- method navigator-link -->
                      </span>
                      <br/>
                      <span>
                        <img width="3%" src="passed.png"/>
                        <a href="#" class="method navigator-link" panel-name="suite-Regression_Testing_Suite_(1)" title="com.ericsson.edos.dopuatautomation.testcases.LandingpageTest" hash-for-method="LandingPageTitleTest">LandingPageTitleTest</a> <!-- method navigator-link -->
                      </span>
                      <br/>
                      <span>
                        <img width="3%" src="passed.png"/>
                        <a href="#" class="method navigator-link" panel-name="suite-Regression_Testing_Suite_(1)" title="com.ericsson.edos.dopuatautomation.testcases.LandingpageTest" hash-for-method="LegalNoticeLogoTest">LegalNoticeLogoTest</a> <!-- method navigator-link -->
                      </span>
                      <br/>
                      <span>
                        <img width="3%" src="passed.png"/>
                        <a href="#" class="method navigator-link" panel-name="suite-Regression_Testing_Suite_(1)" title="com.ericsson.edos.dopuatautomation.testcases.LandingpageTest" hash-for-method="ProceedButtonTest">ProceedButtonTest</a> <!-- method navigator-link -->
                      </span>
                      <br/>
                      <span>
                        <img width="3%" src="passed.png"/>
                        <a href="#" class="method navigator-link" panel-name="suite-Regression_Testing_Suite_(1)" title="com.ericsson.edos.dopuatautomation.testcases.LoginPageTest" hash-for-method="SetUserPasswordTest">SetUserPasswordTest</a> <!-- method navigator-link -->
                      </span>
                      <br/>
                      <span>
                        <img width="3%" src="passed.png"/>
                        <a href="#" class="method navigator-link" panel-name="suite-Regression_Testing_Suite_(1)" title="com.ericsson.edos.dopuatautomation.testcases.LoginPageTest" hash-for-method="SetusernameTest">SetusernameTest</a> <!-- method navigator-link -->
                      </span>
                      <br/>
                      <span>
                        <img width="3%" src="passed.png"/>
                        <a href="#" class="method navigator-link" panel-name="suite-Regression_Testing_Suite_(1)" title="com.ericsson.edos.dopuatautomation.testcases.applicationTest" hash-for-method="VerifyApplicationPage">VerifyApplicationPage</a> <!-- method navigator-link -->
                      </span>
                      <br/>
                      <span>
                        <img width="3%" src="passed.png"/>
                        <a href="#" class="method navigator-link" panel-name="suite-Regression_Testing_Suite_(1)" title="com.ericsson.edos.dopuatautomation.testcases.applicationTest" hash-for-method="VerifyCMPMDashboard">VerifyCMPMDashboard</a> <!-- method navigator-link -->
                      </span>
                      <br/>
                      <span>
                        <img width="3%" src="passed.png"/>
                        <a href="#" class="method navigator-link" panel-name="suite-Regression_Testing_Suite_(1)" title="com.ericsson.edos.dopuatautomation.testcases.applicationTest" hash-for-method="VerifyEdosDpLogo">VerifyEdosDpLogo</a> <!-- method navigator-link -->
                      </span>
                      <br/>
                      <span>
                        <img width="3%" src="passed.png"/>
                        <a href="#" class="method navigator-link" panel-name="suite-Regression_Testing_Suite_(1)" title="com.ericsson.edos.dopuatautomation.testcases.BouyguesTest" hash-for-method="VerifyExportToTemplate">VerifyExportToTemplate</a> <!-- method navigator-link -->
                      </span>
                      <br/>
                    </div> <!-- method-list-content passed suite-Regression_Testing_Suite_(1) -->
                  </li>
                </ul>
              </div> <!-- suite-section-content -->
            </div> <!-- result-section -->
          </div> <!-- navigator-suite-content -->
        </div> <!-- rounded-window -->
      </div> <!-- suite -->
      <div class="suite">
        <div class="rounded-window">
          <div class="suite-header light-rounded-window-top">
            <a href="#" class="navigator-link" panel-name="suite-Regression_Testing_Suite_(0)">
              <span class="suite-name border-passed">Regression Testing Suite (0)</span>
            </a> <!-- navigator-link -->
          </div> <!-- suite-header light-rounded-window-top -->
          <div class="navigator-suite-content">
            <div class="suite-section-title">
              <span>Info</span>
            </div> <!-- suite-section-title -->
            <div class="suite-section-content">
              <ul>
                <li>
                  <a href="#" class="navigator-link " panel-name="test-xml-Regression_Testing_Suite_(0)">
                    <span>C:\Users\EHRXARP\Desktop\TIV&RASTER\CTA\Commit-0\DOP19B\Rasters.xml</span>
                  </a> <!-- navigator-link  -->
                </li>
                <li>
                  <a href="#" class="navigator-link " panel-name="testlist-Regression_Testing_Suite_(0)">
                    <span class="test-stats">4 tests</span>
                  </a> <!-- navigator-link  -->
                </li>
                <li>
                  <a href="#" class="navigator-link " panel-name="group-Regression_Testing_Suite_(0)">
                    <span>0 groups</span>
                  </a> <!-- navigator-link  -->
                </li>
                <li>
                  <a href="#" class="navigator-link " panel-name="times-Regression_Testing_Suite_(0)">
                    <span>Times</span>
                  </a> <!-- navigator-link  -->
                </li>
                <li>
                  <a href="#" class="navigator-link " panel-name="reporter-Regression_Testing_Suite_(0)">
                    <span>Reporter output</span>
                  </a> <!-- navigator-link  -->
                </li>
                <li>
                  <a href="#" class="navigator-link " panel-name="ignored-methods-Regression_Testing_Suite_(0)">
                    <span>Ignored methods</span>
                  </a> <!-- navigator-link  -->
                </li>
                <li>
                  <a href="#" class="navigator-link " panel-name="chronological-Regression_Testing_Suite_(0)">
                    <span>Chronological view</span>
                  </a> <!-- navigator-link  -->
                </li>
              </ul>
            </div> <!-- suite-section-content -->
            <div class="result-section">
              <div class="suite-section-title">
                <span>Results</span>
              </div> <!-- suite-section-title -->
              <div class="suite-section-content">
                <ul>
                  <li>
                    <span class="method-stats">17 methods,   17 passed</span>
                  </li>
                  <li>
                    <span class="method-list-title passed">Passed methods</span>
                    <span class="show-or-hide-methods passed">
                      <a href="#" panel-name="suite-Regression_Testing_Suite_(0)" class="hide-methods passed suite-Regression_Testing_Suite_(0)"> (hide)</a> <!-- hide-methods passed suite-Regression_Testing_Suite_(0) -->
                      <a href="#" panel-name="suite-Regression_Testing_Suite_(0)" class="show-methods passed suite-Regression_Testing_Suite_(0)"> (show)</a> <!-- show-methods passed suite-Regression_Testing_Suite_(0) -->
                    </span>
                    <div class="method-list-content passed suite-Regression_Testing_Suite_(0)">
                      <span>
                        <img width="3%" src="passed.png"/>
                        <a href="#" class="method navigator-link" panel-name="suite-Regression_Testing_Suite_(0)" title="com.ericsson.edos.dopuatautomation.testcases.LoginPageTest" hash-for-method="ClickEnterButtonTest">ClickEnterButtonTest</a> <!-- method navigator-link -->
                      </span>
                      <br/>
                      <span>
                        <img width="3%" src="passed.png"/>
                        <a href="#" class="method navigator-link" panel-name="suite-Regression_Testing_Suite_(0)" title="com.ericsson.edos.dopuatautomation.testcases.LoginPageTest" hash-for-method="EdosLogo1Test">EdosLogo1Test</a> <!-- method navigator-link -->
                      </span>
                      <br/>
                      <span>
                        <img width="3%" src="passed.png"/>
                        <a href="#" class="method navigator-link" panel-name="suite-Regression_Testing_Suite_(0)" title="com.ericsson.edos.dopuatautomation.testcases.LoginPageTest" hash-for-method="EdosLogo2Test">EdosLogo2Test</a> <!-- method navigator-link -->
                      </span>
                      <br/>
                      <span>
                        <img width="3%" src="passed.png"/>
                        <a href="#" class="method navigator-link" panel-name="suite-Regression_Testing_Suite_(0)" title="com.ericsson.edos.dopuatautomation.testcases.LoginPageTest" hash-for-method="EdosLogoText1Test">EdosLogoText1Test</a> <!-- method navigator-link -->
                      </span>
                      <br/>
                      <span>
                        <img width="3%" src="passed.png"/>
                        <a href="#" class="method navigator-link" panel-name="suite-Regression_Testing_Suite_(0)" title="com.ericsson.edos.dopuatautomation.testcases.LoginPageTest" hash-for-method="EdosLogoText2Test">EdosLogoText2Test</a> <!-- method navigator-link -->
                      </span>
                      <br/>
                      <span>
                        <img width="3%" src="passed.png"/>
                        <a href="#" class="method navigator-link" panel-name="suite-Regression_Testing_Suite_(0)" title="com.ericsson.edos.dopuatautomation.testcases.LandingpageTest" hash-for-method="LandingPageTitleTest">LandingPageTitleTest</a> <!-- method navigator-link -->
                      </span>
                      <br/>
                      <span>
                        <img width="3%" src="passed.png"/>
                        <a href="#" class="method navigator-link" panel-name="suite-Regression_Testing_Suite_(0)" title="com.ericsson.edos.dopuatautomation.testcases.LandingpageTest" hash-for-method="LegalNoticeLogoTest">LegalNoticeLogoTest</a> <!-- method navigator-link -->
                      </span>
                      <br/>
                      <span>
                        <img width="3%" src="passed.png"/>
                        <a href="#" class="method navigator-link" panel-name="suite-Regression_Testing_Suite_(0)" title="com.ericsson.edos.dopuatautomation.testcases.LandingpageTest" hash-for-method="ProceedButtonTest">ProceedButtonTest</a> <!-- method navigator-link -->
                      </span>
                      <br/>
                      <span>
                        <img width="3%" src="passed.png"/>
                        <a href="#" class="method navigator-link" panel-name="suite-Regression_Testing_Suite_(0)" title="com.ericsson.edos.dopuatautomation.testcases.applicationTest" hash-for-method="RasterClick">RasterClick</a> <!-- method navigator-link -->
                      </span>
                      <br/>
                      <span>
                        <img width="3%" src="passed.png"/>
                        <a href="#" class="method navigator-link" panel-name="suite-Regression_Testing_Suite_(0)" title="com.ericsson.edos.dopuatautomation.testcases.LoginPageTest" hash-for-method="SetUserPasswordTest">SetUserPasswordTest</a> <!-- method navigator-link -->
                      </span>
                      <br/>
                      <span>
                        <img width="3%" src="passed.png"/>
                        <a href="#" class="method navigator-link" panel-name="suite-Regression_Testing_Suite_(0)" title="com.ericsson.edos.dopuatautomation.testcases.LoginPageTest" hash-for-method="SetusernameTest">SetusernameTest</a> <!-- method navigator-link -->
                      </span>
                      <br/>
                      <span>
                        <img width="3%" src="passed.png"/>
                        <a href="#" class="method navigator-link" panel-name="suite-Regression_Testing_Suite_(0)" title="com.ericsson.edos.dopuatautomation.testcases.RasterTest" hash-for-method="ValidtionofAddingRasterLayer">ValidtionofAddingRasterLayer</a> <!-- method navigator-link -->
                      </span>
                      <br/>
                      <span>
                        <img width="3%" src="passed.png"/>
                        <a href="#" class="method navigator-link" panel-name="suite-Regression_Testing_Suite_(0)" title="com.ericsson.edos.dopuatautomation.testcases.RasterTest" hash-for-method="ValidtionofDatePanel">ValidtionofDatePanel</a> <!-- method navigator-link -->
                      </span>
                      <br/>
                      <span>
                        <img width="3%" src="passed.png"/>
                        <a href="#" class="method navigator-link" panel-name="suite-Regression_Testing_Suite_(0)" title="com.ericsson.edos.dopuatautomation.testcases.RasterTest" hash-for-method="ValidtionofRasterPortal">ValidtionofRasterPortal</a> <!-- method navigator-link -->
                      </span>
                      <br/>
                      <span>
                        <img width="3%" src="passed.png"/>
                        <a href="#" class="method navigator-link" panel-name="suite-Regression_Testing_Suite_(0)" title="com.ericsson.edos.dopuatautomation.testcases.RasterTest" hash-for-method="ValidtionofTopologyLayer">ValidtionofTopologyLayer</a> <!-- method navigator-link -->
                      </span>
                      <br/>
                      <span>
                        <img width="3%" src="passed.png"/>
                        <a href="#" class="method navigator-link" panel-name="suite-Regression_Testing_Suite_(0)" title="com.ericsson.edos.dopuatautomation.testcases.applicationTest" hash-for-method="VerifyApplicationPage">VerifyApplicationPage</a> <!-- method navigator-link -->
                      </span>
                      <br/>
                      <span>
                        <img width="3%" src="passed.png"/>
                        <a href="#" class="method navigator-link" panel-name="suite-Regression_Testing_Suite_(0)" title="com.ericsson.edos.dopuatautomation.testcases.applicationTest" hash-for-method="VerifyEdosDpLogo">VerifyEdosDpLogo</a> <!-- method navigator-link -->
                      </span>
                      <br/>
                    </div> <!-- method-list-content passed suite-Regression_Testing_Suite_(0) -->
                  </li>
                </ul>
              </div> <!-- suite-section-content -->
            </div> <!-- result-section -->
          </div> <!-- navigator-suite-content -->
        </div> <!-- rounded-window -->
      </div> <!-- suite -->
      <div class="suite">
        <div class="rounded-window">
          <div class="suite-header light-rounded-window-top">
            <a href="#" class="navigator-link" panel-name="suite-Regression_Testing_Suite">
              <span class="suite-name border-failed">Regression Testing Suite</span>
            </a> <!-- navigator-link -->
          </div> <!-- suite-header light-rounded-window-top -->
          <div class="navigator-suite-content">
            <div class="suite-section-title">
              <span>Info</span>
            </div> <!-- suite-section-title -->
            <div class="suite-section-content">
              <ul>
                <li>
                  <a href="#" class="navigator-link " panel-name="test-xml-Regression_Testing_Suite">
                    <span>C:\Users\EHRXARP\Desktop\TIV&RASTER\CTA\Commit-0\DOP19B\TIV.xml</span>
                  </a> <!-- navigator-link  -->
                </li>
                <li>
                  <a href="#" class="navigator-link " panel-name="testlist-Regression_Testing_Suite">
                    <span class="test-stats">4 tests</span>
                  </a> <!-- navigator-link  -->
                </li>
                <li>
                  <a href="#" class="navigator-link " panel-name="group-Regression_Testing_Suite">
                    <span>0 groups</span>
                  </a> <!-- navigator-link  -->
                </li>
                <li>
                  <a href="#" class="navigator-link " panel-name="times-Regression_Testing_Suite">
                    <span>Times</span>
                  </a> <!-- navigator-link  -->
                </li>
                <li>
                  <a href="#" class="navigator-link " panel-name="reporter-Regression_Testing_Suite">
                    <span>Reporter output</span>
                  </a> <!-- navigator-link  -->
                </li>
                <li>
                  <a href="#" class="navigator-link " panel-name="ignored-methods-Regression_Testing_Suite">
                    <span>Ignored methods</span>
                  </a> <!-- navigator-link  -->
                </li>
                <li>
                  <a href="#" class="navigator-link " panel-name="chronological-Regression_Testing_Suite">
                    <span>Chronological view</span>
                  </a> <!-- navigator-link  -->
                </li>
              </ul>
            </div> <!-- suite-section-content -->
            <div class="result-section">
              <div class="suite-section-title">
                <span>Results</span>
              </div> <!-- suite-section-title -->
              <div class="suite-section-content">
                <ul>
                  <li>
                    <span class="method-stats">15 methods, 1 failed,   14 passed</span>
                  </li>
                  <li>
                    <span class="method-list-title failed">Failed methods</span>
                    <span class="show-or-hide-methods failed">
                      <a href="#" panel-name="suite-Regression_Testing_Suite" class="hide-methods failed suite-Regression_Testing_Suite"> (hide)</a> <!-- hide-methods failed suite-Regression_Testing_Suite -->
                      <a href="#" panel-name="suite-Regression_Testing_Suite" class="show-methods failed suite-Regression_Testing_Suite"> (show)</a> <!-- show-methods failed suite-Regression_Testing_Suite -->
                    </span>
                    <div class="method-list-content failed suite-Regression_Testing_Suite">
                      <span>
                        <img width="3%" src="failed.png"/>
                        <a href="#" class="method navigator-link" panel-name="suite-Regression_Testing_Suite" title="com.ericsson.edos.dopuatautomation.testcases.EdosTraceInputValidationTest" hash-for-method="VerifyTableWithCellFiltering">VerifyTableWithCellFiltering</a> <!-- method navigator-link -->
                      </span>
                      <br/>
                    </div> <!-- method-list-content failed suite-Regression_Testing_Suite -->
                  </li>
                  <li>
                    <span class="method-list-title passed">Passed methods</span>
                    <span class="show-or-hide-methods passed">
                      <a href="#" panel-name="suite-Regression_Testing_Suite" class="hide-methods passed suite-Regression_Testing_Suite"> (hide)</a> <!-- hide-methods passed suite-Regression_Testing_Suite -->
                      <a href="#" panel-name="suite-Regression_Testing_Suite" class="show-methods passed suite-Regression_Testing_Suite"> (show)</a> <!-- show-methods passed suite-Regression_Testing_Suite -->
                    </span>
                    <div class="method-list-content passed suite-Regression_Testing_Suite">
                      <span>
                        <img width="3%" src="passed.png"/>
                        <a href="#" class="method navigator-link" panel-name="suite-Regression_Testing_Suite" title="com.ericsson.edos.dopuatautomation.testcases.LoginPageTest" hash-for-method="ClickEnterButtonTest">ClickEnterButtonTest</a> <!-- method navigator-link -->
                      </span>
                      <br/>
                      <span>
                        <img width="3%" src="passed.png"/>
                        <a href="#" class="method navigator-link" panel-name="suite-Regression_Testing_Suite" title="com.ericsson.edos.dopuatautomation.testcases.LoginPageTest" hash-for-method="EdosLogo1Test">EdosLogo1Test</a> <!-- method navigator-link -->
                      </span>
                      <br/>
                      <span>
                        <img width="3%" src="passed.png"/>
                        <a href="#" class="method navigator-link" panel-name="suite-Regression_Testing_Suite" title="com.ericsson.edos.dopuatautomation.testcases.LoginPageTest" hash-for-method="EdosLogo2Test">EdosLogo2Test</a> <!-- method navigator-link -->
                      </span>
                      <br/>
                      <span>
                        <img width="3%" src="passed.png"/>
                        <a href="#" class="method navigator-link" panel-name="suite-Regression_Testing_Suite" title="com.ericsson.edos.dopuatautomation.testcases.LoginPageTest" hash-for-method="EdosLogoText1Test">EdosLogoText1Test</a> <!-- method navigator-link -->
                      </span>
                      <br/>
                      <span>
                        <img width="3%" src="passed.png"/>
                        <a href="#" class="method navigator-link" panel-name="suite-Regression_Testing_Suite" title="com.ericsson.edos.dopuatautomation.testcases.LoginPageTest" hash-for-method="EdosLogoText2Test">EdosLogoText2Test</a> <!-- method navigator-link -->
                      </span>
                      <br/>
                      <span>
                        <img width="3%" src="passed.png"/>
                        <a href="#" class="method navigator-link" panel-name="suite-Regression_Testing_Suite" title="com.ericsson.edos.dopuatautomation.testcases.LandingpageTest" hash-for-method="LandingPageTitleTest">LandingPageTitleTest</a> <!-- method navigator-link -->
                      </span>
                      <br/>
                      <span>
                        <img width="3%" src="passed.png"/>
                        <a href="#" class="method navigator-link" panel-name="suite-Regression_Testing_Suite" title="com.ericsson.edos.dopuatautomation.testcases.LandingpageTest" hash-for-method="LegalNoticeLogoTest">LegalNoticeLogoTest</a> <!-- method navigator-link -->
                      </span>
                      <br/>
                      <span>
                        <img width="3%" src="passed.png"/>
                        <a href="#" class="method navigator-link" panel-name="suite-Regression_Testing_Suite" title="com.ericsson.edos.dopuatautomation.testcases.LandingpageTest" hash-for-method="ProceedButtonTest">ProceedButtonTest</a> <!-- method navigator-link -->
                      </span>
                      <br/>
                      <span>
                        <img width="3%" src="passed.png"/>
                        <a href="#" class="method navigator-link" panel-name="suite-Regression_Testing_Suite" title="com.ericsson.edos.dopuatautomation.testcases.LoginPageTest" hash-for-method="SetUserPasswordTest">SetUserPasswordTest</a> <!-- method navigator-link -->
                      </span>
                      <br/>
                      <span>
                        <img width="3%" src="passed.png"/>
                        <a href="#" class="method navigator-link" panel-name="suite-Regression_Testing_Suite" title="com.ericsson.edos.dopuatautomation.testcases.LoginPageTest" hash-for-method="SetusernameTest">SetusernameTest</a> <!-- method navigator-link -->
                      </span>
                      <br/>
                      <span>
                        <img width="3%" src="passed.png"/>
                        <a href="#" class="method navigator-link" panel-name="suite-Regression_Testing_Suite" title="com.ericsson.edos.dopuatautomation.testcases.applicationTest" hash-for-method="VerifyApplicationPage">VerifyApplicationPage</a> <!-- method navigator-link -->
                      </span>
                      <br/>
                      <span>
                        <img width="3%" src="passed.png"/>
                        <a href="#" class="method navigator-link" panel-name="suite-Regression_Testing_Suite" title="com.ericsson.edos.dopuatautomation.testcases.EdosTraceInputValidationTest" hash-for-method="VerifyChartValuesWithDateSelected">VerifyChartValuesWithDateSelected</a> <!-- method navigator-link -->
                      </span>
                      <br/>
                      <span>
                        <img width="3%" src="passed.png"/>
                        <a href="#" class="method navigator-link" panel-name="suite-Regression_Testing_Suite" title="com.ericsson.edos.dopuatautomation.testcases.applicationTest" hash-for-method="VerifyEdosDpLogo">VerifyEdosDpLogo</a> <!-- method navigator-link -->
                      </span>
                      <br/>
                      <span>
                        <img width="3%" src="passed.png"/>
                        <a href="#" class="method navigator-link" panel-name="suite-Regression_Testing_Suite" title="com.ericsson.edos.dopuatautomation.testcases.applicationTest" hash-for-method="VerifyTIVLink">VerifyTIVLink</a> <!-- method navigator-link -->
                      </span>
                      <br/>
                    </div> <!-- method-list-content passed suite-Regression_Testing_Suite -->
                  </li>
                </ul>
              </div> <!-- suite-section-content -->
            </div> <!-- result-section -->
          </div> <!-- navigator-suite-content -->
        </div> <!-- rounded-window -->
      </div> <!-- suite -->
    </div> <!-- navigator-root -->
    <div class="wrapper">
      <div class="main-panel-root">
        <div panel-name="suite-Regression_Testing_Suite_(1)" class="panel Regression_Testing_Suite_(1)">
          <div class="suite-Regression_Testing_Suite_(1)-class-failed">
            <div class="main-panel-header rounded-window-top">
              <img src="failed.png"/>
              <span class="class-name">com.ericsson.edos.dopuatautomation.testcases.PerformancePortalTest</span>
            </div> <!-- main-panel-header rounded-window-top -->
            <div class="main-panel-content rounded-window-bottom">
              <div class="method">
                <div class="method-content">
                  <a name="VerifyPerformancePortalTest">
                  </a> <!-- VerifyPerformancePortalTest -->
                  <span class="method-name">VerifyPerformancePortalTest</span>
                  <div class="stack-trace">java.lang.AssertionError: expected [GNP Performance Portal] but found [GNP CTA]
	at com.ericsson.edos.dopuatautomation.testcases.PerformancePortalTest.VerifyPerformancePortalTest(PerformancePortalTest.java:47)
... Removed 32 stack frames
</div> <!-- stack-trace -->
                </div> <!-- method-content -->
              </div> <!-- method -->
            </div> <!-- main-panel-content rounded-window-bottom -->
          </div> <!-- suite-Regression_Testing_Suite_(1)-class-failed -->
          <div class="suite-Regression_Testing_Suite_(1)-class-failed">
            <div class="main-panel-header rounded-window-top">
              <img src="failed.png"/>
              <span class="class-name">com.ericsson.edos.dopuatautomation.testcases.BouyguesTest</span>
            </div> <!-- main-panel-header rounded-window-top -->
            <div class="main-panel-content rounded-window-bottom">
              <div class="method">
                <div class="method-content">
                  <a name="DynamicGraphicalReport">
                  </a> <!-- DynamicGraphicalReport -->
                  <span class="method-name">DynamicGraphicalReport</span>
                  <div class="stack-trace">org.openqa.selenium.WebDriverException: chrome not reachable
  (Session info: chrome=73.0.3683.103)
  (Driver info: chromedriver=2.35.528161 (5b82f2d2aae0ca24b877009200ced9065a772e73),platform=Windows NT 6.1.7601 SP1 x86_64) (WARNING: The server did not provide any stacktrace information)
Command duration or timeout: 0 milliseconds
Build info: version: &apos;3.5.3&apos;, revision: &apos;a88d25fe6b&apos;, time: &apos;2017-08-29T12:42:44.417Z&apos;
System info: host: &apos;5CD7432DCS&apos;, ip: &apos;100.97.189.194&apos;, os.name: &apos;Windows 7&apos;, os.arch: &apos;amd64&apos;, os.version: &apos;6.1&apos;, java.version: &apos;1.8.0_181&apos;
Driver info: org.openqa.selenium.chrome.ChromeDriver
Capabilities [{mobileEmulationEnabled=false, hasTouchScreen=false, platform=XP, acceptSslCerts=false, acceptInsecureCerts=false, webStorageEnabled=true, browserName=chrome, takesScreenshot=true, javascriptEnabled=true, platformName=XP, setWindowRect=true, unexpectedAlertBehaviour=, applicationCacheEnabled=false, rotatable=false, networkConnectionEnabled=false, chrome={chromedriverVersion=2.35.528161 (5b82f2d2aae0ca24b877009200ced9065a772e73), userDataDir=C:\Users\EHRXARP\AppData\Local\Temp\scoped_dir10212_23314}, takesHeapSnapshot=true, pageLoadStrategy=normal, unhandledPromptBehavior=, databaseEnabled=false, handlesAlerts=true, version=73.0.3683.103, browserConnectionEnabled=false, nativeEvents=true, locationContextEnabled=true, cssSelectorsEnabled=true}]
Session ID: 7c987c0aeea23513c3235d00ba0daa76
*** Element info: {Using=xpath, value=//span[contains(text(),&apos;Dynamic Graphical Reports&apos;)]}
	at org.openqa.selenium.remote.ErrorHandler.createThrowable(ErrorHandler.java:215)
	at org.openqa.selenium.remote.ErrorHandler.throwIfResponseFailed(ErrorHandler.java:167)
	at org.openqa.selenium.remote.http.JsonHttpResponseCodec.reconstructValue(JsonHttpResponseCodec.java:40)
	at org.openqa.selenium.remote.http.AbstractHttpResponseCodec.decode(AbstractHttpResponseCodec.java:82)
	at org.openqa.selenium.remote.http.AbstractHttpResponseCodec.decode(AbstractHttpResponseCodec.java:45)
	at org.openqa.selenium.remote.HttpCommandExecutor.execute(HttpCommandExecutor.java:164)
	at org.openqa.selenium.remote.service.DriverCommandExecutor.execute(DriverCommandExecutor.java:82)
	at org.openqa.selenium.remote.RemoteWebDriver.execute(RemoteWebDriver.java:646)
	at org.openqa.selenium.remote.RemoteWebDriver.findElement(RemoteWebDriver.java:416)
	at org.openqa.selenium.remote.RemoteWebDriver.findElementByXPath(RemoteWebDriver.java:518)
	at org.openqa.selenium.By$ByXPath.findElement(By.java:361)
	at org.openqa.selenium.remote.RemoteWebDriver.findElement(RemoteWebDriver.java:408)
	at org.openqa.selenium.support.pagefactory.DefaultElementLocator.findElement(DefaultElementLocator.java:69)
	at org.openqa.selenium.support.pagefactory.internal.LocatingElementHandler.invoke(LocatingElementHandler.java:38)
	at com.sun.proxy.$Proxy10.click(Unknown Source)
	at com.ericsson.edos.dopuatautomation.pages.DynamicGraphicalReportsPage.clickonDynamicGraphicalReports(DynamicGraphicalReportsPage.java:144)
	at com.ericsson.edos.dopuatautomation.testcases.BouyguesTest.DynamicGraphicalReport(BouyguesTest.java:572)
... Removed 29 stack frames
</div> <!-- stack-trace -->
                </div> <!-- method-content -->
              </div> <!-- method -->
              <div class="method">
                <div class="method-content">
                  <a name="ValidateOnAddingPredefinedKPI">
                  </a> <!-- ValidateOnAddingPredefinedKPI -->
                  <span class="method-name">ValidateOnAddingPredefinedKPI</span>
                  <div class="stack-trace">org.openqa.selenium.WebDriverException: chrome not reachable
  (Session info: chrome=73.0.3683.103)
  (Driver info: chromedriver=2.35.528161 (5b82f2d2aae0ca24b877009200ced9065a772e73),platform=Windows NT 6.1.7601 SP1 x86_64) (WARNING: The server did not provide any stacktrace information)
Command duration or timeout: 0 milliseconds
Build info: version: &apos;3.5.3&apos;, revision: &apos;a88d25fe6b&apos;, time: &apos;2017-08-29T12:42:44.417Z&apos;
System info: host: &apos;5CD7432DCS&apos;, ip: &apos;100.97.189.194&apos;, os.name: &apos;Windows 7&apos;, os.arch: &apos;amd64&apos;, os.version: &apos;6.1&apos;, java.version: &apos;1.8.0_181&apos;
Driver info: org.openqa.selenium.chrome.ChromeDriver
Capabilities [{mobileEmulationEnabled=false, hasTouchScreen=false, platform=XP, acceptSslCerts=false, acceptInsecureCerts=false, webStorageEnabled=true, browserName=chrome, takesScreenshot=true, javascriptEnabled=true, platformName=XP, setWindowRect=true, unexpectedAlertBehaviour=, applicationCacheEnabled=false, rotatable=false, networkConnectionEnabled=false, chrome={chromedriverVersion=2.35.528161 (5b82f2d2aae0ca24b877009200ced9065a772e73), userDataDir=C:\Users\EHRXARP\AppData\Local\Temp\scoped_dir10212_23314}, takesHeapSnapshot=true, pageLoadStrategy=normal, unhandledPromptBehavior=, databaseEnabled=false, handlesAlerts=true, version=73.0.3683.103, browserConnectionEnabled=false, nativeEvents=true, locationContextEnabled=true, cssSelectorsEnabled=true}]
Session ID: 7c987c0aeea23513c3235d00ba0daa76
*** Element info: {Using=xpath, value=//a[@id=&apos;cboPredefinedKPIs_Arrow&apos;]}
	at org.openqa.selenium.remote.ErrorHandler.createThrowable(ErrorHandler.java:215)
	at org.openqa.selenium.remote.ErrorHandler.throwIfResponseFailed(ErrorHandler.java:167)
	at org.openqa.selenium.remote.http.JsonHttpResponseCodec.reconstructValue(JsonHttpResponseCodec.java:40)
	at org.openqa.selenium.remote.http.AbstractHttpResponseCodec.decode(AbstractHttpResponseCodec.java:82)
	at org.openqa.selenium.remote.http.AbstractHttpResponseCodec.decode(AbstractHttpResponseCodec.java:45)
	at org.openqa.selenium.remote.HttpCommandExecutor.execute(HttpCommandExecutor.java:164)
	at org.openqa.selenium.remote.service.DriverCommandExecutor.execute(DriverCommandExecutor.java:82)
	at org.openqa.selenium.remote.RemoteWebDriver.execute(RemoteWebDriver.java:646)
	at org.openqa.selenium.remote.RemoteWebDriver.findElement(RemoteWebDriver.java:416)
	at org.openqa.selenium.remote.RemoteWebDriver.findElementByXPath(RemoteWebDriver.java:518)
	at org.openqa.selenium.By$ByXPath.findElement(By.java:361)
	at org.openqa.selenium.remote.RemoteWebDriver.findElement(RemoteWebDriver.java:408)
	at org.openqa.selenium.support.pagefactory.DefaultElementLocator.findElement(DefaultElementLocator.java:69)
	at org.openqa.selenium.support.pagefactory.internal.LocatingElementHandler.invoke(LocatingElementHandler.java:38)
	at com.sun.proxy.$Proxy10.click(Unknown Source)
	at com.ericsson.edos.dopuatautomation.pages.QueryBuilderPage.ClickPredefinedKPIDropdown(QueryBuilderPage.java:369)
	at com.ericsson.edos.dopuatautomation.testcases.BouyguesTest.ValidateOnAddingPredefinedKPI(BouyguesTest.java:307)
... Removed 30 stack frames
</div> <!-- stack-trace -->
                </div> <!-- method-content -->
              </div> <!-- method -->
              <div class="method">
                <div class="method-content">
                  <a name="ValidateOnCustomKPI">
                  </a> <!-- ValidateOnCustomKPI -->
                  <span class="method-name">ValidateOnCustomKPI</span>
                  <div class="stack-trace">org.openqa.selenium.WebDriverException: chrome not reachable
  (Session info: chrome=73.0.3683.103)
  (Driver info: chromedriver=2.35.528161 (5b82f2d2aae0ca24b877009200ced9065a772e73),platform=Windows NT 6.1.7601 SP1 x86_64) (WARNING: The server did not provide any stacktrace information)
Command duration or timeout: 0 milliseconds
Build info: version: &apos;3.5.3&apos;, revision: &apos;a88d25fe6b&apos;, time: &apos;2017-08-29T12:42:44.417Z&apos;
System info: host: &apos;5CD7432DCS&apos;, ip: &apos;100.97.189.194&apos;, os.name: &apos;Windows 7&apos;, os.arch: &apos;amd64&apos;, os.version: &apos;6.1&apos;, java.version: &apos;1.8.0_181&apos;
Driver info: org.openqa.selenium.chrome.ChromeDriver
Capabilities [{mobileEmulationEnabled=false, hasTouchScreen=false, platform=XP, acceptSslCerts=false, acceptInsecureCerts=false, webStorageEnabled=true, browserName=chrome, takesScreenshot=true, javascriptEnabled=true, platformName=XP, setWindowRect=true, unexpectedAlertBehaviour=, applicationCacheEnabled=false, rotatable=false, networkConnectionEnabled=false, chrome={chromedriverVersion=2.35.528161 (5b82f2d2aae0ca24b877009200ced9065a772e73), userDataDir=C:\Users\EHRXARP\AppData\Local\Temp\scoped_dir10212_23314}, takesHeapSnapshot=true, pageLoadStrategy=normal, unhandledPromptBehavior=, databaseEnabled=false, handlesAlerts=true, version=73.0.3683.103, browserConnectionEnabled=false, nativeEvents=true, locationContextEnabled=true, cssSelectorsEnabled=true}]
Session ID: 7c987c0aeea23513c3235d00ba0daa76
*** Element info: {Using=xpath, value=//input[@value=&apos;Add KPI&apos;]}
	at org.openqa.selenium.remote.ErrorHandler.createThrowable(ErrorHandler.java:215)
	at org.openqa.selenium.remote.ErrorHandler.throwIfResponseFailed(ErrorHandler.java:167)
	at org.openqa.selenium.remote.http.JsonHttpResponseCodec.reconstructValue(JsonHttpResponseCodec.java:40)
	at org.openqa.selenium.remote.http.AbstractHttpResponseCodec.decode(AbstractHttpResponseCodec.java:82)
	at org.openqa.selenium.remote.http.AbstractHttpResponseCodec.decode(AbstractHttpResponseCodec.java:45)
	at org.openqa.selenium.remote.HttpCommandExecutor.execute(HttpCommandExecutor.java:164)
	at org.openqa.selenium.remote.service.DriverCommandExecutor.execute(DriverCommandExecutor.java:82)
	at org.openqa.selenium.remote.RemoteWebDriver.execute(RemoteWebDriver.java:646)
	at org.openqa.selenium.remote.RemoteWebDriver.findElement(RemoteWebDriver.java:416)
	at org.openqa.selenium.remote.RemoteWebDriver.findElementByXPath(RemoteWebDriver.java:518)
	at org.openqa.selenium.By$ByXPath.findElement(By.java:361)
	at org.openqa.selenium.remote.RemoteWebDriver.findElement(RemoteWebDriver.java:408)
	at org.openqa.selenium.support.pagefactory.DefaultElementLocator.findElement(DefaultElementLocator.java:69)
	at org.openqa.selenium.support.pagefactory.internal.LocatingElementHandler.invoke(LocatingElementHandler.java:38)
	at com.sun.proxy.$Proxy10.click(Unknown Source)
	at com.ericsson.edos.dopuatautomation.pages.QueryBuilderPage.ClickOnAddKPIButton(QueryBuilderPage.java:397)
	at com.ericsson.edos.dopuatautomation.testcases.BouyguesTest.ValidateOnCustomKPI(BouyguesTest.java:326)
... Removed 30 stack frames
</div> <!-- stack-trace -->
                </div> <!-- method-content -->
              </div> <!-- method -->
              <div class="method">
                <div class="method-content">
                  <a name="ValidateSearchforSpecificPmCounter">
                  </a> <!-- ValidateSearchforSpecificPmCounter -->
                  <span class="method-name">ValidateSearchforSpecificPmCounter</span>
                  <div class="stack-trace">java.lang.NullPointerException
	at org.openqa.selenium.support.pagefactory.internal.LocatingElementHandler.invoke(LocatingElementHandler.java:51)
	at com.sun.proxy.$Proxy10.click(Unknown Source)
	at com.ericsson.edos.dopuatautomation.pages.QueryBuilderPage.SendCounterName(QueryBuilderPage.java:328)
	at com.ericsson.edos.dopuatautomation.testcases.BouyguesTest.ValidateSearchforSpecificPmCounter(BouyguesTest.java:294)
... Removed 29 stack frames
</div> <!-- stack-trace -->
                </div> <!-- method-content -->
              </div> <!-- method -->
              <div class="method">
                <div class="method-content">
                  <a name="ValidateSearchingForCell">
                  </a> <!-- ValidateSearchingForCell -->
                  <span class="method-name">ValidateSearchingForCell</span>
                  <div class="stack-trace">org.openqa.selenium.NoSuchElementException: no such element: Unable to locate element: {&quot;method&quot;:&quot;xpath&quot;,&quot;selector&quot;:&quot;//span[text()=&apos;Query Builder&apos;]&quot;}
  (Session info: chrome=73.0.3683.103)
  (Driver info: chromedriver=2.35.528161 (5b82f2d2aae0ca24b877009200ced9065a772e73),platform=Windows NT 6.1.7601 SP1 x86_64) (WARNING: The server did not provide any stacktrace information)
Command duration or timeout: 0 milliseconds
For documentation on this error, please visit: http://seleniumhq.org/exceptions/no_such_element.html
Build info: version: &apos;3.5.3&apos;, revision: &apos;a88d25fe6b&apos;, time: &apos;2017-08-29T12:42:44.417Z&apos;
System info: host: &apos;5CD7432DCS&apos;, ip: &apos;100.97.189.194&apos;, os.name: &apos;Windows 7&apos;, os.arch: &apos;amd64&apos;, os.version: &apos;6.1&apos;, java.version: &apos;1.8.0_181&apos;
Driver info: org.openqa.selenium.chrome.ChromeDriver
Capabilities [{mobileEmulationEnabled=false, hasTouchScreen=false, platform=XP, acceptSslCerts=false, acceptInsecureCerts=false, webStorageEnabled=true, browserName=chrome, takesScreenshot=true, javascriptEnabled=true, platformName=XP, setWindowRect=true, unexpectedAlertBehaviour=, applicationCacheEnabled=false, rotatable=false, networkConnectionEnabled=false, chrome={chromedriverVersion=2.35.528161 (5b82f2d2aae0ca24b877009200ced9065a772e73), userDataDir=C:\Users\EHRXARP\AppData\Local\Temp\scoped_dir10212_23314}, takesHeapSnapshot=true, pageLoadStrategy=normal, unhandledPromptBehavior=, databaseEnabled=false, handlesAlerts=true, version=73.0.3683.103, browserConnectionEnabled=false, nativeEvents=true, locationContextEnabled=true, cssSelectorsEnabled=true}]
Session ID: 7c987c0aeea23513c3235d00ba0daa76
*** Element info: {Using=xpath, value=//span[text()=&apos;Query Builder&apos;]}
	at org.openqa.selenium.remote.ErrorHandler.createThrowable(ErrorHandler.java:215)
	at org.openqa.selenium.remote.ErrorHandler.throwIfResponseFailed(ErrorHandler.java:167)
	at org.openqa.selenium.remote.http.JsonHttpResponseCodec.reconstructValue(JsonHttpResponseCodec.java:40)
	at org.openqa.selenium.remote.http.AbstractHttpResponseCodec.decode(AbstractHttpResponseCodec.java:82)
	at org.openqa.selenium.remote.http.AbstractHttpResponseCodec.decode(AbstractHttpResponseCodec.java:45)
	at org.openqa.selenium.remote.HttpCommandExecutor.execute(HttpCommandExecutor.java:164)
	at org.openqa.selenium.remote.service.DriverCommandExecutor.execute(DriverCommandExecutor.java:82)
	at org.openqa.selenium.remote.RemoteWebDriver.execute(RemoteWebDriver.java:646)
	at org.openqa.selenium.remote.RemoteWebDriver.findElement(RemoteWebDriver.java:416)
	at org.openqa.selenium.remote.RemoteWebDriver.findElementByXPath(RemoteWebDriver.java:518)
	at org.openqa.selenium.By$ByXPath.findElement(By.java:361)
	at org.openqa.selenium.remote.RemoteWebDriver.findElement(RemoteWebDriver.java:408)
	at org.openqa.selenium.support.pagefactory.DefaultElementLocator.findElement(DefaultElementLocator.java:69)
	at org.openqa.selenium.support.pagefactory.internal.LocatingElementHandler.invoke(LocatingElementHandler.java:38)
	at com.sun.proxy.$Proxy10.click(Unknown Source)
	at com.ericsson.edos.dopuatautomation.pages.QueryBuilderPage.ClickQuerBuilderLink(QueryBuilderPage.java:282)
	at com.ericsson.edos.dopuatautomation.testcases.BouyguesTest.ValidateSearchingForCell(BouyguesTest.java:244)
... Removed 30 stack frames
</div> <!-- stack-trace -->
                </div> <!-- method-content -->
              </div> <!-- method -->
              <div class="method">
                <div class="method-content">
                  <a name="VerifyAllTitleTest">
                  </a> <!-- VerifyAllTitleTest -->
                  <span class="method-name">VerifyAllTitleTest</span>
                  <div class="stack-trace">org.openqa.selenium.NoSuchElementException: no such element: Unable to locate element: {&quot;method&quot;:&quot;xpath&quot;,&quot;selector&quot;:&quot;//a[contains(@href,&apos;Customer=Bouygues&apos;)]&quot;}
  (Session info: chrome=73.0.3683.103)
  (Driver info: chromedriver=2.35.528161 (5b82f2d2aae0ca24b877009200ced9065a772e73),platform=Windows NT 6.1.7601 SP1 x86_64) (WARNING: The server did not provide any stacktrace information)
Command duration or timeout: 0 milliseconds
For documentation on this error, please visit: http://seleniumhq.org/exceptions/no_such_element.html
Build info: version: &apos;3.5.3&apos;, revision: &apos;a88d25fe6b&apos;, time: &apos;2017-08-29T12:42:44.417Z&apos;
System info: host: &apos;5CD7432DCS&apos;, ip: &apos;100.97.189.194&apos;, os.name: &apos;Windows 7&apos;, os.arch: &apos;amd64&apos;, os.version: &apos;6.1&apos;, java.version: &apos;1.8.0_181&apos;
Driver info: org.openqa.selenium.chrome.ChromeDriver
Capabilities [{mobileEmulationEnabled=false, hasTouchScreen=false, platform=XP, acceptSslCerts=false, acceptInsecureCerts=false, webStorageEnabled=true, browserName=chrome, takesScreenshot=true, javascriptEnabled=true, platformName=XP, setWindowRect=true, unexpectedAlertBehaviour=, applicationCacheEnabled=false, rotatable=false, networkConnectionEnabled=false, chrome={chromedriverVersion=2.35.528161 (5b82f2d2aae0ca24b877009200ced9065a772e73), userDataDir=C:\Users\EHRXARP\AppData\Local\Temp\scoped_dir10212_23314}, takesHeapSnapshot=true, pageLoadStrategy=normal, unhandledPromptBehavior=, databaseEnabled=false, handlesAlerts=true, version=73.0.3683.103, browserConnectionEnabled=false, nativeEvents=true, locationContextEnabled=true, cssSelectorsEnabled=true}]
Session ID: 7c987c0aeea23513c3235d00ba0daa76
*** Element info: {Using=xpath, value=//a[contains(@href,&apos;Customer=Bouygues&apos;)]}
	at org.openqa.selenium.remote.ErrorHandler.createThrowable(ErrorHandler.java:215)
	at org.openqa.selenium.remote.ErrorHandler.throwIfResponseFailed(ErrorHandler.java:167)
	at org.openqa.selenium.remote.http.JsonHttpResponseCodec.reconstructValue(JsonHttpResponseCodec.java:40)
	at org.openqa.selenium.remote.http.AbstractHttpResponseCodec.decode(AbstractHttpResponseCodec.java:82)
	at org.openqa.selenium.remote.http.AbstractHttpResponseCodec.decode(AbstractHttpResponseCodec.java:45)
	at org.openqa.selenium.remote.HttpCommandExecutor.execute(HttpCommandExecutor.java:164)
	at org.openqa.selenium.remote.service.DriverCommandExecutor.execute(DriverCommandExecutor.java:82)
	at org.openqa.selenium.remote.RemoteWebDriver.execute(RemoteWebDriver.java:646)
	at org.openqa.selenium.remote.RemoteWebDriver.findElement(RemoteWebDriver.java:416)
	at org.openqa.selenium.remote.RemoteWebDriver.findElementByXPath(RemoteWebDriver.java:518)
	at org.openqa.selenium.By$ByXPath.findElement(By.java:361)
	at org.openqa.selenium.remote.RemoteWebDriver.findElement(RemoteWebDriver.java:408)
	at org.openqa.selenium.support.pagefactory.DefaultElementLocator.findElement(DefaultElementLocator.java:69)
	at org.openqa.selenium.support.pagefactory.internal.LocatingElementHandler.invoke(LocatingElementHandler.java:38)
	at com.sun.proxy.$Proxy10.click(Unknown Source)
	at com.ericsson.edos.dopuatautomation.pages.EdosDOPPerformancePortalPage.ClickBouyguesLink(EdosDOPPerformancePortalPage.java:35)
	at com.ericsson.edos.dopuatautomation.testcases.BouyguesTest.VerifyAllTitleTest(BouyguesTest.java:89)
... Removed 30 stack frames
</div> <!-- stack-trace -->
                </div> <!-- method-content -->
              </div> <!-- method -->
              <div class="method">
                <div class="method-content">
                  <a name="VerifyCounterAddedQBReportinTable">
                  </a> <!-- VerifyCounterAddedQBReportinTable -->
                  <span class="method-name">VerifyCounterAddedQBReportinTable</span>
                  <div class="stack-trace">org.openqa.selenium.WebDriverException: chrome not reachable
  (Session info: chrome=73.0.3683.103)
  (Driver info: chromedriver=2.35.528161 (5b82f2d2aae0ca24b877009200ced9065a772e73),platform=Windows NT 6.1.7601 SP1 x86_64) (WARNING: The server did not provide any stacktrace information)
Command duration or timeout: 0 milliseconds
Build info: version: &apos;3.5.3&apos;, revision: &apos;a88d25fe6b&apos;, time: &apos;2017-08-29T12:42:44.417Z&apos;
System info: host: &apos;5CD7432DCS&apos;, ip: &apos;100.97.189.194&apos;, os.name: &apos;Windows 7&apos;, os.arch: &apos;amd64&apos;, os.version: &apos;6.1&apos;, java.version: &apos;1.8.0_181&apos;
Driver info: org.openqa.selenium.chrome.ChromeDriver
Capabilities [{mobileEmulationEnabled=false, hasTouchScreen=false, platform=XP, acceptSslCerts=false, acceptInsecureCerts=false, webStorageEnabled=true, browserName=chrome, takesScreenshot=true, javascriptEnabled=true, platformName=XP, setWindowRect=true, unexpectedAlertBehaviour=, applicationCacheEnabled=false, rotatable=false, networkConnectionEnabled=false, chrome={chromedriverVersion=2.35.528161 (5b82f2d2aae0ca24b877009200ced9065a772e73), userDataDir=C:\Users\EHRXARP\AppData\Local\Temp\scoped_dir10212_23314}, takesHeapSnapshot=true, pageLoadStrategy=normal, unhandledPromptBehavior=, databaseEnabled=false, handlesAlerts=true, version=73.0.3683.103, browserConnectionEnabled=false, nativeEvents=true, locationContextEnabled=true, cssSelectorsEnabled=true}]
Session ID: 7c987c0aeea23513c3235d00ba0daa76
*** Element info: {Using=xpath, value=//td//a[@id=&apos;cboExistingReports_Arrow&apos;]}
	at org.openqa.selenium.remote.ErrorHandler.createThrowable(ErrorHandler.java:215)
	at org.openqa.selenium.remote.ErrorHandler.throwIfResponseFailed(ErrorHandler.java:167)
	at org.openqa.selenium.remote.http.JsonHttpResponseCodec.reconstructValue(JsonHttpResponseCodec.java:40)
	at org.openqa.selenium.remote.http.AbstractHttpResponseCodec.decode(AbstractHttpResponseCodec.java:82)
	at org.openqa.selenium.remote.http.AbstractHttpResponseCodec.decode(AbstractHttpResponseCodec.java:45)
	at org.openqa.selenium.remote.HttpCommandExecutor.execute(HttpCommandExecutor.java:164)
	at org.openqa.selenium.remote.service.DriverCommandExecutor.execute(DriverCommandExecutor.java:82)
	at org.openqa.selenium.remote.RemoteWebDriver.execute(RemoteWebDriver.java:646)
	at org.openqa.selenium.remote.RemoteWebDriver.findElement(RemoteWebDriver.java:416)
	at org.openqa.selenium.remote.RemoteWebDriver.findElementByXPath(RemoteWebDriver.java:518)
	at org.openqa.selenium.By$ByXPath.findElement(By.java:361)
	at org.openqa.selenium.remote.RemoteWebDriver.findElement(RemoteWebDriver.java:408)
	at org.openqa.selenium.support.pagefactory.DefaultElementLocator.findElement(DefaultElementLocator.java:69)
	at org.openqa.selenium.support.pagefactory.internal.LocatingElementHandler.invoke(LocatingElementHandler.java:38)
	at com.sun.proxy.$Proxy10.click(Unknown Source)
	at com.ericsson.edos.dopuatautomation.pages.QueryBuilderPage.SelectExisitingReports(QueryBuilderPage.java:839)
	at com.ericsson.edos.dopuatautomation.testcases.BouyguesTest.VerifyCounterAddedQBReportinTable(BouyguesTest.java:371)
... Removed 30 stack frames
</div> <!-- stack-trace -->
                </div> <!-- method-content -->
              </div> <!-- method -->
              <div class="method">
                <div class="method-content">
                  <a name="VerifyDeltaAuditForUnderlinedValues">
                  </a> <!-- VerifyDeltaAuditForUnderlinedValues -->
                  <span class="method-name">VerifyDeltaAuditForUnderlinedValues</span>
                  <div class="stack-trace">org.openqa.selenium.WebDriverException: chrome not reachable
  (Session info: chrome=73.0.3683.103)
  (Driver info: chromedriver=2.35.528161 (5b82f2d2aae0ca24b877009200ced9065a772e73),platform=Windows NT 6.1.7601 SP1 x86_64) (WARNING: The server did not provide any stacktrace information)
Command duration or timeout: 0 milliseconds
Build info: version: &apos;3.5.3&apos;, revision: &apos;a88d25fe6b&apos;, time: &apos;2017-08-29T12:42:44.417Z&apos;
System info: host: &apos;5CD7432DCS&apos;, ip: &apos;100.97.189.194&apos;, os.name: &apos;Windows 7&apos;, os.arch: &apos;amd64&apos;, os.version: &apos;6.1&apos;, java.version: &apos;1.8.0_181&apos;
Driver info: org.openqa.selenium.chrome.ChromeDriver
Capabilities [{mobileEmulationEnabled=false, hasTouchScreen=false, platform=XP, acceptSslCerts=false, acceptInsecureCerts=false, webStorageEnabled=true, browserName=chrome, takesScreenshot=true, javascriptEnabled=true, platformName=XP, setWindowRect=true, unexpectedAlertBehaviour=, applicationCacheEnabled=false, rotatable=false, networkConnectionEnabled=false, chrome={chromedriverVersion=2.35.528161 (5b82f2d2aae0ca24b877009200ced9065a772e73), userDataDir=C:\Users\EHRXARP\AppData\Local\Temp\scoped_dir10212_23314}, takesHeapSnapshot=true, pageLoadStrategy=normal, unhandledPromptBehavior=, databaseEnabled=false, handlesAlerts=true, version=73.0.3683.103, browserConnectionEnabled=false, nativeEvents=true, locationContextEnabled=true, cssSelectorsEnabled=true}]
Session ID: 7c987c0aeea23513c3235d00ba0daa76
*** Element info: {Using=xpath, value=(//div[@class=&apos;k-grid-content&apos;])[1]/table/tbody/tr}
	at org.openqa.selenium.remote.ErrorHandler.createThrowable(ErrorHandler.java:215)
	at org.openqa.selenium.remote.ErrorHandler.throwIfResponseFailed(ErrorHandler.java:167)
	at org.openqa.selenium.remote.http.JsonHttpResponseCodec.reconstructValue(JsonHttpResponseCodec.java:40)
	at org.openqa.selenium.remote.http.AbstractHttpResponseCodec.decode(AbstractHttpResponseCodec.java:82)
	at org.openqa.selenium.remote.http.AbstractHttpResponseCodec.decode(AbstractHttpResponseCodec.java:45)
	at org.openqa.selenium.remote.HttpCommandExecutor.execute(HttpCommandExecutor.java:164)
	at org.openqa.selenium.remote.service.DriverCommandExecutor.execute(DriverCommandExecutor.java:82)
	at org.openqa.selenium.remote.RemoteWebDriver.execute(RemoteWebDriver.java:646)
	at org.openqa.selenium.remote.RemoteWebDriver.findElements(RemoteWebDriver.java:443)
	at org.openqa.selenium.remote.RemoteWebDriver.findElementsByXPath(RemoteWebDriver.java:522)
	at org.openqa.selenium.By$ByXPath.findElements(By.java:356)
	at org.openqa.selenium.remote.RemoteWebDriver.findElements(RemoteWebDriver.java:404)
	at com.ericsson.edos.dopuatautomation.pages.DeltaAuditpage.ValidateTheExactChanges(DeltaAuditpage.java:204)
	at com.ericsson.edos.dopuatautomation.testcases.BouyguesTest.VerifyDeltaAuditForUnderlinedValues(BouyguesTest.java:1036)
... Removed 29 stack frames
</div> <!-- stack-trace -->
                </div> <!-- method-content -->
              </div> <!-- method -->
              <div class="method">
                <div class="method-content">
                  <a name="VerifyDeltaAuditofSites">
                  </a> <!-- VerifyDeltaAuditofSites -->
                  <span class="method-name">VerifyDeltaAuditofSites</span>
                  <div class="stack-trace">org.openqa.selenium.WebDriverException: chrome not reachable
  (Session info: chrome=73.0.3683.103)
  (Driver info: chromedriver=2.35.528161 (5b82f2d2aae0ca24b877009200ced9065a772e73),platform=Windows NT 6.1.7601 SP1 x86_64) (WARNING: The server did not provide any stacktrace information)
Command duration or timeout: 0 milliseconds
Build info: version: &apos;3.5.3&apos;, revision: &apos;a88d25fe6b&apos;, time: &apos;2017-08-29T12:42:44.417Z&apos;
System info: host: &apos;5CD7432DCS&apos;, ip: &apos;100.97.189.194&apos;, os.name: &apos;Windows 7&apos;, os.arch: &apos;amd64&apos;, os.version: &apos;6.1&apos;, java.version: &apos;1.8.0_181&apos;
Driver info: org.openqa.selenium.chrome.ChromeDriver
Capabilities [{mobileEmulationEnabled=false, hasTouchScreen=false, platform=XP, acceptSslCerts=false, acceptInsecureCerts=false, webStorageEnabled=true, browserName=chrome, takesScreenshot=true, javascriptEnabled=true, platformName=XP, setWindowRect=true, unexpectedAlertBehaviour=, applicationCacheEnabled=false, rotatable=false, networkConnectionEnabled=false, chrome={chromedriverVersion=2.35.528161 (5b82f2d2aae0ca24b877009200ced9065a772e73), userDataDir=C:\Users\EHRXARP\AppData\Local\Temp\scoped_dir10212_23314}, takesHeapSnapshot=true, pageLoadStrategy=normal, unhandledPromptBehavior=, databaseEnabled=false, handlesAlerts=true, version=73.0.3683.103, browserConnectionEnabled=false, nativeEvents=true, locationContextEnabled=true, cssSelectorsEnabled=true}]
Session ID: 7c987c0aeea23513c3235d00ba0daa76
*** Element info: {Using=xpath, value=//span[text()=&apos;Config Change Audit&apos;]}
	at org.openqa.selenium.remote.ErrorHandler.createThrowable(ErrorHandler.java:215)
	at org.openqa.selenium.remote.ErrorHandler.throwIfResponseFailed(ErrorHandler.java:167)
	at org.openqa.selenium.remote.http.JsonHttpResponseCodec.reconstructValue(JsonHttpResponseCodec.java:40)
	at org.openqa.selenium.remote.http.AbstractHttpResponseCodec.decode(AbstractHttpResponseCodec.java:82)
	at org.openqa.selenium.remote.http.AbstractHttpResponseCodec.decode(AbstractHttpResponseCodec.java:45)
	at org.openqa.selenium.remote.HttpCommandExecutor.execute(HttpCommandExecutor.java:164)
	at org.openqa.selenium.remote.service.DriverCommandExecutor.execute(DriverCommandExecutor.java:82)
	at org.openqa.selenium.remote.RemoteWebDriver.execute(RemoteWebDriver.java:646)
	at org.openqa.selenium.remote.RemoteWebDriver.findElement(RemoteWebDriver.java:416)
	at org.openqa.selenium.remote.RemoteWebDriver.findElementByXPath(RemoteWebDriver.java:518)
	at org.openqa.selenium.By$ByXPath.findElement(By.java:361)
	at org.openqa.selenium.remote.RemoteWebDriver.findElement(RemoteWebDriver.java:408)
	at org.openqa.selenium.support.pagefactory.DefaultElementLocator.findElement(DefaultElementLocator.java:69)
	at org.openqa.selenium.support.pagefactory.internal.LocatingElementHandler.invoke(LocatingElementHandler.java:38)
	at com.sun.proxy.$Proxy10.click(Unknown Source)
	at com.ericsson.edos.dopuatautomation.pages.DeltaAuditpage.ClickOnConfigChangeAudit(DeltaAuditpage.java:64)
	at com.ericsson.edos.dopuatautomation.testcases.BouyguesTest.VerifyDeltaAuditofSites(BouyguesTest.java:955)
... Removed 29 stack frames
</div> <!-- stack-trace -->
                </div> <!-- method-content -->
              </div> <!-- method -->
              <div class="method">
                <div class="method-content">
                  <a name="VerifyFingerRCAReport">
                  </a> <!-- VerifyFingerRCAReport -->
                  <span class="method-name">VerifyFingerRCAReport</span>
                  <div class="stack-trace">org.openqa.selenium.WebDriverException: chrome not reachable
  (Session info: chrome=73.0.3683.103)
  (Driver info: chromedriver=2.35.528161 (5b82f2d2aae0ca24b877009200ced9065a772e73),platform=Windows NT 6.1.7601 SP1 x86_64) (WARNING: The server did not provide any stacktrace information)
Command duration or timeout: 0 milliseconds
Build info: version: &apos;3.5.3&apos;, revision: &apos;a88d25fe6b&apos;, time: &apos;2017-08-29T12:42:44.417Z&apos;
System info: host: &apos;5CD7432DCS&apos;, ip: &apos;100.97.189.194&apos;, os.name: &apos;Windows 7&apos;, os.arch: &apos;amd64&apos;, os.version: &apos;6.1&apos;, java.version: &apos;1.8.0_181&apos;
Driver info: org.openqa.selenium.chrome.ChromeDriver
Capabilities [{mobileEmulationEnabled=false, hasTouchScreen=false, platform=XP, acceptSslCerts=false, acceptInsecureCerts=false, webStorageEnabled=true, browserName=chrome, takesScreenshot=true, javascriptEnabled=true, platformName=XP, setWindowRect=true, unexpectedAlertBehaviour=, applicationCacheEnabled=false, rotatable=false, networkConnectionEnabled=false, chrome={chromedriverVersion=2.35.528161 (5b82f2d2aae0ca24b877009200ced9065a772e73), userDataDir=C:\Users\EHRXARP\AppData\Local\Temp\scoped_dir10212_23314}, takesHeapSnapshot=true, pageLoadStrategy=normal, unhandledPromptBehavior=, databaseEnabled=false, handlesAlerts=true, version=73.0.3683.103, browserConnectionEnabled=false, nativeEvents=true, locationContextEnabled=true, cssSelectorsEnabled=true}]
Session ID: 7c987c0aeea23513c3235d00ba0daa76
*** Element info: {Using=xpath, value=//span[text()=&apos;Fingerprint RCA National Rollup&apos;]}
	at org.openqa.selenium.remote.ErrorHandler.createThrowable(ErrorHandler.java:215)
	at org.openqa.selenium.remote.ErrorHandler.throwIfResponseFailed(ErrorHandler.java:167)
	at org.openqa.selenium.remote.http.JsonHttpResponseCodec.reconstructValue(JsonHttpResponseCodec.java:40)
	at org.openqa.selenium.remote.http.AbstractHttpResponseCodec.decode(AbstractHttpResponseCodec.java:82)
	at org.openqa.selenium.remote.http.AbstractHttpResponseCodec.decode(AbstractHttpResponseCodec.java:45)
	at org.openqa.selenium.remote.HttpCommandExecutor.execute(HttpCommandExecutor.java:164)
	at org.openqa.selenium.remote.service.DriverCommandExecutor.execute(DriverCommandExecutor.java:82)
	at org.openqa.selenium.remote.RemoteWebDriver.execute(RemoteWebDriver.java:646)
	at org.openqa.selenium.remote.RemoteWebDriver.findElement(RemoteWebDriver.java:416)
	at org.openqa.selenium.remote.RemoteWebDriver.findElementByXPath(RemoteWebDriver.java:518)
	at org.openqa.selenium.By$ByXPath.findElement(By.java:361)
	at org.openqa.selenium.remote.RemoteWebDriver.findElement(RemoteWebDriver.java:408)
	at org.openqa.selenium.support.pagefactory.DefaultElementLocator.findElement(DefaultElementLocator.java:69)
	at org.openqa.selenium.support.pagefactory.internal.LocatingElementHandler.invoke(LocatingElementHandler.java:38)
	at com.sun.proxy.$Proxy10.click(Unknown Source)
	at com.ericsson.edos.dopuatautomation.pages.EdosBouyguesPage.clickonRCANationalReport(EdosBouyguesPage.java:172)
	at com.ericsson.edos.dopuatautomation.testcases.BouyguesTest.VerifyFingerRCAReport(BouyguesTest.java:885)
... Removed 29 stack frames
</div> <!-- stack-trace -->
                </div> <!-- method-content -->
              </div> <!-- method -->
              <div class="method">
                <div class="method-content">
                  <a name="VerifyIsolationReport">
                  </a> <!-- VerifyIsolationReport -->
                  <span class="method-name">VerifyIsolationReport</span>
                  <div class="stack-trace">org.openqa.selenium.WebDriverException: chrome not reachable
  (Session info: chrome=73.0.3683.103)
  (Driver info: chromedriver=2.35.528161 (5b82f2d2aae0ca24b877009200ced9065a772e73),platform=Windows NT 6.1.7601 SP1 x86_64) (WARNING: The server did not provide any stacktrace information)
Command duration or timeout: 0 milliseconds
Build info: version: &apos;3.5.3&apos;, revision: &apos;a88d25fe6b&apos;, time: &apos;2017-08-29T12:42:44.417Z&apos;
System info: host: &apos;5CD7432DCS&apos;, ip: &apos;100.97.189.194&apos;, os.name: &apos;Windows 7&apos;, os.arch: &apos;amd64&apos;, os.version: &apos;6.1&apos;, java.version: &apos;1.8.0_181&apos;
Driver info: org.openqa.selenium.chrome.ChromeDriver
Capabilities [{mobileEmulationEnabled=false, hasTouchScreen=false, platform=XP, acceptSslCerts=false, acceptInsecureCerts=false, webStorageEnabled=true, browserName=chrome, takesScreenshot=true, javascriptEnabled=true, platformName=XP, setWindowRect=true, unexpectedAlertBehaviour=, applicationCacheEnabled=false, rotatable=false, networkConnectionEnabled=false, chrome={chromedriverVersion=2.35.528161 (5b82f2d2aae0ca24b877009200ced9065a772e73), userDataDir=C:\Users\EHRXARP\AppData\Local\Temp\scoped_dir10212_23314}, takesHeapSnapshot=true, pageLoadStrategy=normal, unhandledPromptBehavior=, databaseEnabled=false, handlesAlerts=true, version=73.0.3683.103, browserConnectionEnabled=false, nativeEvents=true, locationContextEnabled=true, cssSelectorsEnabled=true}]
Session ID: 7c987c0aeea23513c3235d00ba0daa76
*** Element info: {Using=xpath, value=//span[text()=&apos;Precanned Reports&apos;]}
	at org.openqa.selenium.remote.ErrorHandler.createThrowable(ErrorHandler.java:215)
	at org.openqa.selenium.remote.ErrorHandler.throwIfResponseFailed(ErrorHandler.java:167)
	at org.openqa.selenium.remote.http.JsonHttpResponseCodec.reconstructValue(JsonHttpResponseCodec.java:40)
	at org.openqa.selenium.remote.http.AbstractHttpResponseCodec.decode(AbstractHttpResponseCodec.java:82)
	at org.openqa.selenium.remote.http.AbstractHttpResponseCodec.decode(AbstractHttpResponseCodec.java:45)
	at org.openqa.selenium.remote.HttpCommandExecutor.execute(HttpCommandExecutor.java:164)
	at org.openqa.selenium.remote.service.DriverCommandExecutor.execute(DriverCommandExecutor.java:82)
	at org.openqa.selenium.remote.RemoteWebDriver.execute(RemoteWebDriver.java:646)
	at org.openqa.selenium.remote.RemoteWebDriver.findElement(RemoteWebDriver.java:416)
	at org.openqa.selenium.remote.RemoteWebDriver.findElementByXPath(RemoteWebDriver.java:518)
	at org.openqa.selenium.By$ByXPath.findElement(By.java:361)
	at org.openqa.selenium.remote.RemoteWebDriver.findElement(RemoteWebDriver.java:408)
	at org.openqa.selenium.support.pagefactory.DefaultElementLocator.findElement(DefaultElementLocator.java:69)
	at org.openqa.selenium.support.pagefactory.internal.LocatingElementHandler.invoke(LocatingElementHandler.java:38)
	at com.sun.proxy.$Proxy10.click(Unknown Source)
	at com.ericsson.edos.dopuatautomation.pages.EdosBouyguesPage.clickonPrecannedReports(EdosBouyguesPage.java:145)
	at com.ericsson.edos.dopuatautomation.testcases.BouyguesTest.VerifyIsolationReport(BouyguesTest.java:800)
... Removed 30 stack frames
</div> <!-- stack-trace -->
                </div> <!-- method-content -->
              </div> <!-- method -->
              <div class="method">
                <div class="method-content">
                  <a name="VerifyPreCannedReport">
                  </a> <!-- VerifyPreCannedReport -->
                  <span class="method-name">VerifyPreCannedReport</span>
                  <div class="stack-trace">org.openqa.selenium.WebDriverException: chrome not reachable
  (Session info: chrome=73.0.3683.103)
  (Driver info: chromedriver=2.35.528161 (5b82f2d2aae0ca24b877009200ced9065a772e73),platform=Windows NT 6.1.7601 SP1 x86_64) (WARNING: The server did not provide any stacktrace information)
Command duration or timeout: 0 milliseconds
Build info: version: &apos;3.5.3&apos;, revision: &apos;a88d25fe6b&apos;, time: &apos;2017-08-29T12:42:44.417Z&apos;
System info: host: &apos;5CD7432DCS&apos;, ip: &apos;100.97.189.194&apos;, os.name: &apos;Windows 7&apos;, os.arch: &apos;amd64&apos;, os.version: &apos;6.1&apos;, java.version: &apos;1.8.0_181&apos;
Driver info: org.openqa.selenium.chrome.ChromeDriver
Capabilities [{mobileEmulationEnabled=false, hasTouchScreen=false, platform=XP, acceptSslCerts=false, acceptInsecureCerts=false, webStorageEnabled=true, browserName=chrome, takesScreenshot=true, javascriptEnabled=true, platformName=XP, setWindowRect=true, unexpectedAlertBehaviour=, applicationCacheEnabled=false, rotatable=false, networkConnectionEnabled=false, chrome={chromedriverVersion=2.35.528161 (5b82f2d2aae0ca24b877009200ced9065a772e73), userDataDir=C:\Users\EHRXARP\AppData\Local\Temp\scoped_dir10212_23314}, takesHeapSnapshot=true, pageLoadStrategy=normal, unhandledPromptBehavior=, databaseEnabled=false, handlesAlerts=true, version=73.0.3683.103, browserConnectionEnabled=false, nativeEvents=true, locationContextEnabled=true, cssSelectorsEnabled=true}]
Session ID: 7c987c0aeea23513c3235d00ba0daa76
*** Element info: {Using=xpath, value=//span[text()=&apos;Precanned Reports&apos;]}
	at org.openqa.selenium.remote.ErrorHandler.createThrowable(ErrorHandler.java:215)
	at org.openqa.selenium.remote.ErrorHandler.throwIfResponseFailed(ErrorHandler.java:167)
	at org.openqa.selenium.remote.http.JsonHttpResponseCodec.reconstructValue(JsonHttpResponseCodec.java:40)
	at org.openqa.selenium.remote.http.AbstractHttpResponseCodec.decode(AbstractHttpResponseCodec.java:82)
	at org.openqa.selenium.remote.http.AbstractHttpResponseCodec.decode(AbstractHttpResponseCodec.java:45)
	at org.openqa.selenium.remote.HttpCommandExecutor.execute(HttpCommandExecutor.java:164)
	at org.openqa.selenium.remote.service.DriverCommandExecutor.execute(DriverCommandExecutor.java:82)
	at org.openqa.selenium.remote.RemoteWebDriver.execute(RemoteWebDriver.java:646)
	at org.openqa.selenium.remote.RemoteWebDriver.findElement(RemoteWebDriver.java:416)
	at org.openqa.selenium.remote.RemoteWebDriver.findElementByXPath(RemoteWebDriver.java:518)
	at org.openqa.selenium.By$ByXPath.findElement(By.java:361)
	at org.openqa.selenium.remote.RemoteWebDriver.findElement(RemoteWebDriver.java:408)
	at org.openqa.selenium.support.pagefactory.DefaultElementLocator.findElement(DefaultElementLocator.java:69)
	at org.openqa.selenium.support.pagefactory.internal.LocatingElementHandler.invoke(LocatingElementHandler.java:38)
	at com.sun.proxy.$Proxy10.click(Unknown Source)
	at com.ericsson.edos.dopuatautomation.pages.EdosBouyguesPage.clickonPrecannedReports(EdosBouyguesPage.java:145)
	at com.ericsson.edos.dopuatautomation.testcases.BouyguesTest.VerifyPreCannedReport(BouyguesTest.java:628)
... Removed 30 stack frames
</div> <!-- stack-trace -->
                </div> <!-- method-content -->
              </div> <!-- method -->
              <div class="method">
                <div class="method-content">
                  <a name="VerifyPreCannedReportByCell">
                  </a> <!-- VerifyPreCannedReportByCell -->
                  <span class="method-name">VerifyPreCannedReportByCell</span>
                  <div class="stack-trace">org.openqa.selenium.WebDriverException: chrome not reachable
  (Session info: chrome=73.0.3683.103)
  (Driver info: chromedriver=2.35.528161 (5b82f2d2aae0ca24b877009200ced9065a772e73),platform=Windows NT 6.1.7601 SP1 x86_64) (WARNING: The server did not provide any stacktrace information)
Command duration or timeout: 0 milliseconds
Build info: version: &apos;3.5.3&apos;, revision: &apos;a88d25fe6b&apos;, time: &apos;2017-08-29T12:42:44.417Z&apos;
System info: host: &apos;5CD7432DCS&apos;, ip: &apos;100.97.189.194&apos;, os.name: &apos;Windows 7&apos;, os.arch: &apos;amd64&apos;, os.version: &apos;6.1&apos;, java.version: &apos;1.8.0_181&apos;
Driver info: org.openqa.selenium.chrome.ChromeDriver
Capabilities [{mobileEmulationEnabled=false, hasTouchScreen=false, platform=XP, acceptSslCerts=false, acceptInsecureCerts=false, webStorageEnabled=true, browserName=chrome, takesScreenshot=true, javascriptEnabled=true, platformName=XP, setWindowRect=true, unexpectedAlertBehaviour=, applicationCacheEnabled=false, rotatable=false, networkConnectionEnabled=false, chrome={chromedriverVersion=2.35.528161 (5b82f2d2aae0ca24b877009200ced9065a772e73), userDataDir=C:\Users\EHRXARP\AppData\Local\Temp\scoped_dir10212_23314}, takesHeapSnapshot=true, pageLoadStrategy=normal, unhandledPromptBehavior=, databaseEnabled=false, handlesAlerts=true, version=73.0.3683.103, browserConnectionEnabled=false, nativeEvents=true, locationContextEnabled=true, cssSelectorsEnabled=true}]
Session ID: 7c987c0aeea23513c3235d00ba0daa76
*** Element info: {Using=xpath, value=//div[@class=&apos;k-grid-content-locked&apos;]//table//tbody//tr}
	at org.openqa.selenium.remote.ErrorHandler.createThrowable(ErrorHandler.java:215)
	at org.openqa.selenium.remote.ErrorHandler.throwIfResponseFailed(ErrorHandler.java:167)
	at org.openqa.selenium.remote.http.JsonHttpResponseCodec.reconstructValue(JsonHttpResponseCodec.java:40)
	at org.openqa.selenium.remote.http.AbstractHttpResponseCodec.decode(AbstractHttpResponseCodec.java:82)
	at org.openqa.selenium.remote.http.AbstractHttpResponseCodec.decode(AbstractHttpResponseCodec.java:45)
	at org.openqa.selenium.remote.HttpCommandExecutor.execute(HttpCommandExecutor.java:164)
	at org.openqa.selenium.remote.service.DriverCommandExecutor.execute(DriverCommandExecutor.java:82)
	at org.openqa.selenium.remote.RemoteWebDriver.execute(RemoteWebDriver.java:646)
	at org.openqa.selenium.remote.RemoteWebDriver.findElements(RemoteWebDriver.java:443)
	at org.openqa.selenium.remote.RemoteWebDriver.findElementsByXPath(RemoteWebDriver.java:522)
	at org.openqa.selenium.By$ByXPath.findElements(By.java:356)
	at org.openqa.selenium.remote.RemoteWebDriver.findElements(RemoteWebDriver.java:404)
	at org.openqa.selenium.support.pagefactory.DefaultElementLocator.findElements(DefaultElementLocator.java:85)
	at org.openqa.selenium.support.pagefactory.internal.LocatingElementListHandler.invoke(LocatingElementListHandler.java:36)
	at com.sun.proxy.$Proxy11.size(Unknown Source)
	at com.ericsson.edos.dopuatautomation.pages.EnodeBPerfKPIs.tablesize(EnodeBPerfKPIs.java:235)
	at com.ericsson.edos.dopuatautomation.testcases.BouyguesTest.VerifyPreCannedReportByCell(BouyguesTest.java:648)
... Removed 30 stack frames
</div> <!-- stack-trace -->
                </div> <!-- method-content -->
              </div> <!-- method -->
              <div class="method">
                <div class="method-content">
                  <a name="VerifyQBReportinTable">
                  </a> <!-- VerifyQBReportinTable -->
                  <span class="method-name">VerifyQBReportinTable</span>
                  <div class="stack-trace">java.lang.AssertionError: Table Doesn&apos;t Contains the Selected counter and Dates filtred expected [true] but found [false]
	at com.ericsson.edos.dopuatautomation.testcases.BouyguesTest.VerifyQBReportinTable(BouyguesTest.java:447)
... Removed 29 stack frames
</div> <!-- stack-trace -->
                </div> <!-- method-content -->
              </div> <!-- method -->
              <div class="method">
                <div class="method-content">
                  <a name="VerifyRCAReport">
                  </a> <!-- VerifyRCAReport -->
                  <span class="method-name">VerifyRCAReport</span>
                  <div class="stack-trace">org.openqa.selenium.WebDriverException: chrome not reachable
  (Session info: chrome=73.0.3683.103)
  (Driver info: chromedriver=2.35.528161 (5b82f2d2aae0ca24b877009200ced9065a772e73),platform=Windows NT 6.1.7601 SP1 x86_64) (WARNING: The server did not provide any stacktrace information)
Command duration or timeout: 0 milliseconds
Build info: version: &apos;3.5.3&apos;, revision: &apos;a88d25fe6b&apos;, time: &apos;2017-08-29T12:42:44.417Z&apos;
System info: host: &apos;5CD7432DCS&apos;, ip: &apos;100.97.189.194&apos;, os.name: &apos;Windows 7&apos;, os.arch: &apos;amd64&apos;, os.version: &apos;6.1&apos;, java.version: &apos;1.8.0_181&apos;
Driver info: org.openqa.selenium.chrome.ChromeDriver
Capabilities [{mobileEmulationEnabled=false, hasTouchScreen=false, platform=XP, acceptSslCerts=false, acceptInsecureCerts=false, webStorageEnabled=true, browserName=chrome, takesScreenshot=true, javascriptEnabled=true, platformName=XP, setWindowRect=true, unexpectedAlertBehaviour=, applicationCacheEnabled=false, rotatable=false, networkConnectionEnabled=false, chrome={chromedriverVersion=2.35.528161 (5b82f2d2aae0ca24b877009200ced9065a772e73), userDataDir=C:\Users\EHRXARP\AppData\Local\Temp\scoped_dir10212_23314}, takesHeapSnapshot=true, pageLoadStrategy=normal, unhandledPromptBehavior=, databaseEnabled=false, handlesAlerts=true, version=73.0.3683.103, browserConnectionEnabled=false, nativeEvents=true, locationContextEnabled=true, cssSelectorsEnabled=true}]
Session ID: 7c987c0aeea23513c3235d00ba0daa76
*** Element info: {Using=xpath, value=//span[text()=&apos;RCA Report&apos;]}
	at org.openqa.selenium.remote.ErrorHandler.createThrowable(ErrorHandler.java:215)
	at org.openqa.selenium.remote.ErrorHandler.throwIfResponseFailed(ErrorHandler.java:167)
	at org.openqa.selenium.remote.http.JsonHttpResponseCodec.reconstructValue(JsonHttpResponseCodec.java:40)
	at org.openqa.selenium.remote.http.AbstractHttpResponseCodec.decode(AbstractHttpResponseCodec.java:82)
	at org.openqa.selenium.remote.http.AbstractHttpResponseCodec.decode(AbstractHttpResponseCodec.java:45)
	at org.openqa.selenium.remote.HttpCommandExecutor.execute(HttpCommandExecutor.java:164)
	at org.openqa.selenium.remote.service.DriverCommandExecutor.execute(DriverCommandExecutor.java:82)
	at org.openqa.selenium.remote.RemoteWebDriver.execute(RemoteWebDriver.java:646)
	at org.openqa.selenium.remote.RemoteWebDriver.findElement(RemoteWebDriver.java:416)
	at org.openqa.selenium.remote.RemoteWebDriver.findElementByXPath(RemoteWebDriver.java:518)
	at org.openqa.selenium.By$ByXPath.findElement(By.java:361)
	at org.openqa.selenium.remote.RemoteWebDriver.findElement(RemoteWebDriver.java:408)
	at org.openqa.selenium.support.pagefactory.DefaultElementLocator.findElement(DefaultElementLocator.java:69)
	at org.openqa.selenium.support.pagefactory.internal.LocatingElementHandler.invoke(LocatingElementHandler.java:38)
	at com.sun.proxy.$Proxy10.click(Unknown Source)
	at com.ericsson.edos.dopuatautomation.pages.EdosBouyguesPage.clickonRCAReport(EdosBouyguesPage.java:167)
	at com.ericsson.edos.dopuatautomation.testcases.BouyguesTest.VerifyRCAReport(BouyguesTest.java:844)
... Removed 29 stack frames
</div> <!-- stack-trace -->
                </div> <!-- method-content -->
              </div> <!-- method -->
              <div class="method">
                <div class="method-content">
                  <a name="VerifyTriageReport">
                  </a> <!-- VerifyTriageReport -->
                  <span class="method-name">VerifyTriageReport</span>
                  <div class="stack-trace">org.openqa.selenium.WebDriverException: chrome not reachable
  (Session info: chrome=73.0.3683.103)
  (Driver info: chromedriver=2.35.528161 (5b82f2d2aae0ca24b877009200ced9065a772e73),platform=Windows NT 6.1.7601 SP1 x86_64) (WARNING: The server did not provide any stacktrace information)
Command duration or timeout: 0 milliseconds
Build info: version: &apos;3.5.3&apos;, revision: &apos;a88d25fe6b&apos;, time: &apos;2017-08-29T12:42:44.417Z&apos;
System info: host: &apos;5CD7432DCS&apos;, ip: &apos;100.97.189.194&apos;, os.name: &apos;Windows 7&apos;, os.arch: &apos;amd64&apos;, os.version: &apos;6.1&apos;, java.version: &apos;1.8.0_181&apos;
Driver info: org.openqa.selenium.chrome.ChromeDriver
Capabilities [{mobileEmulationEnabled=false, hasTouchScreen=false, platform=XP, acceptSslCerts=false, acceptInsecureCerts=false, webStorageEnabled=true, browserName=chrome, takesScreenshot=true, javascriptEnabled=true, platformName=XP, setWindowRect=true, unexpectedAlertBehaviour=, applicationCacheEnabled=false, rotatable=false, networkConnectionEnabled=false, chrome={chromedriverVersion=2.35.528161 (5b82f2d2aae0ca24b877009200ced9065a772e73), userDataDir=C:\Users\EHRXARP\AppData\Local\Temp\scoped_dir10212_23314}, takesHeapSnapshot=true, pageLoadStrategy=normal, unhandledPromptBehavior=, databaseEnabled=false, handlesAlerts=true, version=73.0.3683.103, browserConnectionEnabled=false, nativeEvents=true, locationContextEnabled=true, cssSelectorsEnabled=true}]
Session ID: 7c987c0aeea23513c3235d00ba0daa76
*** Element info: {Using=xpath, value=//span[text()=&apos;Triage Report&apos;]}
	at org.openqa.selenium.remote.ErrorHandler.createThrowable(ErrorHandler.java:215)
	at org.openqa.selenium.remote.ErrorHandler.throwIfResponseFailed(ErrorHandler.java:167)
	at org.openqa.selenium.remote.http.JsonHttpResponseCodec.reconstructValue(JsonHttpResponseCodec.java:40)
	at org.openqa.selenium.remote.http.AbstractHttpResponseCodec.decode(AbstractHttpResponseCodec.java:82)
	at org.openqa.selenium.remote.http.AbstractHttpResponseCodec.decode(AbstractHttpResponseCodec.java:45)
	at org.openqa.selenium.remote.HttpCommandExecutor.execute(HttpCommandExecutor.java:164)
	at org.openqa.selenium.remote.service.DriverCommandExecutor.execute(DriverCommandExecutor.java:82)
	at org.openqa.selenium.remote.RemoteWebDriver.execute(RemoteWebDriver.java:646)
	at org.openqa.selenium.remote.RemoteWebDriver.findElement(RemoteWebDriver.java:416)
	at org.openqa.selenium.remote.RemoteWebDriver.findElementByXPath(RemoteWebDriver.java:518)
	at org.openqa.selenium.By$ByXPath.findElement(By.java:361)
	at org.openqa.selenium.remote.RemoteWebDriver.findElement(RemoteWebDriver.java:408)
	at org.openqa.selenium.support.pagefactory.DefaultElementLocator.findElement(DefaultElementLocator.java:69)
	at org.openqa.selenium.support.pagefactory.internal.LocatingElementHandler.invoke(LocatingElementHandler.java:38)
	at com.sun.proxy.$Proxy10.click(Unknown Source)
	at com.ericsson.edos.dopuatautomation.pages.EdosBouyguesPage.clickonTriageReport(EdosBouyguesPage.java:177)
	at com.ericsson.edos.dopuatautomation.testcases.BouyguesTest.VerifyTriageReport(BouyguesTest.java:912)
	at java.util.concurrent.Executors$RunnableAdapter.call(Executors.java:511)
	at java.util.concurrent.FutureTask.run(FutureTask.java:266)
	at java.util.concurrent.ThreadPoolExecutor.runWorker(ThreadPoolExecutor.java:1149)
	at java.util.concurrent.ThreadPoolExecutor$Worker.run(ThreadPoolExecutor.java:624)
	at java.lang.Thread.run(Thread.java:748)
... Removed 10 stack frames
</div> <!-- stack-trace -->
                </div> <!-- method-content -->
              </div> <!-- method -->
              <div class="method">
                <div class="method-content">
                  <a name="VerifyenodeBUtranCellTest">
                  </a> <!-- VerifyenodeBUtranCellTest -->
                  <span class="method-name">VerifyenodeBUtranCellTest</span>
                  <div class="stack-trace">java.lang.AssertionError: expected [eNodeB UtranCell Configuration Advanced Master Daily] but found [GNP CTA]
	at com.ericsson.edos.dopuatautomation.testcases.BouyguesTest.VerifyenodeBUtranCellTest(BouyguesTest.java:216)
... Removed 32 stack frames
</div> <!-- stack-trace -->
                </div> <!-- method-content -->
              </div> <!-- method -->
            </div> <!-- main-panel-content rounded-window-bottom -->
          </div> <!-- suite-Regression_Testing_Suite_(1)-class-failed -->
          <div class="suite-Regression_Testing_Suite_(1)-class-skipped">
            <div class="main-panel-header rounded-window-top">
              <img src="skipped.png"/>
              <span class="class-name">com.ericsson.edos.dopuatautomation.testcases.BouyguesTest</span>
            </div> <!-- main-panel-header rounded-window-top -->
            <div class="main-panel-content rounded-window-bottom">
              <div class="method">
                <div class="method-content">
                  <a name="VerifyEprefKPIChart">
                  </a> <!-- VerifyEprefKPIChart -->
                  <span class="method-name">VerifyEprefKPIChart</span>
                  <div class="stack-trace">java.lang.Throwable: Method BouyguesTest.VerifyEprefKPIChart()[pri:22, instance:com.ericsson.edos.dopuatautomation.testcases.BouyguesTest@578486a3] depends on not successfully finished methods
... Removed 19 stack frames
</div> <!-- stack-trace -->
                </div> <!-- method-content -->
              </div> <!-- method -->
              <div class="method">
                <div class="method-content">
                  <a name="VerifyEprefNEChart">
                  </a> <!-- VerifyEprefNEChart -->
                  <span class="method-name">VerifyEprefNEChart</span>
                  <div class="stack-trace">java.lang.Throwable: Method BouyguesTest.VerifyEprefNEChart()[pri:23, instance:com.ericsson.edos.dopuatautomation.testcases.BouyguesTest@578486a3] depends on not successfully finished methods
... Removed 19 stack frames
</div> <!-- stack-trace -->
                </div> <!-- method-content -->
              </div> <!-- method -->
              <div class="method">
                <div class="method-content">
                  <a name="VerifyEprefTimeChart">
                  </a> <!-- VerifyEprefTimeChart -->
                  <span class="method-name">VerifyEprefTimeChart</span>
                  <div class="stack-trace">java.lang.Throwable: Method BouyguesTest.VerifyEprefTimeChart()[pri:24, instance:com.ericsson.edos.dopuatautomation.testcases.BouyguesTest@578486a3] depends on not successfully finished methods
... Removed 19 stack frames
</div> <!-- stack-trace -->
                </div> <!-- method-content -->
              </div> <!-- method -->
              <div class="method">
                <div class="method-content">
                  <a name="VerifyExportToCSV">
                  </a> <!-- VerifyExportToCSV -->
                  <span class="method-name">VerifyExportToCSV</span>
                  <div class="stack-trace">java.lang.Throwable: Method BouyguesTest.VerifyExportToCSV()[pri:13, instance:com.ericsson.edos.dopuatautomation.testcases.BouyguesTest@578486a3] depends on not successfully finished methods
... Removed 19 stack frames
</div> <!-- stack-trace -->
                </div> <!-- method-content -->
              </div> <!-- method -->
              <div class="method">
                <div class="method-content">
                  <a name="VerifyExportToExcel">
                  </a> <!-- VerifyExportToExcel -->
                  <span class="method-name">VerifyExportToExcel</span>
                  <div class="stack-trace">java.lang.Throwable: Method BouyguesTest.VerifyExportToExcel()[pri:12, instance:com.ericsson.edos.dopuatautomation.testcases.BouyguesTest@578486a3] depends on not successfully finished methods
... Removed 19 stack frames
</div> <!-- stack-trace -->
                </div> <!-- method-content -->
              </div> <!-- method -->
              <div class="method">
                <div class="method-content">
                  <a name="VerifyQBCharting">
                  </a> <!-- VerifyQBCharting -->
                  <span class="method-name">VerifyQBCharting</span>
                  <div class="stack-trace">java.lang.Throwable: Method BouyguesTest.VerifyQBCharting()[pri:15, instance:com.ericsson.edos.dopuatautomation.testcases.BouyguesTest@578486a3] depends on not successfully finished methods
... Removed 19 stack frames
</div> <!-- stack-trace -->
                </div> <!-- method-content -->
              </div> <!-- method -->
            </div> <!-- main-panel-content rounded-window-bottom -->
          </div> <!-- suite-Regression_Testing_Suite_(1)-class-skipped -->
          <div class="suite-Regression_Testing_Suite_(1)-class-passed">
            <div class="main-panel-header rounded-window-top">
              <img src="passed.png"/>
              <span class="class-name">com.ericsson.edos.dopuatautomation.testcases.LandingpageTest</span>
            </div> <!-- main-panel-header rounded-window-top -->
            <div class="main-panel-content rounded-window-bottom">
              <div class="method">
                <div class="method-content">
                  <a name="LandingPageTitleTest">
                  </a> <!-- LandingPageTitleTest -->
                  <span class="method-name">LandingPageTitleTest</span>
                </div> <!-- method-content -->
              </div> <!-- method -->
              <div class="method">
                <div class="method-content">
                  <a name="LegalNoticeLogoTest">
                  </a> <!-- LegalNoticeLogoTest -->
                  <span class="method-name">LegalNoticeLogoTest</span>
                </div> <!-- method-content -->
              </div> <!-- method -->
              <div class="method">
                <div class="method-content">
                  <a name="ProceedButtonTest">
                  </a> <!-- ProceedButtonTest -->
                  <span class="method-name">ProceedButtonTest</span>
                </div> <!-- method-content -->
              </div> <!-- method -->
            </div> <!-- main-panel-content rounded-window-bottom -->
          </div> <!-- suite-Regression_Testing_Suite_(1)-class-passed -->
          <div class="suite-Regression_Testing_Suite_(1)-class-passed">
            <div class="main-panel-header rounded-window-top">
              <img src="passed.png"/>
              <span class="class-name">com.ericsson.edos.dopuatautomation.testcases.LoginPageTest</span>
            </div> <!-- main-panel-header rounded-window-top -->
            <div class="main-panel-content rounded-window-bottom">
              <div class="method">
                <div class="method-content">
                  <a name="ClickEnterButtonTest">
                  </a> <!-- ClickEnterButtonTest -->
                  <span class="method-name">ClickEnterButtonTest</span>
                </div> <!-- method-content -->
              </div> <!-- method -->
              <div class="method">
                <div class="method-content">
                  <a name="EdosLogo1Test">
                  </a> <!-- EdosLogo1Test -->
                  <span class="method-name">EdosLogo1Test</span>
                </div> <!-- method-content -->
              </div> <!-- method -->
              <div class="method">
                <div class="method-content">
                  <a name="EdosLogo2Test">
                  </a> <!-- EdosLogo2Test -->
                  <span class="method-name">EdosLogo2Test</span>
                </div> <!-- method-content -->
              </div> <!-- method -->
              <div class="method">
                <div class="method-content">
                  <a name="EdosLogoText1Test">
                  </a> <!-- EdosLogoText1Test -->
                  <span class="method-name">EdosLogoText1Test</span>
                </div> <!-- method-content -->
              </div> <!-- method -->
              <div class="method">
                <div class="method-content">
                  <a name="EdosLogoText2Test">
                  </a> <!-- EdosLogoText2Test -->
                  <span class="method-name">EdosLogoText2Test</span>
                </div> <!-- method-content -->
              </div> <!-- method -->
              <div class="method">
                <div class="method-content">
                  <a name="SetUserPasswordTest">
                  </a> <!-- SetUserPasswordTest -->
                  <span class="method-name">SetUserPasswordTest</span>
                </div> <!-- method-content -->
              </div> <!-- method -->
              <div class="method">
                <div class="method-content">
                  <a name="SetusernameTest">
                  </a> <!-- SetusernameTest -->
                  <span class="method-name">SetusernameTest</span>
                </div> <!-- method-content -->
              </div> <!-- method -->
            </div> <!-- main-panel-content rounded-window-bottom -->
          </div> <!-- suite-Regression_Testing_Suite_(1)-class-passed -->
          <div class="suite-Regression_Testing_Suite_(1)-class-passed">
            <div class="main-panel-header rounded-window-top">
              <img src="passed.png"/>
              <span class="class-name">com.ericsson.edos.dopuatautomation.testcases.applicationTest</span>
            </div> <!-- main-panel-header rounded-window-top -->
            <div class="main-panel-content rounded-window-bottom">
              <div class="method">
                <div class="method-content">
                  <a name="VerifyApplicationPage">
                  </a> <!-- VerifyApplicationPage -->
                  <span class="method-name">VerifyApplicationPage</span>
                </div> <!-- method-content -->
              </div> <!-- method -->
              <div class="method">
                <div class="method-content">
                  <a name="VerifyCMPMDashboard">
                  </a> <!-- VerifyCMPMDashboard -->
                  <span class="method-name">VerifyCMPMDashboard</span>
                </div> <!-- method-content -->
              </div> <!-- method -->
              <div class="method">
                <div class="method-content">
                  <a name="VerifyEdosDpLogo">
                  </a> <!-- VerifyEdosDpLogo -->
                  <span class="method-name">VerifyEdosDpLogo</span>
                </div> <!-- method-content -->
              </div> <!-- method -->
            </div> <!-- main-panel-content rounded-window-bottom -->
          </div> <!-- suite-Regression_Testing_Suite_(1)-class-passed -->
          <div class="suite-Regression_Testing_Suite_(1)-class-passed">
            <div class="main-panel-header rounded-window-top">
              <img src="passed.png"/>
              <span class="class-name">com.ericsson.edos.dopuatautomation.testcases.BouyguesTest</span>
            </div> <!-- main-panel-header rounded-window-top -->
            <div class="main-panel-content rounded-window-bottom">
              <div class="method">
                <div class="method-content">
                  <a name="VerifyExportToTemplate">
                  </a> <!-- VerifyExportToTemplate -->
                  <span class="method-name">VerifyExportToTemplate</span>
                </div> <!-- method-content -->
              </div> <!-- method -->
            </div> <!-- main-panel-content rounded-window-bottom -->
          </div> <!-- suite-Regression_Testing_Suite_(1)-class-passed -->
        </div> <!-- panel Regression_Testing_Suite_(1) -->
        <div panel-name="suite-Regression_Testing_Suite_(0)" class="panel Regression_Testing_Suite_(0)">
          <div class="suite-Regression_Testing_Suite_(0)-class-passed">
            <div class="main-panel-header rounded-window-top">
              <img src="passed.png"/>
              <span class="class-name">com.ericsson.edos.dopuatautomation.testcases.LandingpageTest</span>
            </div> <!-- main-panel-header rounded-window-top -->
            <div class="main-panel-content rounded-window-bottom">
              <div class="method">
                <div class="method-content">
                  <a name="LandingPageTitleTest">
                  </a> <!-- LandingPageTitleTest -->
                  <span class="method-name">LandingPageTitleTest</span>
                </div> <!-- method-content -->
              </div> <!-- method -->
              <div class="method">
                <div class="method-content">
                  <a name="LegalNoticeLogoTest">
                  </a> <!-- LegalNoticeLogoTest -->
                  <span class="method-name">LegalNoticeLogoTest</span>
                </div> <!-- method-content -->
              </div> <!-- method -->
              <div class="method">
                <div class="method-content">
                  <a name="ProceedButtonTest">
                  </a> <!-- ProceedButtonTest -->
                  <span class="method-name">ProceedButtonTest</span>
                </div> <!-- method-content -->
              </div> <!-- method -->
            </div> <!-- main-panel-content rounded-window-bottom -->
          </div> <!-- suite-Regression_Testing_Suite_(0)-class-passed -->
          <div class="suite-Regression_Testing_Suite_(0)-class-passed">
            <div class="main-panel-header rounded-window-top">
              <img src="passed.png"/>
              <span class="class-name">com.ericsson.edos.dopuatautomation.testcases.LoginPageTest</span>
            </div> <!-- main-panel-header rounded-window-top -->
            <div class="main-panel-content rounded-window-bottom">
              <div class="method">
                <div class="method-content">
                  <a name="ClickEnterButtonTest">
                  </a> <!-- ClickEnterButtonTest -->
                  <span class="method-name">ClickEnterButtonTest</span>
                </div> <!-- method-content -->
              </div> <!-- method -->
              <div class="method">
                <div class="method-content">
                  <a name="EdosLogo1Test">
                  </a> <!-- EdosLogo1Test -->
                  <span class="method-name">EdosLogo1Test</span>
                </div> <!-- method-content -->
              </div> <!-- method -->
              <div class="method">
                <div class="method-content">
                  <a name="EdosLogo2Test">
                  </a> <!-- EdosLogo2Test -->
                  <span class="method-name">EdosLogo2Test</span>
                </div> <!-- method-content -->
              </div> <!-- method -->
              <div class="method">
                <div class="method-content">
                  <a name="EdosLogoText1Test">
                  </a> <!-- EdosLogoText1Test -->
                  <span class="method-name">EdosLogoText1Test</span>
                </div> <!-- method-content -->
              </div> <!-- method -->
              <div class="method">
                <div class="method-content">
                  <a name="EdosLogoText2Test">
                  </a> <!-- EdosLogoText2Test -->
                  <span class="method-name">EdosLogoText2Test</span>
                </div> <!-- method-content -->
              </div> <!-- method -->
              <div class="method">
                <div class="method-content">
                  <a name="SetUserPasswordTest">
                  </a> <!-- SetUserPasswordTest -->
                  <span class="method-name">SetUserPasswordTest</span>
                </div> <!-- method-content -->
              </div> <!-- method -->
              <div class="method">
                <div class="method-content">
                  <a name="SetusernameTest">
                  </a> <!-- SetusernameTest -->
                  <span class="method-name">SetusernameTest</span>
                </div> <!-- method-content -->
              </div> <!-- method -->
            </div> <!-- main-panel-content rounded-window-bottom -->
          </div> <!-- suite-Regression_Testing_Suite_(0)-class-passed -->
          <div class="suite-Regression_Testing_Suite_(0)-class-passed">
            <div class="main-panel-header rounded-window-top">
              <img src="passed.png"/>
              <span class="class-name">com.ericsson.edos.dopuatautomation.testcases.applicationTest</span>
            </div> <!-- main-panel-header rounded-window-top -->
            <div class="main-panel-content rounded-window-bottom">
              <div class="method">
                <div class="method-content">
                  <a name="RasterClick">
                  </a> <!-- RasterClick -->
                  <span class="method-name">RasterClick</span>
                </div> <!-- method-content -->
              </div> <!-- method -->
              <div class="method">
                <div class="method-content">
                  <a name="VerifyApplicationPage">
                  </a> <!-- VerifyApplicationPage -->
                  <span class="method-name">VerifyApplicationPage</span>
                </div> <!-- method-content -->
              </div> <!-- method -->
              <div class="method">
                <div class="method-content">
                  <a name="VerifyEdosDpLogo">
                  </a> <!-- VerifyEdosDpLogo -->
                  <span class="method-name">VerifyEdosDpLogo</span>
                </div> <!-- method-content -->
              </div> <!-- method -->
            </div> <!-- main-panel-content rounded-window-bottom -->
          </div> <!-- suite-Regression_Testing_Suite_(0)-class-passed -->
          <div class="suite-Regression_Testing_Suite_(0)-class-passed">
            <div class="main-panel-header rounded-window-top">
              <img src="passed.png"/>
              <span class="class-name">com.ericsson.edos.dopuatautomation.testcases.RasterTest</span>
            </div> <!-- main-panel-header rounded-window-top -->
            <div class="main-panel-content rounded-window-bottom">
              <div class="method">
                <div class="method-content">
                  <a name="ValidtionofAddingRasterLayer">
                  </a> <!-- ValidtionofAddingRasterLayer -->
                  <span class="method-name">ValidtionofAddingRasterLayer</span>
                </div> <!-- method-content -->
              </div> <!-- method -->
              <div class="method">
                <div class="method-content">
                  <a name="ValidtionofDatePanel">
                  </a> <!-- ValidtionofDatePanel -->
                  <span class="method-name">ValidtionofDatePanel</span>
                </div> <!-- method-content -->
              </div> <!-- method -->
              <div class="method">
                <div class="method-content">
                  <a name="ValidtionofRasterPortal">
                  </a> <!-- ValidtionofRasterPortal -->
                  <span class="method-name">ValidtionofRasterPortal</span>
                </div> <!-- method-content -->
              </div> <!-- method -->
              <div class="method">
                <div class="method-content">
                  <a name="ValidtionofTopologyLayer">
                  </a> <!-- ValidtionofTopologyLayer -->
                  <span class="method-name">ValidtionofTopologyLayer</span>
                </div> <!-- method-content -->
              </div> <!-- method -->
            </div> <!-- main-panel-content rounded-window-bottom -->
          </div> <!-- suite-Regression_Testing_Suite_(0)-class-passed -->
        </div> <!-- panel Regression_Testing_Suite_(0) -->
        <div panel-name="suite-Regression_Testing_Suite" class="panel Regression_Testing_Suite">
          <div class="suite-Regression_Testing_Suite-class-failed">
            <div class="main-panel-header rounded-window-top">
              <img src="failed.png"/>
              <span class="class-name">com.ericsson.edos.dopuatautomation.testcases.EdosTraceInputValidationTest</span>
            </div> <!-- main-panel-header rounded-window-top -->
            <div class="main-panel-content rounded-window-bottom">
              <div class="method">
                <div class="method-content">
                  <a name="VerifyTableWithCellFiltering">
                  </a> <!-- VerifyTableWithCellFiltering -->
                  <span class="method-name">VerifyTableWithCellFiltering</span>
                  <div class="stack-trace">org.openqa.selenium.NoSuchElementException: no such element: Unable to locate element: {&quot;method&quot;:&quot;xpath&quot;,&quot;selector&quot;:&quot;(//span[@class=&apos;Select-value-label&apos;])[2]&quot;}
  (Session info: chrome=73.0.3683.103)
  (Driver info: chromedriver=2.35.528161 (5b82f2d2aae0ca24b877009200ced9065a772e73),platform=Windows NT 6.1.7601 SP1 x86_64) (WARNING: The server did not provide any stacktrace information)
Command duration or timeout: 0 milliseconds
For documentation on this error, please visit: http://seleniumhq.org/exceptions/no_such_element.html
Build info: version: &apos;3.5.3&apos;, revision: &apos;a88d25fe6b&apos;, time: &apos;2017-08-29T12:42:44.417Z&apos;
System info: host: &apos;5CD7432DCS&apos;, ip: &apos;100.97.189.194&apos;, os.name: &apos;Windows 7&apos;, os.arch: &apos;amd64&apos;, os.version: &apos;6.1&apos;, java.version: &apos;1.8.0_181&apos;
Driver info: org.openqa.selenium.chrome.ChromeDriver
Capabilities [{mobileEmulationEnabled=false, hasTouchScreen=false, platform=XP, acceptSslCerts=false, acceptInsecureCerts=false, webStorageEnabled=true, browserName=chrome, takesScreenshot=true, javascriptEnabled=true, platformName=XP, setWindowRect=true, unexpectedAlertBehaviour=, applicationCacheEnabled=false, rotatable=false, networkConnectionEnabled=false, chrome={chromedriverVersion=2.35.528161 (5b82f2d2aae0ca24b877009200ced9065a772e73), userDataDir=C:\Users\EHRXARP\AppData\Local\Temp\scoped_dir9340_2881}, takesHeapSnapshot=true, pageLoadStrategy=normal, unhandledPromptBehavior=, databaseEnabled=false, handlesAlerts=true, version=73.0.3683.103, browserConnectionEnabled=false, nativeEvents=true, locationContextEnabled=true, cssSelectorsEnabled=true}]
Session ID: 2e02abca0464540448137444dd44056b
*** Element info: {Using=xpath, value=(//span[@class=&apos;Select-value-label&apos;])[2]}
	at org.openqa.selenium.remote.ErrorHandler.createThrowable(ErrorHandler.java:215)
	at org.openqa.selenium.remote.ErrorHandler.throwIfResponseFailed(ErrorHandler.java:167)
	at org.openqa.selenium.remote.http.JsonHttpResponseCodec.reconstructValue(JsonHttpResponseCodec.java:40)
	at org.openqa.selenium.remote.http.AbstractHttpResponseCodec.decode(AbstractHttpResponseCodec.java:82)
	at org.openqa.selenium.remote.http.AbstractHttpResponseCodec.decode(AbstractHttpResponseCodec.java:45)
	at org.openqa.selenium.remote.HttpCommandExecutor.execute(HttpCommandExecutor.java:164)
	at org.openqa.selenium.remote.service.DriverCommandExecutor.execute(DriverCommandExecutor.java:82)
	at org.openqa.selenium.remote.RemoteWebDriver.execute(RemoteWebDriver.java:646)
	at org.openqa.selenium.remote.RemoteWebDriver.findElement(RemoteWebDriver.java:416)
	at org.openqa.selenium.remote.RemoteWebDriver.findElementByXPath(RemoteWebDriver.java:518)
	at org.openqa.selenium.By$ByXPath.findElement(By.java:361)
	at org.openqa.selenium.remote.RemoteWebDriver.findElement(RemoteWebDriver.java:408)
	at org.openqa.selenium.support.pagefactory.DefaultElementLocator.findElement(DefaultElementLocator.java:69)
	at org.openqa.selenium.support.pagefactory.internal.LocatingElementHandler.invoke(LocatingElementHandler.java:38)
	at com.sun.proxy.$Proxy10.getText(Unknown Source)
	at com.ericsson.edos.dopuatautomation.pages.EdosTraceInputValidationPage.VerifyTableWithCellFilter(EdosTraceInputValidationPage.java:1119)
	at com.ericsson.edos.dopuatautomation.testcases.EdosTraceInputValidationTest.VerifyTableWithCellFiltering(EdosTraceInputValidationTest.java:108)
... Removed 30 stack frames
</div> <!-- stack-trace -->
                </div> <!-- method-content -->
              </div> <!-- method -->
            </div> <!-- main-panel-content rounded-window-bottom -->
          </div> <!-- suite-Regression_Testing_Suite-class-failed -->
          <div class="suite-Regression_Testing_Suite-class-passed">
            <div class="main-panel-header rounded-window-top">
              <img src="passed.png"/>
              <span class="class-name">com.ericsson.edos.dopuatautomation.testcases.LandingpageTest</span>
            </div> <!-- main-panel-header rounded-window-top -->
            <div class="main-panel-content rounded-window-bottom">
              <div class="method">
                <div class="method-content">
                  <a name="LandingPageTitleTest">
                  </a> <!-- LandingPageTitleTest -->
                  <span class="method-name">LandingPageTitleTest</span>
                </div> <!-- method-content -->
              </div> <!-- method -->
              <div class="method">
                <div class="method-content">
                  <a name="LegalNoticeLogoTest">
                  </a> <!-- LegalNoticeLogoTest -->
                  <span class="method-name">LegalNoticeLogoTest</span>
                </div> <!-- method-content -->
              </div> <!-- method -->
              <div class="method">
                <div class="method-content">
                  <a name="ProceedButtonTest">
                  </a> <!-- ProceedButtonTest -->
                  <span class="method-name">ProceedButtonTest</span>
                </div> <!-- method-content -->
              </div> <!-- method -->
            </div> <!-- main-panel-content rounded-window-bottom -->
          </div> <!-- suite-Regression_Testing_Suite-class-passed -->
          <div class="suite-Regression_Testing_Suite-class-passed">
            <div class="main-panel-header rounded-window-top">
              <img src="passed.png"/>
              <span class="class-name">com.ericsson.edos.dopuatautomation.testcases.LoginPageTest</span>
            </div> <!-- main-panel-header rounded-window-top -->
            <div class="main-panel-content rounded-window-bottom">
              <div class="method">
                <div class="method-content">
                  <a name="ClickEnterButtonTest">
                  </a> <!-- ClickEnterButtonTest -->
                  <span class="method-name">ClickEnterButtonTest</span>
                </div> <!-- method-content -->
              </div> <!-- method -->
              <div class="method">
                <div class="method-content">
                  <a name="EdosLogo1Test">
                  </a> <!-- EdosLogo1Test -->
                  <span class="method-name">EdosLogo1Test</span>
                </div> <!-- method-content -->
              </div> <!-- method -->
              <div class="method">
                <div class="method-content">
                  <a name="EdosLogo2Test">
                  </a> <!-- EdosLogo2Test -->
                  <span class="method-name">EdosLogo2Test</span>
                </div> <!-- method-content -->
              </div> <!-- method -->
              <div class="method">
                <div class="method-content">
                  <a name="EdosLogoText1Test">
                  </a> <!-- EdosLogoText1Test -->
                  <span class="method-name">EdosLogoText1Test</span>
                </div> <!-- method-content -->
              </div> <!-- method -->
              <div class="method">
                <div class="method-content">
                  <a name="EdosLogoText2Test">
                  </a> <!-- EdosLogoText2Test -->
                  <span class="method-name">EdosLogoText2Test</span>
                </div> <!-- method-content -->
              </div> <!-- method -->
              <div class="method">
                <div class="method-content">
                  <a name="SetUserPasswordTest">
                  </a> <!-- SetUserPasswordTest -->
                  <span class="method-name">SetUserPasswordTest</span>
                </div> <!-- method-content -->
              </div> <!-- method -->
              <div class="method">
                <div class="method-content">
                  <a name="SetusernameTest">
                  </a> <!-- SetusernameTest -->
                  <span class="method-name">SetusernameTest</span>
                </div> <!-- method-content -->
              </div> <!-- method -->
            </div> <!-- main-panel-content rounded-window-bottom -->
          </div> <!-- suite-Regression_Testing_Suite-class-passed -->
          <div class="suite-Regression_Testing_Suite-class-passed">
            <div class="main-panel-header rounded-window-top">
              <img src="passed.png"/>
              <span class="class-name">com.ericsson.edos.dopuatautomation.testcases.applicationTest</span>
            </div> <!-- main-panel-header rounded-window-top -->
            <div class="main-panel-content rounded-window-bottom">
              <div class="method">
                <div class="method-content">
                  <a name="VerifyApplicationPage">
                  </a> <!-- VerifyApplicationPage -->
                  <span class="method-name">VerifyApplicationPage</span>
                </div> <!-- method-content -->
              </div> <!-- method -->
              <div class="method">
                <div class="method-content">
                  <a name="VerifyEdosDpLogo">
                  </a> <!-- VerifyEdosDpLogo -->
                  <span class="method-name">VerifyEdosDpLogo</span>
                </div> <!-- method-content -->
              </div> <!-- method -->
              <div class="method">
                <div class="method-content">
                  <a name="VerifyTIVLink">
                  </a> <!-- VerifyTIVLink -->
                  <span class="method-name">VerifyTIVLink</span>
                </div> <!-- method-content -->
              </div> <!-- method -->
            </div> <!-- main-panel-content rounded-window-bottom -->
          </div> <!-- suite-Regression_Testing_Suite-class-passed -->
          <div class="suite-Regression_Testing_Suite-class-passed">
            <div class="main-panel-header rounded-window-top">
              <img src="passed.png"/>
              <span class="class-name">com.ericsson.edos.dopuatautomation.testcases.EdosTraceInputValidationTest</span>
            </div> <!-- main-panel-header rounded-window-top -->
            <div class="main-panel-content rounded-window-bottom">
              <div class="method">
                <div class="method-content">
                  <a name="VerifyChartValuesWithDateSelected">
                  </a> <!-- VerifyChartValuesWithDateSelected -->
                  <span class="method-name">VerifyChartValuesWithDateSelected</span>
                </div> <!-- method-content -->
              </div> <!-- method -->
            </div> <!-- main-panel-content rounded-window-bottom -->
          </div> <!-- suite-Regression_Testing_Suite-class-passed -->
        </div> <!-- panel Regression_Testing_Suite -->
        <div panel-name="suite-TestNG_Datadriver_suite" class="panel TestNG_Datadriver_suite">
        </div> <!-- panel TestNG_Datadriver_suite -->
        <div panel-name="test-xml-Regression_Testing_Suite_(1)" class="panel">
          <div class="main-panel-header rounded-window-top">
            <span class="header-content">C:\Users\EHRXARP\Desktop\TIV&RASTER\CTA\Commit-0\DOP19B\CMPM.xml</span>
          </div> <!-- main-panel-header rounded-window-top -->
          <div class="main-panel-content rounded-window-bottom">
            <pre>
&lt;?xml version=&quot;1.0&quot; encoding=&quot;UTF-8&quot;?&gt;
&lt;!DOCTYPE suite SYSTEM &quot;http://testng.org/testng-1.0.dtd&quot;&gt;
&lt;suite guice-stage=&quot;DEVELOPMENT&quot; name=&quot;Regression Testing Suite (1)&quot;&gt;
  &lt;listeners&gt;
    &lt;listener class-name=&quot;com.ericsson.edos.dopuatautomation.util.ListenersTest&quot;/&gt;
    &lt;listener class-name=&quot;com.ericsson.edos.dopuatautomation.util.ExtentReportNG&quot;/&gt;
  &lt;/listeners&gt;
  &lt;test name=&quot; LandingPageTest&quot;&gt;
    &lt;classes&gt;
      &lt;class name=&quot;com.ericsson.edos.dopuatautomation.testcases.LandingpageTest&quot;/&gt;
    &lt;/classes&gt;
  &lt;/test&gt; &lt;!--  LandingPageTest --&gt;
  &lt;test name=&quot;LoginPageTest&quot;&gt;
    &lt;classes&gt;
      &lt;class name=&quot;com.ericsson.edos.dopuatautomation.testcases.LoginPageTest&quot;/&gt;
    &lt;/classes&gt;
  &lt;/test&gt; &lt;!-- LoginPageTest --&gt;
  &lt;test name=&quot;ApplicationPageTest&quot;&gt;
    &lt;classes&gt;
      &lt;class name=&quot;com.ericsson.edos.dopuatautomation.testcases.applicationTest&quot;&gt;
        &lt;methods&gt;
          &lt;include name=&quot;VerifyApplicationPage&quot;/&gt;
          &lt;include name=&quot;VerifyEdosDpLogo&quot;/&gt;
          &lt;include name=&quot;VerifyCMPMDashboard&quot;/&gt;
        &lt;/methods&gt;
      &lt;/class&gt; &lt;!-- com.ericsson.edos.dopuatautomation.testcases.applicationTest --&gt;
    &lt;/classes&gt;
  &lt;/test&gt; &lt;!-- ApplicationPageTest --&gt;
  &lt;test name=&quot;PerformancePortalPageTest&quot;&gt;
    &lt;classes&gt;
      &lt;class name=&quot;com.ericsson.edos.dopuatautomation.testcases.PerformancePortalTest&quot;/&gt;
    &lt;/classes&gt;
  &lt;/test&gt; &lt;!-- PerformancePortalPageTest --&gt;
  &lt;test name=&quot;BouyguesPageTest&quot;&gt;
    &lt;classes&gt;
      &lt;class name=&quot;com.ericsson.edos.dopuatautomation.testcases.BouyguesTest&quot;/&gt;
    &lt;/classes&gt;
  &lt;/test&gt; &lt;!-- BouyguesPageTest --&gt;
&lt;/suite&gt; &lt;!-- Regression Testing Suite (1) --&gt;
            </pre>
          </div> <!-- main-panel-content rounded-window-bottom -->
        </div> <!-- panel -->
        <div panel-name="test-xml-Regression_Testing_Suite_(0)" class="panel">
          <div class="main-panel-header rounded-window-top">
            <span class="header-content">C:\Users\EHRXARP\Desktop\TIV&RASTER\CTA\Commit-0\DOP19B\Rasters.xml</span>
          </div> <!-- main-panel-header rounded-window-top -->
          <div class="main-panel-content rounded-window-bottom">
            <pre>
&lt;?xml version=&quot;1.0&quot; encoding=&quot;UTF-8&quot;?&gt;
&lt;!DOCTYPE suite SYSTEM &quot;http://testng.org/testng-1.0.dtd&quot;&gt;
&lt;suite guice-stage=&quot;DEVELOPMENT&quot; name=&quot;Regression Testing Suite (0)&quot;&gt;
  &lt;listeners&gt;
    &lt;listener class-name=&quot;com.ericsson.edos.dopuatautomation.util.ListenersTest&quot;/&gt;
    &lt;listener class-name=&quot;com.ericsson.edos.dopuatautomation.util.ExtentReportNG&quot;/&gt;
  &lt;/listeners&gt;
  &lt;test name=&quot; LandingPageTest&quot;&gt;
    &lt;classes&gt;
      &lt;class name=&quot;com.ericsson.edos.dopuatautomation.testcases.LandingpageTest&quot;/&gt;
    &lt;/classes&gt;
  &lt;/test&gt; &lt;!--  LandingPageTest --&gt;
  &lt;test name=&quot;LoginPageTest&quot;&gt;
    &lt;classes&gt;
      &lt;class name=&quot;com.ericsson.edos.dopuatautomation.testcases.LoginPageTest&quot;/&gt;
    &lt;/classes&gt;
  &lt;/test&gt; &lt;!-- LoginPageTest --&gt;
  &lt;test name=&quot;ApplicationPageTest&quot;&gt;
    &lt;classes&gt;
      &lt;class name=&quot;com.ericsson.edos.dopuatautomation.testcases.applicationTest&quot;&gt;
        &lt;methods&gt;
          &lt;include name=&quot;VerifyApplicationPage&quot;/&gt;
          &lt;include name=&quot;VerifyEdosDpLogo&quot;/&gt;
          &lt;include name=&quot;RasterClick&quot;/&gt;
        &lt;/methods&gt;
      &lt;/class&gt; &lt;!-- com.ericsson.edos.dopuatautomation.testcases.applicationTest --&gt;
    &lt;/classes&gt;
  &lt;/test&gt; &lt;!-- ApplicationPageTest --&gt;
  &lt;test name=&quot;RasterPageTest&quot;&gt;
    &lt;classes&gt;
      &lt;class name=&quot;com.ericsson.edos.dopuatautomation.testcases.RasterTest&quot;/&gt;
    &lt;/classes&gt;
  &lt;/test&gt; &lt;!-- RasterPageTest --&gt;
&lt;/suite&gt; &lt;!-- Regression Testing Suite (0) --&gt;
            </pre>
          </div> <!-- main-panel-content rounded-window-bottom -->
        </div> <!-- panel -->
        <div panel-name="test-xml-Regression_Testing_Suite" class="panel">
          <div class="main-panel-header rounded-window-top">
            <span class="header-content">C:\Users\EHRXARP\Desktop\TIV&RASTER\CTA\Commit-0\DOP19B\TIV.xml</span>
          </div> <!-- main-panel-header rounded-window-top -->
          <div class="main-panel-content rounded-window-bottom">
            <pre>
&lt;?xml version=&quot;1.0&quot; encoding=&quot;UTF-8&quot;?&gt;
&lt;!DOCTYPE suite SYSTEM &quot;http://testng.org/testng-1.0.dtd&quot;&gt;
&lt;suite guice-stage=&quot;DEVELOPMENT&quot; name=&quot;Regression Testing Suite&quot;&gt;
  &lt;listeners&gt;
    &lt;listener class-name=&quot;com.ericsson.edos.dopuatautomation.util.ListenersTest&quot;/&gt;
    &lt;listener class-name=&quot;com.ericsson.edos.dopuatautomation.util.ExtentReportNG&quot;/&gt;
  &lt;/listeners&gt;
  &lt;test name=&quot; LandingPageTest&quot;&gt;
    &lt;classes&gt;
      &lt;class name=&quot;com.ericsson.edos.dopuatautomation.testcases.LandingpageTest&quot;/&gt;
    &lt;/classes&gt;
  &lt;/test&gt; &lt;!--  LandingPageTest --&gt;
  &lt;test name=&quot;LoginPageTest&quot;&gt;
    &lt;classes&gt;
      &lt;class name=&quot;com.ericsson.edos.dopuatautomation.testcases.LoginPageTest&quot;/&gt;
    &lt;/classes&gt;
  &lt;/test&gt; &lt;!-- LoginPageTest --&gt;
  &lt;test name=&quot;ApplicationPageTest&quot;&gt;
    &lt;classes&gt;
      &lt;class name=&quot;com.ericsson.edos.dopuatautomation.testcases.applicationTest&quot;&gt;
        &lt;methods&gt;
          &lt;include name=&quot;VerifyApplicationPage&quot;/&gt;
          &lt;include name=&quot;VerifyEdosDpLogo&quot;/&gt;
          &lt;include name=&quot;VerifyTIVLink&quot;/&gt;
        &lt;/methods&gt;
      &lt;/class&gt; &lt;!-- com.ericsson.edos.dopuatautomation.testcases.applicationTest --&gt;
    &lt;/classes&gt;
  &lt;/test&gt; &lt;!-- ApplicationPageTest --&gt;
  &lt;test name=&quot;TivTest&quot;&gt;
    &lt;classes&gt;
      &lt;class name=&quot;com.ericsson.edos.dopuatautomation.testcases.EdosTraceInputValidationTest&quot;&gt;
        &lt;methods&gt;
          &lt;include name=&quot;VerifyChartValuesWithDateSelected&quot;/&gt;
          &lt;include name=&quot;VerifyTableWithCellFiltering&quot;/&gt;
        &lt;/methods&gt;
      &lt;/class&gt; &lt;!-- com.ericsson.edos.dopuatautomation.testcases.EdosTraceInputValidationTest --&gt;
    &lt;/classes&gt;
  &lt;/test&gt; &lt;!-- TivTest --&gt;
&lt;/suite&gt; &lt;!-- Regression Testing Suite --&gt;
            </pre>
          </div> <!-- main-panel-content rounded-window-bottom -->
        </div> <!-- panel -->
        <div panel-name="test-xml-TestNG_Datadriver_suite" class="panel">
          <div class="main-panel-header rounded-window-top">
            <span class="header-content">C:\Users\EHRXARP\Desktop\TIV&RASTER\CTA\Commit-0\DOP19B\Regression.xml</span>
          </div> <!-- main-panel-header rounded-window-top -->
          <div class="main-panel-content rounded-window-bottom">
            <pre>
&lt;?xml version=&quot;1.0&quot; encoding=&quot;UTF-8&quot;?&gt;
&lt;!DOCTYPE suite SYSTEM &quot;http://testng.org/testng-1.0.dtd&quot;&gt;
&lt;suite guice-stage=&quot;DEVELOPMENT&quot; name=&quot;TestNG Datadriver suite&quot;&gt;
  &lt;suite-files&gt;
    &lt;suite-file path=&quot;./TIV.xml&quot;/&gt;
    &lt;suite-file path=&quot;./Rasters.xml&quot;/&gt;
    &lt;suite-file path=&quot;./CMPM.xml&quot;/&gt;
  &lt;/suite-files&gt;
&lt;/suite&gt; &lt;!-- TestNG Datadriver suite --&gt;
            </pre>
          </div> <!-- main-panel-content rounded-window-bottom -->
        </div> <!-- panel -->
        <div panel-name="testlist-Regression_Testing_Suite_(1)" class="panel">
          <div class="main-panel-header rounded-window-top">
            <span class="header-content">Tests for Regression Testing Suite (1)</span>
          </div> <!-- main-panel-header rounded-window-top -->
          <div class="main-panel-content rounded-window-bottom">
            <ul>
              <li>
                <span class="test-name"> LandingPageTest (1 class)</span>
              </li>
              <li>
                <span class="test-name">LoginPageTest (1 class)</span>
              </li>
              <li>
                <span class="test-name">ApplicationPageTest (1 class)</span>
              </li>
              <li>
                <span class="test-name">PerformancePortalPageTest (1 class)</span>
              </li>
              <li>
                <span class="test-name">BouyguesPageTest (1 class)</span>
              </li>
            </ul>
          </div> <!-- main-panel-content rounded-window-bottom -->
        </div> <!-- panel -->
        <div panel-name="testlist-Regression_Testing_Suite_(0)" class="panel">
          <div class="main-panel-header rounded-window-top">
            <span class="header-content">Tests for Regression Testing Suite (0)</span>
          </div> <!-- main-panel-header rounded-window-top -->
          <div class="main-panel-content rounded-window-bottom">
            <ul>
              <li>
                <span class="test-name"> LandingPageTest (1 class)</span>
              </li>
              <li>
                <span class="test-name">LoginPageTest (1 class)</span>
              </li>
              <li>
                <span class="test-name">ApplicationPageTest (1 class)</span>
              </li>
              <li>
                <span class="test-name">RasterPageTest (1 class)</span>
              </li>
            </ul>
          </div> <!-- main-panel-content rounded-window-bottom -->
        </div> <!-- panel -->
        <div panel-name="testlist-Regression_Testing_Suite" class="panel">
          <div class="main-panel-header rounded-window-top">
            <span class="header-content">Tests for Regression Testing Suite</span>
          </div> <!-- main-panel-header rounded-window-top -->
          <div class="main-panel-content rounded-window-bottom">
            <ul>
              <li>
                <span class="test-name"> LandingPageTest (1 class)</span>
              </li>
              <li>
                <span class="test-name">LoginPageTest (1 class)</span>
              </li>
              <li>
                <span class="test-name">ApplicationPageTest (1 class)</span>
              </li>
              <li>
                <span class="test-name">TivTest (1 class)</span>
              </li>
            </ul>
          </div> <!-- main-panel-content rounded-window-bottom -->
        </div> <!-- panel -->
        <div panel-name="testlist-TestNG_Datadriver_suite" class="panel">
          <div class="main-panel-header rounded-window-top">
            <span class="header-content">Tests for TestNG Datadriver suite</span>
          </div> <!-- main-panel-header rounded-window-top -->
          <div class="main-panel-content rounded-window-bottom">
            <ul>
            </ul>
          </div> <!-- main-panel-content rounded-window-bottom -->
        </div> <!-- panel -->
        <div panel-name="group-Regression_Testing_Suite_(1)" class="panel">
          <div class="main-panel-header rounded-window-top">
            <span class="header-content">Groups for Regression Testing Suite (1)</span>
          </div> <!-- main-panel-header rounded-window-top -->
          <div class="main-panel-content rounded-window-bottom">
          </div> <!-- main-panel-content rounded-window-bottom -->
        </div> <!-- panel -->
        <div panel-name="group-Regression_Testing_Suite_(0)" class="panel">
          <div class="main-panel-header rounded-window-top">
            <span class="header-content">Groups for Regression Testing Suite (0)</span>
          </div> <!-- main-panel-header rounded-window-top -->
          <div class="main-panel-content rounded-window-bottom">
          </div> <!-- main-panel-content rounded-window-bottom -->
        </div> <!-- panel -->
        <div panel-name="group-Regression_Testing_Suite" class="panel">
          <div class="main-panel-header rounded-window-top">
            <span class="header-content">Groups for Regression Testing Suite</span>
          </div> <!-- main-panel-header rounded-window-top -->
          <div class="main-panel-content rounded-window-bottom">
          </div> <!-- main-panel-content rounded-window-bottom -->
        </div> <!-- panel -->
        <div panel-name="group-TestNG_Datadriver_suite" class="panel">
          <div class="main-panel-header rounded-window-top">
            <span class="header-content">Groups for TestNG Datadriver suite</span>
          </div> <!-- main-panel-header rounded-window-top -->
          <div class="main-panel-content rounded-window-bottom">
          </div> <!-- main-panel-content rounded-window-bottom -->
        </div> <!-- panel -->
        <div panel-name="times-Regression_Testing_Suite_(1)" class="panel">
          <div class="main-panel-header rounded-window-top">
            <span class="header-content">Times for Regression Testing Suite (1)</span>
          </div> <!-- main-panel-header rounded-window-top -->
          <div class="main-panel-content rounded-window-bottom">
            <div class="times-div">
              <script type="text/javascript">
suiteTableInitFunctions.push('tableData_Regression_Testing_Suite_(1)');
function tableData_Regression_Testing_Suite_(1)() {
var data = new google.visualization.DataTable();
data.addColumn('number', 'Number');
data.addColumn('string', 'Method');
data.addColumn('string', 'Class');
data.addColumn('number', 'Time (ms)');
data.addRows(38);
data.setCell(0, 0, 0)
data.setCell(0, 1, 'ValidateSearchingForCell')
data.setCell(0, 2, 'com.ericsson.edos.dopuatautomation.testcases.BouyguesTest')
data.setCell(0, 3, 124051);
data.setCell(1, 0, 1)
data.setCell(1, 1, 'VerifyAllTitleTest')
data.setCell(1, 2, 'com.ericsson.edos.dopuatautomation.testcases.BouyguesTest')
data.setCell(1, 3, 122056);
data.setCell(2, 0, 2)
data.setCell(2, 1, 'ValidateSearchforSpecificPmCounter')
data.setCell(2, 2, 'com.ericsson.edos.dopuatautomation.testcases.BouyguesTest')
data.setCell(2, 3, 29827);
data.setCell(3, 0, 3)
data.setCell(3, 1, 'VerifyCMPMDashboard')
data.setCell(3, 2, 'com.ericsson.edos.dopuatautomation.testcases.applicationTest')
data.setCell(3, 3, 26734);
data.setCell(4, 0, 4)
data.setCell(4, 1, 'VerifyApplicationPage')
data.setCell(4, 2, 'com.ericsson.edos.dopuatautomation.testcases.applicationTest')
data.setCell(4, 3, 25172);
data.setCell(5, 0, 5)
data.setCell(5, 1, 'VerifyenodeBUtranCellTest')
data.setCell(5, 2, 'com.ericsson.edos.dopuatautomation.testcases.BouyguesTest')
data.setCell(5, 3, 12097);
data.setCell(6, 0, 6)
data.setCell(6, 1, 'VerifyCounterAddedQBReportinTable')
data.setCell(6, 2, 'com.ericsson.edos.dopuatautomation.testcases.BouyguesTest')
data.setCell(6, 3, 10050);
data.setCell(7, 0, 7)
data.setCell(7, 1, 'VerifyQBReportinTable')
data.setCell(7, 2, 'com.ericsson.edos.dopuatautomation.testcases.BouyguesTest')
data.setCell(7, 3, 10043);
data.setCell(8, 0, 8)
data.setCell(8, 1, 'VerifyPerformancePortalTest')
data.setCell(8, 2, 'com.ericsson.edos.dopuatautomation.testcases.PerformancePortalTest')
data.setCell(8, 3, 8494);
data.setCell(9, 0, 9)
data.setCell(9, 1, 'VerifyTriageReport')
data.setCell(9, 2, 'com.ericsson.edos.dopuatautomation.testcases.BouyguesTest')
data.setCell(9, 3, 8082);
data.setCell(10, 0, 10)
data.setCell(10, 1, 'DynamicGraphicalReport')
data.setCell(10, 2, 'com.ericsson.edos.dopuatautomation.testcases.BouyguesTest')
data.setCell(10, 3, 8048);
data.setCell(11, 0, 11)
data.setCell(11, 1, 'ValidateOnCustomKPI')
data.setCell(11, 2, 'com.ericsson.edos.dopuatautomation.testcases.BouyguesTest')
data.setCell(11, 3, 8047);
data.setCell(12, 0, 12)
data.setCell(12, 1, 'VerifyExportToTemplate')
data.setCell(12, 2, 'com.ericsson.edos.dopuatautomation.testcases.BouyguesTest')
data.setCell(12, 3, 8042);
data.setCell(13, 0, 13)
data.setCell(13, 1, 'VerifyRCAReport')
data.setCell(13, 2, 'com.ericsson.edos.dopuatautomation.testcases.BouyguesTest')
data.setCell(13, 3, 8042);
data.setCell(14, 0, 14)
data.setCell(14, 1, 'VerifyFingerRCAReport')
data.setCell(14, 2, 'com.ericsson.edos.dopuatautomation.testcases.BouyguesTest')
data.setCell(14, 3, 8027);
data.setCell(15, 0, 15)
data.setCell(15, 1, 'VerifyDeltaAuditofSites')
data.setCell(15, 2, 'com.ericsson.edos.dopuatautomation.testcases.BouyguesTest')
data.setCell(15, 3, 7932);
data.setCell(16, 0, 16)
data.setCell(16, 1, 'VerifyPreCannedReportByCell')
data.setCell(16, 2, 'com.ericsson.edos.dopuatautomation.testcases.BouyguesTest')
data.setCell(16, 3, 6045);
data.setCell(17, 0, 17)
data.setCell(17, 1, 'VerifyDeltaAuditForUnderlinedValues')
data.setCell(17, 2, 'com.ericsson.edos.dopuatautomation.testcases.BouyguesTest')
data.setCell(17, 3, 6035);
data.setCell(18, 0, 18)
data.setCell(18, 1, 'VerifyPreCannedReport')
data.setCell(18, 2, 'com.ericsson.edos.dopuatautomation.testcases.BouyguesTest')
data.setCell(18, 3, 6031);
data.setCell(19, 0, 19)
data.setCell(19, 1, 'ValidateOnAddingPredefinedKPI')
data.setCell(19, 2, 'com.ericsson.edos.dopuatautomation.testcases.BouyguesTest')
data.setCell(19, 3, 6026);
data.setCell(20, 0, 20)
data.setCell(20, 1, 'ProceedButtonTest')
data.setCell(20, 2, 'com.ericsson.edos.dopuatautomation.testcases.LandingpageTest')
data.setCell(20, 3, 5131);
data.setCell(21, 0, 21)
data.setCell(21, 1, 'VerifyIsolationReport')
data.setCell(21, 2, 'com.ericsson.edos.dopuatautomation.testcases.BouyguesTest')
data.setCell(21, 3, 4026);
data.setCell(22, 0, 22)
data.setCell(22, 1, 'EdosLogoText2Test')
data.setCell(22, 2, 'com.ericsson.edos.dopuatautomation.testcases.LoginPageTest')
data.setCell(22, 3, 2141);
data.setCell(23, 0, 23)
data.setCell(23, 1, 'SetusernameTest')
data.setCell(23, 2, 'com.ericsson.edos.dopuatautomation.testcases.LoginPageTest')
data.setCell(23, 3, 2139);
data.setCell(24, 0, 24)
data.setCell(24, 1, 'SetUserPasswordTest')
data.setCell(24, 2, 'com.ericsson.edos.dopuatautomation.testcases.LoginPageTest')
data.setCell(24, 3, 2103);
data.setCell(25, 0, 25)
data.setCell(25, 1, 'ClickEnterButtonTest')
data.setCell(25, 2, 'com.ericsson.edos.dopuatautomation.testcases.LoginPageTest')
data.setCell(25, 3, 2085);
data.setCell(26, 0, 26)
data.setCell(26, 1, 'LegalNoticeLogoTest')
data.setCell(26, 2, 'com.ericsson.edos.dopuatautomation.testcases.LandingpageTest')
data.setCell(26, 3, 2064);
data.setCell(27, 0, 27)
data.setCell(27, 1, 'EdosLogo1Test')
data.setCell(27, 2, 'com.ericsson.edos.dopuatautomation.testcases.LoginPageTest')
data.setCell(27, 3, 2050);
data.setCell(28, 0, 28)
data.setCell(28, 1, 'VerifyEdosDpLogo')
data.setCell(28, 2, 'com.ericsson.edos.dopuatautomation.testcases.applicationTest')
data.setCell(28, 3, 2050);
data.setCell(29, 0, 29)
data.setCell(29, 1, 'EdosLogo2Test')
data.setCell(29, 2, 'com.ericsson.edos.dopuatautomation.testcases.LoginPageTest')
data.setCell(29, 3, 2047);
data.setCell(30, 0, 30)
data.setCell(30, 1, 'EdosLogoText1Test')
data.setCell(30, 2, 'com.ericsson.edos.dopuatautomation.testcases.LoginPageTest')
data.setCell(30, 3, 2045);
data.setCell(31, 0, 31)
data.setCell(31, 1, 'LandingPageTitleTest')
data.setCell(31, 2, 'com.ericsson.edos.dopuatautomation.testcases.LandingpageTest')
data.setCell(31, 3, 2035);
data.setCell(32, 0, 32)
data.setCell(32, 1, 'VerifyExportToCSV')
data.setCell(32, 2, 'com.ericsson.edos.dopuatautomation.testcases.BouyguesTest')
data.setCell(32, 3, 1);
data.setCell(33, 0, 33)
data.setCell(33, 1, 'VerifyExportToExcel')
data.setCell(33, 2, 'com.ericsson.edos.dopuatautomation.testcases.BouyguesTest')
data.setCell(33, 3, 0);
data.setCell(34, 0, 34)
data.setCell(34, 1, 'VerifyEprefNEChart')
data.setCell(34, 2, 'com.ericsson.edos.dopuatautomation.testcases.BouyguesTest')
data.setCell(34, 3, 0);
data.setCell(35, 0, 35)
data.setCell(35, 1, 'VerifyEprefTimeChart')
data.setCell(35, 2, 'com.ericsson.edos.dopuatautomation.testcases.BouyguesTest')
data.setCell(35, 3, 0);
data.setCell(36, 0, 36)
data.setCell(36, 1, 'VerifyEprefKPIChart')
data.setCell(36, 2, 'com.ericsson.edos.dopuatautomation.testcases.BouyguesTest')
data.setCell(36, 3, 0);
data.setCell(37, 0, 37)
data.setCell(37, 1, 'VerifyQBCharting')
data.setCell(37, 2, 'com.ericsson.edos.dopuatautomation.testcases.BouyguesTest')
data.setCell(37, 3, 0);
window.suiteTableData['Regression_Testing_Suite_(1)']= { tableData: data, tableDiv: 'times-div-Regression_Testing_Suite_(1)'}
return data;
}
              </script>
              <span class="suite-total-time">Total running time: 7 minutes</span>
              <div id="times-div-Regression_Testing_Suite_(1)">
              </div> <!-- times-div-Regression_Testing_Suite_(1) -->
            </div> <!-- times-div -->
          </div> <!-- main-panel-content rounded-window-bottom -->
        </div> <!-- panel -->
        <div panel-name="times-Regression_Testing_Suite_(0)" class="panel">
          <div class="main-panel-header rounded-window-top">
            <span class="header-content">Times for Regression Testing Suite (0)</span>
          </div> <!-- main-panel-header rounded-window-top -->
          <div class="main-panel-content rounded-window-bottom">
            <div class="times-div">
              <script type="text/javascript">
suiteTableInitFunctions.push('tableData_Regression_Testing_Suite_(0)');
function tableData_Regression_Testing_Suite_(0)() {
var data = new google.visualization.DataTable();
data.addColumn('number', 'Number');
data.addColumn('string', 'Method');
data.addColumn('string', 'Class');
data.addColumn('number', 'Time (ms)');
data.addRows(17);
data.setCell(0, 0, 0)
data.setCell(0, 1, 'ValidtionofDatePanel')
data.setCell(0, 2, 'com.ericsson.edos.dopuatautomation.testcases.RasterTest')
data.setCell(0, 3, 293542);
data.setCell(1, 0, 1)
data.setCell(1, 1, 'ValidtionofAddingRasterLayer')
data.setCell(1, 2, 'com.ericsson.edos.dopuatautomation.testcases.RasterTest')
data.setCell(1, 3, 227222);
data.setCell(2, 0, 2)
data.setCell(2, 1, 'ValidtionofTopologyLayer')
data.setCell(2, 2, 'com.ericsson.edos.dopuatautomation.testcases.RasterTest')
data.setCell(2, 3, 173263);
data.setCell(3, 0, 3)
data.setCell(3, 1, 'ValidtionofRasterPortal')
data.setCell(3, 2, 'com.ericsson.edos.dopuatautomation.testcases.RasterTest')
data.setCell(3, 3, 36423);
data.setCell(4, 0, 4)
data.setCell(4, 1, 'VerifyApplicationPage')
data.setCell(4, 2, 'com.ericsson.edos.dopuatautomation.testcases.applicationTest')
data.setCell(4, 3, 25175);
data.setCell(5, 0, 5)
data.setCell(5, 1, 'RasterClick')
data.setCell(5, 2, 'com.ericsson.edos.dopuatautomation.testcases.applicationTest')
data.setCell(5, 3, 16958);
data.setCell(6, 0, 6)
data.setCell(6, 1, 'ProceedButtonTest')
data.setCell(6, 2, 'com.ericsson.edos.dopuatautomation.testcases.LandingpageTest')
data.setCell(6, 3, 5104);
data.setCell(7, 0, 7)
data.setCell(7, 1, 'SetUserPasswordTest')
data.setCell(7, 2, 'com.ericsson.edos.dopuatautomation.testcases.LoginPageTest')
data.setCell(7, 3, 2195);
data.setCell(8, 0, 8)
data.setCell(8, 1, 'SetusernameTest')
data.setCell(8, 2, 'com.ericsson.edos.dopuatautomation.testcases.LoginPageTest')
data.setCell(8, 3, 2132);
data.setCell(9, 0, 9)
data.setCell(9, 1, 'EdosLogoText1Test')
data.setCell(9, 2, 'com.ericsson.edos.dopuatautomation.testcases.LoginPageTest')
data.setCell(9, 3, 2090);
data.setCell(10, 0, 10)
data.setCell(10, 1, 'ClickEnterButtonTest')
data.setCell(10, 2, 'com.ericsson.edos.dopuatautomation.testcases.LoginPageTest')
data.setCell(10, 3, 2079);
data.setCell(11, 0, 11)
data.setCell(11, 1, 'EdosLogo1Test')
data.setCell(11, 2, 'com.ericsson.edos.dopuatautomation.testcases.LoginPageTest')
data.setCell(11, 3, 2065);
data.setCell(12, 0, 12)
data.setCell(12, 1, 'LegalNoticeLogoTest')
data.setCell(12, 2, 'com.ericsson.edos.dopuatautomation.testcases.LandingpageTest')
data.setCell(12, 3, 2051);
data.setCell(13, 0, 13)
data.setCell(13, 1, 'EdosLogo2Test')
data.setCell(13, 2, 'com.ericsson.edos.dopuatautomation.testcases.LoginPageTest')
data.setCell(13, 3, 2049);
data.setCell(14, 0, 14)
data.setCell(14, 1, 'VerifyEdosDpLogo')
data.setCell(14, 2, 'com.ericsson.edos.dopuatautomation.testcases.applicationTest')
data.setCell(14, 3, 2049);
data.setCell(15, 0, 15)
data.setCell(15, 1, 'EdosLogoText2Test')
data.setCell(15, 2, 'com.ericsson.edos.dopuatautomation.testcases.LoginPageTest')
data.setCell(15, 3, 2043);
data.setCell(16, 0, 16)
data.setCell(16, 1, 'LandingPageTitleTest')
data.setCell(16, 2, 'com.ericsson.edos.dopuatautomation.testcases.LandingpageTest')
data.setCell(16, 3, 2032);
window.suiteTableData['Regression_Testing_Suite_(0)']= { tableData: data, tableDiv: 'times-div-Regression_Testing_Suite_(0)'}
return data;
}
              </script>
              <span class="suite-total-time">Total running time: 13 minutes</span>
              <div id="times-div-Regression_Testing_Suite_(0)">
              </div> <!-- times-div-Regression_Testing_Suite_(0) -->
            </div> <!-- times-div -->
          </div> <!-- main-panel-content rounded-window-bottom -->
        </div> <!-- panel -->
        <div panel-name="times-Regression_Testing_Suite" class="panel">
          <div class="main-panel-header rounded-window-top">
            <span class="header-content">Times for Regression Testing Suite</span>
          </div> <!-- main-panel-header rounded-window-top -->
          <div class="main-panel-content rounded-window-bottom">
            <div class="times-div">
              <script type="text/javascript">
suiteTableInitFunctions.push('tableData_Regression_Testing_Suite');
function tableData_Regression_Testing_Suite() {
var data = new google.visualization.DataTable();
data.addColumn('number', 'Number');
data.addColumn('string', 'Method');
data.addColumn('string', 'Class');
data.addColumn('number', 'Time (ms)');
data.addRows(15);
data.setCell(0, 0, 0)
data.setCell(0, 1, 'VerifyChartValuesWithDateSelected')
data.setCell(0, 2, 'com.ericsson.edos.dopuatautomation.testcases.EdosTraceInputValidationTest')
data.setCell(0, 3, 1928512);
data.setCell(1, 0, 1)
data.setCell(1, 1, 'VerifyTableWithCellFiltering')
data.setCell(1, 2, 'com.ericsson.edos.dopuatautomation.testcases.EdosTraceInputValidationTest')
data.setCell(1, 3, 686839);
data.setCell(2, 0, 2)
data.setCell(2, 1, 'VerifyTIVLink')
data.setCell(2, 2, 'com.ericsson.edos.dopuatautomation.testcases.applicationTest')
data.setCell(2, 3, 31206);
data.setCell(3, 0, 3)
data.setCell(3, 1, 'VerifyApplicationPage')
data.setCell(3, 2, 'com.ericsson.edos.dopuatautomation.testcases.applicationTest')
data.setCell(3, 3, 25095);
data.setCell(4, 0, 4)
data.setCell(4, 1, 'ProceedButtonTest')
data.setCell(4, 2, 'com.ericsson.edos.dopuatautomation.testcases.LandingpageTest')
data.setCell(4, 3, 5116);
data.setCell(5, 0, 5)
data.setCell(5, 1, 'SetusernameTest')
data.setCell(5, 2, 'com.ericsson.edos.dopuatautomation.testcases.LoginPageTest')
data.setCell(5, 3, 2908);
data.setCell(6, 0, 6)
data.setCell(6, 1, 'SetUserPasswordTest')
data.setCell(6, 2, 'com.ericsson.edos.dopuatautomation.testcases.LoginPageTest')
data.setCell(6, 3, 2133);
data.setCell(7, 0, 7)
data.setCell(7, 1, 'ClickEnterButtonTest')
data.setCell(7, 2, 'com.ericsson.edos.dopuatautomation.testcases.LoginPageTest')
data.setCell(7, 3, 2091);
data.setCell(8, 0, 8)
data.setCell(8, 1, 'VerifyEdosDpLogo')
data.setCell(8, 2, 'com.ericsson.edos.dopuatautomation.testcases.applicationTest')
data.setCell(8, 3, 2059);
data.setCell(9, 0, 9)
data.setCell(9, 1, 'LegalNoticeLogoTest')
data.setCell(9, 2, 'com.ericsson.edos.dopuatautomation.testcases.LandingpageTest')
data.setCell(9, 3, 2055);
data.setCell(10, 0, 10)
data.setCell(10, 1, 'EdosLogo1Test')
data.setCell(10, 2, 'com.ericsson.edos.dopuatautomation.testcases.LoginPageTest')
data.setCell(10, 3, 2054);
data.setCell(11, 0, 11)
data.setCell(11, 1, 'EdosLogoText2Test')
data.setCell(11, 2, 'com.ericsson.edos.dopuatautomation.testcases.LoginPageTest')
data.setCell(11, 3, 2049);
data.setCell(12, 0, 12)
data.setCell(12, 1, 'EdosLogo2Test')
data.setCell(12, 2, 'com.ericsson.edos.dopuatautomation.testcases.LoginPageTest')
data.setCell(12, 3, 2049);
data.setCell(13, 0, 13)
data.setCell(13, 1, 'EdosLogoText1Test')
data.setCell(13, 2, 'com.ericsson.edos.dopuatautomation.testcases.LoginPageTest')
data.setCell(13, 3, 2047);
data.setCell(14, 0, 14)
data.setCell(14, 1, 'LandingPageTitleTest')
data.setCell(14, 2, 'com.ericsson.edos.dopuatautomation.testcases.LandingpageTest')
data.setCell(14, 3, 2026);
window.suiteTableData['Regression_Testing_Suite']= { tableData: data, tableDiv: 'times-div-Regression_Testing_Suite'}
return data;
}
              </script>
              <span class="suite-total-time">Total running time: 44 minutes</span>
              <div id="times-div-Regression_Testing_Suite">
              </div> <!-- times-div-Regression_Testing_Suite -->
            </div> <!-- times-div -->
          </div> <!-- main-panel-content rounded-window-bottom -->
        </div> <!-- panel -->
        <div panel-name="times-TestNG_Datadriver_suite" class="panel">
          <div class="main-panel-header rounded-window-top">
            <span class="header-content">Times for TestNG Datadriver suite</span>
          </div> <!-- main-panel-header rounded-window-top -->
          <div class="main-panel-content rounded-window-bottom">
            <div class="times-div">
              <script type="text/javascript">
suiteTableInitFunctions.push('tableData_TestNG_Datadriver_suite');
function tableData_TestNG_Datadriver_suite() {
var data = new google.visualization.DataTable();
data.addColumn('number', 'Number');
data.addColumn('string', 'Method');
data.addColumn('string', 'Class');
data.addColumn('number', 'Time (ms)');
data.addRows(0);
window.suiteTableData['TestNG_Datadriver_suite']= { tableData: data, tableDiv: 'times-div-TestNG_Datadriver_suite'}
return data;
}
              </script>
              <div id="times-div-TestNG_Datadriver_suite">
              </div> <!-- times-div-TestNG_Datadriver_suite -->
            </div> <!-- times-div -->
          </div> <!-- main-panel-content rounded-window-bottom -->
        </div> <!-- panel -->
        <div panel-name="reporter-Regression_Testing_Suite_(1)" class="panel">
          <div class="main-panel-header rounded-window-top">
            <span class="header-content">Reporter output for Regression Testing Suite (1)</span>
          </div> <!-- main-panel-header rounded-window-top -->
          <div class="main-panel-content rounded-window-bottom">
            <div class="reporter-method-div">
              <span class="reporter-method-name">ProceedButtonTest</span>
              <div class="reporter-method-output-div">
                <span class="reporter-method-output">The application is proceeded to the Login Page</span>
              </div> <!-- reporter-method-output-div -->
            </div> <!-- reporter-method-div -->
            <div class="reporter-method-div">
              <span class="reporter-method-name">ClickEnterButtonTest</span>
              <div class="reporter-method-output-div">
                <span class="reporter-method-output">The username and password is entered successfully and proceeded to the application page</span>
              </div> <!-- reporter-method-output-div -->
            </div> <!-- reporter-method-div -->
            <div class="reporter-method-div">
              <span class="reporter-method-name">VerifyExportToTemplate</span>
              <div class="reporter-method-output-div">
                <span class="reporter-method-output"><span style='color:red;background-color:yellow;font-size:14px;'><b>Failed to Execute the Test with Exception:::chrome not reachable
  (Session info: chrome=73.0.3683.103)
  (Driver info: chromedriver=2.35.528161 (5b82f2d2aae0ca24b877009200ced9065a772e73),platform=Windows NT 6.1.7601 SP1 x86_64) (WARNING: The server did not provide any stacktrace information)
Command duration or timeout: 0 milliseconds
Build info: version: '3.5.3', revision: 'a88d25fe6b', time: '2017-08-29T12:42:44.417Z'
System info: host: '5CD7432DCS', ip: '100.97.189.194', os.name: 'Windows 7', os.arch: 'amd64', os.version: '6.1', java.version: '1.8.0_181'
Driver info: org.openqa.selenium.chrome.ChromeDriver
Capabilities [{mobileEmulationEnabled=false, hasTouchScreen=false, platform=XP, acceptSslCerts=false, acceptInsecureCerts=false, webStorageEnabled=true, browserName=chrome, takesScreenshot=true, javascriptEnabled=true, platformName=XP, setWindowRect=true, unexpectedAlertBehaviour=, applicationCacheEnabled=false, rotatable=false, networkConnectionEnabled=false, chrome={chromedriverVersion=2.35.528161 (5b82f2d2aae0ca24b877009200ced9065a772e73), userDataDir=C:\Users\EHRXARP\AppData\Local\Temp\scoped_dir10212_23314}, takesHeapSnapshot=true, pageLoadStrategy=normal, unhandledPromptBehavior=, databaseEnabled=false, handlesAlerts=true, version=73.0.3683.103, browserConnectionEnabled=false, nativeEvents=true, locationContextEnabled=true, cssSelectorsEnabled=true}]
Session ID: 7c987c0aeea23513c3235d00ba0daa76
*** Element info: {Using=xpath, value=//button[contains(text(),'Options')]}</b><span><br/></span>
              </div> <!-- reporter-method-output-div -->
            </div> <!-- reporter-method-div -->
            <div class="reporter-method-div">
              <span class="reporter-method-name">VerifyTriageReport</span>
              <div class="reporter-method-output-div">
                <span class="reporter-method-output">Title of Tab is :CDwindow-B9C4ED3FC755DA81B902D062804C77F3</span>
              </div> <!-- reporter-method-output-div -->
            </div> <!-- reporter-method-div -->
            <div class="reporter-method-div">
              <span class="reporter-method-name">VerifyQBReportinTable</span>
              <div class="reporter-method-output-div">
                <span class="reporter-method-output">Clicked on the QueryBuilder Filter Tab</span>
                <span class="reporter-method-output"><span style='color:red;background-color:yellow;font-size:14px;'><b>Failed to Execute the Test with Exception:::chrome not reachable
  (Session info: chrome=73.0.3683.103)
  (Driver info: chromedriver=2.35.528161 (5b82f2d2aae0ca24b877009200ced9065a772e73),platform=Windows NT 6.1.7601 SP1 x86_64) (WARNING: The server did not provide any stacktrace information)
Command duration or timeout: 0 milliseconds
Build info: version: '3.5.3', revision: 'a88d25fe6b', time: '2017-08-29T12:42:44.417Z'
System info: host: '5CD7432DCS', ip: '100.97.189.194', os.name: 'Windows 7', os.arch: 'amd64', os.version: '6.1', java.version: '1.8.0_181'
Driver info: org.openqa.selenium.chrome.ChromeDriver
Capabilities [{mobileEmulationEnabled=false, hasTouchScreen=false, platform=XP, acceptSslCerts=false, acceptInsecureCerts=false, webStorageEnabled=true, browserName=chrome, takesScreenshot=true, javascriptEnabled=true, platformName=XP, setWindowRect=true, unexpectedAlertBehaviour=, applicationCacheEnabled=false, rotatable=false, networkConnectionEnabled=false, chrome={chromedriverVersion=2.35.528161 (5b82f2d2aae0ca24b877009200ced9065a772e73), userDataDir=C:\Users\EHRXARP\AppData\Local\Temp\scoped_dir10212_23314}, takesHeapSnapshot=true, pageLoadStrategy=normal, unhandledPromptBehavior=, databaseEnabled=false, handlesAlerts=true, version=73.0.3683.103, browserConnectionEnabled=false, nativeEvents=true, locationContextEnabled=true, cssSelectorsEnabled=true}]
Session ID: 7c987c0aeea23513c3235d00ba0daa76
*** Element info: {Using=xpath, value=//a[@id='cboNEType_Arrow']}</b><span><br/></span>
              </div> <!-- reporter-method-output-div -->
            </div> <!-- reporter-method-div -->
          </div> <!-- main-panel-content rounded-window-bottom -->
        </div> <!-- panel -->
        <div panel-name="reporter-Regression_Testing_Suite_(0)" class="panel">
          <div class="main-panel-header rounded-window-top">
            <span class="header-content">Reporter output for Regression Testing Suite (0)</span>
          </div> <!-- main-panel-header rounded-window-top -->
          <div class="main-panel-content rounded-window-bottom">
            <div class="reporter-method-div">
              <span class="reporter-method-name">ProceedButtonTest</span>
              <div class="reporter-method-output-div">
                <span class="reporter-method-output">The application is proceeded to the Login Page</span>
              </div> <!-- reporter-method-output-div -->
            </div> <!-- reporter-method-div -->
            <div class="reporter-method-div">
              <span class="reporter-method-name">ClickEnterButtonTest</span>
              <div class="reporter-method-output-div">
                <span class="reporter-method-output">The username and password is entered successfully and proceeded to the application page</span>
              </div> <!-- reporter-method-output-div -->
            </div> <!-- reporter-method-div -->
            <div class="reporter-method-div">
              <span class="reporter-method-name">ValidtionofAddingRasterLayer</span>
              <div class="reporter-method-output-div">
                <span class="reporter-method-output">The defalut layer name is Layer 2</span>
                <span class="reporter-method-output">The default layer name Layer 2 is present in the Raster Page</span>
                <span class="reporter-method-output">The new layer name is Test Layer</span>
                <span class="reporter-method-output">The new layer name Test Layer is present in the Raster Page</span>
                <span class="reporter-method-output">Total number of Raster Layer Type present is  3</span>
                <span class="reporter-method-output">Apply Button is disabled</span>
                <span class="reporter-method-output">Raster Layer is selected</span>
                <span class="reporter-method-output">Aggregation Type is selected</span>
                <span class="reporter-method-output">Carrier Type is selected</span>
                <span class="reporter-method-output">QCI is selected</span>
                <span class="reporter-method-output">MDT is selected</span>
                <span class="reporter-method-output">Indoor/Outdoor is selected</span>
                <span class="reporter-method-output">Apply Button is enabled</span>
                <span class="reporter-method-output">Clicked on Layer 2 bin icon and the layer is deleted</span>
                <span class="reporter-method-output">Test Layer is deleted successfully</span>
                <span class="reporter-method-output">Total number of Layer present is  6</span>
                <span class="reporter-method-output">5 layers along with the default Topology layer is persent in Layers</span>
                <span class="reporter-method-output">Total number of Layer visible is  4</span>
                <span class="reporter-method-output">The maximum number of visible raster layers is 3 and default Topology layer</span>
                <span class="reporter-method-output">All the Raster Layers are deleted successfully</span>
              </div> <!-- reporter-method-output-div -->
            </div> <!-- reporter-method-div -->
            <div class="reporter-method-div">
              <span class="reporter-method-name">ValidtionofTopologyLayer</span>
              <div class="reporter-method-output-div">
                <span class="reporter-method-output">Clicked on the arrowicon to expand the Topology Layer</span>
                <span class="reporter-method-output">Eye Icon is disabled</span>
                <span class="reporter-method-output">Eye Icon is Enabled</span>
                <span class="reporter-method-output">Total number of Topology Layer present is  1</span>
                <span class="reporter-method-output">Topology as a unique option to select is present in the Layer Type</span>
                <span class="reporter-method-output">Apply Button is disabled</span>
                <span class="reporter-method-output">Slider is moved from 0.502 to 0.762</span>
                <span class="reporter-method-output">Slider is moved from 60 to 758</span>
                <span class="reporter-method-output">Slider is moved from 60 to 758</span>
                <span class="reporter-method-output">Clicked on arrow icon and the layer is compacted</span>
                <span class="reporter-method-output">Layer is compacted successfully</span>
              </div> <!-- reporter-method-output-div -->
            </div> <!-- reporter-method-div -->
            <div class="reporter-method-div">
              <span class="reporter-method-name">ValidtionofRasterPortal</span>
              <div class="reporter-method-output-div">
                <span class="reporter-method-output">The HomePage name is GNP Rasters</span>
                <span class="reporter-method-output">Navigated to the correct Raster page</span>
                <span class="reporter-method-output">The LayerPanel name is Layers</span>
                <span class="reporter-method-output">Layer Panel is present in the Raster Page</span>
                <span class="reporter-method-output">The default Layer name is Topology</span>
                <span class="reporter-method-output">Topology Panel is present in the Raster Page</span>
                <span class="reporter-method-output">The firt date panel name is Start</span>
                <span class="reporter-method-output">Start Date Panel is present in the Raster Page</span>
                <span class="reporter-method-output">The last date panel name is End</span>
                <span class="reporter-method-output">End Date Panel is present in the Raster Page</span>
                <span class="reporter-method-output">The search panel is Select topology element</span>
                <span class="reporter-method-output">Search Panel is present in the Raster Page</span>
                <span class="reporter-method-output">The measurement auxilary tool is Show/Hide Ruler</span>
                <span class="reporter-method-output">Measurement Ruler is present in the Raster Page</span>
                <span class="reporter-method-output">The Legend auxilary tool is Show/Hide Legend</span>
                <span class="reporter-method-output">Raster Legend is present in the Raster Page</span>
                <span class="reporter-method-output">The zooming button is zoom-in</span>
                <span class="reporter-method-output">Zoom In Button is present in the Raster Page</span>
                <span class="reporter-method-output">The zooming button is zoom-out</span>
                <span class="reporter-method-output">Zoom Out Button is present in the Raster Page</span>
                <span class="reporter-method-output">The tag name for Map View Panel is canvas</span>
                <span class="reporter-method-output">Map View Panel is present in the Raster Page</span>
              </div> <!-- reporter-method-output-div -->
            </div> <!-- reporter-method-div -->
            <div class="reporter-method-div">
              <span class="reporter-method-name">ValidtionofDatePanel</span>
              <div class="reporter-method-output-div">
                <span class="reporter-method-output">The available Date is:29</span>
                <span class="reporter-method-output">The available Date is:30</span>
                <span class="reporter-method-output">The available Date is:1</span>
                <span class="reporter-method-output">The available Date is:2</span>
                <span class="reporter-method-output">Start Date is:2019-04-29 10:00</span>
                <span class="reporter-method-output">The available Date is:29</span>
                <span class="reporter-method-output">The available Date is:30</span>
                <span class="reporter-method-output">The available Date is:1</span>
                <span class="reporter-method-output">The available Date is:2</span>
                <span class="reporter-method-output">EndTime is:2019-05-02 12:00</span>
                <span class="reporter-method-output">Clicked on the refresh button</span>
              </div> <!-- reporter-method-output-div -->
            </div> <!-- reporter-method-div -->
          </div> <!-- main-panel-content rounded-window-bottom -->
        </div> <!-- panel -->
        <div panel-name="reporter-Regression_Testing_Suite" class="panel">
          <div class="main-panel-header rounded-window-top">
            <span class="header-content">Reporter output for Regression Testing Suite</span>
          </div> <!-- main-panel-header rounded-window-top -->
          <div class="main-panel-content rounded-window-bottom">
            <div class="reporter-method-div">
              <span class="reporter-method-name">ProceedButtonTest</span>
              <div class="reporter-method-output-div">
                <span class="reporter-method-output">The application is proceeded to the Login Page</span>
              </div> <!-- reporter-method-output-div -->
            </div> <!-- reporter-method-div -->
            <div class="reporter-method-div">
              <span class="reporter-method-name">ClickEnterButtonTest</span>
              <div class="reporter-method-output-div">
                <span class="reporter-method-output">The username and password is entered successfully and proceeded to the application page</span>
              </div> <!-- reporter-method-output-div -->
            </div> <!-- reporter-method-div -->
            <div class="reporter-method-div">
              <span class="reporter-method-name">VerifyChartValuesWithDateSelected</span>
              <div class="reporter-method-output-div">
                <span class="reporter-method-output"><span style='color:#58D68D;background-color:#1C2833;'>The available Date is:<b>29</b><span><br/></span>
                <span class="reporter-method-output"><span style='color:#58D68D;background-color:#1C2833;'>The available Date is:<b>30</b><span><br/></span>
                <span class="reporter-method-output"><span style='color:#58D68D;background-color:#1C2833;'>The available Date is:<b>1</b><span><br/></span>
                <span class="reporter-method-output"><span style='color:#58D68D;background-color:#1C2833;'>The available Date is:<b>2</b><span><br/></span>
                <span class="reporter-method-output"><span style='color:red;background-color:yellow;'>Date is:<b>2019-05-01 06:00</b><span><br/></span>
                <span class="reporter-method-output"><span style='color:#33FF46;background-color:#17202A;'>Split Start Date is <b>2019-05-01</b><span><br/></span>
                <span class="reporter-method-output"><span style='color:#58D68D;background-color:#1C2833;'>The available Date is:<b>1</b><span><br/></span>
                <span class="reporter-method-output"><span style='color:#58D68D;background-color:#1C2833;'>The available Date is:<b>2</b><span><br/></span>
                <span class="reporter-method-output"><span style='color:#58D68D;background-color:#1C2833;'>The available Date is:<b>3</b><span><br/></span>
                <span class="reporter-method-output"><span style='color:#58D68D;background-color:#1C2833;'>The available Date is:<b>4</b><span><br/></span>
                <span class="reporter-method-output"><span style='color:#58D68D;background-color:#1C2833;'>The available Date is:<b>5</b><span><br/></span>
                <span class="reporter-method-output"><span style='color:#58D68D;background-color:#1C2833;'>The available Date is:<b>6</b><span><br/></span>
                <span class="reporter-method-output"><span style='color:#58D68D;background-color:#1C2833;'>The available Date is:<b>7</b><span><br/></span>
                <span class="reporter-method-output"><span style='color:#58D68D;background-color:#1C2833;'>The available Date is:<b>8</b><span><br/></span>
                <span class="reporter-method-output"><span style='color:#58D68D;background-color:#1C2833;'>The available Date is:<b>9</b><span><br/></span>
                <span class="reporter-method-output"><span style='color:#58D68D;background-color:#1C2833;'>The available Date is:<b>10</b><span><br/></span>
                <span class="reporter-method-output"><span style='color:#58D68D;background-color:#1C2833;'>The available Date is:<b>11</b><span><br/></span>
                <span class="reporter-method-output"><span style='color:#58D68D;background-color:#1C2833;'>The available Date is:<b>12</b><span><br/></span>
                <span class="reporter-method-output"><span style='color:#58D68D;background-color:#1C2833;'>The available Date is:<b>13</b><span><br/></span>
                <span class="reporter-method-output"><span style='color:#58D68D;background-color:#1C2833;'>The available Date is:<b>14</b><span><br/></span>
                <span class="reporter-method-output"><span style='color:#58D68D;background-color:#1C2833;'>The available Date is:<b>15</b><span><br/></span>
                <span class="reporter-method-output"><span style='color:#58D68D;background-color:#1C2833;'>The available Date is:<b>16</b><span><br/></span>
                <span class="reporter-method-output"><span style='color:#58D68D;background-color:#1C2833;'>The available Date is:<b>17</b><span><br/></span>
                <span class="reporter-method-output"><span style='color:#58D68D;background-color:#1C2833;'>The available Date is:<b>18</b><span><br/></span>
                <span class="reporter-method-output"><span style='color:#58D68D;background-color:#1C2833;'>The available Date is:<b>19</b><span><br/></span>
                <span class="reporter-method-output"><span style='color:#58D68D;background-color:#1C2833;'>The available Date is:<b>20</b><span><br/></span>
                <span class="reporter-method-output"><span style='color:#58D68D;background-color:#1C2833;'>The available Date is:<b>21</b><span><br/></span>
                <span class="reporter-method-output"><span style='color:#58D68D;background-color:#1C2833;'>The available Date is:<b>22</b><span><br/></span>
                <span class="reporter-method-output"><span style='color:#58D68D;background-color:#1C2833;'>The available Date is:<b>23</b><span><br/></span>
                <span class="reporter-method-output"><span style='color:#58D68D;background-color:#1C2833;'>The available Date is:<b>24</b><span><br/></span>
                <span class="reporter-method-output"><span style='color:#58D68D;background-color:#1C2833;'>The available Date is:<b>25</b><span><br/></span>
                <span class="reporter-method-output"><span style='color:#58D68D;background-color:#1C2833;'>The available Date is:<b>26</b><span><br/></span>
                <span class="reporter-method-output"><span style='color:#58D68D;background-color:#1C2833;'>The available Date is:<b>27</b><span><br/></span>
                <span class="reporter-method-output"><span style='color:#58D68D;background-color:#1C2833;'>The available Date is:<b>28</b><span><br/></span>
                <span class="reporter-method-output"><span style='color:#58D68D;background-color:#1C2833;'>The available Date is:<b>29</b><span><br/></span>
                <span class="reporter-method-output"><span style='color:#58D68D;background-color:#1C2833;'>The available Date is:<b>30</b><span><br/></span>
                <span class="reporter-method-output"><span style='color:#58D68D;background-color:#1C2833;'>The available Date is:<b>31</b><span><br/></span>
                <span class="reporter-method-output"><span style='color:#58D68D;background-color:#1C2833;'>The available Date is:<b>1</b><span><br/></span>
                <span class="reporter-method-output"><span style='color:#58D68D;background-color:#1C2833;'>The available Date is:<b>2</b><span><br/></span>
                <span class="reporter-method-output"><span style='color:#33FF46;background-color:#17202A;'>EndTime is:<b>2019-05-02 07:00</b><span><br/></span>
                <span class="reporter-method-output"><span style='color:#33FF46;background-color:#17202A;'>End Date Split is<b>2019-05-02</b><span><br/></span>
                <span class="reporter-method-output"><span style='color:#C0392B;background-color:#F1C40F;'>The Text is ::<b>ROPs</b><span><br/></span>
                <span class="reporter-method-output"><span style='color:#C0392B;background-color:#F1C40F;'>The History val is<b>2019-05-01 00:00</b><span><br/></span>
                <span class="reporter-method-output"><span style='color:#C0392B;background-color:#F1C40F;'>The History val is<b>2019-05-02 00:00</b><span><br/></span>
                <span class="reporter-method-output"><span style='color:#C0392B;background-color:#F1C40F;'>Split of Daylevel is :::<b>2019-05-01 00:00</b><span><br/></span>
                <span class="reporter-method-output"><span style='color:#C0392B;background-color:#F1C40F;'>Split of Daylevel is :::<b>2019-05-02 00:00</b><span><br/></span>
                <span class="reporter-method-output"><span style='color:#C0392B;background-color:#F1C40F;'>Split of Daylevel is<b>2019-05-01</b><span><br/></span>
                <span class="reporter-method-output"><span style='color:#FFFF00;background-color:#610B21;'>Arrlen is <b>2</b><span><br/></span>
                <span class="reporter-method-output"><span style='color:#FFFF00;background-color:#610B21;'>Start <b>2019-05-01</b><span><br/></span>
                <span class="reporter-method-output"><span style='color:#FFFF00;background-color:#610B21;'>End <b>2019-05-02</b><span><br/></span>
                <span class="reporter-method-output"><span style='color:#FFFF00;background-color:#610B21;'>Char1 ::::<b>2019-05-01</b><span><br/></span>
                <span class="reporter-method-output"><span style='color:#FFFF00;background-color:#610B21;'>Char2 ::: <b>2019-05-02</b><span><br/></span>
                <span class="reporter-method-output"><span style='color:#58D68D;background-color:#1C2833;'>The available Date is:<b>29</b><span><br/></span>
                <span class="reporter-method-output"><span style='color:#58D68D;background-color:#1C2833;'>The available Date is:<b>30</b><span><br/></span>
                <span class="reporter-method-output"><span style='color:#58D68D;background-color:#1C2833;'>The available Date is:<b>1</b><span><br/></span>
                <span class="reporter-method-output"><span style='color:#58D68D;background-color:#1C2833;'>The available Date is:<b>2</b><span><br/></span>
                <span class="reporter-method-output"><span style='color:#FFFF00;background-color:#610B21;'>Rop Level Start Date is::::<b>2019-05-01 06:00</b><span><br/></span>
                <span class="reporter-method-output"><span style='color:#FFFF00;background-color:#610B21;'>Rop Level Split Start Date is::: <b>2019-05-01</b><span><br/></span>
                <span class="reporter-method-output"><span style='color:#FFFF00;background-color:#610B21;'>Rop Level Split Start Date is::: <b>06:00</b><span><br/></span>
                <span class="reporter-method-output"><span style='color:#58D68D;background-color:#1C2833;'>The available Date is:<b>1</b><span><br/></span>
                <span class="reporter-method-output"><span style='color:#58D68D;background-color:#1C2833;'>The available Date is:<b>2</b><span><br/></span>
                <span class="reporter-method-output"><span style='color:#58D68D;background-color:#1C2833;'>The available Date is:<b>3</b><span><br/></span>
                <span class="reporter-method-output"><span style='color:#58D68D;background-color:#1C2833;'>The available Date is:<b>4</b><span><br/></span>
                <span class="reporter-method-output"><span style='color:#58D68D;background-color:#1C2833;'>The available Date is:<b>5</b><span><br/></span>
                <span class="reporter-method-output"><span style='color:#58D68D;background-color:#1C2833;'>The available Date is:<b>6</b><span><br/></span>
                <span class="reporter-method-output"><span style='color:#58D68D;background-color:#1C2833;'>The available Date is:<b>7</b><span><br/></span>
                <span class="reporter-method-output"><span style='color:#58D68D;background-color:#1C2833;'>The available Date is:<b>8</b><span><br/></span>
                <span class="reporter-method-output"><span style='color:#58D68D;background-color:#1C2833;'>The available Date is:<b>9</b><span><br/></span>
                <span class="reporter-method-output"><span style='color:#58D68D;background-color:#1C2833;'>The available Date is:<b>10</b><span><br/></span>
                <span class="reporter-method-output"><span style='color:#58D68D;background-color:#1C2833;'>The available Date is:<b>11</b><span><br/></span>
                <span class="reporter-method-output"><span style='color:#58D68D;background-color:#1C2833;'>The available Date is:<b>12</b><span><br/></span>
                <span class="reporter-method-output"><span style='color:#58D68D;background-color:#1C2833;'>The available Date is:<b>13</b><span><br/></span>
                <span class="reporter-method-output"><span style='color:#58D68D;background-color:#1C2833;'>The available Date is:<b>14</b><span><br/></span>
                <span class="reporter-method-output"><span style='color:#58D68D;background-color:#1C2833;'>The available Date is:<b>15</b><span><br/></span>
                <span class="reporter-method-output"><span style='color:#58D68D;background-color:#1C2833;'>The available Date is:<b>16</b><span><br/></span>
                <span class="reporter-method-output"><span style='color:#58D68D;background-color:#1C2833;'>The available Date is:<b>17</b><span><br/></span>
                <span class="reporter-method-output"><span style='color:#58D68D;background-color:#1C2833;'>The available Date is:<b>18</b><span><br/></span>
                <span class="reporter-method-output"><span style='color:#58D68D;background-color:#1C2833;'>The available Date is:<b>19</b><span><br/></span>
                <span class="reporter-method-output"><span style='color:#58D68D;background-color:#1C2833;'>The available Date is:<b>20</b><span><br/></span>
                <span class="reporter-method-output"><span style='color:#58D68D;background-color:#1C2833;'>The available Date is:<b>21</b><span><br/></span>
                <span class="reporter-method-output"><span style='color:#58D68D;background-color:#1C2833;'>The available Date is:<b>22</b><span><br/></span>
                <span class="reporter-method-output"><span style='color:#58D68D;background-color:#1C2833;'>The available Date is:<b>23</b><span><br/></span>
                <span class="reporter-method-output"><span style='color:#58D68D;background-color:#1C2833;'>The available Date is:<b>24</b><span><br/></span>
                <span class="reporter-method-output"><span style='color:#58D68D;background-color:#1C2833;'>The available Date is:<b>25</b><span><br/></span>
                <span class="reporter-method-output"><span style='color:#58D68D;background-color:#1C2833;'>The available Date is:<b>26</b><span><br/></span>
                <span class="reporter-method-output"><span style='color:#58D68D;background-color:#1C2833;'>The available Date is:<b>27</b><span><br/></span>
                <span class="reporter-method-output"><span style='color:#58D68D;background-color:#1C2833;'>The available Date is:<b>28</b><span><br/></span>
                <span class="reporter-method-output"><span style='color:#58D68D;background-color:#1C2833;'>The available Date is:<b>29</b><span><br/></span>
                <span class="reporter-method-output"><span style='color:#58D68D;background-color:#1C2833;'>The available Date is:<b>30</b><span><br/></span>
                <span class="reporter-method-output"><span style='color:#58D68D;background-color:#1C2833;'>The available Date is:<b>31</b><span><br/></span>
                <span class="reporter-method-output"><span style='color:#58D68D;background-color:#1C2833;'>The available Date is:<b>1</b><span><br/></span>
                <span class="reporter-method-output"><span style='color:#58D68D;background-color:#1C2833;'>The available Date is:<b>2</b><span><br/></span>
                <span class="reporter-method-output"><span style='color:#FFFF00;background-color:#610B21;'>EndTime is:::::<b>2019-05-01 07:002019-05-02</b><span><br/></span>
                <span class="reporter-method-output"><span style='color:#FFFF00;background-color:#610B21;'>End Date Split is<b>2019-05-01</b><span><br/></span>
                <span class="reporter-method-output"><span style='color:#FFFF00;background-color:#610B21;'>End Date Split is<b>07:00</b><span><br/></span>
                <span class="reporter-method-output"><span style='color:#FFFF00;background-color:#610B21;'>The Text is <b>ROPs</b><span><br/></span>
                <span class="reporter-method-output"><span style='color:#FFFF00;background-color:#610B21;'>The ROP Level History val is::::<b>2019-05-01 06:00</b><span><br/></span>
                <span class="reporter-method-output"><span style='color:#FFFF00;background-color:#610B21;'>The ROP Level History val is::::<b>2019-05-01 06:15</b><span><br/></span>
                <span class="reporter-method-output"><span style='color:#FFFF00;background-color:#610B21;'>The ROP Level History val is::::<b>2019-05-01 06:30</b><span><br/></span>
                <span class="reporter-method-output"><span style='color:#FFFF00;background-color:#610B21;'>The ROP Level History val is::::<b>2019-05-01 06:45</b><span><br/></span>
                <span class="reporter-method-output"><span style='color:#FFFF00;background-color:#610B21;'>Split ROP Level val is :::<b>2019-05-01 06:00</b><span><br/></span>
                <span class="reporter-method-output"><span style='color:#FFFF00;background-color:#610B21;'>Split ROP Level val is :::<b>2019-05-01 06:15</b><span><br/></span>
                <span class="reporter-method-output"><span style='color:#FFFF00;background-color:#610B21;'>Split ROP Level val is :::<b>2019-05-01 06:30</b><span><br/></span>
                <span class="reporter-method-output"><span style='color:#FFFF00;background-color:#610B21;'>Split ROP Level val is :::<b>2019-05-01 06:45</b><span><br/></span>
                <span class="reporter-method-output"><span style='color:#FFFF00;background-color:#610B21;'>Split of First ROP History is:::<b>2019-05-01</b><span><br/></span>
                <span class="reporter-method-output"><span style='color:#FFFF00;background-color:#610B21;'>Split of First ROP History is:::<b>06:00</b><span><br/></span>
                <span class="reporter-method-output"><span style='color:#FFFF00;background-color:#610B21;'>Split of Last ROP History is:::0<b>2019-05-01</b><span><br/></span>
                <span class="reporter-method-output"><span style='color:#FFFF00;background-color:#610B21;'>Split of Last ROP History is:::1<b>06:45</b><span><br/></span>
                <span class="reporter-method-output"><span style='color:#FFFF00;background-color:#610B21;'>minutes in ROP Level:::<b>45</b><span><br/></span>
                <span class="reporter-method-output"><span style='color:#FFFF00;background-color:#610B21;'>Hourdiff in ROP Level:::<b>6</b><span><br/></span>
                <span class="reporter-method-output"><span style='color:#FFFF00;background-color:#610B21;'>StartDate of ROP Diff comparision  ::<b>true</b><span><br/></span>
                <span class="reporter-method-output"><span style='color:#FFFF00;background-color:#610B21;'>Split of Last ROP History is:::StartDateArrforRop[0] ROPLevel is  ::<b>2019-05-01FRP1[0] ROPLevel is is  ::2019-05-01StartDateArrforRop[1] ROPLevel is is  ::06:00FRP1[1] ROPLevel is is  ::06:00<br/></span>
                <span class="reporter-method-output"><span style='color:#FFFF00;background-color:#610B21;'>EndArrforRop[0] in ROP Level is  ::<b>2019-05-01FRP1[0] in ROP Level is  ::2019-05-01</b><span><br/></span>
                <span class="reporter-method-output"><span style='color:#FFFF00;background-color:#610B21;'>ENDdate of ROP Diff comparision in ROP level  ::<b>true</b><span><br/></span>
                <span class="reporter-method-output"><span style='color:#FFFF00;background-color:#610B21;'>Minutedifference in ROP Level is   ::<b>15Hours difference in ROP Level is   ::1</b><span><br/></span>
                <span class="reporter-method-output"><span style='color:#FFFF00;background-color:#610B21;'>Final Camparision in ROP Level is :::: <b>true</b><span><br/></span>
                <span class="reporter-method-output"><span style='color:#58D68D;background-color:#1C2833;'>The available Date is:<b>29</b><span><br/></span>
                <span class="reporter-method-output"><span style='color:#58D68D;background-color:#1C2833;'>The available Date is:<b>30</b><span><br/></span>
                <span class="reporter-method-output"><span style='color:#58D68D;background-color:#1C2833;'>The available Date is:<b>1</b><span><br/></span>
                <span class="reporter-method-output"><span style='color:#FFFF00;background-color:#610B21;'>Date is:<b>2019-05-01 06:00</b><span><br/></span>
                <span class="reporter-method-output"><span style='color:#FFFF00;background-color:#610B21;'>Split Start Date [HourLevel] is <b>2019-05-01</b><span><br/></span>
                <span class="reporter-method-output"><span style='color:#FFFF00;background-color:#610B21;'>Split Start Date [HourLevel] is <b>06:00</b><span><br/></span>
                <span class="reporter-method-output"><span style='color:#58D68D;background-color:#1C2833;'>The available Date is:<b>1</b><span><br/></span>
                <span class="reporter-method-output"><span style='color:#58D68D;background-color:#1C2833;'>The available Date is:<b>2</b><span><br/></span>
                <span class="reporter-method-output"><span style='color:#58D68D;background-color:#1C2833;'>The available Date is:<b>3</b><span><br/></span>
                <span class="reporter-method-output"><span style='color:#58D68D;background-color:#1C2833;'>The available Date is:<b>4</b><span><br/></span>
                <span class="reporter-method-output"><span style='color:#58D68D;background-color:#1C2833;'>The available Date is:<b>5</b><span><br/></span>
                <span class="reporter-method-output"><span style='color:#58D68D;background-color:#1C2833;'>The available Date is:<b>6</b><span><br/></span>
                <span class="reporter-method-output"><span style='color:#58D68D;background-color:#1C2833;'>The available Date is:<b>7</b><span><br/></span>
                <span class="reporter-method-output"><span style='color:#58D68D;background-color:#1C2833;'>The available Date is:<b>8</b><span><br/></span>
                <span class="reporter-method-output"><span style='color:#58D68D;background-color:#1C2833;'>The available Date is:<b>9</b><span><br/></span>
                <span class="reporter-method-output"><span style='color:#58D68D;background-color:#1C2833;'>The available Date is:<b>10</b><span><br/></span>
                <span class="reporter-method-output"><span style='color:#58D68D;background-color:#1C2833;'>The available Date is:<b>11</b><span><br/></span>
                <span class="reporter-method-output"><span style='color:#58D68D;background-color:#1C2833;'>The available Date is:<b>12</b><span><br/></span>
                <span class="reporter-method-output"><span style='color:#58D68D;background-color:#1C2833;'>The available Date is:<b>13</b><span><br/></span>
                <span class="reporter-method-output"><span style='color:#58D68D;background-color:#1C2833;'>The available Date is:<b>14</b><span><br/></span>
                <span class="reporter-method-output"><span style='color:#58D68D;background-color:#1C2833;'>The available Date is:<b>15</b><span><br/></span>
                <span class="reporter-method-output"><span style='color:#58D68D;background-color:#1C2833;'>The available Date is:<b>16</b><span><br/></span>
                <span class="reporter-method-output"><span style='color:#58D68D;background-color:#1C2833;'>The available Date is:<b>17</b><span><br/></span>
                <span class="reporter-method-output"><span style='color:#58D68D;background-color:#1C2833;'>The available Date is:<b>18</b><span><br/></span>
                <span class="reporter-method-output"><span style='color:#58D68D;background-color:#1C2833;'>The available Date is:<b>19</b><span><br/></span>
                <span class="reporter-method-output"><span style='color:#58D68D;background-color:#1C2833;'>The available Date is:<b>20</b><span><br/></span>
                <span class="reporter-method-output"><span style='color:#58D68D;background-color:#1C2833;'>The available Date is:<b>21</b><span><br/></span>
                <span class="reporter-method-output"><span style='color:#58D68D;background-color:#1C2833;'>The available Date is:<b>22</b><span><br/></span>
                <span class="reporter-method-output"><span style='color:#58D68D;background-color:#1C2833;'>The available Date is:<b>23</b><span><br/></span>
                <span class="reporter-method-output"><span style='color:#58D68D;background-color:#1C2833;'>The available Date is:<b>24</b><span><br/></span>
                <span class="reporter-method-output"><span style='color:#58D68D;background-color:#1C2833;'>The available Date is:<b>25</b><span><br/></span>
                <span class="reporter-method-output"><span style='color:#58D68D;background-color:#1C2833;'>The available Date is:<b>26</b><span><br/></span>
                <span class="reporter-method-output"><span style='color:#58D68D;background-color:#1C2833;'>The available Date is:<b>27</b><span><br/></span>
                <span class="reporter-method-output"><span style='color:#58D68D;background-color:#1C2833;'>The available Date is:<b>28</b><span><br/></span>
                <span class="reporter-method-output"><span style='color:#58D68D;background-color:#1C2833;'>The available Date is:<b>29</b><span><br/></span>
                <span class="reporter-method-output"><span style='color:#58D68D;background-color:#1C2833;'>The available Date is:<b>30</b><span><br/></span>
                <span class="reporter-method-output"><span style='color:#58D68D;background-color:#1C2833;'>The available Date is:<b>31</b><span><br/></span>
                <span class="reporter-method-output"><span style='color:#58D68D;background-color:#1C2833;'>The available Date is:<b>1</b><span><br/></span>
                <span class="reporter-method-output"><span style='color:#58D68D;background-color:#1C2833;'>The available Date is:<b>2</b><span><br/></span>
                <span class="reporter-method-output"><span style='color:#FFFF00;background-color:#610B21;'>EndTime is [HourLevel]:::<b>2019-05-01 07:00</b><span><br/></span>
                <span class="reporter-method-output"><span style='color:#FFFF00;background-color:#610B21;'>End Date Split is  [HourLevel]:::::::<b>2019-05-01</b><span><br/></span>
                <span class="reporter-method-output"><span style='color:#FFFF00;background-color:#610B21;'>End Date Split is  [HourLevel]:::::::<b>07:00</b><span><br/></span>
                <span class="reporter-method-output"><span style='color:#FFFF00;background-color:#610B21;'>The Text GraphRop[HourLevel] is <b>ROPs</b><span><br/></span>
                <span class="reporter-method-output"><span style='color:#FFFF00;background-color:#610B21;'>The History val is [HourLevel]::::<b>2019-05-01 06:00</b><span><br/></span>
                <span class="reporter-method-output"><span style='color:#FFFF00;background-color:#610B21;'>Split of [Hourlevel] is <b>2019-05-01 06:00</b><span><br/></span>
                <span class="reporter-method-output"><span style='color:#FFFF00;background-color:#610B21;'>First Value of ROP History is [Hourlevel]:::::::<b>2019-05-01 06:00</b><span><br/></span>
                <span class="reporter-method-output"><span style='color:#FFFF00;background-color:#610B21;'>Last Value of ROP History is [Hourlevel]:::::::<b>2019-05-01 06:00</b><span><br/></span>
                <span class="reporter-method-output"><span style='color:#FFFF00;background-color:#610B21;'>Split of FirstHour [HorLevel]::::::::<b>2019-05-01</b><span><br/></span>
                <span class="reporter-method-output"><span style='color:#FFFF00;background-color:#610B21;'>Split of FirstHour [HorLevel]::::::::<b>06:00</b><span><br/></span>
                <span class="reporter-method-output"><span style='color:#FFFF00;background-color:#610B21;'>Split of LastHour [HorLevel]::::::::0<b>2019-05-01</b><span><br/></span>
                <span class="reporter-method-output"><span style='color:#FFFF00;background-color:#610B21;'>Split of LastHour [HorLevel]::::::::1<b>06:00</b><span><br/></span>
                <span class="reporter-method-output"><span style='color:#FFFF00;background-color:#610B21;'>hourdiff  [HourLevel]:::::: <b>1</b><span><br/></span>
                <span class="reporter-method-output"><span style='color:#FFFF00;background-color:#610B21;'>StartDate of ROP Diff comparision [HourLevel] ::true</b><span><br/></span>
                <span class="reporter-method-output"><span style='color:#FFFF00;background-color:#610B21;'>EndDateArrforHour[0] is  ::<b>2019-05-01FHRP1[0] is  ::2019-05-01</b><span><br/></span>
                <span class="reporter-method-output">ENDdate of ROP Diff comparision  ::true<span style='color:#FFFF00;background-color:#610B21;'>ENDdate of ROP Diff comparision  ::<b>true</b><span><br/></span>
                <span class="reporter-method-output"><span style='color:#FFFF00;background-color:#610B21;'>Hours difference is  [Hourlevel] ::<b>1</b><span><br/></span>
              </div> <!-- reporter-method-output-div -->
            </div> <!-- reporter-method-div -->
            <div class="reporter-method-div">
              <span class="reporter-method-name">VerifyTableWithCellFiltering</span>
              <div class="reporter-method-output-div">
                <span class="reporter-method-output"><span style='color:#58D68D;background-color:#1C2833;'>The available Date is:<b>29</b><span><br/></span>
                <span class="reporter-method-output"><span style='color:#58D68D;background-color:#1C2833;'>The available Date is:<b>30</b><span><br/></span>
                <span class="reporter-method-output"><span style='color:#58D68D;background-color:#1C2833;'>The available Date is:<b>1</b><span><br/></span>
                <span class="reporter-method-output"><span style='color:#FFFF00;background-color:#610B21;font-size:14px;'><b>Start Date in [Daylevel in CellFiltering] is:::::2019-05-01 06:00</b><span><br/></span>
                <span class="reporter-method-output"><span style='color:#FFFF00;background-color:#610B21;font-size:14px;'><b>Split Start Date in [Daylevel in CellFiltering] is:::  2019-05-01</b><span><br/></span>
                <span class="reporter-method-output"><span style='color:#FFFF00;background-color:#610B21;font-size:14px;'><b>Split Start Date in [Daylevel in CellFiltering] is:::  06:00</b><span><br/></span>
                <span class="reporter-method-output"><span style='color:#58D68D;background-color:#1C2833;'>The available Date is:<b>1</b><span><br/></span>
                <span class="reporter-method-output"><span style='color:#58D68D;background-color:#1C2833;'>The available Date is:<b>2</b><span><br/></span>
                <span class="reporter-method-output"><span style='color:#58D68D;background-color:#1C2833;'>The available Date is:<b>3</b><span><br/></span>
                <span class="reporter-method-output"><span style='color:#58D68D;background-color:#1C2833;'>The available Date is:<b>4</b><span><br/></span>
                <span class="reporter-method-output"><span style='color:#58D68D;background-color:#1C2833;'>The available Date is:<b>5</b><span><br/></span>
                <span class="reporter-method-output"><span style='color:#58D68D;background-color:#1C2833;'>The available Date is:<b>6</b><span><br/></span>
                <span class="reporter-method-output"><span style='color:#58D68D;background-color:#1C2833;'>The available Date is:<b>7</b><span><br/></span>
                <span class="reporter-method-output"><span style='color:#58D68D;background-color:#1C2833;'>The available Date is:<b>8</b><span><br/></span>
                <span class="reporter-method-output"><span style='color:#58D68D;background-color:#1C2833;'>The available Date is:<b>9</b><span><br/></span>
                <span class="reporter-method-output"><span style='color:#58D68D;background-color:#1C2833;'>The available Date is:<b>10</b><span><br/></span>
                <span class="reporter-method-output"><span style='color:#58D68D;background-color:#1C2833;'>The available Date is:<b>11</b><span><br/></span>
                <span class="reporter-method-output"><span style='color:#58D68D;background-color:#1C2833;'>The available Date is:<b>12</b><span><br/></span>
                <span class="reporter-method-output"><span style='color:#58D68D;background-color:#1C2833;'>The available Date is:<b>13</b><span><br/></span>
                <span class="reporter-method-output"><span style='color:#58D68D;background-color:#1C2833;'>The available Date is:<b>14</b><span><br/></span>
                <span class="reporter-method-output"><span style='color:#58D68D;background-color:#1C2833;'>The available Date is:<b>15</b><span><br/></span>
                <span class="reporter-method-output"><span style='color:#58D68D;background-color:#1C2833;'>The available Date is:<b>16</b><span><br/></span>
                <span class="reporter-method-output"><span style='color:#58D68D;background-color:#1C2833;'>The available Date is:<b>17</b><span><br/></span>
                <span class="reporter-method-output"><span style='color:#58D68D;background-color:#1C2833;'>The available Date is:<b>18</b><span><br/></span>
                <span class="reporter-method-output"><span style='color:#58D68D;background-color:#1C2833;'>The available Date is:<b>19</b><span><br/></span>
                <span class="reporter-method-output"><span style='color:#58D68D;background-color:#1C2833;'>The available Date is:<b>20</b><span><br/></span>
                <span class="reporter-method-output"><span style='color:#58D68D;background-color:#1C2833;'>The available Date is:<b>21</b><span><br/></span>
                <span class="reporter-method-output"><span style='color:#58D68D;background-color:#1C2833;'>The available Date is:<b>22</b><span><br/></span>
                <span class="reporter-method-output"><span style='color:#58D68D;background-color:#1C2833;'>The available Date is:<b>23</b><span><br/></span>
                <span class="reporter-method-output"><span style='color:#58D68D;background-color:#1C2833;'>The available Date is:<b>24</b><span><br/></span>
                <span class="reporter-method-output"><span style='color:#58D68D;background-color:#1C2833;'>The available Date is:<b>25</b><span><br/></span>
                <span class="reporter-method-output"><span style='color:#58D68D;background-color:#1C2833;'>The available Date is:<b>26</b><span><br/></span>
                <span class="reporter-method-output"><span style='color:#58D68D;background-color:#1C2833;'>The available Date is:<b>27</b><span><br/></span>
                <span class="reporter-method-output"><span style='color:#58D68D;background-color:#1C2833;'>The available Date is:<b>28</b><span><br/></span>
                <span class="reporter-method-output"><span style='color:#58D68D;background-color:#1C2833;'>The available Date is:<b>29</b><span><br/></span>
                <span class="reporter-method-output"><span style='color:#58D68D;background-color:#1C2833;'>The available Date is:<b>30</b><span><br/></span>
                <span class="reporter-method-output"><span style='color:#58D68D;background-color:#1C2833;'>The available Date is:<b>31</b><span><br/></span>
                <span class="reporter-method-output"><span style='color:#58D68D;background-color:#1C2833;'>The available Date is:<b>1</b><span><br/></span>
                <span class="reporter-method-output"><span style='color:#58D68D;background-color:#1C2833;'>The available Date is:<b>2</b><span><br/></span>
                <span class="reporter-method-output"><span style='color:#FFFF00;background-color:#610B21;'>EndTime is [Daylevel in Cell Filtering]:::<b>2019-05-01 07:00</b><span><br/></span>
                <span class="reporter-method-output"><span style='color:#FFFF00;background-color:#610B21;'>End Date Split is  [Daylevel in Cell Filtering]:::::::<b>2019-05-01</b><span><br/></span>
                <span class="reporter-method-output"><span style='color:#FFFF00;background-color:#610B21;'>End Date Split is  [Daylevel in Cell Filtering]:::::::<b>07:00</b><span><br/></span>
              </div> <!-- reporter-method-output-div -->
            </div> <!-- reporter-method-div -->
          </div> <!-- main-panel-content rounded-window-bottom -->
        </div> <!-- panel -->
        <div panel-name="reporter-TestNG_Datadriver_suite" class="panel">
          <div class="main-panel-header rounded-window-top">
            <span class="header-content">Reporter output for TestNG Datadriver suite</span>
          </div> <!-- main-panel-header rounded-window-top -->
          <div class="main-panel-content rounded-window-bottom">
          </div> <!-- main-panel-content rounded-window-bottom -->
        </div> <!-- panel -->
        <div panel-name="ignored-methods-Regression_Testing_Suite_(1)" class="panel">
          <div class="main-panel-header rounded-window-top">
            <span class="header-content">5 ignored methods</span>
          </div> <!-- main-panel-header rounded-window-top -->
          <div class="main-panel-content rounded-window-bottom">
            <div class="ignored-class-div">
              <span class="ignored-class-name">com.ericsson.edos.dopuatautomation.testcases.LandingpageTest</span>
              <div class="ignored-methods-div">
                <span class="ignored-method-name">LicenseContentLogoTextTest</span>
                <br/>
                <span class="ignored-method-name">LegalNoticeLogoTextTest</span>
                <br/>
              </div> <!-- ignored-methods-div -->
            </div> <!-- ignored-class-div -->
            <div class="ignored-class-div">
              <span class="ignored-class-name">com.ericsson.edos.dopuatautomation.testcases.applicationTest</span>
              <div class="ignored-methods-div">
                <span class="ignored-method-name">VerifyTIVLink</span>
                <br/>
                <span class="ignored-method-name">VerifyCTALink</span>
                <br/>
                <span class="ignored-method-name">RasterClick</span>
                <br/>
              </div> <!-- ignored-methods-div -->
            </div> <!-- ignored-class-div -->
          </div> <!-- main-panel-content rounded-window-bottom -->
        </div> <!-- panel -->
        <div panel-name="ignored-methods-Regression_Testing_Suite_(0)" class="panel">
          <div class="main-panel-header rounded-window-top">
            <span class="header-content">5 ignored methods</span>
          </div> <!-- main-panel-header rounded-window-top -->
          <div class="main-panel-content rounded-window-bottom">
            <div class="ignored-class-div">
              <span class="ignored-class-name">com.ericsson.edos.dopuatautomation.testcases.LandingpageTest</span>
              <div class="ignored-methods-div">
                <span class="ignored-method-name">LicenseContentLogoTextTest</span>
                <br/>
                <span class="ignored-method-name">LegalNoticeLogoTextTest</span>
                <br/>
              </div> <!-- ignored-methods-div -->
            </div> <!-- ignored-class-div -->
            <div class="ignored-class-div">
              <span class="ignored-class-name">com.ericsson.edos.dopuatautomation.testcases.applicationTest</span>
              <div class="ignored-methods-div">
                <span class="ignored-method-name">VerifyTIVLink</span>
                <br/>
                <span class="ignored-method-name">VerifyCTALink</span>
                <br/>
                <span class="ignored-method-name">VerifyCMPMDashboard</span>
                <br/>
              </div> <!-- ignored-methods-div -->
            </div> <!-- ignored-class-div -->
          </div> <!-- main-panel-content rounded-window-bottom -->
        </div> <!-- panel -->
        <div panel-name="ignored-methods-Regression_Testing_Suite" class="panel">
          <div class="main-panel-header rounded-window-top">
            <span class="header-content">8 ignored methods</span>
          </div> <!-- main-panel-header rounded-window-top -->
          <div class="main-panel-content rounded-window-bottom">
            <div class="ignored-class-div">
              <span class="ignored-class-name">com.ericsson.edos.dopuatautomation.testcases.LandingpageTest</span>
              <div class="ignored-methods-div">
                <span class="ignored-method-name">LicenseContentLogoTextTest</span>
                <br/>
                <span class="ignored-method-name">LegalNoticeLogoTextTest</span>
                <br/>
              </div> <!-- ignored-methods-div -->
            </div> <!-- ignored-class-div -->
            <div class="ignored-class-div">
              <span class="ignored-class-name">com.ericsson.edos.dopuatautomation.testcases.applicationTest</span>
              <div class="ignored-methods-div">
                <span class="ignored-method-name">VerifyCTALink</span>
                <br/>
                <span class="ignored-method-name">RasterClick</span>
                <br/>
                <span class="ignored-method-name">VerifyCMPMDashboard</span>
                <br/>
              </div> <!-- ignored-methods-div -->
            </div> <!-- ignored-class-div -->
            <div class="ignored-class-div">
              <span class="ignored-class-name">com.ericsson.edos.dopuatautomation.testcases.EdosTraceInputValidationTest</span>
              <div class="ignored-methods-div">
                <span class="ignored-method-name">VerifyTIVHeaderText</span>
                <br/>
                <span class="ignored-method-name">VerifyExportFunctionalityTC4</span>
                <br/>
                <span class="ignored-method-name">VerifyTablePagination</span>
                <br/>
              </div> <!-- ignored-methods-div -->
            </div> <!-- ignored-class-div -->
          </div> <!-- main-panel-content rounded-window-bottom -->
        </div> <!-- panel -->
        <div panel-name="ignored-methods-TestNG_Datadriver_suite" class="panel">
          <div class="main-panel-header rounded-window-top">
            <span class="header-content">0 ignored methods</span>
          </div> <!-- main-panel-header rounded-window-top -->
          <div class="main-panel-content rounded-window-bottom">
          </div> <!-- main-panel-content rounded-window-bottom -->
        </div> <!-- panel -->
        <div panel-name="chronological-Regression_Testing_Suite_(1)" class="panel">
          <div class="main-panel-header rounded-window-top">
            <span class="header-content">Methods in chronological order</span>
          </div> <!-- main-panel-header rounded-window-top -->
          <div class="main-panel-content rounded-window-bottom">
            <div class="chronological-class">
              <div class="chronological-class-name">com.ericsson.edos.dopuatautomation.testcases.BouyguesTest</div> <!-- chronological-class-name -->
              <div class="configuration-suite before">
                <span class="method-name">initialisation</span>
                <span class="method-start">0 ms</span>
              </div> <!-- configuration-suite before -->
            </div> <!-- chronological-class -->
            <div class="chronological-class">
              <div class="chronological-class-name">com.ericsson.edos.dopuatautomation.testcases.LandingpageTest</div> <!-- chronological-class-name -->
              <div class="configuration-test before">
                <span class="method-name">setUp</span>
                <span class="method-start">5593 ms</span>
              </div> <!-- configuration-test before -->
              <div class="test-method">
                <span class="method-name">LandingPageTitleTest</span>
                <span class="method-start">5593 ms</span>
              </div> <!-- test-method -->
              <div class="test-method">
                <span class="method-name">LegalNoticeLogoTest</span>
                <span class="method-start">7628 ms</span>
              </div> <!-- test-method -->
              <div class="test-method">
                <span class="method-name">ProceedButtonTest</span>
                <span class="method-start">9693 ms</span>
              </div> <!-- test-method -->
            </div> <!-- chronological-class -->
            <div class="chronological-class">
              <div class="chronological-class-name">com.ericsson.edos.dopuatautomation.testcases.LoginPageTest</div> <!-- chronological-class-name -->
              <div class="configuration-test before">
                <span class="method-name">setUp</span>
                <span class="method-start">14876 ms</span>
              </div> <!-- configuration-test before -->
              <div class="test-method">
                <span class="method-name">EdosLogo1Test</span>
                <span class="method-start">17896 ms</span>
              </div> <!-- test-method -->
              <div class="test-method">
                <span class="method-name">EdosLogo2Test</span>
                <span class="method-start">19946 ms</span>
              </div> <!-- test-method -->
              <div class="test-method">
                <span class="method-name">EdosLogoText1Test</span>
                <span class="method-start">21994 ms</span>
              </div> <!-- test-method -->
              <div class="test-method">
                <span class="method-name">EdosLogoText2Test</span>
                <span class="method-start">24039 ms</span>
              </div> <!-- test-method -->
              <div class="test-method">
                <span class="method-name">SetusernameTest</span>
                <span class="method-start">26181 ms</span>
              </div> <!-- test-method -->
              <div class="test-method">
                <span class="method-name">SetUserPasswordTest</span>
                <span class="method-start">28320 ms</span>
              </div> <!-- test-method -->
              <div class="test-method">
                <span class="method-name">ClickEnterButtonTest</span>
                <span class="method-start">30423 ms</span>
              </div> <!-- test-method -->
            </div> <!-- chronological-class -->
            <div class="chronological-class">
              <div class="chronological-class-name">com.ericsson.edos.dopuatautomation.testcases.applicationTest</div> <!-- chronological-class-name -->
              <div class="configuration-test before">
                <span class="method-name">setUp</span>
                <span class="method-start">32770 ms</span>
              </div> <!-- configuration-test before -->
              <div class="test-method">
                <span class="method-name">VerifyApplicationPage</span>
                <span class="method-start">32770 ms</span>
              </div> <!-- test-method -->
              <div class="test-method">
                <span class="method-name">VerifyEdosDpLogo</span>
                <span class="method-start">57943 ms</span>
              </div> <!-- test-method -->
              <div class="test-method">
                <span class="method-name">VerifyCMPMDashboard</span>
                <span class="method-start">59996 ms</span>
              </div> <!-- test-method -->
            </div> <!-- chronological-class -->
            <div class="chronological-class">
              <div class="chronological-class-name">com.ericsson.edos.dopuatautomation.testcases.PerformancePortalTest</div> <!-- chronological-class-name -->
              <div class="configuration-test before">
                <span class="method-name">setUp</span>
                <span class="method-start">87270 ms</span>
              </div> <!-- configuration-test before -->
              <div class="test-method">
                <img src="failed.png">
                </img>
                <span class="method-name">VerifyPerformancePortalTest</span>
                <span class="method-start">87275 ms</span>
              </div> <!-- test-method -->
            </div> <!-- chronological-class -->
            <div class="chronological-class">
              <div class="chronological-class-name">com.ericsson.edos.dopuatautomation.testcases.BouyguesTest</div> <!-- chronological-class-name -->
              <div class="configuration-test before">
                <span class="method-name">setUp</span>
                <span class="method-start">96213 ms</span>
              </div> <!-- configuration-test before -->
              <div class="test-method">
                <img src="failed.png">
                </img>
                <span class="method-name">VerifyAllTitleTest</span>
                <span class="method-start">96241 ms</span>
              </div> <!-- test-method -->
              <div class="test-method">
                <img src="failed.png">
                </img>
                <span class="method-name">VerifyenodeBUtranCellTest</span>
                <span class="method-start">218730 ms</span>
              </div> <!-- test-method -->
              <div class="test-method">
                <img src="failed.png">
                </img>
                <span class="method-name">ValidateSearchingForCell</span>
                <span class="method-start">231366 ms</span>
              </div> <!-- test-method -->
              <div class="test-method">
                <img src="failed.png">
                </img>
                <span class="method-name">ValidateSearchforSpecificPmCounter</span>
                <span class="method-start">356117 ms</span>
              </div> <!-- test-method -->
              <div class="test-method">
                <img src="failed.png">
                </img>
                <span class="method-name">ValidateOnAddingPredefinedKPI</span>
                <span class="method-start">389973 ms</span>
              </div> <!-- test-method -->
              <div class="test-method">
                <img src="failed.png">
                </img>
                <span class="method-name">ValidateOnCustomKPI</span>
                <span class="method-start">399865 ms</span>
              </div> <!-- test-method -->
              <div class="test-method">
                <img src="failed.png">
                </img>
                <span class="method-name">VerifyCounterAddedQBReportinTable</span>
                <span class="method-start">411937 ms</span>
              </div> <!-- test-method -->
              <div class="test-method">
                <img src="failed.png">
                </img>
                <span class="method-name">VerifyQBReportinTable</span>
                <span class="method-start">425983 ms</span>
              </div> <!-- test-method -->
              <div class="test-method">
                <span class="method-name">VerifyExportToTemplate</span>
                <span class="method-start">441584 ms</span>
              </div> <!-- test-method -->
              <div class="test-method">
                <img src="failed.png">
                </img>
                <span class="method-name">VerifyPreCannedReport</span>
                <span class="method-start">449629 ms</span>
              </div> <!-- test-method -->
              <div class="test-method">
                <img src="failed.png">
                </img>
                <span class="method-name">VerifyPreCannedReportByCell</span>
                <span class="method-start">459571 ms</span>
              </div> <!-- test-method -->
              <div class="test-method">
                <img src="failed.png">
                </img>
                <span class="method-name">VerifyIsolationReport</span>
                <span class="method-start">469643 ms</span>
              </div> <!-- test-method -->
              <div class="test-method">
                <img src="failed.png">
                </img>
                <span class="method-name">VerifyRCAReport</span>
                <span class="method-start">477668 ms</span>
              </div> <!-- test-method -->
              <div class="test-method">
                <img src="failed.png">
                </img>
                <span class="method-name">VerifyFingerRCAReport</span>
                <span class="method-start">489740 ms</span>
              </div> <!-- test-method -->
              <div class="test-method">
                <img src="failed.png">
                </img>
                <span class="method-name">VerifyTriageReport</span>
                <span class="method-start">501789 ms</span>
              </div> <!-- test-method -->
              <div class="test-method">
                <img src="failed.png">
                </img>
                <span class="method-name">VerifyDeltaAuditofSites</span>
                <span class="method-start">513892 ms</span>
              </div> <!-- test-method -->
              <div class="test-method">
                <img src="failed.png">
                </img>
                <span class="method-name">VerifyDeltaAuditForUnderlinedValues</span>
                <span class="method-start">525859 ms</span>
              </div> <!-- test-method -->
              <div class="test-method">
                <img src="failed.png">
                </img>
                <span class="method-name">DynamicGraphicalReport</span>
                <span class="method-start">535917 ms</span>
              </div> <!-- test-method -->
              <div class="configuration-suite after">
                <span class="method-name">tearDown</span>
                <span class="method-start">547960 ms</span>
              </div> <!-- configuration-suite after -->
          </div> <!-- main-panel-content rounded-window-bottom -->
        </div> <!-- panel -->
        <div panel-name="chronological-Regression_Testing_Suite_(0)" class="panel">
          <div class="main-panel-header rounded-window-top">
            <span class="header-content">Methods in chronological order</span>
          </div> <!-- main-panel-header rounded-window-top -->
          <div class="main-panel-content rounded-window-bottom">
            <div class="chronological-class">
              <div class="chronological-class-name">com.ericsson.edos.dopuatautomation.testcases.RasterTest</div> <!-- chronological-class-name -->
              <div class="configuration-suite before">
                <span class="method-name">initialisation</span>
                <span class="method-start">0 ms</span>
              </div> <!-- configuration-suite before -->
            </div> <!-- chronological-class -->
            <div class="chronological-class">
              <div class="chronological-class-name">com.ericsson.edos.dopuatautomation.testcases.LandingpageTest</div> <!-- chronological-class-name -->
              <div class="configuration-test before">
                <span class="method-name">setUp</span>
                <span class="method-start">6628 ms</span>
              </div> <!-- configuration-test before -->
              <div class="test-method">
                <span class="method-name">LandingPageTitleTest</span>
                <span class="method-start">6629 ms</span>
              </div> <!-- test-method -->
              <div class="test-method">
                <span class="method-name">LegalNoticeLogoTest</span>
                <span class="method-start">8662 ms</span>
              </div> <!-- test-method -->
              <div class="test-method">
                <span class="method-name">ProceedButtonTest</span>
                <span class="method-start">10714 ms</span>
              </div> <!-- test-method -->
            </div> <!-- chronological-class -->
            <div class="chronological-class">
              <div class="chronological-class-name">com.ericsson.edos.dopuatautomation.testcases.LoginPageTest</div> <!-- chronological-class-name -->
              <div class="configuration-test before">
                <span class="method-name">setUp</span>
                <span class="method-start">15839 ms</span>
              </div> <!-- configuration-test before -->
              <div class="test-method">
                <span class="method-name">EdosLogo1Test</span>
                <span class="method-start">18859 ms</span>
              </div> <!-- test-method -->
              <div class="test-method">
                <span class="method-name">EdosLogo2Test</span>
                <span class="method-start">20925 ms</span>
              </div> <!-- test-method -->
              <div class="test-method">
                <span class="method-name">EdosLogoText1Test</span>
                <span class="method-start">22982 ms</span>
              </div> <!-- test-method -->
              <div class="test-method">
                <span class="method-name">EdosLogoText2Test</span>
                <span class="method-start">25074 ms</span>
              </div> <!-- test-method -->
              <div class="test-method">
                <span class="method-name">SetusernameTest</span>
                <span class="method-start">27118 ms</span>
              </div> <!-- test-method -->
              <div class="test-method">
                <span class="method-name">SetUserPasswordTest</span>
                <span class="method-start">29252 ms</span>
              </div> <!-- test-method -->
              <div class="test-method">
                <span class="method-name">ClickEnterButtonTest</span>
                <span class="method-start">31447 ms</span>
              </div> <!-- test-method -->
            </div> <!-- chronological-class -->
            <div class="chronological-class">
              <div class="chronological-class-name">com.ericsson.edos.dopuatautomation.testcases.applicationTest</div> <!-- chronological-class-name -->
              <div class="configuration-test before">
                <span class="method-name">setUp</span>
                <span class="method-start">33541 ms</span>
              </div> <!-- configuration-test before -->
              <div class="test-method">
                <span class="method-name">VerifyApplicationPage</span>
                <span class="method-start">33542 ms</span>
              </div> <!-- test-method -->
              <div class="test-method">
                <span class="method-name">VerifyEdosDpLogo</span>
                <span class="method-start">58718 ms</span>
              </div> <!-- test-method -->
              <div class="test-method">
                <span class="method-name">RasterClick</span>
                <span class="method-start">60769 ms</span>
              </div> <!-- test-method -->
            </div> <!-- chronological-class -->
            <div class="chronological-class">
              <div class="chronological-class-name">com.ericsson.edos.dopuatautomation.testcases.RasterTest</div> <!-- chronological-class-name -->
              <div class="configuration-test before">
                <span class="method-name">setUp</span>
                <span class="method-start">77759 ms</span>
              </div> <!-- configuration-test before -->
              <div class="test-method">
                <span class="method-name">ValidtionofRasterPortal</span>
                <span class="method-start">77761 ms</span>
              </div> <!-- test-method -->
              <div class="test-method">
                <span class="method-name">ValidtionofDatePanel</span>
                <span class="method-start">114185 ms</span>
              </div> <!-- test-method -->
              <div class="test-method">
                <span class="method-name">ValidtionofTopologyLayer</span>
                <span class="method-start">407728 ms</span>
              </div> <!-- test-method -->
              <div class="test-method">
                <span class="method-name">ValidtionofAddingRasterLayer</span>
                <span class="method-start">580992 ms</span>
              </div> <!-- test-method -->
              <div class="configuration-suite after">
                <span class="method-name">tearDown</span>
                <span class="method-start">808237 ms</span>
              </div> <!-- configuration-suite after -->
          </div> <!-- main-panel-content rounded-window-bottom -->
        </div> <!-- panel -->
        <div panel-name="chronological-Regression_Testing_Suite" class="panel">
          <div class="main-panel-header rounded-window-top">
            <span class="header-content">Methods in chronological order</span>
          </div> <!-- main-panel-header rounded-window-top -->
          <div class="main-panel-content rounded-window-bottom">
            <div class="chronological-class">
              <div class="chronological-class-name">com.ericsson.edos.dopuatautomation.testcases.EdosTraceInputValidationTest</div> <!-- chronological-class-name -->
              <div class="configuration-suite before">
                <span class="method-name">initialisation</span>
                <span class="method-start">0 ms</span>
              </div> <!-- configuration-suite before -->
            </div> <!-- chronological-class -->
            <div class="chronological-class">
              <div class="chronological-class-name">com.ericsson.edos.dopuatautomation.testcases.LandingpageTest</div> <!-- chronological-class-name -->
              <div class="configuration-test before">
                <span class="method-name">setUp</span>
                <span class="method-start">9274 ms</span>
              </div> <!-- configuration-test before -->
              <div class="test-method">
                <span class="method-name">LandingPageTitleTest</span>
                <span class="method-start">9326 ms</span>
              </div> <!-- test-method -->
              <div class="test-method">
                <span class="method-name">LegalNoticeLogoTest</span>
                <span class="method-start">11357 ms</span>
              </div> <!-- test-method -->
              <div class="test-method">
                <span class="method-name">ProceedButtonTest</span>
                <span class="method-start">13413 ms</span>
              </div> <!-- test-method -->
            </div> <!-- chronological-class -->
            <div class="chronological-class">
              <div class="chronological-class-name">com.ericsson.edos.dopuatautomation.testcases.LoginPageTest</div> <!-- chronological-class-name -->
              <div class="configuration-test before">
                <span class="method-name">setUp</span>
                <span class="method-start">18582 ms</span>
              </div> <!-- configuration-test before -->
              <div class="test-method">
                <span class="method-name">EdosLogo1Test</span>
                <span class="method-start">21596 ms</span>
              </div> <!-- test-method -->
              <div class="test-method">
                <span class="method-name">EdosLogo2Test</span>
                <span class="method-start">23652 ms</span>
              </div> <!-- test-method -->
              <div class="test-method">
                <span class="method-name">EdosLogoText1Test</span>
                <span class="method-start">25703 ms</span>
              </div> <!-- test-method -->
              <div class="test-method">
                <span class="method-name">EdosLogoText2Test</span>
                <span class="method-start">27751 ms</span>
              </div> <!-- test-method -->
              <div class="test-method">
                <span class="method-name">SetusernameTest</span>
                <span class="method-start">29802 ms</span>
              </div> <!-- test-method -->
              <div class="test-method">
                <span class="method-name">SetUserPasswordTest</span>
                <span class="method-start">32711 ms</span>
              </div> <!-- test-method -->
              <div class="test-method">
                <span class="method-name">ClickEnterButtonTest</span>
                <span class="method-start">34845 ms</span>
              </div> <!-- test-method -->
            </div> <!-- chronological-class -->
            <div class="chronological-class">
              <div class="chronological-class-name">com.ericsson.edos.dopuatautomation.testcases.applicationTest</div> <!-- chronological-class-name -->
              <div class="configuration-test before">
                <span class="method-name">setUp</span>
                <span class="method-start">36961 ms</span>
              </div> <!-- configuration-test before -->
              <div class="test-method">
                <span class="method-name">VerifyApplicationPage</span>
                <span class="method-start">36970 ms</span>
              </div> <!-- test-method -->
              <div class="test-method">
                <span class="method-name">VerifyEdosDpLogo</span>
                <span class="method-start">62066 ms</span>
              </div> <!-- test-method -->
              <div class="test-method">
                <span class="method-name">VerifyTIVLink</span>
                <span class="method-start">64126 ms</span>
              </div> <!-- test-method -->
            </div> <!-- chronological-class -->
            <div class="chronological-class">
              <div class="chronological-class-name">com.ericsson.edos.dopuatautomation.testcases.EdosTraceInputValidationTest</div> <!-- chronological-class-name -->
              <div class="configuration-test before">
                <span class="method-name">setUp</span>
                <span class="method-start">95361 ms</span>
              </div> <!-- configuration-test before -->
              <div class="test-method">
                <span class="method-name">VerifyChartValuesWithDateSelected</span>
                <span class="method-start">95386 ms</span>
              </div> <!-- test-method -->
              <div class="test-method">
                <img src="failed.png">
                </img>
                <span class="method-name">VerifyTableWithCellFiltering</span>
                <span class="method-start">2023899 ms</span>
              </div> <!-- test-method -->
              <div class="configuration-suite after">
                <span class="method-name">tearDown</span>
                <span class="method-start">2711500 ms</span>
              </div> <!-- configuration-suite after -->
          </div> <!-- main-panel-content rounded-window-bottom -->
        </div> <!-- panel -->
        <div panel-name="chronological-TestNG_Datadriver_suite" class="panel">
          <div class="main-panel-header rounded-window-top">
            <span class="header-content">Methods in chronological order</span>
          </div> <!-- main-panel-header rounded-window-top -->
          <div class="main-panel-content rounded-window-bottom">
          </div> <!-- main-panel-content rounded-window-bottom -->
        </div> <!-- panel -->
      </div> <!-- main-panel-root -->
    </div> <!-- wrapper -->
  </body>
</html>
