<?xml version="1.0" encoding="UTF-8"?>
<!-- Generated by org.testng.reporters.JUnitReportReporter -->
<testsuite skipped="5" hostname="IN-00212952" name="com.ericsson.NDOrnd.dopuatautomation.testcases.VDT_RasterTest" tests="7" failures="0" timestamp="27 Sep 2019 07:34:23 GMT" time="0.011" errors="2">
  <testcase name="initialisation" time="0.008" classname="com.ericsson.NDOrnd.dopuatautomation.testcases.VDT_RasterTest">
    <error type="java.lang.NullPointerException">
      <![CDATA[java.lang.NullPointerException
	at com.ericsson.NDOrnd.dopuatautomation.base.TestBase.initialisation(TestBase.java:57)
	at sun.reflect.NativeMethodAccessorImpl.invoke0(Native Method)
	at sun.reflect.NativeMethodAccessorImpl.invoke(NativeMethodAccessorImpl.java:62)
	at sun.reflect.DelegatingMethodAccessorImpl.invoke(DelegatingMethodAccessorImpl.java:43)
	at java.lang.reflect.Method.invoke(Method.java:498)
	at org.testng.internal.MethodInvocationHelper.invokeMethod(MethodInvocationHelper.java:108)
	at org.testng.internal.Invoker.invokeConfigurationMethod(Invoker.java:523)
	at org.testng.internal.Invoker.invokeConfigurations(Invoker.java:224)
	at org.testng.internal.Invoker.invokeConfigurations(Invoker.java:146)
	at org.testng.SuiteRunner.privateRun(SuiteRunner.java:326)
	at org.testng.SuiteRunner.run(SuiteRunner.java:289)
	at org.testng.SuiteRunnerWorker.runSuite(SuiteRunnerWorker.java:52)
	at org.testng.SuiteRunnerWorker.run(SuiteRunnerWorker.java:86)
	at org.testng.TestNG.runSuitesSequentially(TestNG.java:1301)
	at org.testng.TestNG.runSuitesLocally(TestNG.java:1226)
	at org.testng.TestNG.runSuites(TestNG.java:1144)
	at org.testng.TestNG.run(TestNG.java:1115)
	at org.testng.remote.AbstractRemoteTestNG.run(AbstractRemoteTestNG.java:115)
	at org.testng.remote.RemoteTestNG.initAndRun(RemoteTestNG.java:251)
	at org.testng.remote.RemoteTestNG.main(RemoteTestNG.java:77)
]]>
    </error>
  </testcase> <!-- initialisation -->
  <testcase name="setUp" time="0.003" classname="com.ericsson.NDOrnd.dopuatautomation.testcases.VDT_RasterTest">
    <error type="java.lang.NullPointerException">
      <![CDATA[java.lang.NullPointerException
	at com.google.common.base.Preconditions.checkNotNull(Preconditions.java:787)
	at org.openqa.selenium.interactions.Actions.<init>(Actions.java:68)
	at com.ericsson.NDOrnd.dopuatautomation.pages.VDT_Rasterpage.<init>(VDT_Rasterpage.java:471)
	at com.ericsson.NDOrnd.dopuatautomation.testcases.VDT_RasterTest.setUp(VDT_RasterTest.java:44)
	at sun.reflect.NativeMethodAccessorImpl.invoke0(Native Method)
	at sun.reflect.NativeMethodAccessorImpl.invoke(NativeMethodAccessorImpl.java:62)
	at sun.reflect.DelegatingMethodAccessorImpl.invoke(DelegatingMethodAccessorImpl.java:43)
	at java.lang.reflect.Method.invoke(Method.java:498)
	at org.testng.internal.MethodInvocationHelper.invokeMethod(MethodInvocationHelper.java:108)
	at org.testng.internal.Invoker.invokeConfigurationMethod(Invoker.java:523)
	at org.testng.internal.Invoker.invokeConfigurations(Invoker.java:224)
	at org.testng.internal.Invoker.invokeConfigurations(Invoker.java:146)
	at org.testng.TestRunner.beforeRun(TestRunner.java:626)
	at org.testng.TestRunner.run(TestRunner.java:594)
	at org.testng.SuiteRunner.runTest(SuiteRunner.java:380)
	at org.testng.SuiteRunner.runSequentially(SuiteRunner.java:375)
	at org.testng.SuiteRunner.privateRun(SuiteRunner.java:340)
	at org.testng.SuiteRunner.run(SuiteRunner.java:289)
	at org.testng.SuiteRunnerWorker.runSuite(SuiteRunnerWorker.java:52)
	at org.testng.SuiteRunnerWorker.run(SuiteRunnerWorker.java:86)
	at org.testng.TestNG.runSuitesSequentially(TestNG.java:1301)
	at org.testng.TestNG.runSuitesLocally(TestNG.java:1226)
	at org.testng.TestNG.runSuites(TestNG.java:1144)
	at org.testng.TestNG.run(TestNG.java:1115)
	at org.testng.remote.AbstractRemoteTestNG.run(AbstractRemoteTestNG.java:115)
	at org.testng.remote.RemoteTestNG.initAndRun(RemoteTestNG.java:251)
	at org.testng.remote.RemoteTestNG.main(RemoteTestNG.java:77)
]]>
    </error>
  </testcase> <!-- setUp -->
  <testcase name="VerifyRastersMultiTenancy" time="0.000" classname="com.ericsson.NDOrnd.dopuatautomation.testcases.VDT_RasterTest">
    <skipped/>
  </testcase> <!-- VerifyRastersMultiTenancy -->
  <testcase name="ValidtionofRasterPortal" time="0.000" classname="com.ericsson.NDOrnd.dopuatautomation.testcases.VDT_RasterTest">
    <skipped/>
  </testcase> <!-- ValidtionofRasterPortal -->
  <testcase name="ValidtionofDatePanel" time="0.000" classname="com.ericsson.NDOrnd.dopuatautomation.testcases.VDT_RasterTest">
    <skipped/>
  </testcase> <!-- ValidtionofDatePanel -->
  <testcase name="ValidtionofTopologyLayer" time="0.000" classname="com.ericsson.NDOrnd.dopuatautomation.testcases.VDT_RasterTest">
    <skipped/>
  </testcase> <!-- ValidtionofTopologyLayer -->
  <testcase name="ValidtionofAddingRasterLayer" time="0.000" classname="com.ericsson.NDOrnd.dopuatautomation.testcases.VDT_RasterTest">
    <skipped/>
  </testcase> <!-- ValidtionofAddingRasterLayer -->
</testsuite> <!-- com.ericsson.NDOrnd.dopuatautomation.testcases.VDT_RasterTest -->
